travis_fold:start:worker_info[0K[33;1mWorker information[0m
hostname: fe0b4fc8-a7ec-4607-9177-59d2d6cb8751@1.production-2-worker-org-gce-pl6v
version: v6.2.0 https://github.com/travis-ci/worker/tree/5e5476e01646095f48eec13196fdb3faf8f5cbf7
instance: travis-job-4f45acf4-f0c2-419c-be79-28a927631701 travis-ci-sardonyx-xenial-1553530528-f909ac5 (via amqp)
startup: 6.213180731s
travis_fold:end:worker_info[0Ktravis_fold:start:system_info[0K[33;1mBuild system information[0m
Build language: node_js
Build group: stable
Build dist: xenial
Build id: 544918108
Job id: 544918109
Runtime kernel version: 4.15.0-1028-gcp
travis-build version: 4fba95953
[34m[1mBuild image provisioning date and time[0m
Mon Mar 25 16:43:24 UTC 2019
[34m[1mOperating System Details[0m
Distributor ID:	Ubuntu
Description:	Ubuntu 16.04.6 LTS
Release:	16.04
Codename:	xenial
[34m[1mSystemd Version[0m
systemd 229
[34m[1mCookbooks Version[0m
42e42e4 https://github.com/travis-ci/travis-cookbooks/tree/42e42e4
[34m[1mgit version[0m
git version 2.21.0
[34m[1mbash version[0m
GNU bash, version 4.3.48(1)-release (x86_64-pc-linux-gnu)
[34m[1mgcc version[0m
gcc (Ubuntu 5.4.0-6ubuntu1~16.04.11) 5.4.0 20160609
[34m[1mdocker version[0m
Client:
 Version:           18.06.0-ce
 API version:       1.38
 Go version:        go1.10.3
 Git commit:        0ffa825
 Built:             Wed Jul 18 19:11:02 2018
 OS/Arch:           linux/amd64
 Experimental:      false

Server:
 Engine:
  Version:          18.06.0-ce
  API version:      1.38 (minimum version 1.12)
  Go version:       go1.10.3
  Git commit:       0ffa825
  Built:            Wed Jul 18 19:09:05 2018
  OS/Arch:          linux/amd64
  Experimental:     false
[34m[1mclang version[0m
clang version 7.0.0 (tags/RELEASE_700/final)
[34m[1mjq version[0m
jq-1.5
[34m[1mbats version[0m
Bats 0.4.0
[34m[1mshellcheck version[0m
0.6.0
[34m[1mshfmt version[0m
v2.6.3
[34m[1mccache version[0m
3.2.4
[34m[1mcmake version[0m
cmake version 3.12.4
[34m[1mheroku version[0m
heroku/7.22.7 linux-x64 node-v11.10.1
[34m[1mimagemagick version[0m
Version: ImageMagick 6.8.9-9 Q16 x86_64 2018-09-28 http://www.imagemagick.org
[34m[1mmd5deep version[0m
4.4
[34m[1mmercurial version[0m
version 4.8
[34m[1mmysql version[0m
mysql  Ver 14.14 Distrib 5.7.25, for Linux (x86_64) using  EditLine wrapper
[34m[1mopenssl version[0m
OpenSSL 1.0.2g  1 Mar 2016
[34m[1mpacker version[0m
1.3.3
[34m[1mpostgresql client version[0m
psql (PostgreSQL) 10.7 (Ubuntu 10.7-1.pgdg16.04+1)
[34m[1mragel version[0m
Ragel State Machine Compiler version 6.8 Feb 2013
[34m[1msudo version[0m
1.8.16
[34m[1mgzip version[0m
gzip 1.6
[34m[1mzip version[0m
Zip 3.0
[34m[1mvim version[0m
VIM - Vi IMproved 7.4 (2013 Aug 10, compiled Nov 24 2016 16:44:48)
[34m[1miptables version[0m
iptables v1.6.0
[34m[1mcurl version[0m
curl 7.47.0 (x86_64-pc-linux-gnu) libcurl/7.47.0 GnuTLS/3.4.10 zlib/1.2.8 libidn/1.32 librtmp/2.3
[34m[1mwget version[0m
GNU Wget 1.17.1 built on linux-gnu.
[34m[1mrsync version[0m
rsync  version 3.1.1  protocol version 31
[34m[1mgimme version[0m
v1.5.3
[34m[1mnvm version[0m
0.34.0
[34m[1mperlbrew version[0m
/home/travis/perl5/perlbrew/bin/perlbrew  - App::perlbrew/0.86
[34m[1mphpenv version[0m
rbenv 1.1.2
[34m[1mrvm version[0m
rvm 1.29.7 (latest) by Michal Papis, Piotr Kuczynski, Wayne E. Seguin [https://rvm.io]
[34m[1mdefault ruby version[0m
ruby 2.5.3p105 (2018-10-18 revision 65156) [x86_64-linux]
[34m[1mCouchDB version[0m
couchdb 1.6.1
[34m[1mElasticSearch version[0m
5.5.0
[34m[1mInstalled Firefox version[0m
firefox 63.0.1
[34m[1mMongoDB version[0m
MongoDB 4.0.7
[34m[1mPhantomJS version[0m
2.1.1
[34m[1mPre-installed PostgreSQL versions[0m
9.4.21
9.5.16
9.6.12
[34m[1mRedis version[0m
redis-server 5.0.4
[34m[1mPre-installed Go versions[0m
1.11.1
[34m[1mmvn version[0m
Apache Maven 3.6.0 (97c98ec64a1fdfee7767ce5ffb20918da4f719f3; 2018-10-24T18:41:47Z)
[34m[1mgradle version[0m
Gradle 4.10.2!
[34m[1mlein version[0m
Leiningen 2.9.1 on Java 11.0.2 OpenJDK 64-Bit Server VM
[34m[1mPre-installed Node.js versions[0m
v10.15.3
v11.0.0
v4.9.1
v6.17.0
v8.12.0
v8.15.1
v8.9
[34m[1mphpenv versions[0m
  system
  5.6
  5.6.40
  7.1
  7.1.27
  7.2
* 7.2.15 (set by /home/travis/.phpenv/version)
  hhvm
  hhvm-stable
[34m[1mcomposer --version[0m
Composer version 1.8.4 2019-02-11 10:52:10
[34m[1mPre-installed Ruby versions[0m
ruby-2.3.8
ruby-2.4.5
ruby-2.5.3
travis_fold:end:system_info[0K
travis_fold:start:docker_mtu[0Ktravis_fold:end:docker_mtu[0Ktravis_fold:start:resolvconf[0Ktravis_fold:end:resolvconf[0Ktravis_fold:start:install_chrome[0K$ export CHROME_SOURCE_URL=https://dl.google.com/dl/linux/direct/google-chrome-stable_current_amd64.deb
[33;1mInstalling Google Chrome stable[0m
travis_time:start:026639e2[0K$ wget --no-verbose -O /tmp/$(basename $CHROME_SOURCE_URL) $CHROME_SOURCE_URL
2019-06-12 20:16:35 URL:https://dl.google.com/dl/linux/direct/google-chrome-stable_current_amd64.deb [58939226/58939226] -> "/tmp/google-chrome-stable_current_amd64.deb" [1]
travis_time:end:026639e2:start=1560370594037962288,finish=1560370595289815807,duration=1251853519[0K(Reading database ... (Reading database ... 5%(Reading database ... 10%(Reading database ... 15%(Reading database ... 20%(Reading database ... 25%(Reading database ... 30%(Reading database ... 35%(Reading database ... 40%(Reading database ... 45%(Reading database ... 50%(Reading database ... 55%(Reading database ... 60%(Reading database ... 65%(Reading database ... 70%(Reading database ... 75%(Reading database ... 80%(Reading database ... 85%(Reading database ... 90%(Reading database ... 95%(Reading database ... 100%(Reading database ... 124189 files and directories currently installed.)
Preparing to unpack .../google-chrome-stable_current_amd64.deb ...
Unpacking google-chrome-stable (75.0.3770.80-1) over (73.0.3683.86-1) ...
Setting up google-chrome-stable (75.0.3770.80-1) ...
Processing triggers for mime-support (3.59ubuntu1) ...
Processing triggers for man-db (2.7.5-1) ...
travis_fold:end:install_chrome[0K
travis_fold:start:git.checkout[0Ktravis_time:start:072c2f34[0K$ git clone --depth=50 --branch=master https://github.com/paypal/paypal-smart-payment-buttons.git paypal/paypal-smart-payment-buttons
Cloning into 'paypal/paypal-smart-payment-buttons'...
remote: Enumerating objects: 430, done.[K
remote: Counting objects:   0% (1/430)   [Kremote: Counting objects:   1% (5/430)   [Kremote: Counting objects:   2% (9/430)   [Kremote: Counting objects:   3% (13/430)   [Kremote: Counting objects:   4% (18/430)   [Kremote: Counting objects:   5% (22/430)   [Kremote: Counting objects:   6% (26/430)   [Kremote: Counting objects:   7% (31/430)   [Kremote: Counting objects:   8% (35/430)   [Kremote: Counting objects:   9% (39/430)   [Kremote: Counting objects:  10% (43/430)   [Kremote: Counting objects:  11% (48/430)   [Kremote: Counting objects:  12% (52/430)   [Kremote: Counting objects:  13% (56/430)   [Kremote: Counting objects:  14% (61/430)   [Kremote: Counting objects:  15% (65/430)   [Kremote: Counting objects:  16% (69/430)   [Kremote: Counting objects:  17% (74/430)   [Kremote: Counting objects:  18% (78/430)   [Kremote: Counting objects:  19% (82/430)   [Kremote: Counting objects:  20% (86/430)   remote: Counting objects:  21% (91/430)   [Kremote: Counting objects:  22% (95/430)   [Kremote: Counting objects:  23% (99/430)   [Kremote: Counting objects:  24% (104/430)   [Kremote: Counting objects:  25% (108/430)   [Kremote: Counting objects:  26% (112/430)   [Kremote: Counting objects:  27% (117/430)   [Kremote: Counting objects:  28% (121/430)   [Kremote: Counting objects:  29% (125/430)   [Kremote: Counting objects:  30% (129/430)   [Kremote: Counting objects:  31% (134/430)   [Kremote: Counting objects:  32% (138/430)   [Kremote: Counting objects:  33% (142/430)   [Kremote: Counting objects:  34% (147/430)   [Kremote: Counting objects:  35% (151/430)   [Kremote: Counting objects:  36% (155/430)   [Kremote: Counting objects:  37% (160/430)   [Kremote: Counting objects:  38% (164/430)   [Kremote: Counting objects:  39% (168/430)   [Kremote: Counting objects:  40% (172/430)   [Kremote: Counting objects:  41% (177/430)   [Kremote: Counting objects:  42% (181/430)   [Kremote: Counting objects:  43% (185/430)   [Kremote: Counting objects:  44% (190/430)   [Kremote: Counting objects:  45% (194/430)   [Kremote: Counting objects:  46% (198/430)   [Kremote: Counting objects:  47% (203/430)   [Kremote: Counting objects:  48% (207/430)   [Kremote: Counting objects:  49% (211/430)   [Kremote: Counting objects:  50% (215/430)   [Kremote: Counting objects:  51% (220/430)   [Kremote: Counting objects:  52% (224/430)   [Kremote: Counting objects:  53% (228/430)   [Kremote: Counting objects:  54% (233/430)   [Kremote: Counting objects:  55% (237/430)   [Kremote: Counting objects:  56% (241/430)   [Kremote: Counting objects:  57% (246/430)   [Kremote: Counting objects:  58% (250/430)   [Kremote: Counting objects:  59% (254/430)   [Kremote: Counting objects:  60% (258/430)   [Kremote: Counting objects:  61% (263/430)   [Kremote: Counting objects:  62% (267/430)   [Kremote: Counting objects:  63% (271/430)   [Kremote: Counting objects:  64% (276/430)   [Kremote: Counting objects:  65% (280/430)   [Kremote: Counting objects:  66% (284/430)   [Kremote: Counting objects:  67% (289/430)   [Kremote: Counting objects:  68% (293/430)   [Kremote: Counting objects:  69% (297/430)   [Kremote: Counting objects:  70% (301/430)   [Kremote: Counting objects:  71% (306/430)   [Kremote: Counting objects:  72% (310/430)   [Kremote: Counting objects:  73% (314/430)   [Kremote: Counting objects:  74% (319/430)   [Kremote: Counting objects:  75% (323/430)   [Kremote: Counting objects:  76% (327/430)   [Kremote: Counting objects:  77% (332/430)   [Kremote: Counting objects:  78% (336/430)   [Kremote: Counting objects:  79% (340/430)   [Kremote: Counting objects:  80% (344/430)   [Kremote: Counting objects:  81% (349/430)   [Kremote: Counting objects:  82% (353/430)   [Kremote: Counting objects:  83% (357/430)   [Kremote: Counting objects:  84% (362/430)   [Kremote: Counting objects:  85% (366/430)   [Kremote: Counting objects:  86% (370/430)   [Kremote: Counting objects:  87% (375/430)   [Kremote: Counting objects:  88% (379/430)   [Kremote: Counting objects:  89% (383/430)   [Kremote: Counting objects:  90% (387/430)   [Kremote: Counting objects:  91% (392/430)   [Kremote: Counting objects:  92% (396/430)   [Kremote: Counting objects:  93% (400/430)   [Kremote: Counting objects:  94% (405/430)   [Kremote: Counting objects:  95% (409/430)   [Kremote: Counting objects:  96% (413/430)   [Kremote: Counting objects:  97% (418/430)   [Kremote: Counting objects:  98% (422/430)   [Kremote: Counting objects:  99% (426/430)   [Kremote: Counting objects: 100% (430/430)   [Kremote: Counting objects: 100% (430/430), done.[K
remote: Compressing objects:   0% (1/194)   [Kremote: Compressing objects:   1% (2/194)   [Kremote: Compressing objects:   2% (4/194)   [Kremote: Compressing objects:   3% (6/194)   [Kremote: Compressing objects:   4% (8/194)   [Kremote: Compressing objects:   5% (10/194)   [Kremote: Compressing objects:   6% (12/194)   [Kremote: Compressing objects:   7% (14/194)   [Kremote: Compressing objects:   8% (16/194)   [Kremote: Compressing objects:   9% (18/194)   [Kremote: Compressing objects:  10% (20/194)   [Kremote: Compressing objects:  11% (22/194)   [Kremote: Compressing objects:  12% (24/194)   [Kremote: Compressing objects:  13% (26/194)   [Kremote: Compressing objects:  14% (28/194)   [Kremote: Compressing objects:  15% (30/194)   [Kremote: Compressing objects:  16% (32/194)   [Kremote: Compressing objects:  17% (33/194)   [Kremote: Compressing objects:  18% (35/194)   [Kremote: Compressing objects:  19% (37/194)   [Kremote: Compressing objects:  20% (39/194)   [Kremote: Compressing objects:  21% (41/194)   [Kremote: Compressing objects:  22% (43/194)   [Kremote: Compressing objects:  23% (45/194)   [Kremote: Compressing objects:  24% (47/194)   [Kremote: Compressing objects:  25% (49/194)   [Kremote: Compressing objects:  26% (51/194)   [Kremote: Compressing objects:  27% (53/194)   [Kremote: Compressing objects:  28% (55/194)   [Kremote: Compressing objects:  29% (57/194)   [Kremote: Compressing objects:  30% (59/194)   [Kremote: Compressing objects:  31% (61/194)   [Kremote: Compressing objects:  32% (63/194)   [Kremote: Compressing objects:  33% (65/194)   [Kremote: Compressing objects:  34% (66/194)   [Kremote: Compressing objects:  35% (68/194)   [Kremote: Compressing objects:  36% (70/194)   [Kremote: Compressing objects:  37% (72/194)   [Kremote: Compressing objects:  38% (74/194)   [Kremote: Compressing objects:  39% (76/194)   [Kremote: Compressing objects:  40% (78/194)   [Kremote: Compressing objects:  41% (80/194)   [Kremote: Compressing objects:  42% (82/194)   [Kremote: Compressing objects:  43% (84/194)   [Kremote: Compressing objects:  44% (86/194)   [Kremote: Compressing objects:  45% (88/194)   [Kremote: Compressing objects:  46% (90/194)   [Kremote: Compressing objects:  47% (92/194)   [Kremote: Compressing objects:  48% (94/194)   [Kremote: Compressing objects:  49% (96/194)   [Kremote: Compressing objects:  50% (97/194)   [Kremote: Compressing objects:  51% (99/194)   [Kremote: Compressing objects:  52% (101/194)   [Kremote: Compressing objects:  53% (103/194)   [Kremote: Compressing objects:  54% (105/194)   [Kremote: Compressing objects:  55% (107/194)   [Kremote: Compressing objects:  56% (109/194)   [Kremote: Compressing objects:  57% (111/194)   [Kremote: Compressing objects:  58% (113/194)   [Kremote: Compressing objects:  59% (115/194)   [Kremote: Compressing objects:  60% (117/194)   [Kremote: Compressing objects:  61% (119/194)   [Kremote: Compressing objects:  62% (121/194)   [Kremote: Compressing objects:  63% (123/194)   [Kremote: Compressing objects:  64% (125/194)   [Kremote: Compressing objects:  65% (127/194)   [Kremote: Compressing objects:  66% (129/194)   [Kremote: Compressing objects:  67% (130/194)   [Kremote: Compressing objects:  68% (132/194)   [Kremote: Compressing objects:  69% (134/194)   [Kremote: Compressing objects:  70% (136/194)   [Kremote: Compressing objects:  71% (138/194)   [Kremote: Compressing objects:  72% (140/194)   [Kremote: Compressing objects:  73% (142/194)   [Kremote: Compressing objects:  74% (144/194)   [Kremote: Compressing objects:  75% (146/194)   [Kremote: Compressing objects:  76% (148/194)   [Kremote: Compressing objects:  77% (150/194)   [Kremote: Compressing objects:  78% (152/194)   [Kremote: Compressing objects:  79% (154/194)   [Kremote: Compressing objects:  80% (156/194)   [Kremote: Compressing objects:  81% (158/194)   [Kremote: Compressing objects:  82% (160/194)   [Kremote: Compressing objects:  83% (162/194)   [Kremote: Compressing objects:  84% (163/194)   [Kremote: Compressing objects:  85% (165/194)   [Kremote: Compressing objects:  86% (167/194)   [Kremote: Compressing objects:  87% (169/194)   [Kremote: Compressing objects:  88% (171/194)   [Kremote: Compressing objects:  89% (173/194)   [Kremote: Compressing objects:  90% (175/194)   [Kremote: Compressing objects:  91% (177/194)   [Kremote: Compressing objects:  92% (179/194)   [Kremote: Compressing objects:  93% (181/194)   [Kremote: Compressing objects:  94% (183/194)   [Kremote: Compressing objects:  95% (185/194)   [Kremote: Compressing objects:  96% (187/194)   [Kremote: Compressing objects:  97% (189/194)   [Kremote: Compressing objects:  98% (191/194)   [Kremote: Compressing objects:  99% (193/194)   [Kremote: Compressing objects: 100% (194/194)   [Kremote: Compressing objects: 100% (194/194), done.[K
Receiving objects:   0% (1/430)   Receiving objects:   1% (5/430)   Receiving objects:   2% (9/430)   Receiving objects:   3% (13/430)   Receiving objects:   4% (18/430)   Receiving objects:   5% (22/430)   Receiving objects:   6% (26/430)   Receiving objects:   7% (31/430)   Receiving objects:   8% (35/430)   Receiving objects:   9% (39/430)   Receiving objects:  10% (43/430)   Receiving objects:  11% (48/430)   Receiving objects:  12% (52/430)   Receiving objects:  13% (56/430)   Receiving objects:  14% (61/430)   Receiving objects:  15% (65/430)   Receiving objects:  16% (69/430)   Receiving objects:  17% (74/430)   Receiving objects:  18% (78/430)   Receiving objects:  19% (82/430)   Receiving objects:  20% (86/430)   Receiving objects:  21% (91/430)   Receiving objects:  22% (95/430)   Receiving objects:  23% (99/430)   Receiving objects:  24% (104/430)   Receiving objects:  25% (108/430)   Receiving objects:  26% (112/430)   Receiving objects:  27% (117/430)   Receiving objects:  28% (121/430)   Receiving objects:  29% (125/430)   Receiving objects:  30% (129/430)   Receiving objects:  31% (134/430)   Receiving objects:  32% (138/430)   Receiving objects:  33% (142/430)   Receiving objects:  34% (147/430)   Receiving objects:  35% (151/430)   Receiving objects:  36% (155/430)   Receiving objects:  37% (160/430)   Receiving objects:  38% (164/430)   Receiving objects:  39% (168/430)   Receiving objects:  40% (172/430)   Receiving objects:  41% (177/430)   Receiving objects:  42% (181/430)   Receiving objects:  43% (185/430)   Receiving objects:  44% (190/430)   Receiving objects:  45% (194/430)   Receiving objects:  46% (198/430)   Receiving objects:  47% (203/430)   Receiving objects:  48% (207/430)   Receiving objects:  49% (211/430)   Receiving objects:  50% (215/430)   Receiving objects:  51% (220/430)   Receiving objects:  52% (224/430)   Receiving objects:  53% (228/430)   Receiving objects:  54% (233/430)   Receiving objects:  55% (237/430)   Receiving objects:  56% (241/430)   Receiving objects:  57% (246/430)   Receiving objects:  58% (250/430)   Receiving objects:  59% (254/430)   Receiving objects:  60% (258/430)   Receiving objects:  61% (263/430)   Receiving objects:  62% (267/430)   Receiving objects:  63% (271/430)   Receiving objects:  64% (276/430)   Receiving objects:  65% (280/430)   Receiving objects:  66% (284/430)   Receiving objects:  67% (289/430)   Receiving objects:  68% (293/430)   Receiving objects:  69% (297/430)   Receiving objects:  70% (301/430)   Receiving objects:  71% (306/430)   Receiving objects:  72% (310/430)   Receiving objects:  73% (314/430)   Receiving objects:  74% (319/430)   Receiving objects:  75% (323/430)   Receiving objects:  76% (327/430)   Receiving objects:  77% (332/430)   Receiving objects:  78% (336/430)   Receiving objects:  79% (340/430)   Receiving objects:  80% (344/430)   Receiving objects:  81% (349/430)   Receiving objects:  82% (353/430)   Receiving objects:  83% (357/430)   Receiving objects:  84% (362/430)   Receiving objects:  85% (366/430)   Receiving objects:  86% (370/430)   Receiving objects:  87% (375/430)   Receiving objects:  88% (379/430)   remote: Total 430 (delta 252), reused 376 (delta 232), pack-reused 0[K
Receiving objects:  89% (383/430)   Receiving objects:  90% (387/430)   Receiving objects:  91% (392/430)   Receiving objects:  92% (396/430)   Receiving objects:  93% (400/430)   Receiving objects:  94% (405/430)   Receiving objects:  95% (409/430)   Receiving objects:  96% (413/430)   Receiving objects:  97% (418/430)   Receiving objects:  98% (422/430)   Receiving objects:  99% (426/430)   Receiving objects: 100% (430/430)   Receiving objects: 100% (430/430), 512.90 KiB | 7.54 MiB/s, done.
Resolving deltas:   0% (0/252)   Resolving deltas:   1% (3/252)   Resolving deltas:   3% (8/252)   Resolving deltas:   6% (16/252)   Resolving deltas:   8% (21/252)   Resolving deltas:   9% (25/252)   Resolving deltas:  11% (28/252)   Resolving deltas:  24% (62/252)   Resolving deltas:  32% (81/252)   Resolving deltas:  33% (85/252)   Resolving deltas:  34% (88/252)   Resolving deltas:  36% (91/252)   Resolving deltas:  37% (94/252)   Resolving deltas:  39% (99/252)   Resolving deltas:  44% (113/252)   Resolving deltas:  49% (125/252)   Resolving deltas:  56% (142/252)   Resolving deltas:  58% (148/252)   Resolving deltas:  59% (149/252)   Resolving deltas:  60% (152/252)   Resolving deltas:  61% (154/252)   Resolving deltas:  62% (157/252)   Resolving deltas:  63% (159/252)   Resolving deltas:  64% (163/252)   Resolving deltas:  67% (171/252)   Resolving deltas:  69% (174/252)   Resolving deltas:  70% (177/252)   Resolving deltas:  72% (182/252)   Resolving deltas:  73% (185/252)   Resolving deltas:  74% (188/252)   Resolving deltas:  75% (189/252)   Resolving deltas:  76% (192/252)   Resolving deltas:  77% (195/252)   Resolving deltas:  80% (202/252)   Resolving deltas:  82% (207/252)   Resolving deltas:  83% (210/252)   Resolving deltas:  85% (215/252)   Resolving deltas:  88% (222/252)   Resolving deltas:  89% (225/252)   Resolving deltas:  90% (229/252)   Resolving deltas:  91% (230/252)   Resolving deltas:  92% (232/252)   Resolving deltas:  93% (235/252)   Resolving deltas:  94% (237/252)   Resolving deltas: 100% (252/252)   Resolving deltas: 100% (252/252), done.
travis_time:end:072c2f34:start=1560370614937874372,finish=1560370616100280077,duration=1162405705[0K$ cd paypal/paypal-smart-payment-buttons
$ git checkout -qf 0c20ba91ff3c68504a048f4d7b5a16251d1bd379
travis_fold:end:git.checkout[0K
travis_fold:start:nvm.install[0Ktravis_time:start:04aaf2e8[0K$ nvm install 10
Downloading and installing node v10.16.0...
Downloading https://nodejs.org/dist/v10.16.0/node-v10.16.0-linux-x64.tar.xz...
Computing checksum with sha256sum
Checksums matched!
Now using node v10.16.0 (npm v6.9.0)
travis_time:end:04aaf2e8:start=1560370617313826119,finish=1560370621018323175,duration=3704497056[0Ktravis_fold:end:nvm.install[0K
$ node --version
v10.16.0
$ npm --version
6.9.0
$ nvm --version
0.34.0

travis_fold:start:install.npm[0Ktravis_time:start:02c9d84c[0K$ npm install 
[37;40mnpm[0m [0m[30;43mWARN[0m [0m[35mdeprecated[0m @babel/polyfill@7.4.4: ðŸš¨ As of Babel 7.4.0, this
[0m[37;40mnpm[0m [0m[30;43mWARN[0m [0m[35mdeprecated[0m package has been deprecated in favor of directly
[0m[37;40mnpm[0m [0m[30;43mWARN[0m [0m[35mdeprecated[0m including core-js/stable (to polyfill ECMAScript
[0m[37;40mnpm[0m [0m[30;43mWARN[0m [0m[35mdeprecated[0m features) and regenerator-runtime/runtime
[0m[37;40mnpm[0m [0m[30;43mWARN[0m [0m[35mdeprecated[0m (needed to use transpiled generator functions):
[0m[37;40mnpm[0m [0m[30;43mWARN[0m [0m[35mdeprecated[0m 
[0m[37;40mnpm[0m [0m[30;43mWARN[0m [0m[35mdeprecated[0m   > import "core-js/stable";
[0m[37;40mnpm[0m [0m[30;43mWARN[0m [0m[35mdeprecated[0m   > import "regenerator-runtime/runtime";
[0m[37;40mnpm[0m [0m[30;43mWARN[0m [0m[35mdeprecated[0m istanbul@0.4.5: This module is no longer maintained, try this instead:
[0m[37;40mnpm[0m [0m[30;43mWARN[0m [0m[35mdeprecated[0m   npm i nyc
[0m[37;40mnpm[0m [0m[30;43mWARN[0m [0m[35mdeprecated[0m Visit https://istanbul.js.org/integrations for other alternatives.
[0m[37;40mnpm[0m [0m[30;43mWARN[0m [0m[35mdeprecated[0m nomnom@1.8.1: Package no longer supported. Contact support@npmjs.com for more info.
[0m[37;40mnpm[0m [0m[30;43mWARN[0m [0m[35mdeprecated[0m circular-json@0.5.9: CircularJSON is in maintenance only, flatted is its successor.
[0m[37;40mnpm[0m [0m[30;43mWARN[0m [0m[35mdeprecated[0m kleur@2.0.2: Please upgrade to kleur@3 or migrate to 'ansi-colors' if you prefer the old syntax. Visit <https://github.com/lukeed/kleur/releases/tag/v3.0.0\> for migration path(s).
[0m[37;40mnpm[0m [0m[30;43mWARN[0m [0m[35mdeprecated[0m hawk@3.1.3: This module moved to @hapi/hawk. Please make sure to switch over as this distribution is no longer supported and may contain bugs and critical security issues.
[0m[37;40mnpm[0m [0m[30;43mWARN[0m [0m[35mdeprecated[0m node-uuid@1.4.8: Use uuid module instead
[0m[37;40mnpm[0m [0m[30;43mWARN[0m [0m[35mdeprecated[0m left-pad@1.3.0: use String.prototype.padStart()
[0m[37;40mnpm[0m [0m[30;43mWARN[0m [0m[35mdeprecated[0m hoek@2.16.3: This version has been deprecated in accordance with the hapi support policy (hapi.im/support). Please upgrade to the latest version to get the best features, bug fixes, and security patches. If you are unable to upgrade at this time, paid support is available for older versions (hapi.im/commercial).
[0m[37;40mnpm[0m [0m[30;43mWARN[0m [0m[35mdeprecated[0m boom@2.10.1: This version has been deprecated in accordance with the hapi support policy (hapi.im/support). Please upgrade to the latest version to get the best features, bug fixes, and security patches. If you are unable to upgrade at this time, paid support is available for older versions (hapi.im/commercial).
[0m[37;40mnpm[0m [0m[30;43mWARN[0m [0m[35mdeprecated[0m cryptiles@2.0.5: This version has been deprecated in accordance with the hapi support policy (hapi.im/support). Please upgrade to the latest version to get the best features, bug fixes, and security patches. If you are unable to upgrade at this time, paid support is available for older versions (hapi.im/commercial).
[0m[37;40mnpm[0m [0m[30;43mWARN[0m [0m[35mdeprecated[0m sntp@1.0.9: This module moved to @hapi/sntp. Please make sure to switch over as this distribution is no longer supported and may contain bugs and critical security issues.
[0m
> core-js@3.1.3 postinstall /home/travis/build/paypal/paypal-smart-payment-buttons/node_modules/@babel/register/node_modules/core-js
> node scripts/postinstall || echo "ignore"


> core-js@2.6.9 postinstall /home/travis/build/paypal/paypal-smart-payment-buttons/node_modules/core-js
> node scripts/postinstall || echo "ignore"


> core-js-pure@3.1.3 postinstall /home/travis/build/paypal/paypal-smart-payment-buttons/node_modules/core-js-pure
> node scripts/postinstall || echo "ignore"


> webpack-cli@3.3.4 postinstall /home/travis/build/paypal/paypal-smart-payment-buttons/node_modules/webpack-cli
> node ./bin/opencollective.js

[37;40mnpm[0m [0m[30;43mWARN[0m [0m[35mprepublish-on-install[0m As of npm@5, `prepublish` scripts are deprecated.
[0m[37;40mnpm[0m [0m[30;43mWARN[0m [0m[35mprepublish-on-install[0m Use `prepare` for build steps and `prepublishOnly` for upload-only.
[0m[37;40mnpm[0m [0m[30;43mWARN[0m [0m[35mprepublish-on-install[0m See the deprecation note in `npm help scripts` for more information.
[0m
> @paypal/smart-payment-buttons@2.0.100 prepublish /home/travis/build/paypal/paypal-smart-payment-buttons
> in-publish && npm run babel || not-in-publish

[37;40mnpm[0m [0m[30;43mWARN[0m[35m[0m @paypal/smart-payment-buttons@2.0.100 license should be a valid SPDX license expression
[0m[37;40mnpm[0m [0m[30;43mWARN[0m [0m[35moptional[0m SKIPPING OPTIONAL DEPENDENCY: fsevents@1.2.9 (node_modules/fsevents):
[0m[37;40mnpm[0m [0m[30;43mWARN[0m [0m[35mnotsup[0m SKIPPING OPTIONAL DEPENDENCY: Unsupported platform for fsevents@1.2.9: wanted {"os":"darwin","arch":"any"} (current: {"os":"linux","arch":"x64"})
[0m
added 2573 packages from 2473 contributors and audited 52019 packages in 52.087s
found [91m174[0m vulnerabilities (66 [1mlow[0m, 70 [93mmoderate[0m, 38 [91mhigh[0m)
  run `npm audit fix` to fix them, or `npm audit` for details
travis_time:end:02c9d84c:start=1560370622466947286,finish=1560370675069186173,duration=52602238887[0Ktravis_fold:end:install.npm[0K
travis_time:start:23452ea6[0K$ npm run test

> @paypal/smart-payment-buttons@2.0.100 test /home/travis/build/paypal/paypal-smart-payment-buttons
> if [ ! $SKIP_TEST ]; then npm run lint && npm run flow-typed && npm run flow && npm run karma && npm run jest; fi;


> @paypal/smart-payment-buttons@2.0.100 lint /home/travis/build/paypal/paypal-smart-payment-buttons
> eslint src/ server/ test/ *.js


> @paypal/smart-payment-buttons@2.0.100 flow-typed /home/travis/build/paypal/paypal-smart-payment-buttons
> rm -rf ./flow-typed && flow-typed install --ignoreDeps peer && flow-typed install jest@22 mocha@3 && flow-typed install express@4.16 && sed -i -e 's/http$IncomingMessage,/http$IncomingMessage<>,/g' ./flow-typed/npm/express_v4.16.x.js

[before-after-hook]: "Hook()" repurposing warning, use "Hook.Collection()". Read more: https://git.io/upgrade-before-after-hook-to-1.4
â€¢ Found 15 dependencies in package.json to install libdefs for. Searching...
â€¢ flow-typed cache not found, fetching from GitHub...
â€¢ Installing 2 libDefs...
[1m  â€¢ flow-bin_v0.x.x.js[22m
[1m    â””> [32m./flow-typed/npm/flow-bin_v0.x.x.js[39m[22m
flow-bin
/home/travis/build/paypal/paypal-smart-payment-buttons/flow-typed/npm
[1m  â€¢ express_v4.16.x.js[22m
[1m    â””> [32m./flow-typed/npm/express_v4.16.x.js[39m[22m
express
/home/travis/build/paypal/paypal-smart-payment-buttons/flow-typed/npm
â€¢ Generating stubs for untyped dependencies...
[1m  â€¢ babel-core@^7.0.0-bridge.0[22m
[1m    â””> [31mflow-typed/npm/babel-core_vx.x.x.js[39m[22m
[1m  â€¢ @paypal/sdk-client@^4.0.27[22m
[1m    â””> [31mflow-typed/npm/@paypal/sdk-client_vx.x.x.js[39m[22m
[1m  â€¢ grumbler-scripts@^3.0.18[22m
[1m    â””> [31mflow-typed/npm/grumbler-scripts_vx.x.x.js[39m[22m
[1m  â€¢ sync-browser-mocks@^1.0.44[22m
[1m    â””> [31mflow-typed/npm/sync-browser-mocks_vx.x.x.js[39m[22m
[1m  â€¢ grabthar@^3[22m
[1m    â””> [31mflow-typed/npm/grabthar_vx.x.x.js[39m[22m
[1m  â€¢ belter@^1.0.19[22m
[1m    â””> [31mflow-typed/npm/belter_vx.x.x.js[39m[22m
[1m  â€¢ webpack-mem-compile@^1.0.2[22m
[1m    â””> [31mflow-typed/npm/webpack-mem-compile_vx.x.x.js[39m[22m
[1m  â€¢ jsx-pragmatic@^2[22m
[1m    â””> [31mflow-typed/npm/jsx-pragmatic_vx.x.x.js[39m[22m
[1m  â€¢ @paypal/checkout-components@^5.0.30[22m
[1m    â””> [31mflow-typed/npm/@paypal/checkout-components_vx.x.x.js[39m[22m
[31m[39m
[31m!! No flow@v0.100.0-compatible libdefs found in flow-typed for the above untyped dependencies !![39m

I've generated `any`-typed stubs for these packages, but consider submitting 
libdefs for them to [1mhttps://github.com/flowtype/flow-typed/[22m

[before-after-hook]: "Hook()" repurposing warning, use "Hook.Collection()". Read more: https://git.io/upgrade-before-after-hook-to-1.4
â€¢ Searching for 2 libdefs...
â€¢ Installing 1 libDefs...
[1m  â€¢ jest_v22.x.x.js[22m
[1m    â””> [32m./flow-typed/npm/jest_v22.x.x.js[39m[22m
jest
/home/travis/build/paypal/paypal-smart-payment-buttons/flow-typed/npm
â€¢ Generating stubs for untyped dependencies...
[1m  â€¢ mocha@3[22m
[1m    â””> [31mflow-typed/npm/mocha_vx.x.x.js[39m[22m
[31m[39m
[31m!! No flow@v0.100.0-compatible libdefs found in flow-typed for the above untyped dependencies !![39m

I've generated `any`-typed stubs for this package, but consider submitting 
a libdef for it to [1mhttps://github.com/flowtype/flow-typed/[22m

[before-after-hook]: "Hook()" repurposing warning, use "Hook.Collection()". Read more: https://git.io/upgrade-before-after-hook-to-1.4
â€¢ Searching for 1 libdefs...
â€¢ Installing 1 libDefs...
[1m  â€¢ express_v4.16.x.js[22m
[1m    â””> [32m./flow-typed/npm/express_v4.16.x.js[39m[22m
express
/home/travis/build/paypal/paypal-smart-payment-buttons/flow-typed/npm

> @paypal/smart-payment-buttons@2.0.100 flow /home/travis/build/paypal/paypal-smart-payment-buttons
> flow

Launching Flow server for /home/travis/build/paypal/paypal-smart-payment-buttons
Spawned flow server (pid=4688)
Logs will go to /tmp/flow/zShomezStraviszSbuildzSpaypalzSpaypal-smart-payment-buttons.log
Monitor logs will go to /tmp/flow/zShomezStraviszSbuildzSpaypalzSpaypal-smart-payment-buttons.monitor_log
Started a new flow server: -[0K[0KPlease wait. Server is starting up: \[0KPlease wait. Server is initializing (starting up): |[0KPlease wait. Server is initializing (parsed files 0): /[0KPlease wait. Server is initializing (parsed files 1000): -[0KPlease wait. Server is initializing (parsed files 2000): \[0KPlease wait. Server is initializing (parsed files 2000): |[0KPlease wait. Server is initializing (parsed files 2000): /[0KPlease wait. Server is initializing (parsed files 3000): -[0KPlease wait. Server is initializing (parsed files 3000): \[0KPlease wait. Server is initializing (parsed files 5000): |[0KPlease wait. Server is initializing (parsed files 5000): /[0KPlease wait. Server is initializing (parsed files 6000): -[0KPlease wait. Server is initializing (parsed files 7000): \[0KPlease wait. Server is initializing (parsed files 11000): |[0KPlease wait. Server is initializing (parsed files 12000): /[0KPlease wait. Server is initializing (parsed files 13000): -[0KPlease wait. Server is initializing (parsed files 16000): \[0KPlease wait. Server is initializing (parsed files 18000): |[0KPlease wait. Server is initializing (parsed files 19000): /[0KPlease wait. Server is initializing (parsed files 19000): -[0KPlease wait. Server is initializing (parsed files 21000): \[0KPlease wait. Server is initializing (parsed files 21922): |[0KPlease wait. Server is initializing (parsed files 21922): /[0KPlease wait. Server is initializing (parsed files 21922): -[0KPlease wait. Server is initializing (parsed files 21922): \[0KPlease wait. Server is initializing (parsed files 21922): |[0KPlease wait. Server is initializing (parsed files 21922): /[0KPlease wait. Server is initializing (parsed files 21922): -[0KPlease wait. Server is initializing (parsed files 21922): \[0KPlease wait. Server is initializing (parsed files 21922): |[0KPlease wait. Server is initializing (parsed files 21922): /[0KPlease wait. Server is initializing (parsed files 21922): -[0KPlease wait. Server is initializing (parsed files 21922): \[0KPlease wait. Server is initializing (resolving dependencies): |[0KPlease wait. Server is initializing (resolving dependencies): /[0KPlease wait. Server is initializing (waiting for Watchman - giving up in 16 seconds): -[0KPlease wait. Server is initializing (parsed files 0/0 (0.0%)): \[0KPlease wait. Server is initializing (merged files 0/121 (0.0%)): |[0KPlease wait. Server is initializing (merged files 44/121 (36.4%)): /[0KPlease wait. Server is initializing (merged files 65/121 (53.7%)): -[0KPlease wait. Server is initializing (merged files 73/121 (60.3%)): \[0KPlease wait. Server is initializing (merged files 97/121 (80.2%)): |[0KPlease wait. Server is initializing (merged files 107/121 (88.4%)): /[0KPlease wait. Server is initializing (finishing up): -[0KPlease wait. Server is handling a request (starting up): \[0KPlease wait. Server is handling a request (collating errors): |[0K[31mError â”ˆâ”ˆâ”ˆâ”ˆâ”ˆâ”ˆâ”ˆâ”ˆâ”ˆâ”ˆâ”ˆâ”ˆâ”ˆâ”ˆâ”ˆâ”ˆâ”ˆâ”ˆâ”ˆâ”ˆâ”ˆâ”ˆâ”ˆâ”ˆâ”ˆâ”ˆâ”ˆâ”ˆâ”ˆâ”ˆâ”ˆâ”ˆâ”ˆâ”ˆâ”ˆâ”ˆ src/button/props/createOrder.js:52:16[0m[0m
[0m[0m
[0m[0mCannot[0m[0m [0m[0mreference[0m[0m [0m[0mtype[0m[0m [0m[0m[0m[0;4m[0m[0;1;4mZalgoPromise[0m[0;4m[0m[0m [0m[0;2m[[0m[36m1[0m[0;2m][0m[0m[0m[0m [0m[0mfrom[0m[0m [0m[0ma[0m[0m [0m[0mvalue[0m[0m [0m[0mposition.[0m[0m
[0m[0m
[0m[0m [0m[0;2m[[0m[36m1[0m[0;2m][0m[0m [0m[0m [0m[0;2m3[0m[0;2mâ”‚[0m[0m [0m[0;2mimport { type [0m[36mZalgoPromise[0m[0;2m } from 'zalgo-promise/src';[0m[0m
[0m[0m       [0m[0;2m:[0m[0m
[0m[0m     [0m[0m[0m[0;2m49[0m[0;2mâ”‚[0m[0m [0m[0;2m    const actions = buildXCreateOrderActions({ clientID });[0m[0m
[0m[0m     [0m[0m[0m[0;2m50[0m[0;2mâ”‚[0m[0;2m[0m[0m
[0m[0m     [0m[0m[0m[0;2m51[0m[0;2mâ”‚[0m[0m [0m[0;2m    return memoize(() => {[0m[0m
[0m[0m     [0m[0m[0m[0;2m52[0m[0;2mâ”‚[0m[0m [0m[0;2m        return [0m[31mZalgoPromise[0m[0;2m.try(() => {[0m[0m
[0m[0m     [0m[0m[0m[0;2m53[0m[0;2mâ”‚[0m[0m [0m[0;2m            if (createBillingAgreement) {[0m[0m
[0m[0m     [0m[0m[0m[0;2m54[0m[0;2mâ”‚[0m[0m [0m[0;2m                return createBillingAgreement().then(billingTokenToOrderID);[0m[0m
[0m[0m     [0m[0m[0m[0;2m55[0m[0;2mâ”‚[0m[0m [0m[0;2m            } else if (createSubscription) {[0m[0m
[0m[0m
[0m[0m
[0m
Found 1 error
[37;40mnpm[0m [0m[31;40mERR![0m [0m[35mcode[0m ELIFECYCLE
[0m[37;40mnpm[0m [0m[31;40mERR![0m [0m[35merrno[0m 2
[0m[37;40mnpm[0m [0m[31;40mERR![0m[35m[0m @paypal/smart-payment-buttons@2.0.100 flow: `flow`
[0m[37;40mnpm[0m [0m[31;40mERR![0m[35m[0m Exit status 2
[0m[37;40mnpm[0m [0m[31;40mERR![0m[35m[0m 
[0m[37;40mnpm[0m [0m[31;40mERR![0m[35m[0m Failed at the @paypal/smart-payment-buttons@2.0.100 flow script.
[0m[37;40mnpm[0m [0m[31;40mERR![0m[35m[0m This is probably not a problem with npm. There is likely additional logging output above.
[0m
[37;40mnpm[0m [0m[31;40mERR![0m[35m[0m A complete log of this run can be found in:
[0m[37;40mnpm[0m [0m[31;40mERR![0m[35m[0m     /home/travis/.npm/_logs/2019-06-12T20_18_31_618Z-debug.log
[0m[37;40mnpm[0m [0m[31;40mERR![0m [0m[35mcode[0m ELIFECYCLE
[0m[37;40mnpm[0m [0m[31;40mERR![0m [0m[35merrno[0m 2
[0m[37;40mnpm[0m [0m[31;40mERR![0m[35m[0m @paypal/smart-payment-buttons@2.0.100 test: `if [ ! $SKIP_TEST ]; then npm run lint && npm run flow-typed && npm run flow && npm run karma && npm run jest; fi;`
[0m[37;40mnpm[0m [0m[31;40mERR![0m[35m[0m Exit status 2
[0m[37;40mnpm[0m [0m[31;40mERR![0m[35m[0m 
[0m[37;40mnpm[0m [0m[31;40mERR![0m[35m[0m Failed at the @paypal/smart-payment-buttons@2.0.100 test script.
[0m[37;40mnpm[0m [0m[31;40mERR![0m[35m[0m This is probably not a problem with npm. There is likely additional logging output above.
[0m
[37;40mnpm[0m [0m[31;40mERR![0m[35m[0m A complete log of this run can be found in:
[0m[37;40mnpm[0m [0m[31;40mERR![0m[35m[0m     /home/travis/.npm/_logs/2019-06-12T20_18_31_634Z-debug.log
[0mtravis_time:end:23452ea6:start=1560370675074247720,finish=1560370711646829168,duration=36572581448[0K[31;1mThe command "npm run test" exited with 2.[0m



Done. Your build exited with 1.
