travis_fold:start:worker_info[0K[33;1mWorker information[0m
hostname: 8270e534-f5dc-4732-a549-174f58eb2116@1.worker-org-6f5fbbc4b6-4k5b5.gce-production-3
version: v6.2.1 https://github.com/travis-ci/worker/tree/4e3246c044eb4915c2378ffacd0b3d3ed0136bba
instance: travis-job-b0beb26d-5be3-43c4-a3cb-1591d3d9220c travis-ci-sardonyx-xenial-1553530528-f909ac5 (via amqp)
startup: 6.373892784s
travis_fold:end:worker_info[0Ktravis_fold:start:system_info[0K[33;1mBuild system information[0m
Build language: node_js
Build group: stable
Build dist: xenial
Build id: 569583969
Job id: 569583970
Runtime kernel version: 4.15.0-1028-gcp
travis-build version: fb89c531e
[34m[1mBuild image provisioning date and time[0m
Mon Mar 25 16:43:24 UTC 2019
[34m[1mOperating System Details[0m
Distributor ID:	Ubuntu
Description:	Ubuntu 16.04.6 LTS
Release:	16.04
Codename:	xenial
[34m[1mSystemd Version[0m
systemd 229
[34m[1mCookbooks Version[0m
42e42e4 https://github.com/travis-ci/travis-cookbooks/tree/42e42e4
[34m[1mgit version[0m
git version 2.21.0
[34m[1mbash version[0m
GNU bash, version 4.3.48(1)-release (x86_64-pc-linux-gnu)
[34m[1mgcc version[0m
gcc (Ubuntu 5.4.0-6ubuntu1~16.04.11) 5.4.0 20160609
[34m[1mdocker version[0m
Client:
 Version:           18.06.0-ce
 API version:       1.38
 Go version:        go1.10.3
 Git commit:        0ffa825
 Built:             Wed Jul 18 19:11:02 2018
 OS/Arch:           linux/amd64
 Experimental:      false

Server:
 Engine:
  Version:          18.06.0-ce
  API version:      1.38 (minimum version 1.12)
  Go version:       go1.10.3
  Git commit:       0ffa825
  Built:            Wed Jul 18 19:09:05 2018
  OS/Arch:          linux/amd64
  Experimental:     false
[34m[1mclang version[0m
clang version 7.0.0 (tags/RELEASE_700/final)
[34m[1mjq version[0m
jq-1.5
[34m[1mbats version[0m
Bats 0.4.0
[34m[1mshellcheck version[0m
0.6.0
[34m[1mshfmt version[0m
v2.6.3
[34m[1mccache version[0m
3.2.4
[34m[1mcmake version[0m
cmake version 3.12.4
[34m[1mheroku version[0m
heroku/7.22.7 linux-x64 node-v11.10.1
[34m[1mimagemagick version[0m
Version: ImageMagick 6.8.9-9 Q16 x86_64 2018-09-28 http://www.imagemagick.org
[34m[1mmd5deep version[0m
4.4
[34m[1mmercurial version[0m
version 4.8
[34m[1mmysql version[0m
mysql  Ver 14.14 Distrib 5.7.25, for Linux (x86_64) using  EditLine wrapper
[34m[1mopenssl version[0m
OpenSSL 1.0.2g  1 Mar 2016
[34m[1mpacker version[0m
1.3.3
[34m[1mpostgresql client version[0m
psql (PostgreSQL) 10.7 (Ubuntu 10.7-1.pgdg16.04+1)
[34m[1mragel version[0m
Ragel State Machine Compiler version 6.8 Feb 2013
[34m[1msudo version[0m
1.8.16
[34m[1mgzip version[0m
gzip 1.6
[34m[1mzip version[0m
Zip 3.0
[34m[1mvim version[0m
VIM - Vi IMproved 7.4 (2013 Aug 10, compiled Nov 24 2016 16:44:48)
[34m[1miptables version[0m
iptables v1.6.0
[34m[1mcurl version[0m
curl 7.47.0 (x86_64-pc-linux-gnu) libcurl/7.47.0 GnuTLS/3.4.10 zlib/1.2.8 libidn/1.32 librtmp/2.3
[34m[1mwget version[0m
GNU Wget 1.17.1 built on linux-gnu.
[34m[1mrsync version[0m
rsync  version 3.1.1  protocol version 31
[34m[1mgimme version[0m
v1.5.3
[34m[1mnvm version[0m
0.34.0
[34m[1mperlbrew version[0m
/home/travis/perl5/perlbrew/bin/perlbrew  - App::perlbrew/0.86
[34m[1mphpenv version[0m
rbenv 1.1.2
[34m[1mrvm version[0m
rvm 1.29.7 (latest) by Michal Papis, Piotr Kuczynski, Wayne E. Seguin [https://rvm.io]
[34m[1mdefault ruby version[0m
ruby 2.5.3p105 (2018-10-18 revision 65156) [x86_64-linux]
[34m[1mCouchDB version[0m
couchdb 1.6.1
[34m[1mElasticSearch version[0m
5.5.0
[34m[1mInstalled Firefox version[0m
firefox 63.0.1
[34m[1mMongoDB version[0m
MongoDB 4.0.7
[34m[1mPhantomJS version[0m
2.1.1
[34m[1mPre-installed PostgreSQL versions[0m
9.4.21
9.5.16
9.6.12
[34m[1mRedis version[0m
redis-server 5.0.4
[34m[1mPre-installed Go versions[0m
1.11.1
[34m[1mmvn version[0m
Apache Maven 3.6.0 (97c98ec64a1fdfee7767ce5ffb20918da4f719f3; 2018-10-24T18:41:47Z)
[34m[1mgradle version[0m
Gradle 4.10.2!
[34m[1mlein version[0m
Leiningen 2.9.1 on Java 11.0.2 OpenJDK 64-Bit Server VM
[34m[1mPre-installed Node.js versions[0m
v10.15.3
v11.0.0
v4.9.1
v6.17.0
v8.12.0
v8.15.1
v8.9
[34m[1mphpenv versions[0m
  system
  5.6
  5.6.40
  7.1
  7.1.27
  7.2
* 7.2.15 (set by /home/travis/.phpenv/version)
  hhvm
  hhvm-stable
[34m[1mcomposer --version[0m
Composer version 1.8.4 2019-02-11 10:52:10
[34m[1mPre-installed Ruby versions[0m
ruby-2.3.8
ruby-2.4.5
ruby-2.5.3
travis_fold:end:system_info[0K
travis_fold:start:docker_mtu[0Ktravis_fold:end:docker_mtu[0Ktravis_fold:start:resolvconf[0Ktravis_fold:end:resolvconf[0Ktravis_fold:start:install_chrome[0K$ export CHROME_SOURCE_URL=https://dl.google.com/dl/linux/direct/google-chrome-stable_current_amd64.deb
[33;1mInstalling Google Chrome stable[0m
travis_time:start:0061ec18[0K$ wget --no-verbose -O /tmp/$(basename $CHROME_SOURCE_URL) $CHROME_SOURCE_URL
2019-08-08 22:55:17 URL:https://dl.google.com/dl/linux/direct/google-chrome-stable_current_amd64.deb [59477810/59477810] -> "/tmp/google-chrome-stable_current_amd64.deb" [1]
travis_time:end:0061ec18:start=1565304916500770687,finish=1565304917645692655,duration=1144921968[0K(Reading database ... (Reading database ... 5%(Reading database ... 10%(Reading database ... 15%(Reading database ... 20%(Reading database ... 25%(Reading database ... 30%(Reading database ... 35%(Reading database ... 40%(Reading database ... 45%(Reading database ... 50%(Reading database ... 55%(Reading database ... 60%(Reading database ... 65%(Reading database ... 70%(Reading database ... 75%(Reading database ... 80%(Reading database ... 85%(Reading database ... 90%(Reading database ... 95%(Reading database ... 100%(Reading database ... 124189 files and directories currently installed.)
Preparing to unpack .../google-chrome-stable_current_amd64.deb ...
Unpacking google-chrome-stable (76.0.3809.100-1) over (73.0.3683.86-1) ...
Setting up google-chrome-stable (76.0.3809.100-1) ...
Processing triggers for man-db (2.7.5-1) ...
Processing triggers for mime-support (3.59ubuntu1) ...
travis_fold:end:install_chrome[0K
travis_fold:start:git.checkout[0Ktravis_time:start:0268197c[0K$ git clone --depth=50 --branch=master https://github.com/paypal/paypal-smart-payment-buttons.git paypal/paypal-smart-payment-buttons
Cloning into 'paypal/paypal-smart-payment-buttons'...
remote: Enumerating objects: 485, done.[K
remote: Counting objects:   0% (1/485)[Kremote: Counting objects:   1% (5/485)[Kremote: Counting objects:   2% (10/485)[Kremote: Counting objects:   3% (15/485)[Kremote: Counting objects:   4% (20/485)[Kremote: Counting objects:   5% (25/485)[Kremote: Counting objects:   6% (30/485)[Kremote: Counting objects:   7% (34/485)[Kremote: Counting objects:   8% (39/485)[Kremote: Counting objects:   9% (44/485)[Kremote: Counting objects:  10% (49/485)[Kremote: Counting objects:  11% (54/485)[Kremote: Counting objects:  12% (59/485)[Kremote: Counting objects:  13% (64/485)[Kremote: Counting objects:  14% (68/485)[Kremote: Counting objects:  15% (73/485)[Kremote: Counting objects:  16% (78/485)[Kremote: Counting objects:  17% (83/485)[Kremote: Counting objects:  18% (88/485)[Kremote: Counting objects:  19% (93/485)[Kremote: Counting objects:  20% (97/485)[Kremote: Counting objects:  21% (102/485)[Kremote: Counting objects:  22% (107/485)[Kremote: Counting objects:  23% (112/485)[Kremote: Counting objects:  24% (117/485)[Kremote: Counting objects:  25% (122/485)[Kremote: Counting objects:  26% (127/485)[Kremote: Counting objects:  27% (131/485)[Kremote: Counting objects:  28% (136/485)[Kremote: Counting objects:  29% (141/485)[Kremote: Counting objects:  30% (146/485)[Kremote: Counting objects:  31% (151/485)[Kremote: Counting objects:  32% (156/485)[Kremote: Counting objects:  33% (161/485)[Kremote: Counting objects:  34% (165/485)[Kremote: Counting objects:  35% (170/485)[Kremote: Counting objects:  36% (175/485)[Kremote: Counting objects:  37% (180/485)[Kremote: Counting objects:  38% (185/485)[Kremote: Counting objects:  39% (190/485)[Kremote: Counting objects:  40% (194/485)[Kremote: Counting objects:  41% (199/485)[Kremote: Counting objects:  42% (204/485)[Kremote: Counting objects:  43% (209/485)[Kremote: Counting objects:  44% (214/485)[Kremote: Counting objects:  45% (219/485)[Kremote: Counting objects:  46% (224/485)[Kremote: Counting objects:  47% (228/485)[Kremote: Counting objects:  48% (233/485)[Kremote: Counting objects:  49% (238/485)[Kremote: Counting objects:  50% (243/485)[Kremote: Counting objects:  51% (248/485)[Kremote: Counting objects:  52% (253/485)[Kremote: Counting objects:  53% (258/485)[Kremote: Counting objects:  54% (262/485)[Kremote: Counting objects:  55% (267/485)[Kremote: Counting objects:  56% (272/485)[Kremote: Counting objects:  57% (277/485)[Kremote: Counting objects:  58% (282/485)[Kremote: Counting objects:  59% (287/485)[Kremote: Counting objects:  60% (291/485)[Kremote: Counting objects:  61% (296/485)[Kremote: Counting objects:  62% (301/485)[Kremote: Counting objects:  63% (306/485)[Kremote: Counting objects:  64% (311/485)[Kremote: Counting objects:  65% (316/485)[Kremote: Counting objects:  66% (321/485)[Kremote: Counting objects:  67% (325/485)[Kremote: Counting objects:  68% (330/485)[Kremote: Counting objects:  69% (335/485)[Kremote: Counting objects:  70% (340/485)[Kremote: Counting objects:  71% (345/485)[Kremote: Counting objects:  72% (350/485)[Kremote: Counting objects:  73% (355/485)[Kremote: Counting objects:  74% (359/485)[Kremote: Counting objects:  75% (364/485)[Kremote: Counting objects:  76% (369/485)[Kremote: Counting objects:  77% (374/485)[Kremote: Counting objects:  78% (379/485)[Kremote: Counting objects:  79% (384/485)[Kremote: Counting objects:  80% (388/485)[Kremote: Counting objects:  81% (393/485)[Kremote: Counting objects:  82% (398/485)[Kremote: Counting objects:  83% (403/485)[Kremote: Counting objects:  84% (408/485)[Kremote: Counting objects:  85% (413/485)[Kremote: Counting objects:  86% (418/485)[Kremote: Counting objects:  87% (422/485)[Kremote: Counting objects:  88% (427/485)[Kremote: Counting objects:  89% (432/485)[Kremote: Counting objects:  90% (437/485)[Kremote: Counting objects:  91% (442/485)[Kremote: Counting objects:  92% (447/485)[Kremote: Counting objects:  93% (452/485)[Kremote: Counting objects:  94% (456/485)[Kremote: Counting objects:  95% (461/485)[Kremote: Counting objects:  96% (466/485)[Kremote: Counting objects:  97% (471/485)[Kremote: Counting objects:  98% (476/485)[Kremote: Counting objects:  99% (481/485)[Kremote: Counting objects: 100% (485/485)[Kremote: Counting objects: 100% (485/485), done.[K
remote: Compressing objects:   0% (1/283)[Kremote: Compressing objects:   1% (3/283)[Kremote: Compressing objects:   2% (6/283)[Kremote: Compressing objects:   3% (9/283)[Kremote: Compressing objects:   4% (12/283)[Kremote: Compressing objects:   5% (15/283)[Kremote: Compressing objects:   6% (17/283)[Kremote: Compressing objects:   7% (20/283)[Kremote: Compressing objects:   8% (23/283)[Kremote: Compressing objects:   9% (26/283)[Kremote: Compressing objects:  10% (29/283)[Kremote: Compressing objects:  11% (32/283)[Kremote: Compressing objects:  12% (34/283)[Kremote: Compressing objects:  13% (37/283)[Kremote: Compressing objects:  14% (40/283)[Kremote: Compressing objects:  15% (43/283)[Kremote: Compressing objects:  16% (46/283)[Kremote: Compressing objects:  17% (49/283)[Kremote: Compressing objects:  18% (51/283)[Kremote: Compressing objects:  19% (54/283)[Kremote: Compressing objects:  20% (57/283)[Kremote: Compressing objects:  21% (60/283)[Kremote: Compressing objects:  22% (63/283)[Kremote: Compressing objects:  23% (66/283)[Kremote: Compressing objects:  24% (68/283)[Kremote: Compressing objects:  25% (71/283)[Kremote: Compressing objects:  26% (74/283)[Kremote: Compressing objects:  27% (77/283)[Kremote: Compressing objects:  28% (80/283)[Kremote: Compressing objects:  29% (83/283)[Kremote: Compressing objects:  30% (85/283)[Kremote: Compressing objects:  31% (88/283)[Kremote: Compressing objects:  32% (91/283)[Kremote: Compressing objects:  33% (94/283)[Kremote: Compressing objects:  34% (97/283)[Kremote: Compressing objects:  35% (100/283)[Kremote: Compressing objects:  36% (102/283)[Kremote: Compressing objects:  37% (105/283)[Kremote: Compressing objects:  38% (108/283)[Kremote: Compressing objects:  39% (111/283)[Kremote: Compressing objects:  40% (114/283)[Kremote: Compressing objects:  41% (117/283)[Kremote: Compressing objects:  42% (119/283)[Kremote: Compressing objects:  43% (122/283)[Kremote: Compressing objects:  44% (125/283)[Kremote: Compressing objects:  45% (128/283)[Kremote: Compressing objects:  46% (131/283)[Kremote: Compressing objects:  47% (134/283)[Kremote: Compressing objects:  48% (136/283)[Kremote: Compressing objects:  49% (139/283)[Kremote: Compressing objects:  50% (142/283)[Kremote: Compressing objects:  51% (145/283)[Kremote: Compressing objects:  52% (148/283)[Kremote: Compressing objects:  53% (150/283)[Kremote: Compressing objects:  54% (153/283)[Kremote: Compressing objects:  55% (156/283)[Kremote: Compressing objects:  56% (159/283)[Kremote: Compressing objects:  57% (162/283)[Kremote: Compressing objects:  58% (165/283)[Kremote: Compressing objects:  59% (167/283)[Kremote: Compressing objects:  60% (170/283)[Kremote: Compressing objects:  61% (173/283)[Kremote: Compressing objects:  62% (176/283)[Kremote: Compressing objects:  63% (179/283)[Kremote: Compressing objects:  64% (182/283)[Kremote: Compressing objects:  65% (184/283)[Kremote: Compressing objects:  66% (187/283)[Kremote: Compressing objects:  67% (190/283)[Kremote: Compressing objects:  68% (193/283)[Kremote: Compressing objects:  69% (196/283)[Kremote: Compressing objects:  70% (199/283)[Kremote: Compressing objects:  71% (201/283)[Kremote: Compressing objects:  72% (204/283)[Kremote: Compressing objects:  73% (207/283)[Kremote: Compressing objects:  74% (210/283)[Kremote: Compressing objects:  75% (213/283)[Kremote: Compressing objects:  76% (216/283)[Kremote: Compressing objects:  77% (218/283)[Kremote: Compressing objects:  78% (221/283)[Kremote: Compressing objects:  79% (224/283)[Kremote: Compressing objects:  80% (227/283)[Kremote: Compressing objects:  81% (230/283)[Kremote: Compressing objects:  82% (233/283)[Kremote: Compressing objects:  83% (235/283)[Kremote: Compressing objects:  84% (238/283)[Kremote: Compressing objects:  85% (241/283)[Kremote: Compressing objects:  86% (244/283)[Kremote: Compressing objects:  87% (247/283)[Kremote: Compressing objects:  88% (250/283)[Kremote: Compressing objects:  89% (252/283)[Kremote: Compressing objects:  90% (255/283)[Kremote: Compressing objects:  91% (258/283)[Kremote: Compressing objects:  92% (261/283)[Kremote: Compressing objects:  93% (264/283)[Kremote: Compressing objects:  94% (267/283)[Kremote: Compressing objects:  95% (269/283)[Kremote: Compressing objects:  96% (272/283)[Kremote: Compressing objects:  97% (275/283)[Kremote: Compressing objects:  98% (278/283)[Kremote: Compressing objects:  99% (281/283)[Kremote: Compressing objects: 100% (283/283)[Kremote: Compressing objects: 100% (283/283), done.[K
Receiving objects:   0% (1/485)   Receiving objects:   1% (5/485)   Receiving objects:   2% (10/485)   Receiving objects:   3% (15/485)   Receiving objects:   4% (20/485)   Receiving objects:   5% (25/485)   Receiving objects:   6% (30/485)   Receiving objects:   7% (34/485)   Receiving objects:   8% (39/485)   Receiving objects:   9% (44/485)   Receiving objects:  10% (49/485)   Receiving objects:  11% (54/485)   Receiving objects:  12% (59/485)   Receiving objects:  13% (64/485)   Receiving objects:  14% (68/485)   Receiving objects:  15% (73/485)   Receiving objects:  16% (78/485)   Receiving objects:  17% (83/485)   Receiving objects:  18% (88/485)   Receiving objects:  19% (93/485)   Receiving objects:  20% (97/485)   Receiving objects:  21% (102/485)   Receiving objects:  22% (107/485)   Receiving objects:  23% (112/485)   Receiving objects:  24% (117/485)   Receiving objects:  25% (122/485)   Receiving objects:  26% (127/485)   Receiving objects:  27% (131/485)   Receiving objects:  28% (136/485)   Receiving objects:  29% (141/485)   Receiving objects:  30% (146/485)   Receiving objects:  31% (151/485)   Receiving objects:  32% (156/485)   Receiving objects:  33% (161/485)   Receiving objects:  34% (165/485)   Receiving objects:  35% (170/485)   Receiving objects:  36% (175/485)   Receiving objects:  37% (180/485)   Receiving objects:  38% (185/485)   Receiving objects:  39% (190/485)   Receiving objects:  40% (194/485)   Receiving objects:  41% (199/485)   Receiving objects:  42% (204/485)   Receiving objects:  43% (209/485)   Receiving objects:  44% (214/485)   Receiving objects:  45% (219/485)   Receiving objects:  46% (224/485)   Receiving objects:  47% (228/485)   Receiving objects:  48% (233/485)   Receiving objects:  49% (238/485)   Receiving objects:  50% (243/485)   Receiving objects:  51% (248/485)   Receiving objects:  52% (253/485)   Receiving objects:  53% (258/485)   Receiving objects:  54% (262/485)   Receiving objects:  55% (267/485)   Receiving objects:  56% (272/485)   Receiving objects:  57% (277/485)   Receiving objects:  58% (282/485)   Receiving objects:  59% (287/485)   Receiving objects:  60% (291/485)   Receiving objects:  61% (296/485)   Receiving objects:  62% (301/485)   Receiving objects:  63% (306/485)   remote: Total 485 (delta 263), reused 392 (delta 194), pack-reused 0[K
Receiving objects:  64% (311/485)   Receiving objects:  65% (316/485)   Receiving objects:  66% (321/485)   Receiving objects:  67% (325/485)   Receiving objects:  68% (330/485)   Receiving objects:  69% (335/485)   Receiving objects:  70% (340/485)   Receiving objects:  71% (345/485)   Receiving objects:  72% (350/485)   Receiving objects:  73% (355/485)   Receiving objects:  74% (359/485)   Receiving objects:  75% (364/485)   Receiving objects:  76% (369/485)   Receiving objects:  77% (374/485)   Receiving objects:  78% (379/485)   Receiving objects:  79% (384/485)   Receiving objects:  80% (388/485)   Receiving objects:  81% (393/485)   Receiving objects:  82% (398/485)   Receiving objects:  83% (403/485)   Receiving objects:  84% (408/485)   Receiving objects:  85% (413/485)   Receiving objects:  86% (418/485)   Receiving objects:  87% (422/485)   Receiving objects:  88% (427/485)   Receiving objects:  89% (432/485)   Receiving objects:  90% (437/485)   Receiving objects:  91% (442/485)   Receiving objects:  92% (447/485)   Receiving objects:  93% (452/485)   Receiving objects:  94% (456/485)   Receiving objects:  95% (461/485)   Receiving objects:  96% (466/485)   Receiving objects:  97% (471/485)   Receiving objects:  98% (476/485)   Receiving objects:  99% (481/485)   Receiving objects: 100% (485/485)   Receiving objects: 100% (485/485), 472.83 KiB | 5.84 MiB/s, done.
Resolving deltas:   0% (0/263)   Resolving deltas:   1% (5/263)   Resolving deltas:  12% (34/263)   Resolving deltas:  14% (37/263)   Resolving deltas:  15% (40/263)   Resolving deltas:  16% (43/263)   Resolving deltas:  17% (45/263)   Resolving deltas:  19% (50/263)   Resolving deltas:  20% (53/263)   Resolving deltas:  22% (58/263)   Resolving deltas:  23% (63/263)   Resolving deltas:  24% (64/263)   Resolving deltas:  25% (66/263)   Resolving deltas:  27% (73/263)   Resolving deltas:  28% (76/263)   Resolving deltas:  29% (77/263)   Resolving deltas:  30% (80/263)   Resolving deltas:  41% (108/263)   Resolving deltas:  46% (123/263)   Resolving deltas:  52% (137/263)   Resolving deltas:  57% (151/263)   Resolving deltas:  59% (157/263)   Resolving deltas:  60% (160/263)   Resolving deltas:  62% (165/263)   Resolving deltas:  63% (166/263)   Resolving deltas:  64% (169/263)   Resolving deltas:  65% (171/263)   Resolving deltas:  66% (175/263)   Resolving deltas:  67% (177/263)   Resolving deltas:  68% (179/263)   Resolving deltas:  70% (185/263)   Resolving deltas:  71% (188/263)   Resolving deltas:  72% (190/263)   Resolving deltas:  74% (197/263)   Resolving deltas:  75% (198/263)   Resolving deltas:  77% (205/263)   Resolving deltas:  78% (207/263)   Resolving deltas:  79% (208/263)   Resolving deltas:  81% (215/263)   Resolving deltas:  82% (216/263)   Resolving deltas:  83% (219/263)   Resolving deltas:  84% (221/263)   Resolving deltas:  85% (224/263)   Resolving deltas:  87% (230/263)   Resolving deltas:  88% (232/263)   Resolving deltas:  89% (235/263)   Resolving deltas:  90% (237/263)   Resolving deltas:  91% (240/263)   Resolving deltas:  92% (242/263)   Resolving deltas:  93% (245/263)   Resolving deltas:  94% (248/263)   Resolving deltas: 100% (263/263)   Resolving deltas: 100% (263/263), done.
travis_time:end:0268197c:start=1565304928805575218,finish=1565304930810891772,duration=2005316554[0K$ cd paypal/paypal-smart-payment-buttons
$ git checkout -qf ed07d9a5e0a4e2c7fee8792b790111aa70e90430
travis_fold:end:git.checkout[0K
travis_fold:start:nvm.install[0Ktravis_time:start:0cc515d9[0K$ nvm install 10
Downloading and installing node v10.16.2...
Downloading https://nodejs.org/dist/v10.16.2/node-v10.16.2-linux-x64.tar.xz...
Computing checksum with sha256sum
Checksums matched!
Now using node v10.16.2 (npm v6.9.0)
travis_time:end:0cc515d9:start=1565304931876432215,finish=1565304935493439869,duration=3617007654[0Ktravis_fold:end:nvm.install[0K
travis_fold:start:cache.1[0KSetting up build cache
$ export CASHER_DIR=${TRAVIS_HOME}/.casher
travis_time:start:21c20c38[0K$ Installing caching utilities
travis_time:end:21c20c38:start=1565304936923407142,finish=1565304937201941777,duration=278534635[0Ktravis_time:start:1eb4a414[0Ktravis_time:end:1eb4a414:start=1565304937207577577,finish=1565304937210761297,duration=3183720[0Ktravis_time:start:001de5e8[0Kattempting to download cache archive[0m
[32;1mfetching master/cache-linux-xenial-e3b0c44298fc1c149afbf4c8996fb92427ae41e4649b934ca495991b7852b855--node-10.tgz[0m
[32;1mfound cache[0m
travis_time:end:001de5e8:start=1565304937214828557,finish=1565304939009464362,duration=1794635805[0Ktravis_fold:end:cache.1[0K
travis_fold:start:cache.npm[0K
travis_time:start:18bfe806[0Ktravis_time:end:18bfe806:start=1565304939229978486,finish=1565304939233427714,duration=3449228[0Ktravis_time:start:157361a7[0Kadding /home/travis/build/paypal/paypal-smart-payment-buttons/node_modules to cache[0m
creating directory /home/travis/build/paypal/paypal-smart-payment-buttons/node_modules[0m
travis_time:end:157361a7:start=1565304939237783447,finish=1565304946111385022,duration=6873601575[0Ktravis_fold:end:cache.npm[0K$ node --version
v10.16.2
$ npm --version
6.10.0
$ nvm --version
0.34.0

travis_fold:start:install.npm[0Ktravis_time:start:01663294[0K$ npm install 

> preact@10.0.0-rc.1 postinstall /home/travis/build/paypal/paypal-smart-payment-buttons/node_modules/preact
> node -e "console.log('\u001b[35m\u001b[1mLove Preact? You can now donate to our open collective:\u001b[22m\u001b[39m\n > \u001b[34mhttps://opencollective.com/preact/donate\u001b[0m')"

[35m[1mLove Preact? You can now donate to our open collective:[22m[39m
 > [34mhttps://opencollective.com/preact/donate[0m
[37;40mnpm[0m [0m[30;43mWARN[0m [0m[35mprepublish-on-install[0m As of npm@5, `prepublish` scripts are deprecated.
[0m[37;40mnpm[0m [0m[30;43mWARN[0m [0m[35mprepublish-on-install[0m Use `prepare` for build steps and `prepublishOnly` for upload-only.
[0m[37;40mnpm[0m [0m[30;43mWARN[0m [0m[35mprepublish-on-install[0m See the deprecation note in `npm help scripts` for more information.
[0m
> @paypal/smart-payment-buttons@2.0.121 prepublish /home/travis/build/paypal/paypal-smart-payment-buttons
> in-publish && npm run babel || not-in-publish

[37;40mnpm[0m [0m[30;43mWARN[0m[35m[0m @paypal/smart-payment-buttons@2.0.121 license should be a valid SPDX license expression
[0m[37;40mnpm[0m [0m[30;43mWARN[0m [0m[35moptional[0m SKIPPING OPTIONAL DEPENDENCY: fsevents@1.2.9 (node_modules/fsevents):
[0m[37;40mnpm[0m [0m[30;43mWARN[0m [0m[35mnotsup[0m SKIPPING OPTIONAL DEPENDENCY: Unsupported platform for fsevents@1.2.9: wanted {"os":"darwin","arch":"any"} (current: {"os":"linux","arch":"x64"})
[0m
updated 1 package and audited 53591 packages in 10.817s
found [91m174[0m vulnerabilities (72 [1mlow[0m, 76 [93mmoderate[0m, 26 [91mhigh[0m)
  run `npm audit fix` to fix them, or `npm audit` for details
travis_time:end:01663294:start=1565304947223437354,finish=1565304958550940715,duration=11327503361[0Ktravis_fold:end:install.npm[0K
travis_time:start:0cfb4b49[0K$ npm run test

> @paypal/smart-payment-buttons@2.0.121 test /home/travis/build/paypal/paypal-smart-payment-buttons
> if [ ! $SKIP_TEST ]; then npm run lint && npm run flow-typed && npm run flow && npm run karma && npm run jest; fi;


> @paypal/smart-payment-buttons@2.0.121 lint /home/travis/build/paypal/paypal-smart-payment-buttons
> eslint src/ server/ test/ *.js


> @paypal/smart-payment-buttons@2.0.121 flow-typed /home/travis/build/paypal/paypal-smart-payment-buttons
> rm -rf ./flow-typed && flow-typed install --ignoreDeps peer && flow-typed install jest@22 mocha@3 && flow-typed install express@4.16 && sed -i -e 's/http$IncomingMessage,/http$IncomingMessage<>,/g' ./flow-typed/npm/express_v4.16.x.js

[before-after-hook]: "Hook()" repurposing warning, use "Hook.Collection()". Read more: https://git.io/upgrade-before-after-hook-to-1.4
â€¢ Found 16 dependencies in package.json to install libdefs for. Searching...
â€¢ flow-typed cache not found, fetching from GitHub...
â€¢ Installing 2 libDefs...
[1m  â€¢ express_v4.16.x.js[22m
[1m    â””> [32m./flow-typed/npm/express_v4.16.x.js[39m[22m
express
/home/travis/build/paypal/paypal-smart-payment-buttons/flow-typed/npm
[1m  â€¢ flow-bin_v0.x.x.js[22m
[1m    â””> [32m./flow-typed/npm/flow-bin_v0.x.x.js[39m[22m
flow-bin
/home/travis/build/paypal/paypal-smart-payment-buttons/flow-typed/npm
â€¢ Generating stubs for untyped dependencies...
[1m  â€¢ babel-core@^7.0.0-bridge.0[22m
[1m    â””> [31mflow-typed/npm/babel-core_vx.x.x.js[39m[22m
[1m  â€¢ @paypal/sdk-client@^4.0.27[22m
[1m    â””> [31mflow-typed/npm/@paypal/sdk-client_vx.x.x.js[39m[22m
[1m  â€¢ grumbler-scripts@^3.0.18[22m
[1m    â””> [31mflow-typed/npm/grumbler-scripts_vx.x.x.js[39m[22m
[1m  â€¢ sync-browser-mocks@^1.0.44[22m
[1m    â””> [31mflow-typed/npm/sync-browser-mocks_vx.x.x.js[39m[22m
[1m  â€¢ belter@^1.0.19[22m
[1m    â””> [31mflow-typed/npm/belter_vx.x.x.js[39m[22m
[1m  â€¢ grabthar@^3[22m
[1m    â””> [31mflow-typed/npm/grabthar_vx.x.x.js[39m[22m
[1m  â€¢ webpack-mem-compile@^1.0.2[22m
[1m    â””> [31mflow-typed/npm/webpack-mem-compile_vx.x.x.js[39m[22m
[1m  â€¢ jsx-pragmatic@^2[22m
[1m    â””> [31mflow-typed/npm/jsx-pragmatic_vx.x.x.js[39m[22m
[1m  â€¢ @paypal/checkout-components@^5.0.30[22m
[1m    â””> [31mflow-typed/npm/@paypal/checkout-components_vx.x.x.js[39m[22m
[31m[39m
[31m!! No flow@v0.100.0-compatible libdefs found in flow-typed for the above untyped dependencies !![39m

I've generated `any`-typed stubs for these packages, but consider submitting 
libdefs for them to [1mhttps://github.com/flowtype/flow-typed/[22m

[before-after-hook]: "Hook()" repurposing warning, use "Hook.Collection()". Read more: https://git.io/upgrade-before-after-hook-to-1.4
â€¢ Searching for 2 libdefs...
â€¢ Installing 1 libDefs...
[1m  â€¢ jest_v22.x.x.js[22m
[1m    â””> [32m./flow-typed/npm/jest_v22.x.x.js[39m[22m
jest
/home/travis/build/paypal/paypal-smart-payment-buttons/flow-typed/npm
â€¢ Generating stubs for untyped dependencies...
[1m  â€¢ mocha@3[22m
[1m    â””> [31mflow-typed/npm/mocha_vx.x.x.js[39m[22m
[31m[39m
[31m!! No flow@v0.100.0-compatible libdefs found in flow-typed for the above untyped dependencies !![39m

I've generated `any`-typed stubs for this package, but consider submitting 
a libdef for it to [1mhttps://github.com/flowtype/flow-typed/[22m

[before-after-hook]: "Hook()" repurposing warning, use "Hook.Collection()". Read more: https://git.io/upgrade-before-after-hook-to-1.4
â€¢ Searching for 1 libdefs...
â€¢ Installing 1 libDefs...
[1m  â€¢ express_v4.16.x.js[22m
[1m    â””> [32m./flow-typed/npm/express_v4.16.x.js[39m[22m
express
/home/travis/build/paypal/paypal-smart-payment-buttons/flow-typed/npm

> @paypal/smart-payment-buttons@2.0.121 flow /home/travis/build/paypal/paypal-smart-payment-buttons
> flow

Launching Flow server for /home/travis/build/paypal/paypal-smart-payment-buttons
Spawned flow server (pid=5501)
Logs will go to /tmp/flow/zShomezStraviszSbuildzSpaypalzSpaypal-smart-payment-buttons.log
Monitor logs will go to /tmp/flow/zShomezStraviszSbuildzSpaypalzSpaypal-smart-payment-buttons.monitor_log
Started a new flow server: -[0K[0KPlease wait. Server is starting up: \[0KPlease wait. Server is initializing (starting up): |[0KPlease wait. Server is initializing (parsed files 0): /[0KPlease wait. Server is initializing (parsed files 1000): -[0KPlease wait. Server is initializing (parsed files 1000): \[0KPlease wait. Server is initializing (parsed files 2000): |[0KPlease wait. Server is initializing (parsed files 2000): /[0KPlease wait. Server is initializing (parsed files 3000): -[0KPlease wait. Server is initializing (parsed files 3000): \[0KPlease wait. Server is initializing (parsed files 5000): |[0KPlease wait. Server is initializing (parsed files 5000): /[0KPlease wait. Server is initializing (parsed files 6000): -[0KPlease wait. Server is initializing (parsed files 8000): \[0KPlease wait. Server is initializing (parsed files 11000): |[0KPlease wait. Server is initializing (parsed files 14000): /[0KPlease wait. Server is initializing (parsed files 15000): -[0KPlease wait. Server is initializing (parsed files 17000): \[0KPlease wait. Server is initializing (parsed files 19000): |[0KPlease wait. Server is initializing (parsed files 20000): /[0KPlease wait. Server is initializing (parsed files 22000): -[0KPlease wait. Server is initializing (parsed files 22136): \[0KPlease wait. Server is initializing (parsed files 22136): |[0KPlease wait. Server is initializing (parsed files 22136): /[0KPlease wait. Server is initializing (parsed files 22136): -[0KPlease wait. Server is initializing (parsed files 22136): \[0KPlease wait. Server is initializing (parsed files 22136): |[0KPlease wait. Server is initializing (parsed files 22136): /[0KPlease wait. Server is initializing (parsed files 22136): -[0KPlease wait. Server is initializing (parsed files 22136): \[0KPlease wait. Server is initializing (parsed files 22136): |[0KPlease wait. Server is initializing (parsed files 22136): /[0KPlease wait. Server is initializing (parsed files 22136): -[0KPlease wait. Server is initializing (parsed files 22136): \[0KPlease wait. Server is initializing (resolving dependencies): |[0KPlease wait. Server is initializing (resolving dependencies): /[0KPlease wait. Server is initializing (waiting for Watchman - giving up in 15 seconds): -[0KPlease wait. Server is initializing (parsed files 0/0 (0.0%)): \[0KPlease wait. Server is initializing (calculating dependencies): |[0KPlease wait. Server is initializing (merged files 0/140 (0.0%)): /[0KPlease wait. Server is initializing (merged files 50/140 (35.7%)): -[0KPlease wait. Server is initializing (merged files 73/140 (52.1%)): \[0KPlease wait. Server is initializing (merged files 84/140 (60.0%)): |[0KPlease wait. Server is initializing (merged files 104/140 (74.3%)): /[0KPlease wait. Server is initializing (merged files 124/140 (88.6%)): -[0KPlease wait. Server is initializing (finishing up): \[0KPlease wait. Server is handling a request (starting up): |[0KPlease wait. Server is handling a request (collating errors): /[0K[31mError â”ˆâ”ˆâ”ˆâ”ˆâ”ˆâ”ˆâ”ˆâ”ˆâ”ˆâ”ˆâ”ˆâ”ˆâ”ˆâ”ˆâ”ˆâ”ˆâ”ˆâ”ˆâ”ˆâ”ˆâ”ˆâ”ˆâ”ˆâ”ˆâ”ˆâ”ˆâ”ˆâ”ˆâ”ˆâ”ˆâ”ˆâ”ˆâ”ˆâ”ˆâ”ˆâ”ˆâ”ˆâ”ˆâ”ˆâ”ˆâ”ˆâ”ˆâ”ˆâ”ˆâ”ˆâ”ˆâ”ˆâ”ˆâ”ˆâ”ˆ src/menu/page.jsx:44:27[0m[0m
[0m[0m
[0m[0mMissing[0m[0m [0m[0mtype[0m[0m [0m[0mannotation[0m[0m [0m[0mfor[0m[0m [0m[0m[0m[0mdestructuring[0m[0m.[0m[0m
[0m[0m
[0m[0m     [0m[0m[0m[0;2m41[0m[0;2mâ”‚[0m[0m [0m[0;2m    );[0m[0m
[0m[0m     [0m[0m[0m[0;2m42[0m[0;2mâ”‚[0m[0m [0m[0;2m}[0m[0m
[0m[0m     [0m[0m[0m[0;2m43[0m[0;2mâ”‚[0m[0;2m[0m[0m
[0m[0m     [0m[0m[0m[0;2m44[0m[0;2mâ”‚[0m[0m [0m[0;2mexport function setupMenu([0m[31m{ cspNonce }[0m[0;2m) {[0m[0m
[0m[0m     [0m[0m[0m[0;2m45[0m[0;2mâ”‚[0m[0m [0m[0;2m    render(<Page cspNonce={ cspNonce } />, getBody());[0m[0m
[0m[0m     [0m[0m[0m[0;2m46[0m[0;2mâ”‚[0m[0m [0m[0;2m}[0m[0m
[0m[0m     [0m[0m[0m[0;2m47[0m[0;2mâ”‚[0m[0m [0m[0;2m [0m[0m
[0m[0m
[0m[0m
[0m
Found 1 error
[37;40mnpm[0m [0m[31;40mERR![0m [0m[35mcode[0m ELIFECYCLE
[0m[37;40mnpm[0m [0m[31;40mERR![0m [0m[35merrno[0m 2
[0m[37;40mnpm[0m [0m[31;40mERR![0m[35m[0m @paypal/smart-payment-buttons@2.0.121 flow: `flow`
[0m[37;40mnpm[0m [0m[31;40mERR![0m[35m[0m Exit status 2
[0m[37;40mnpm[0m [0m[31;40mERR![0m[35m[0m 
[0m[37;40mnpm[0m [0m[31;40mERR![0m[35m[0m Failed at the @paypal/smart-payment-buttons@2.0.121 flow script.
[0m[37;40mnpm[0m [0m[31;40mERR![0m[35m[0m This is probably not a problem with npm. There is likely additional logging output above.
[0m
[37;40mnpm[0m [0m[31;40mERR![0m[35m[0m A complete log of this run can be found in:
[0m[37;40mnpm[0m [0m[31;40mERR![0m[35m[0m     /home/travis/.npm/_logs/2019-08-08T22_56_36_387Z-debug.log
[0m[37;40mnpm[0m [0m[31;40mERR![0m [0m[35mcode[0m ELIFECYCLE
[0m[37;40mnpm[0m [0m[31;40mERR![0m [0m[35merrno[0m 2
[0m[37;40mnpm[0m [0m[31;40mERR![0m[35m[0m @paypal/smart-payment-buttons@2.0.121 test: `if [ ! $SKIP_TEST ]; then npm run lint && npm run flow-typed && npm run flow && npm run karma && npm run jest; fi;`
[0m[37;40mnpm[0m [0m[31;40mERR![0m[35m[0m Exit status 2
[0m[37;40mnpm[0m [0m[31;40mERR![0m[35m[0m 
[0m[37;40mnpm[0m [0m[31;40mERR![0m[35m[0m Failed at the @paypal/smart-payment-buttons@2.0.121 test script.
[0m[37;40mnpm[0m [0m[31;40mERR![0m[35m[0m This is probably not a problem with npm. There is likely additional logging output above.
[0m
[37;40mnpm[0m [0m[31;40mERR![0m[35m[0m A complete log of this run can be found in:
[0m[37;40mnpm[0m [0m[31;40mERR![0m[35m[0m     /home/travis/.npm/_logs/2019-08-08T22_56_36_409Z-debug.log
[0mtravis_time:end:0cfb4b49:start=1565304958556384449,finish=1565304996420969151,duration=37864584702[0K[31;1mThe command "npm run test" exited with 2.[0m

travis_fold:start:cache.2[0Kstore build cache
travis_time:start:05e96dd5[0Ktravis_time:end:05e96dd5:start=1565304996426333650,finish=1565304996429645948,duration=3312298[0Ktravis_time:start:0e5c697c[0K[32;1mchanges detected (content changed, file is created, or file is deleted):\n/home/travis/build/paypal/paypal-smart-payment-buttons/node_modules/preact/compat/dist/compat.js
/home/travis/build/paypal/paypal-smart-payment-buttons/node_modules/preact/compat/dist/compat.js.map
/home/travis/build/paypal/paypal-smart-payment-buttons/node_modules/preact/compat/dist/compat.module.js
/home/travis/build/paypal/paypal-smart-payment-buttons/node_modules/preact/compat/dist/compat.module.js.map
/home/travis/build/paypal/paypal-smart-payment-buttons/node_modules/preact/compat/dist/compat.umd.js
/home/travis/build/paypal/paypal-smart-payment-buttons/node_modules/preact/compat/dist/compat.umd.js.map
/home/travis/build/paypal/paypal-smart-payment-buttons/node_modules/preact/compat/package.json
/home/travis/build/paypal/paypal-smart-payment-buttons/node_modules/preact/compat/server.js
/home/travis/build/paypal/paypal-smart-payment-buttons/node_modules/preact/compat/src/index.d.ts
/home/travis/build/paypal/paypal-smart-payment-buttons/node_modules/preact/compat/src/index.js
/home\n...[0m
[32;1mchanges detected, packing new archive[0m
[32;1muploading master/cache-linux-xenial-e3b0c44298fc1c149afbf4c8996fb92427ae41e4649b934ca495991b7852b855--node-10.tgz[0m
[32;1mcache uploaded[0m
travis_time:end:0e5c697c:start=1565304996434150295,finish=1565305009509260878,duration=13075110583[0Ktravis_fold:end:cache.2[0K

Done. Your build exited with 1.
