travis_fold:start:worker_info[0K[33;1mWorker information[0m
hostname: 27326993-4f5a-4983-9452-1acf5bf38a91@1.worker-org-5ff7998467-gch25.gce-production-2
version: v6.2.1 https://github.com/travis-ci/worker/tree/4e3246c044eb4915c2378ffacd0b3d3ed0136bba
instance: travis-job-070f062e-d677-4398-98c0-5899fe60f7c2 travis-ci-sardonyx-xenial-1553530528-f909ac5 (via amqp)
startup: 6.312226962s
travis_fold:end:worker_info[0Ktravis_time:start:0aa55ab6[0Ktravis_time:end:0aa55ab6:start=1568950921845819584,finish=1568950922019316734,duration=173497150,event=no_world_writable_dirs[0Ktravis_time:start:0df44164[0Ktravis_time:end:0df44164:start=1568950922023274925,finish=1568950922025809460,duration=2534535,event=check_unsupported[0Ktravis_time:start:117148ce[0Ktravis_fold:start:system_info[0K[33;1mBuild system information[0m
Build language: node_js
Build group: stable
Build dist: xenial
Build id: 587301154
Job id: 587301155
Runtime kernel version: 4.15.0-1028-gcp
travis-build version: 24382795bc479c6eb9a0651f15dd00c2dca32750
[34m[1mBuild image provisioning date and time[0m
Mon Mar 25 16:43:24 UTC 2019
[34m[1mOperating System Details[0m
Distributor ID:	Ubuntu
Description:	Ubuntu 16.04.6 LTS
Release:	16.04
Codename:	xenial
[34m[1mSystemd Version[0m
systemd 229
[34m[1mCookbooks Version[0m
42e42e4 https://github.com/travis-ci/travis-cookbooks/tree/42e42e4
[34m[1mgit version[0m
git version 2.21.0
[34m[1mbash version[0m
GNU bash, version 4.3.48(1)-release (x86_64-pc-linux-gnu)
[34m[1mgcc version[0m
gcc (Ubuntu 5.4.0-6ubuntu1~16.04.11) 5.4.0 20160609
[34m[1mdocker version[0m
Client:
 Version:           18.06.0-ce
 API version:       1.38
 Go version:        go1.10.3
 Git commit:        0ffa825
 Built:             Wed Jul 18 19:11:02 2018
 OS/Arch:           linux/amd64
 Experimental:      false

Server:
 Engine:
  Version:          18.06.0-ce
  API version:      1.38 (minimum version 1.12)
  Go version:       go1.10.3
  Git commit:       0ffa825
  Built:            Wed Jul 18 19:09:05 2018
  OS/Arch:          linux/amd64
  Experimental:     false
[34m[1mclang version[0m
clang version 7.0.0 (tags/RELEASE_700/final)
[34m[1mjq version[0m
jq-1.5
[34m[1mbats version[0m
Bats 0.4.0
[34m[1mshellcheck version[0m
0.6.0
[34m[1mshfmt version[0m
v2.6.3
[34m[1mccache version[0m
3.2.4
[34m[1mcmake version[0m
cmake version 3.12.4
[34m[1mheroku version[0m
heroku/7.22.7 linux-x64 node-v11.10.1
[34m[1mimagemagick version[0m
Version: ImageMagick 6.8.9-9 Q16 x86_64 2018-09-28 http://www.imagemagick.org
[34m[1mmd5deep version[0m
4.4
[34m[1mmercurial version[0m
version 4.8
[34m[1mmysql version[0m
mysql  Ver 14.14 Distrib 5.7.25, for Linux (x86_64) using  EditLine wrapper
[34m[1mopenssl version[0m
OpenSSL 1.0.2g  1 Mar 2016
[34m[1mpacker version[0m
1.3.3
[34m[1mpostgresql client version[0m
psql (PostgreSQL) 10.7 (Ubuntu 10.7-1.pgdg16.04+1)
[34m[1mragel version[0m
Ragel State Machine Compiler version 6.8 Feb 2013
[34m[1msudo version[0m
1.8.16
[34m[1mgzip version[0m
gzip 1.6
[34m[1mzip version[0m
Zip 3.0
[34m[1mvim version[0m
VIM - Vi IMproved 7.4 (2013 Aug 10, compiled Nov 24 2016 16:44:48)
[34m[1miptables version[0m
iptables v1.6.0
[34m[1mcurl version[0m
curl 7.47.0 (x86_64-pc-linux-gnu) libcurl/7.47.0 GnuTLS/3.4.10 zlib/1.2.8 libidn/1.32 librtmp/2.3
[34m[1mwget version[0m
GNU Wget 1.17.1 built on linux-gnu.
[34m[1mrsync version[0m
rsync  version 3.1.1  protocol version 31
[34m[1mgimme version[0m
v1.5.3
[34m[1mnvm version[0m
0.34.0
[34m[1mperlbrew version[0m
/home/travis/perl5/perlbrew/bin/perlbrew  - App::perlbrew/0.86
[34m[1mphpenv version[0m
rbenv 1.1.2
[34m[1mrvm version[0m
rvm 1.29.7 (latest) by Michal Papis, Piotr Kuczynski, Wayne E. Seguin [https://rvm.io]
[34m[1mdefault ruby version[0m
ruby 2.5.3p105 (2018-10-18 revision 65156) [x86_64-linux]
[34m[1mCouchDB version[0m
couchdb 1.6.1
[34m[1mElasticSearch version[0m
5.5.0
[34m[1mInstalled Firefox version[0m
firefox 63.0.1
[34m[1mMongoDB version[0m
MongoDB 4.0.7
[34m[1mPhantomJS version[0m
2.1.1
[34m[1mPre-installed PostgreSQL versions[0m
9.4.21
9.5.16
9.6.12
[34m[1mRedis version[0m
redis-server 5.0.4
[34m[1mPre-installed Go versions[0m
1.11.1
[34m[1mmvn version[0m
Apache Maven 3.6.0 (97c98ec64a1fdfee7767ce5ffb20918da4f719f3; 2018-10-24T18:41:47Z)
[34m[1mgradle version[0m
Gradle 4.10.2!
[34m[1mlein version[0m
Leiningen 2.9.1 on Java 11.0.2 OpenJDK 64-Bit Server VM
[34m[1mPre-installed Node.js versions[0m
v10.15.3
v11.0.0
v4.9.1
v6.17.0
v8.12.0
v8.15.1
v8.9
[34m[1mphpenv versions[0m
  system
  5.6
  5.6.40
  7.1
  7.1.27
  7.2
* 7.2.15 (set by /home/travis/.phpenv/version)
  hhvm
  hhvm-stable
[34m[1mcomposer --version[0m
Composer version 1.8.4 2019-02-11 10:52:10
[34m[1mPre-installed Ruby versions[0m
ruby-2.3.8
ruby-2.4.5
ruby-2.5.3
travis_fold:end:system_info[0K
travis_time:end:117148ce:start=1568950922028953441,finish=1568950922036917306,duration=7963865,event=show_system_info[0Ktravis_time:start:012bb276[0Ktravis_time:end:012bb276:start=1568950922040124004,finish=1568950922052414989,duration=12290985,event=rm_riak_source[0Ktravis_time:start:0d25bbb3[0Ktravis_time:end:0d25bbb3:start=1568950922055673921,finish=1568950922061307028,duration=5633107,event=fix_rwky_redis[0Ktravis_time:start:1a32e66c[0Ktravis_time:end:1a32e66c:start=1568950922064428372,finish=1568950922420499513,duration=356071141,event=wait_for_network[0Ktravis_time:start:04b1c530[0Ktravis_time:end:04b1c530:start=1568950922424419751,finish=1568950922725974259,duration=301554508,event=update_apt_keys[0Ktravis_time:start:16f8e8bd[0Ktravis_time:end:16f8e8bd:start=1568950922729575863,finish=1568950922790734863,duration=61159000,event=fix_hhvm_source[0Ktravis_time:start:1633c821[0Ktravis_time:end:1633c821:start=1568950922794480699,finish=1568950922797445756,duration=2965057,event=update_mongo_arch[0Ktravis_time:start:0007dd70[0Ktravis_time:end:0007dd70:start=1568950922800910894,finish=1568950922848188500,duration=47277606,event=fix_sudo_enabled_trusty[0Ktravis_time:start:1033142a[0Ktravis_time:end:1033142a:start=1568950922851883189,finish=1568950922854454978,duration=2571789,event=update_glibc[0Ktravis_time:start:0c6f28d3[0Ktravis_time:end:0c6f28d3:start=1568950922857944855,finish=1568950922867044804,duration=9099949,event=clean_up_path[0Ktravis_time:start:15ee0700[0Ktravis_time:end:15ee0700:start=1568950922870347260,finish=1568950922879265135,duration=8917875,event=fix_resolv_conf[0Ktravis_time:start:187e73c8[0Ktravis_time:end:187e73c8:start=1568950922882779774,finish=1568950922892831000,duration=10051226,event=fix_etc_hosts[0Ktravis_time:start:0150e7a5[0Ktravis_time:end:0150e7a5:start=1568950922896340695,finish=1568950922909240173,duration=12899478,event=fix_mvn_settings_xml[0Ktravis_time:start:07ab7163[0Ktravis_time:end:07ab7163:start=1568950922912913012,finish=1568950922924045868,duration=11132856,event=no_ipv6_localhost[0Ktravis_time:start:0a9fd3a0[0Ktravis_time:end:0a9fd3a0:start=1568950922927606891,finish=1568950922930369933,duration=2763042,event=fix_etc_mavenrc[0Ktravis_time:start:348fa794[0Ktravis_time:end:348fa794:start=1568950922933812517,finish=1568950922937207748,duration=3395231,event=fix_wwdr_certificate[0Ktravis_time:start:07975890[0Ktravis_time:end:07975890:start=1568950922940758413,finish=1568950922969230918,duration=28472505,event=put_localhost_first[0Ktravis_time:start:1d6bbe60[0Ktravis_time:end:1d6bbe60:start=1568950922972949601,finish=1568950922976945551,duration=3995950,event=home_paths[0Ktravis_time:start:12c1f040[0Ktravis_time:end:12c1f040:start=1568950922980471703,finish=1568950922996932699,duration=16460996,event=disable_initramfs[0Ktravis_time:start:07ed5aa4[0Ktravis_time:end:07ed5aa4:start=1568950923000450414,finish=1568950923532086208,duration=531635794,event=disable_ssh_roaming[0Ktravis_time:start:0b87f49a[0Ktravis_time:end:0b87f49a:start=1568950923535757191,finish=1568950923538356235,duration=2599044,event=debug_tools[0Ktravis_time:start:00348180[0Ktravis_time:end:00348180:start=1568950923541926392,finish=1568950923545357032,duration=3430640,event=uninstall_oclint[0Ktravis_time:start:0ebe716c[0Ktravis_time:end:0ebe716c:start=1568950923548781248,finish=1568950923552230250,duration=3449002,event=rvm_use[0Ktravis_time:start:12546c34[0Ktravis_time:end:12546c34:start=1568950923555670333,finish=1568950923564539641,duration=8869308,event=rm_etc_boto_cfg[0Ktravis_time:start:0f833a24[0Ktravis_time:end:0f833a24:start=1568950923567851454,finish=1568950923570980615,duration=3129161,event=rm_oraclejdk8_symlink[0Ktravis_time:start:2ce50c50[0Ktravis_time:end:2ce50c50:start=1568950923574319373,finish=1568950923698770083,duration=124450710,event=enable_i386[0Ktravis_time:start:0e1d6034[0Ktravis_time:end:0e1d6034:start=1568950923702661121,finish=1568950923711047082,duration=8385961,event=update_rubygems[0Ktravis_time:start:02ecadb3[0Ktravis_time:end:02ecadb3:start=1568950923714448579,finish=1568950924626214623,duration=911766044,event=ensure_path_components[0Ktravis_time:start:0adf2350[0Ktravis_time:end:0adf2350:start=1568950924630129516,finish=1568950924632802118,duration=2672602,event=redefine_curl[0Ktravis_time:start:0b7c0168[0Ktravis_time:end:0b7c0168:start=1568950924636312224,finish=1568950924638912342,duration=2600118,event=nonblock_pipe[0Ktravis_time:start:0c6572b8[0Ktravis_time:end:0c6572b8:start=1568950924642312975,finish=1568950924689860152,duration=47547177,event=apt_get_update[0Ktravis_time:start:16af034c[0Ktravis_time:end:16af034c:start=1568950924693296997,finish=1568950924695874430,duration=2577433,event=deprecate_xcode_64[0Ktravis_time:start:090bd2c8[0Ktravis_time:end:090bd2c8:start=1568950924699183997,finish=1568950927632238289,duration=2933054292,event=update_heroku[0Ktravis_time:start:014045d3[0Ktravis_time:end:014045d3:start=1568950927636257106,finish=1568950927638969064,duration=2711958,event=shell_session_update[0Ktravis_time:start:01e8908c[0Ktravis_fold:start:docker_mtu[0Ktravis_fold:end:docker_mtu[0Ktravis_time:end:01e8908c:start=1568950927642331906,finish=1568950930043123533,duration=2400791627,event=set_docker_mtu[0Ktravis_time:start:0dcba68c[0Ktravis_fold:start:resolvconf[0Ktravis_fold:end:resolvconf[0Ktravis_time:end:0dcba68c:start=1568950930047051333,finish=1568950930117247874,duration=70196541,event=resolvconf[0Ktravis_time:start:10ccddcc[0Ktravis_time:end:10ccddcc:start=1568950930123600500,finish=1568950930440304639,duration=316704139,event=maven_central_mirror[0Ktravis_time:start:180c8d24[0Ktravis_time:end:180c8d24:start=1568950930444452686,finish=1568950930447139570,duration=2686884,event=fix_ps4[0Ktravis_fold:start:install_chrome[0K$ export CHROME_SOURCE_URL=https://dl.google.com/dl/linux/direct/google-chrome-stable_current_amd64.deb
[33;1mInstalling Google Chrome stable[0m
travis_time:start:01030f02[0K$ wget --no-verbose -O /tmp/$(basename $CHROME_SOURCE_URL) $CHROME_SOURCE_URL
2019-09-20 03:42:11 URL:https://dl.google.com/dl/linux/direct/google-chrome-stable_current_amd64.deb [61065690/61065690] -> "/tmp/google-chrome-stable_current_amd64.deb" [1]
travis_time:end:01030f02:start=1568950930499953223,finish=1568950931621855541,duration=1121902318,event=prepare[0K(Reading database ... (Reading database ... 5%(Reading database ... 10%(Reading database ... 15%(Reading database ... 20%(Reading database ... 25%(Reading database ... 30%(Reading database ... 35%(Reading database ... 40%(Reading database ... 45%(Reading database ... 50%(Reading database ... 55%(Reading database ... 60%(Reading database ... 65%(Reading database ... 70%(Reading database ... 75%(Reading database ... 80%(Reading database ... 85%(Reading database ... 90%(Reading database ... 95%(Reading database ... 100%(Reading database ... 124189 files and directories currently installed.)
Preparing to unpack .../google-chrome-stable_current_amd64.deb ...
Unpacking google-chrome-stable (77.0.3865.90-1) over (73.0.3683.86-1) ...
Setting up google-chrome-stable (77.0.3865.90-1) ...
Processing triggers for mime-support (3.59ubuntu1) ...
Processing triggers for man-db (2.7.5-1) ...
travis_fold:end:install_chrome[0Ktravis_time:start:335ce680[0K
travis_fold:start:git.checkout[0Ktravis_time:start:07ec0318[0K$ git clone --depth=50 --branch=master https://github.com/paypal/paypal-smart-payment-buttons.git paypal/paypal-smart-payment-buttons
Cloning into 'paypal/paypal-smart-payment-buttons'...
remote: Enumerating objects: 536, done.[K
remote: Counting objects:   0% (1/536)[Kremote: Counting objects:   1% (6/536)[Kremote: Counting objects:   2% (11/536)[Kremote: Counting objects:   3% (17/536)[Kremote: Counting objects:   4% (22/536)[Kremote: Counting objects:   5% (27/536)[Kremote: Counting objects:   6% (33/536)[Kremote: Counting objects:   7% (38/536)[Kremote: Counting objects:   8% (43/536)[Kremote: Counting objects:   9% (49/536)[Kremote: Counting objects:  10% (54/536)[Kremote: Counting objects:  11% (59/536)[Kremote: Counting objects:  12% (65/536)[Kremote: Counting objects:  13% (70/536)[Kremote: Counting objects:  14% (76/536)[Kremote: Counting objects:  15% (81/536)[Kremote: Counting objects:  16% (86/536)[Kremote: Counting objects:  17% (92/536)[Kremote: Counting objects:  18% (97/536)[Kremote: Counting objects:  19% (102/536)[Kremote: Counting objects:  20% (108/536)[Kremote: Counting objects:  21% (113/536)[Kremote: Counting objects:  22% (118/536)[Kremote: Counting objects:  23% (124/536)[Kremote: Counting objects:  24% (129/536)[Kremote: Counting objects:  25% (134/536)[Kremote: Counting objects:  26% (140/536)[Kremote: Counting objects:  27% (145/536)[Kremote: Counting objects:  28% (151/536)[Kremote: Counting objects:  29% (156/536)[Kremote: Counting objects:  30% (161/536)[Kremote: Counting objects:  31% (167/536)[Kremote: Counting objects:  32% (172/536)[Kremote: Counting objects:  33% (177/536)[Kremote: Counting objects:  34% (183/536)[Kremote: Counting objects:  35% (188/536)[Kremote: Counting objects:  36% (193/536)[Kremote: Counting objects:  37% (199/536)[Kremote: Counting objects:  38% (204/536)[Kremote: Counting objects:  39% (210/536)[Kremote: Counting objects:  40% (215/536)[Kremote: Counting objects:  41% (220/536)[Kremote: Counting objects:  42% (226/536)[Kremote: Counting objects:  43% (231/536)[Kremote: Counting objects:  44% (236/536)[Kremote: Counting objects:  45% (242/536)[Kremote: Counting objects:  46% (247/536)[Kremote: Counting objects:  47% (252/536)[Kremote: Counting objects:  48% (258/536)[Kremote: Counting objects:  49% (263/536)[Kremote: Counting objects:  50% (268/536)[Kremote: Counting objects:  51% (274/536)[Kremote: Counting objects:  52% (279/536)[Kremote: Counting objects:  53% (285/536)[Kremote: Counting objects:  54% (290/536)[Kremote: Counting objects:  55% (295/536)[Kremote: Counting objects:  56% (301/536)[Kremote: Counting objects:  57% (306/536)[Kremote: Counting objects:  58% (311/536)[Kremote: Counting objects:  59% (317/536)[Kremote: Counting objects:  60% (322/536)[Kremote: Counting objects:  61% (327/536)[Kremote: Counting objects:  62% (333/536)[Kremote: Counting objects:  63% (338/536)[Kremote: Counting objects:  64% (344/536)[Kremote: Counting objects:  65% (349/536)[Kremote: Counting objects:  66% (354/536)[Kremote: Counting objects:  67% (360/536)[Kremote: Counting objects:  68% (365/536)[Kremote: Counting objects:  69% (370/536)[Kremote: Counting objects:  70% (376/536)[Kremote: Counting objects:  71% (381/536)[Kremote: Counting objects:  72% (386/536)[Kremote: Counting objects:  73% (392/536)[Kremote: Counting objects:  74% (397/536)[Kremote: Counting objects:  75% (402/536)[Kremote: Counting objects:  76% (408/536)[Kremote: Counting objects:  77% (413/536)[Kremote: Counting objects:  78% (419/536)[Kremote: Counting objects:  79% (424/536)[Kremote: Counting objects:  80% (429/536)[Kremote: Counting objects:  81% (435/536)[Kremote: Counting objects:  82% (440/536)[Kremote: Counting objects:  83% (445/536)[Kremote: Counting objects:  84% (451/536)[Kremote: Counting objects:  85% (456/536)[Kremote: Counting objects:  86% (461/536)[Kremote: Counting objects:  87% (467/536)[Kremote: Counting objects:  88% (472/536)[Kremote: Counting objects:  89% (478/536)[Kremote: Counting objects:  90% (483/536)[Kremote: Counting objects:  91% (488/536)[Kremote: Counting objects:  92% (494/536)[Kremote: Counting objects:  93% (499/536)[Kremote: Counting objects:  94% (504/536)[Kremote: Counting objects:  95% (510/536)[Kremote: Counting objects:  96% (515/536)[Kremote: Counting objects:  97% (520/536)[Kremote: Counting objects:  98% (526/536)[Kremote: Counting objects:  99% (531/536)[Kremote: Counting objects: 100% (536/536)[Kremote: Counting objects: 100% (536/536), done.[K
remote: Compressing objects:   0% (1/236)[Kremote: Compressing objects:   1% (3/236)[Kremote: Compressing objects:   2% (5/236)[Kremote: Compressing objects:   3% (8/236)[Kremote: Compressing objects:   4% (10/236)[Kremote: Compressing objects:   5% (12/236)[Kremote: Compressing objects:   6% (15/236)[Kremote: Compressing objects:   7% (17/236)[Kremote: Compressing objects:   8% (19/236)[Kremote: Compressing objects:   9% (22/236)[Kremote: Compressing objects:  10% (24/236)[Kremote: Compressing objects:  11% (26/236)[Kremote: Compressing objects:  12% (29/236)[Kremote: Compressing objects:  13% (31/236)[Kremote: Compressing objects:  14% (34/236)[Kremote: Compressing objects:  15% (36/236)[Kremote: Compressing objects:  16% (38/236)[Kremote: Compressing objects:  17% (41/236)[Kremote: Compressing objects:  18% (43/236)[Kremote: Compressing objects:  19% (45/236)[Kremote: Compressing objects:  20% (48/236)[Kremote: Compressing objects:  21% (50/236)[Kremote: Compressing objects:  22% (52/236)[Kremote: Compressing objects:  23% (55/236)[Kremote: Compressing objects:  24% (57/236)[Kremote: Compressing objects:  25% (59/236)[Kremote: Compressing objects:  26% (62/236)[Kremote: Compressing objects:  27% (64/236)[Kremote: Compressing objects:  28% (67/236)[Kremote: Compressing objects:  29% (69/236)[Kremote: Compressing objects:  30% (71/236)[Kremote: Compressing objects:  31% (74/236)[Kremote: Compressing objects:  32% (76/236)[Kremote: Compressing objects:  33% (78/236)[Kremote: Compressing objects:  34% (81/236)[Kremote: Compressing objects:  35% (83/236)[Kremote: Compressing objects:  36% (85/236)[Kremote: Compressing objects:  37% (88/236)[Kremote: Compressing objects:  38% (90/236)[Kremote: Compressing objects:  39% (93/236)[Kremote: Compressing objects:  40% (95/236)[Kremote: Compressing objects:  41% (97/236)[Kremote: Compressing objects:  42% (100/236)[Kremote: Compressing objects:  43% (102/236)[Kremote: Compressing objects:  44% (104/236)[Kremote: Compressing objects:  45% (107/236)[Kremote: Compressing objects:  46% (109/236)[Kremote: Compressing objects:  47% (111/236)[Kremote: Compressing objects:  48% (114/236)[Kremote: Compressing objects:  49% (116/236)[Kremote: Compressing objects:  50% (118/236)[Kremote: Compressing objects:  51% (121/236)[Kremote: Compressing objects:  52% (123/236)[Kremote: Compressing objects:  53% (126/236)[Kremote: Compressing objects:  54% (128/236)[Kremote: Compressing objects:  55% (130/236)[Kremote: Compressing objects:  56% (133/236)[Kremote: Compressing objects:  57% (135/236)[Kremote: Compressing objects:  58% (137/236)[Kremote: Compressing objects:  59% (140/236)[Kremote: Compressing objects:  60% (142/236)[Kremote: Compressing objects:  61% (144/236)[Kremote: Compressing objects:  62% (147/236)[Kremote: Compressing objects:  63% (149/236)[Kremote: Compressing objects:  64% (152/236)[Kremote: Compressing objects:  65% (154/236)[Kremote: Compressing objects:  66% (156/236)[Kremote: Compressing objects:  67% (159/236)[Kremote: Compressing objects:  68% (161/236)[Kremote: Compressing objects:  69% (163/236)[Kremote: Compressing objects:  70% (166/236)[Kremote: Compressing objects:  71% (168/236)[Kremote: Compressing objects:  72% (170/236)[Kremote: Compressing objects:  73% (173/236)[Kremote: Compressing objects:  74% (175/236)[Kremote: Compressing objects:  75% (177/236)[Kremote: Compressing objects:  76% (180/236)[Kremote: Compressing objects:  77% (182/236)[Kremote: Compressing objects:  78% (185/236)[Kremote: Compressing objects:  79% (187/236)[Kremote: Compressing objects:  80% (189/236)[Kremote: Compressing objects:  81% (192/236)[Kremote: Compressing objects:  82% (194/236)[Kremote: Compressing objects:  83% (196/236)[Kremote: Compressing objects:  84% (199/236)[Kremote: Compressing objects:  85% (201/236)[Kremote: Compressing objects:  86% (203/236)[Kremote: Compressing objects:  87% (206/236)[Kremote: Compressing objects:  88% (208/236)[Kremote: Compressing objects:  89% (211/236)[Kremote: Compressing objects:  90% (213/236)[Kremote: Compressing objects:  91% (215/236)[Kremote: Compressing objects:  92% (218/236)[Kremote: Compressing objects:  93% (220/236)[Kremote: Compressing objects:  94% (222/236)[Kremote: Compressing objects:  95% (225/236)[Kremote: Compressing objects:  96% (227/236)[Kremote: Compressing objects:  97% (229/236)[Kremote: Compressing objects:  98% (232/236)[Kremote: Compressing objects:  99% (234/236)[Kremote: Compressing objects: 100% (236/236)[Kremote: Compressing objects: 100% (236/236), done.[K
Receiving objects:   0% (1/536)   Receiving objects:   1% (6/536)   Receiving objects:   2% (11/536)   Receiving objects:   3% (17/536)   Receiving objects:   4% (22/536)   Receiving objects:   5% (27/536)   Receiving objects:   6% (33/536)   Receiving objects:   7% (38/536)   Receiving objects:   8% (43/536)   Receiving objects:   9% (49/536)   Receiving objects:  10% (54/536)   Receiving objects:  11% (59/536)   Receiving objects:  12% (65/536)   Receiving objects:  13% (70/536)   Receiving objects:  14% (76/536)   Receiving objects:  15% (81/536)   Receiving objects:  16% (86/536)   Receiving objects:  17% (92/536)   Receiving objects:  18% (97/536)   Receiving objects:  19% (102/536)   Receiving objects:  20% (108/536)   Receiving objects:  21% (113/536)   Receiving objects:  22% (118/536)   Receiving objects:  23% (124/536)   Receiving objects:  24% (129/536)   Receiving objects:  25% (134/536)   Receiving objects:  26% (140/536)   Receiving objects:  27% (145/536)   Receiving objects:  28% (151/536)   Receiving objects:  29% (156/536)   Receiving objects:  30% (161/536)   Receiving objects:  31% (167/536)   Receiving objects:  32% (172/536)   Receiving objects:  33% (177/536)   Receiving objects:  34% (183/536)   Receiving objects:  35% (188/536)   Receiving objects:  36% (193/536)   Receiving objects:  37% (199/536)   Receiving objects:  38% (204/536)   Receiving objects:  39% (210/536)   Receiving objects:  40% (215/536)   Receiving objects:  41% (220/536)   Receiving objects:  42% (226/536)   Receiving objects:  43% (231/536)   Receiving objects:  44% (236/536)   Receiving objects:  45% (242/536)   Receiving objects:  46% (247/536)   Receiving objects:  47% (252/536)   Receiving objects:  48% (258/536)   Receiving objects:  49% (263/536)   Receiving objects:  50% (268/536)   Receiving objects:  51% (274/536)   Receiving objects:  52% (279/536)   Receiving objects:  53% (285/536)   Receiving objects:  54% (290/536)   Receiving objects:  55% (295/536)   Receiving objects:  56% (301/536)   Receiving objects:  57% (306/536)   Receiving objects:  58% (311/536)   Receiving objects:  59% (317/536)   Receiving objects:  60% (322/536)   Receiving objects:  61% (327/536)   Receiving objects:  62% (333/536)   Receiving objects:  63% (338/536)   Receiving objects:  64% (344/536)   Receiving objects:  65% (349/536)   Receiving objects:  66% (354/536)   Receiving objects:  67% (360/536)   Receiving objects:  68% (365/536)   Receiving objects:  69% (370/536)   Receiving objects:  70% (376/536)   Receiving objects:  71% (381/536)   Receiving objects:  72% (386/536)   Receiving objects:  73% (392/536)   Receiving objects:  74% (397/536)   Receiving objects:  75% (402/536)   Receiving objects:  76% (408/536)   Receiving objects:  77% (413/536)   Receiving objects:  78% (419/536)   Receiving objects:  79% (424/536)   Receiving objects:  80% (429/536)   Receiving objects:  81% (435/536)   Receiving objects:  82% (440/536)   Receiving objects:  83% (445/536)   Receiving objects:  84% (451/536)   Receiving objects:  85% (456/536)   Receiving objects:  86% (461/536)   Receiving objects:  87% (467/536)   Receiving objects:  88% (472/536)   remote: Total 536 (delta 324), reused 457 (delta 295), pack-reused 0[K
Receiving objects:  89% (478/536)   Receiving objects:  90% (483/536)   Receiving objects:  91% (488/536)   Receiving objects:  92% (494/536)   Receiving objects:  93% (499/536)   Receiving objects:  94% (504/536)   Receiving objects:  95% (510/536)   Receiving objects:  96% (515/536)   Receiving objects:  97% (520/536)   Receiving objects:  98% (526/536)   Receiving objects:  99% (531/536)   Receiving objects: 100% (536/536)   Receiving objects: 100% (536/536), 564.89 KiB | 8.56 MiB/s, done.
Resolving deltas:   0% (0/324)   Resolving deltas:   1% (6/324)   Resolving deltas:   3% (10/324)   Resolving deltas:   5% (19/324)   Resolving deltas:   7% (24/324)   Resolving deltas:   8% (26/324)   Resolving deltas:  10% (35/324)   Resolving deltas:  11% (36/324)   Resolving deltas:  12% (41/324)   Resolving deltas:  14% (46/324)   Resolving deltas:  15% (50/324)   Resolving deltas:  16% (53/324)   Resolving deltas:  27% (88/324)   Resolving deltas:  29% (96/324)   Resolving deltas:  35% (114/324)   Resolving deltas:  38% (126/324)   Resolving deltas:  39% (128/324)   Resolving deltas:  40% (132/324)   Resolving deltas:  41% (135/324)   Resolving deltas:  42% (137/324)   Resolving deltas:  43% (140/324)   Resolving deltas:  45% (148/324)   Resolving deltas:  48% (158/324)   Resolving deltas:  50% (162/324)   Resolving deltas:  54% (177/324)   Resolving deltas:  55% (181/324)   Resolving deltas:  57% (186/324)   Resolving deltas:  58% (189/324)   Resolving deltas:  59% (193/324)   Resolving deltas:  62% (201/324)   Resolving deltas:  64% (208/324)   Resolving deltas:  66% (215/324)   Resolving deltas:  67% (218/324)   Resolving deltas:  68% (221/324)   Resolving deltas:  69% (225/324)   Resolving deltas:  70% (227/324)   Resolving deltas:  71% (233/324)   Resolving deltas:  75% (243/324)   Resolving deltas:  76% (249/324)   Resolving deltas:  77% (252/324)   Resolving deltas:  78% (254/324)   Resolving deltas:  79% (258/324)   Resolving deltas:  81% (264/324)   Resolving deltas:  83% (269/324)   Resolving deltas:  84% (273/324)   Resolving deltas:  86% (281/324)   Resolving deltas:  87% (284/324)   Resolving deltas:  89% (289/324)   Resolving deltas:  91% (295/324)   Resolving deltas:  93% (302/324)   Resolving deltas:  94% (306/324)   Resolving deltas:  96% (314/324)   Resolving deltas: 100% (324/324)   Resolving deltas: 100% (324/324), done.
travis_time:end:07ec0318:start=1568950941018349817,finish=1568950941868029485,duration=849679668,event=checkout[0K$ cd paypal/paypal-smart-payment-buttons
$ git checkout -qf 88cfe76efcee7c49ef643110c16f28d627f7efe5
travis_fold:end:git.checkout[0K
travis_time:end:07ec0318:start=1568950941018349817,finish=1568950941888572328,duration=870222511,event=checkout[0Ktravis_time:start:1ea3598a[0Ktravis_time:end:1ea3598a:start=1568950941892753254,finish=1568950941900112615,duration=7359361,event=env[0Ktravis_fold:start:nvm.install[0Ktravis_time:start:043a622c[0K$ nvm install 10
Downloading and installing node v10.16.3...
Downloading https://nodejs.org/dist/v10.16.3/node-v10.16.3-linux-x64.tar.xz...
Computing checksum with sha256sum
Checksums matched!
Now using node v10.16.3 (npm v6.9.0)
travis_time:end:043a622c:start=1568950942910681186,finish=1568950946496909179,duration=3586227993,event=setup[0Ktravis_fold:end:nvm.install[0K
travis_fold:start:cache.1[0KSetting up build cache
$ export CASHER_DIR=${TRAVIS_HOME}/.casher
travis_time:start:0972b8cb[0K$ Installing caching utilities
travis_time:end:0972b8cb:start=1568950947953854443,finish=1568950948229121654,duration=275267211,event=setup_casher[0Ktravis_time:start:199f7424[0Ktravis_time:end:199f7424:start=1568950948234732067,finish=1568950948237858789,duration=3126722,event=setup_casher[0Ktravis_time:start:1808c04b[0Kattempting to download cache archive[0m
[32;1mfetching master/cache-linux-xenial-e3b0c44298fc1c149afbf4c8996fb92427ae41e4649b934ca495991b7852b855--node-10.tgz[0m
[32;1mfetching master/cache--node-10.tgz[0m
[31;1mcould not download cache[0m
travis_time:end:1808c04b:start=1568950948241735272,finish=1568950950478418943,duration=2236683671,event=setup_casher[0Ktravis_fold:end:cache.1[0K
travis_fold:start:cache.npm[0K
travis_time:start:085aabfd[0Ktravis_time:end:085aabfd:start=1568950950686907640,finish=1568950950690186448,duration=3278808,event=setup_cache[0Ktravis_time:start:1b9c1872[0Kadding /home/travis/build/paypal/paypal-smart-payment-buttons/node_modules to cache[0m
creating directory /home/travis/build/paypal/paypal-smart-payment-buttons/node_modules[0m
travis_time:end:1b9c1872:start=1568950950694405045,finish=1568950951779702867,duration=1085297822,event=setup_cache[0Ktravis_fold:end:cache.npm[0K$ node --version
v10.16.3
$ npm --version
6.9.0
$ nvm --version
0.34.0

travis_fold:start:install.npm[0Ktravis_time:start:13bf2378[0K$ npm install 
[37;40mnpm[0m [0m[30;43mWARN[0m [0m[35mdeprecated[0m istanbul@0.4.5: This module is no longer maintained, try this instead:
[0m[37;40mnpm[0m [0m[30;43mWARN[0m [0m[35mdeprecated[0m   npm i nyc
[0m[37;40mnpm[0m [0m[30;43mWARN[0m [0m[35mdeprecated[0m Visit https://istanbul.js.org/integrations for other alternatives.
[0m[37;40mnpm[0m [0m[30;43mWARN[0m [0m[35mdeprecated[0m nomnom@1.8.1: Package no longer supported. Contact support@npmjs.com for more info.
[0m[37;40mnpm[0m [0m[30;43mWARN[0m [0m[35mdeprecated[0m circular-json@0.5.9: CircularJSON is in maintenance only, flatted is its successor.
[0m[37;40mnpm[0m [0m[30;43mWARN[0m [0m[35mdeprecated[0m kleur@2.0.2: Please upgrade to kleur@3 or migrate to 'ansi-colors' if you prefer the old syntax. Visit <https://github.com/lukeed/kleur/releases/tag/v3.0.0\> for migration path(s).
[0m[37;40mnpm[0m [0m[30;43mWARN[0m [0m[35mdeprecated[0m node-uuid@1.4.8: Use uuid module instead
[0m[37;40mnpm[0m [0m[30;43mWARN[0m [0m[35mdeprecated[0m hawk@3.1.3: This module moved to @hapi/hawk. Please make sure to switch over as this distribution is no longer supported and may contain bugs and critical security issues.
[0m[37;40mnpm[0m [0m[30;43mWARN[0m [0m[35mdeprecated[0m left-pad@1.3.0: use String.prototype.padStart()
[0m[37;40mnpm[0m [0m[30;43mWARN[0m [0m[35mdeprecated[0m hoek@2.16.3: This version has been deprecated in accordance with the hapi support policy (hapi.im/support). Please upgrade to the latest version to get the best features, bug fixes, and security patches. If you are unable to upgrade at this time, paid support is available for older versions (hapi.im/commercial).
[0m[37;40mnpm[0m [0m[30;43mWARN[0m [0m[35mdeprecated[0m boom@2.10.1: This version has been deprecated in accordance with the hapi support policy (hapi.im/support). Please upgrade to the latest version to get the best features, bug fixes, and security patches. If you are unable to upgrade at this time, paid support is available for older versions (hapi.im/commercial).
[0m[37;40mnpm[0m [0m[30;43mWARN[0m [0m[35mdeprecated[0m cryptiles@2.0.5: This version has been deprecated in accordance with the hapi support policy (hapi.im/support). Please upgrade to the latest version to get the best features, bug fixes, and security patches. If you are unable to upgrade at this time, paid support is available for older versions (hapi.im/commercial).
[0m[37;40mnpm[0m [0m[30;43mWARN[0m [0m[35mdeprecated[0m sntp@1.0.9: This module moved to @hapi/sntp. Please make sure to switch over as this distribution is no longer supported and may contain bugs and critical security issues.
[0m
> core-js@2.6.9 postinstall /home/travis/build/paypal/paypal-smart-payment-buttons/node_modules/core-js
> node scripts/postinstall || echo "ignore"


> preact@10.0.0-rc.1 postinstall /home/travis/build/paypal/paypal-smart-payment-buttons/node_modules/preact
> node -e "console.log('\u001b[35m\u001b[1mLove Preact? You can now donate to our open collective:\u001b[22m\u001b[39m\n > \u001b[34mhttps://opencollective.com/preact/donate\u001b[0m')"

[35m[1mLove Preact? You can now donate to our open collective:[22m[39m
 > [34mhttps://opencollective.com/preact/donate[0m
[37;40mnpm[0m [0m[30;43mWARN[0m [0m[35mprepublish-on-install[0m As of npm@5, `prepublish` scripts are deprecated.
[0m[37;40mnpm[0m [0m[30;43mWARN[0m [0m[35mprepublish-on-install[0m Use `prepare` for build steps and `prepublishOnly` for upload-only.
[0m[37;40mnpm[0m [0m[30;43mWARN[0m [0m[35mprepublish-on-install[0m See the deprecation note in `npm help scripts` for more information.
[0m
> @paypal/smart-payment-buttons@2.0.133 prepublish /home/travis/build/paypal/paypal-smart-payment-buttons
> in-publish && npm run babel || not-in-publish

[37;40mnpm[0m [0m[30;43mWARN[0m[35m[0m @paypal/smart-payment-buttons@2.0.133 license should be a valid SPDX license expression
[0m[37;40mnpm[0m [0m[30;43mWARN[0m [0m[35moptional[0m SKIPPING OPTIONAL DEPENDENCY: fsevents@1.2.9 (node_modules/fsevents):
[0m[37;40mnpm[0m [0m[30;43mWARN[0m [0m[35mnotsup[0m SKIPPING OPTIONAL DEPENDENCY: Unsupported platform for fsevents@1.2.9: wanted {"os":"darwin","arch":"any"} (current: {"os":"linux","arch":"x64"})
[0m
added 2667 packages from 2918 contributors and audited 54119 packages in 53.295s
found [91m174[0m vulnerabilities (72 [1mlow[0m, 76 [93mmoderate[0m, 26 [91mhigh[0m)
  run `npm audit fix` to fix them, or `npm audit` for details
travis_time:end:13bf2378:start=1568950953227236997,finish=1568951007021352720,duration=53794115723,event=install[0Ktravis_fold:end:install.npm[0K
travis_time:start:0499cf92[0K$ npm run test

> @paypal/smart-payment-buttons@2.0.133 test /home/travis/build/paypal/paypal-smart-payment-buttons
> if [ ! $SKIP_TEST ]; then npm run lint && npm run flow-typed && npm run flow && npm run karma && npm run jest; fi;


> @paypal/smart-payment-buttons@2.0.133 lint /home/travis/build/paypal/paypal-smart-payment-buttons
> eslint src/ server/ test/ *.js


> @paypal/smart-payment-buttons@2.0.133 flow-typed /home/travis/build/paypal/paypal-smart-payment-buttons
> rm -rf ./flow-typed && flow-typed install --ignoreDeps peer && flow-typed install jest@22 mocha@3 && flow-typed install express@4.16 && sed -i -e 's/http$IncomingMessage,/http$IncomingMessage<>,/g' ./flow-typed/npm/express_v4.16.x.js

[before-after-hook]: "Hook()" repurposing warning, use "Hook.Collection()". Read more: https://git.io/upgrade-before-after-hook-to-1.4
â€¢ Found 16 dependencies in package.json to install libdefs for. Searching...
â€¢ flow-typed cache not found, fetching from GitHub...
â€¢ Installing 2 libDefs...
[1m  â€¢ express_v4.16.x.js[22m
[1m    â””> [32m./flow-typed/npm/express_v4.16.x.js[39m[22m
express
/home/travis/build/paypal/paypal-smart-payment-buttons/flow-typed/npm
[1m  â€¢ flow-bin_v0.x.x.js[22m
[1m    â””> [32m./flow-typed/npm/flow-bin_v0.x.x.js[39m[22m
flow-bin
/home/travis/build/paypal/paypal-smart-payment-buttons/flow-typed/npm
â€¢ Generating stubs for untyped dependencies...
[1m  â€¢ babel-core@^7.0.0-bridge.0[22m
[1m    â””> [31mflow-typed/npm/babel-core_vx.x.x.js[39m[22m
[1m  â€¢ @paypal/sdk-client@^4.0.27[22m
[1m    â””> [31mflow-typed/npm/@paypal/sdk-client_vx.x.x.js[39m[22m
[1m  â€¢ grumbler-scripts@^3.0.18[22m
[1m    â””> [31mflow-typed/npm/grumbler-scripts_vx.x.x.js[39m[22m
[1m  â€¢ sync-browser-mocks@^2.0.1[22m
[1m    â””> [31mflow-typed/npm/sync-browser-mocks_vx.x.x.js[39m[22m
[1m  â€¢ belter@^1.0.19[22m
[1m    â””> [31mflow-typed/npm/belter_vx.x.x.js[39m[22m
[1m  â€¢ grabthar@^3[22m
[1m    â””> [31mflow-typed/npm/grabthar_vx.x.x.js[39m[22m
[1m  â€¢ webpack-mem-compile@^1.0.2[22m
[1m    â””> [31mflow-typed/npm/webpack-mem-compile_vx.x.x.js[39m[22m
[1m  â€¢ jsx-pragmatic@^2[22m
[1m    â””> [31mflow-typed/npm/jsx-pragmatic_vx.x.x.js[39m[22m
[1m  â€¢ @paypal/checkout-components@^5.0.30[22m
[1m    â””> [31mflow-typed/npm/@paypal/checkout-components_vx.x.x.js[39m[22m
[31m[39m
[31m!! No flow@v0.100.0-compatible libdefs found in flow-typed for the above untyped dependencies !![39m

We've generated `any`-typed stubs for these packages, but consider submitting 
libdefs for them to [1mhttps://github.com/flowtype/flow-typed/[22m

[before-after-hook]: "Hook()" repurposing warning, use "Hook.Collection()". Read more: https://git.io/upgrade-before-after-hook-to-1.4
â€¢ Searching for 2 libdefs...
â€¢ Installing 1 libDefs...
[1m  â€¢ jest_v22.x.x.js[22m
[1m    â””> [32m./flow-typed/npm/jest_v22.x.x.js[39m[22m
jest
/home/travis/build/paypal/paypal-smart-payment-buttons/flow-typed/npm
â€¢ Generating stubs for untyped dependencies...
[1m  â€¢ mocha@3[22m
[1m    â””> [31mflow-typed/npm/mocha_vx.x.x.js[39m[22m
[31m[39m
[31m!! No flow@v0.100.0-compatible libdefs found in flow-typed for the above untyped dependencies !![39m

We've generated `any`-typed stubs for this package, but consider submitting 
a libdef for it to [1mhttps://github.com/flowtype/flow-typed/[22m

[before-after-hook]: "Hook()" repurposing warning, use "Hook.Collection()". Read more: https://git.io/upgrade-before-after-hook-to-1.4
â€¢ Searching for 1 libdefs...
â€¢ Installing 1 libDefs...
[1m  â€¢ express_v4.16.x.js[22m
[1m    â””> [32m./flow-typed/npm/express_v4.16.x.js[39m[22m
express
/home/travis/build/paypal/paypal-smart-payment-buttons/flow-typed/npm

> @paypal/smart-payment-buttons@2.0.133 flow /home/travis/build/paypal/paypal-smart-payment-buttons
> flow

Launching Flow server for /home/travis/build/paypal/paypal-smart-payment-buttons
Spawned flow server (pid=6005)
Logs will go to /tmp/flow/zShomezStraviszSbuildzSpaypalzSpaypal-smart-payment-buttons.log
Monitor logs will go to /tmp/flow/zShomezStraviszSbuildzSpaypalzSpaypal-smart-payment-buttons.monitor_log
Started a new flow server: -[0K[0KPlease wait. Server is starting up: \[0KPlease wait. Server is initializing (starting up): |[0KPlease wait. Server is initializing (parsed files 0): /[0KPlease wait. Server is initializing (parsed files 1000): -[0KPlease wait. Server is initializing (parsed files 1000): \[0KPlease wait. Server is initializing (parsed files 2000): |[0KPlease wait. Server is initializing (parsed files 2000): /[0KPlease wait. Server is initializing (parsed files 3000): -[0KPlease wait. Server is initializing (parsed files 5000): \[0KPlease wait. Server is initializing (parsed files 5000): |[0KPlease wait. Server is initializing (parsed files 5000): /[0KPlease wait. Server is initializing (parsed files 5000): -[0KPlease wait. Server is initializing (parsed files 5000): \[0KPlease wait. Server is initializing (parsed files 6000): |[0KPlease wait. Server is initializing (parsed files 7000): /[0KPlease wait. Server is initializing (parsed files 10000): -[0KPlease wait. Server is initializing (parsed files 10000): \[0KPlease wait. Server is initializing (parsed files 12000): |[0KPlease wait. Server is initializing (parsed files 14000): /[0KPlease wait. Server is initializing (parsed files 16000): -[0KPlease wait. Server is initializing (parsed files 17000): \[0KPlease wait. Server is initializing (parsed files 18000): |[0KPlease wait. Server is initializing (parsed files 19000): /[0KPlease wait. Server is initializing (parsed files 19000): -[0KPlease wait. Server is initializing (parsed files 19000): \[0KPlease wait. Server is initializing (parsed files 19000): |[0KPlease wait. Server is initializing (parsed files 19000): /[0KPlease wait. Server is initializing (parsed files 19000): -[0KPlease wait. Server is initializing (parsed files 19000): \[0KPlease wait. Server is initializing (parsed files 19000): |[0KPlease wait. Server is initializing (parsed files 19000): -[0KPlease wait. Server is initializing (parsed files 19497): |[34mâ„¹[39m [90mï½¢wdmï½£[39m: Hash: 478834be63477b01a2a3
Version: webpack 4.35.3
Time: 5197ms
Built at: 09/20/2019 3:40:59 AM
               Asset      Size             Chunks             Chunk Names
             main.js   850 KiB               main  [emitted]  main
test/declarations.js  4.04 KiB  test/declarations  [emitted]  test/declarations
       test/index.js  1.05 MiB         test/index  [emitted]  test/index
Entrypoint main = main.js
Entrypoint test/index = test/index.js
Entrypoint test/declarations = test/declarations.js
[./node_modules/@babel/runtime/helpers/esm/extends.js] 397 bytes {main} {test/index} [built]
[./node_modules/@paypal/sdk-constants/index.js] 112 bytes {test/index} [built]
[./node_modules/@paypal/sdk-constants/src/index.js] ./node_modules/@paypal/sdk-constants/src/index.js + 8 modules 19.7 KiB {main} {test/index} [built]
    | ./node_modules/@paypal/sdk-constants/src/index.js 206 bytes [built]
    | ./node_modules/@paypal/sdk-constants/src/locale.js 15 KiB [built]
    | ./node_modules/@paypal/sdk-constants/src/params.js 1.33 KiB [built]
    | ./node_modules/@paypal/sdk-constants/src/env.js 122 bytes [built]
    | ./node_modules/@paypal/sdk-constants/src/fpti.js 1.43 KiB [built]
    | ./node_modules/@paypal/sdk-constants/src/order.js 586 bytes [built]
    | ./node_modules/@paypal/sdk-constants/src/platform.js 67 bytes [built]
    | ./node_modules/@paypal/sdk-constants/src/funding.js 480 bytes [built]
    | ./node_modules/@paypal/sdk-constants/src/defaults.js 537 bytes [built]
[./node_modules/belter/src/index.js] ./node_modules/belter/src/index.js + 17 modules 68 KiB {main} [0KPlease wait. Server is initializing (parsed files 19497): /[0KPlease wait. Server is initializing (parsed files 19497): -.js 840 bytes [built]
    | ./src/api/auth.js 7.53 KiB [built]
    | ./src/api/order.js 28.2 KiB [built]
    | ./src/api/subscription.js 16 KiB [built]
[./src/button/button.js] ./src/button/button.js + 9 modules 258 KiB {main} {test/index} [built]
    | ./src/button/button.js 43.8 KiB [built]
    | ./src/payment-flows/index.js 864 bytes [built]
    | ./src/payment-flows/popup-bridge.js 18.6 KiB [built]
    | ./src/payment-flows/native.js 48 KiB [built]
    | ./src/button/orders.js 20.2 KiB [built]
    | ./src/button/logs.js 11.4 KiB [built]
    | ./src/button/remember.js 4.18 KiB [built]
    | ./src/payment-flows/checkout.js 44.2 KiB [built]
    | ./src/payment-flows/card-fields.js 39.8 KiB [built]
    | ./src/payment-flows/vault.js 26.5 KiB [built]
[./src/button/dom.js] 7.4 KiB {main} {test/index} [built]
[./src/button/index.js] 817 bytes {main} {test/index} [built]
[./src/button/props/index.js] 1.18 KiB {main} {test/index} [built]
[./src/index.js] 802 bytes {main} {test/index} [built]
[./src/menu/index.js] ./src/menu/index.js + 5 modules 22.9 KiB {main} {test/index} [built]
    | ./src/menu/index.js 786 bytes [built]
    | ./src/menu/page.jsx 3.26 KiB [built]
    | ./node_modules/preact/dist/preact.module.js 8.66 KiB [built]
    | ./src/menu/menu.jsx 5.6 KiB [built]
    | ./src/menu/hooks.js 2.67 KiB [built]
    | ./node_modules/preact/hooks/dist/hooks.module.js 1.95 KiB [built]
[./test/declarations.js] 0 bytes {test/declarations} [built]
[./test/index.js] ./test/index.js + 20 modules 169 KiB {test/index} [built]
    | ./test/index.js 18 bytes [built]
    | ./test/client/index.js 371 bytes [buil[0KPlease wait. Server is initializing (parsed files 19497): \t]
    | ./test/client/mocks.js 15.8 KiB [built]
    | ./test/client/happy.js 30 KiB [built]
    | ./test/client/actions.js 27.7 KiB [built]
    | ./test/client/auth.js 3.06 KiB [built]
    | ./test/client/contingency.js 19.1 KiB [built]
    | ./test/client/funding.js 2.62 KiB [built]
    | ./test/client/error.js 3.68 KiB [built]
    | ./test/client/eligibility.js 1.22 KiB [built]
    | ./test/client/validation.js 9.5 KiB [built]
    | ./test/client/prerender.js 9.47 KiB [built]
    | ./test/client/vault.js 12.7 KiB [built]
    | ./test/client/clientConfig.js 9.84 KiB [built]
    | ./test/client/popupBridge.js 8.88 KiB [built]
    |     + 6 hidden modules
    + 21 hidden modules
[34mâ„¹[39m [90mï½¢wdmï½£[39m: Compiled successfully.

  happy cases
    [32mâœ“ [39mshould render a button with createOrder, click the button, and render checkout
    [32mâœ“ [39mshould render a button, click the button, and render checkout, then pass onApprove callback to the parent with a paymentID
    [32mâœ“ [39mshould render a button with createBillingAgreement, click the button, and render checkout
    [32mâœ“ [39mshould render a button with createSubscription, click the button, and render checkout
    [32mâœ“ [39mshould render a button, press enter on the button, and render checkout
    [32mâœ“ [39mshould render a button, click the button, and call onClick
    [32mâœ“ [39mshould render a button, press enter on the button, and call onClick
    [32mâœ“ [39mshould render a button, click the button, and render checkout, then call onCancel
[0KPlease wait. Server is initializing (waiting for Watchman - giving up in 18 seconds): \[0KPlease wait. Server is initializing (parsed files 0/0 (0.0%)): |[0KPlease wait. Server is initializing (calculating dependencies): /[0KPlease wait. Server is initializing (merged files 0/145 (0.0%)): -[0KPlease wait. Server is initializing (merged files 50/145 (34.5%)): \[0KPlease wait. Server is initializing (merged files 75/145 (51.7%)): |[0KPlease wait. Server is initializing (parsed files 19000): /[0KPlease wait. Server is initializing (parsed files 19497): \[0KPlease wait. Server is initializing (parsed files 19497): |[0KPlease wait. Server is initializing (resolving dependencies): /[0KPlease wait. Server is initializing (resolving dependencies): -[0KPlease wait. Server is initializing (merged files 90/145 (62.1%)): /[0KPlease wait. Server is initializing (merged files 106/145 (73.1%)): -[0KPlease wait. Server is initializing (merged files 128/145 (88.3%)): \[0KPlease wait. Server is initializing (finishing up): |[0KPlease wait. Server is handling a request (starting up): /[0KPlease wait. Server is handling a request (collating errors): -[0K[31mError â”ˆâ”ˆâ”ˆâ”ˆâ”ˆâ”ˆâ”ˆâ”ˆâ”ˆâ”ˆâ”ˆâ”ˆâ”ˆâ”ˆâ”ˆâ”ˆâ”ˆâ”ˆâ”ˆâ”ˆâ”ˆâ”ˆâ”ˆâ”ˆâ”ˆâ”ˆâ”ˆâ”ˆâ”ˆâ”ˆâ”ˆâ”ˆâ”ˆâ”ˆâ”ˆâ”ˆâ”ˆâ”ˆ src/payment-flows/checkout.js:60:62[0m[0m
[0m[0m
[0m[0mCannot[0m[0m [0m[0mget[0m[0m [0m[0m[0m[0;1mfundingEligibility[fundingSource][0m[0m[0m[0m [0m[0mbecause[0m[0m:[0m[0m
[0m[0m â€¢ [0m[0mproperty[0m[0m [0m[0m[0m[0;1mblik[0m[0m[0m[0m [0m[0mis[0m[0m [0m[0mmissing[0m[0m [0m[0min[0m[0m [0m[0m[0m[0;4m[0m[0;1;4mFundingEligibilityType[0m[0;4m[0m[0m [0m[0;2m[[0m[36m1[0m[0;2m][0m[0m.[0m[0m
[0m[0m â€¢ [0m[0mproperty[0m[0m [0m[0m[0m[0;1mboleto[0m[0m[0m[0m [0m[0mis[0m[0m [0m[0mmissing[0m[0m [0m[0min[0m[0m [0m[0m[0m[0;4m[0m[0;1;4mFundingEligibilityType[0m[0;4m[0m[0m [0m[0;2m[[0m[36m1[0m[0;2m][0m[0m.[0m[0m
[0m[0m â€¢ [0m[0mproperty[0m[0m [0m[0m[0m[0;1mmaxima[0m[0m[0m[0m [0m[0mis[0m[0m [0m[0mmissing[0m[0m [0m[0min[0m[0m [0m[0m[0m[0;4m[0m[0;1;4mFundingEligibilityType[0m[0;4m[0m[0m [0m[0;2m[[0m[36m1[0m[0;2m][0m[0m.[0m[0m
[0m[0m â€¢ [0m[0mproperty[0m[0m [0m[0m[0m[0;1moxxo[0m[0m[0m[0m [0m[0mis[0m[0m [0m[0mmissing[0m[0m [0m[0min[0m[0m [0m[0m[0m[0;4m[0m[0;1;4mFundingEligibilityType[0m[0;4m[0m[0m [0m[0;2m[[0m[36m1[0m[0;2m][0m[0m.[0m[0m
[0m[0m ï¿½ï¿½ï¿½ [0m[0mproperty[0m[0m [0m[0m[0m[0;1mtrustly[0m[0m[0m[0m [0m[0mis[0m[0m [0m[0mmissing[0m[0m [0m[0min[0m[0m [0m[0m[0m[0;4m[0m[0;1;4mFundingEligibilityType[0m[0;4m[0m[0m [0m[0;2m[[0m[36m1[0m[0;2m][0m[0m.[0m[0m
[0m[0m
[0m[0m [0m[0;2m[[0m[36m1[0m[0;2m][0m[0m [0m[0m[0m[0;2m48[0m[0;2mâ”‚[0m[0m [0m[0;2m    fundingEligibility : [0m[36mFundingEligibilityType[0m[0;2m[0m[0m
[0m[0m       [0m[0;2m:[0m[0m
[0m[0m     [0m[0m[0m[0;2m57[0m[0;2mâ”‚[0m[0m [0m[0;2m        return false;[0m[0m
[0m[0m     [0m[0m[0m[0;2m58[0m[0;2mâ”‚[0m[0m [0m[0;2m    }[0m[0m
[0m[0m     [0m[0m[0m[0;2m59[0m[0;2mâ”‚[0m[0;2m[0m[0m
[0m[0m     [0m[0m[0m[0;2m60[0m[0;2mâ”‚[0m[0m [0m[0;2m    const fundingSourceEligible = Boolean([0m[0mfundingEligibility[[0m[31mfundingSource[0m[0m][0m[0;2m && fundingEligibility[fundingSource].vaultable);[0m[0m
[0m[0m     [0m[0m[0m[0;2m61[0m[0;2mâ”‚[0m[0;2m[0m[0m
[0m[0m     [0m[0m[0m[0;2m62[0m[0;2mâ”‚[0m[0m [0m[0;2m    if (vault && !fundingSourceEligible) {[0m[0m
[0m[0m     [0m[0m[0m[0;2m63[0m[0;2mâ”‚[0m[0m [0m[0;2m        throw new Error(`SDK received ${ SDK_QUERY_KEYS.VAULT }=true parameter, but ${ fundingSource } is not vaultable.`);[0m[0m
[0m[0m
[0m[0m
[0m
Found 5 errors
[37;40mnpm[0m [0m[31;40mERR![0m [0m[35mcode[0m ELIFECYCLE
[0m[37;40mnpm[0m [0m[31;40mERR![0m [0m[35merrno[0m 2
[0m[37;40mnpm[0m [0m[31;40mERR![0m[35m[0m @paypal/smart-payment-buttons@2.0.133 flow: `flow`
[0m[37;40mnpm[0m [0m[31;40mERR![0m[35m[0m Exit status 2
[0m[37;40mnpm[0m [0m[31;40mERR![0m[35m[0m 
[0m[37;40mnpm[0m [0m[31;40mERR![0m[35m[0m Failed at the @paypal/smart-payment-buttons@2.0.133 flow script.
[0m[37;40mnpm[0m [0m[31;40mERR![0m[35m[0m This is probably not a problem with npm. There is likely additional logging output above.
[0m
[37;40mnpm[0m [0m[31;40mERR![0m[35m[0m A complete log of this run can be found in:
[0m[37;40mnpm[0m [0m[31;40mERR![0m[35m[0m     /home/travis/.npm/_logs/2019-09-20T03_44_09_377Z-debug.log
[0m[37;40mnpm[0m [0m[31;40mERR![0m [0m[35mcode[0m ELIFECYCLE
[0m[37;40mnpm[0m [0m[31;40mERR![0m [0m[35merrno[0m 2
[0m[37;40mnpm[0m [0m[31;40mERR![0m[35m[0m @paypal/smart-payment-buttons@2.0.133 test: `if [ ! $SKIP_TEST ]; then npm run lint && npm run flow-typed && npm run flow && npm run karma && npm run jest; fi;`
[0m[37;40mnpm[0m [0m[31;40mERR![0m[35m[0m Exit status 2
[0m[37;40mnpm[0m [0m[31;40mERR![0m[35m[0m 
[0m[37;40mnpm[0m [0m[31;40mERR![0m[35m[0m Failed at the @paypal/smart-payment-buttons@2.0.133 test script.
[0m[37;40mnpm[0m [0m[31;40mERR![0m[35m[0m This is probably not a problem with npm. There is likely additional logging output above.
[0m
[37;40mnpm[0m [0m[31;40mERR![0m[35m[0m A complete log of this run can be found in:
[0m[37;40mnpm[0m [0m[31;40mERR![0m[35m[0m     /home/travis/.npm/_logs/2019-09-20T03_44_09_394Z-debug.log
[0mtravis_time:end:0499cf92:start=1568951007026676894,finish=1568951049407842894,duration=42381166000,event=script[0K[31;1mThe command "npm run test" exited with 2.[0m
travis_fold:start:cache.2[0Kstore build cache
travis_time:start:076b4fcc[0Ktravis_time:end:076b4fcc:start=1568951049413250131,finish=1568951049416835008,duration=3584877,event=cache[0Ktravis_time:start:3015bd70[0K[32;1mchanges detected, packing new archive[0m
[32;1muploading master/cache-linux-xenial-e3b0c44298fc1c149afbf4c8996fb92427ae41e4649b934ca495991b7852b855--node-10.tgz[0m
[32;1mcache uploaded[0m
travis_time:end:3015bd70:start=1568951049421378496,finish=1568951060925246121,duration=11503867625,event=cache[0Ktravis_fold:end:cache.2[0K

Done. Your build exited with 1.
