travis_fold:start:worker_info[0K[33;1mWorker information[0m
hostname: 98fec57c-ecd9-442d-8130-a9f76af413aa@1.worker-org-95567d544-cjbvz.gce-production-3
version: v6.2.1 https://github.com/travis-ci/worker/tree/4e3246c044eb4915c2378ffacd0b3d3ed0136bba
instance: travis-job-cd8be783-f242-4718-8d30-3e0766ec2e29 travis-ci-sardonyx-xenial-1553530528-f909ac5 (via amqp)
startup: 7.050077605s
travis_fold:end:worker_info[0Ktravis_time:start:0a2bfde9[0Ktravis_time:end:0a2bfde9:start=1569202295750395435,finish=1569202295950652054,duration=200256619,event=no_world_writable_dirs[0Ktravis_time:start:08c942f4[0Ktravis_time:end:08c942f4:start=1569202295955238023,finish=1569202295958281702,duration=3043679,event=check_unsupported[0Ktravis_time:start:09b4c400[0Ktravis_fold:start:system_info[0K[33;1mBuild system information[0m
Build language: node_js
Build group: stable
Build dist: xenial
Build id: 588256330
Job id: 588256331
Runtime kernel version: 4.15.0-1028-gcp
travis-build version: 24382795bc479c6eb9a0651f15dd00c2dca32750
[34m[1mBuild image provisioning date and time[0m
Mon Mar 25 16:43:24 UTC 2019
[34m[1mOperating System Details[0m
Distributor ID:	Ubuntu
Description:	Ubuntu 16.04.6 LTS
Release:	16.04
Codename:	xenial
[34m[1mSystemd Version[0m
systemd 229
[34m[1mCookbooks Version[0m
42e42e4 https://github.com/travis-ci/travis-cookbooks/tree/42e42e4
[34m[1mgit version[0m
git version 2.21.0
[34m[1mbash version[0m
GNU bash, version 4.3.48(1)-release (x86_64-pc-linux-gnu)
[34m[1mgcc version[0m
gcc (Ubuntu 5.4.0-6ubuntu1~16.04.11) 5.4.0 20160609
[34m[1mdocker version[0m
Client:
 Version:           18.06.0-ce
 API version:       1.38
 Go version:        go1.10.3
 Git commit:        0ffa825
 Built:             Wed Jul 18 19:11:02 2018
 OS/Arch:           linux/amd64
 Experimental:      false

Server:
 Engine:
  Version:          18.06.0-ce
  API version:      1.38 (minimum version 1.12)
  Go version:       go1.10.3
  Git commit:       0ffa825
  Built:            Wed Jul 18 19:09:05 2018
  OS/Arch:          linux/amd64
  Experimental:     false
[34m[1mclang version[0m
clang version 7.0.0 (tags/RELEASE_700/final)
[34m[1mjq version[0m
jq-1.5
[34m[1mbats version[0m
Bats 0.4.0
[34m[1mshellcheck version[0m
0.6.0
[34m[1mshfmt version[0m
v2.6.3
[34m[1mccache version[0m
3.2.4
[34m[1mcmake version[0m
cmake version 3.12.4
[34m[1mheroku version[0m
heroku/7.22.7 linux-x64 node-v11.10.1
[34m[1mimagemagick version[0m
Version: ImageMagick 6.8.9-9 Q16 x86_64 2018-09-28 http://www.imagemagick.org
[34m[1mmd5deep version[0m
4.4
[34m[1mmercurial version[0m
version 4.8
[34m[1mmysql version[0m
mysql  Ver 14.14 Distrib 5.7.25, for Linux (x86_64) using  EditLine wrapper
[34m[1mopenssl version[0m
OpenSSL 1.0.2g  1 Mar 2016
[34m[1mpacker version[0m
1.3.3
[34m[1mpostgresql client version[0m
psql (PostgreSQL) 10.7 (Ubuntu 10.7-1.pgdg16.04+1)
[34m[1mragel version[0m
Ragel State Machine Compiler version 6.8 Feb 2013
[34m[1msudo version[0m
1.8.16
[34m[1mgzip version[0m
gzip 1.6
[34m[1mzip version[0m
Zip 3.0
[34m[1mvim version[0m
VIM - Vi IMproved 7.4 (2013 Aug 10, compiled Nov 24 2016 16:44:48)
[34m[1miptables version[0m
iptables v1.6.0
[34m[1mcurl version[0m
curl 7.47.0 (x86_64-pc-linux-gnu) libcurl/7.47.0 GnuTLS/3.4.10 zlib/1.2.8 libidn/1.32 librtmp/2.3
[34m[1mwget version[0m
GNU Wget 1.17.1 built on linux-gnu.
[34m[1mrsync version[0m
rsync  version 3.1.1  protocol version 31
[34m[1mgimme version[0m
v1.5.3
[34m[1mnvm version[0m
0.34.0
[34m[1mperlbrew version[0m
/home/travis/perl5/perlbrew/bin/perlbrew  - App::perlbrew/0.86
[34m[1mphpenv version[0m
rbenv 1.1.2
[34m[1mrvm version[0m
rvm 1.29.7 (latest) by Michal Papis, Piotr Kuczynski, Wayne E. Seguin [https://rvm.io]
[34m[1mdefault ruby version[0m
ruby 2.5.3p105 (2018-10-18 revision 65156) [x86_64-linux]
[34m[1mCouchDB version[0m
couchdb 1.6.1
[34m[1mElasticSearch version[0m
5.5.0
[34m[1mInstalled Firefox version[0m
firefox 63.0.1
[34m[1mMongoDB version[0m
MongoDB 4.0.7
[34m[1mPhantomJS version[0m
2.1.1
[34m[1mPre-installed PostgreSQL versions[0m
9.4.21
9.5.16
9.6.12
[34m[1mRedis version[0m
redis-server 5.0.4
[34m[1mPre-installed Go versions[0m
1.11.1
[34m[1mmvn version[0m
Apache Maven 3.6.0 (97c98ec64a1fdfee7767ce5ffb20918da4f719f3; 2018-10-24T18:41:47Z)
[34m[1mgradle version[0m
Gradle 4.10.2!
[34m[1mlein version[0m
Leiningen 2.9.1 on Java 11.0.2 OpenJDK 64-Bit Server VM
[34m[1mPre-installed Node.js versions[0m
v10.15.3
v11.0.0
v4.9.1
v6.17.0
v8.12.0
v8.15.1
v8.9
[34m[1mphpenv versions[0m
  system
  5.6
  5.6.40
  7.1
  7.1.27
  7.2
* 7.2.15 (set by /home/travis/.phpenv/version)
  hhvm
  hhvm-stable
[34m[1mcomposer --version[0m
Composer version 1.8.4 2019-02-11 10:52:10
[34m[1mPre-installed Ruby versions[0m
ruby-2.3.8
ruby-2.4.5
ruby-2.5.3
travis_fold:end:system_info[0K
travis_time:end:09b4c400:start=1569202295963326900,finish=1569202295973376007,duration=10049107,event=show_system_info[0Ktravis_time:start:101ac75c[0Ktravis_time:end:101ac75c:start=1569202295977349869,finish=1569202295991919105,duration=14569236,event=rm_riak_source[0Ktravis_time:start:001acfbe[0Ktravis_time:end:001acfbe:start=1569202295995928021,finish=1569202296002382511,duration=6454490,event=fix_rwky_redis[0Ktravis_time:start:0f342b36[0Ktravis_time:end:0f342b36:start=1569202296006240194,finish=1569202305278537469,duration=9272297275,event=wait_for_network[0Ktravis_time:start:0e38aae6[0Ktravis_time:end:0e38aae6:start=1569202305282494249,finish=1569202305547691949,duration=265197700,event=update_apt_keys[0Ktravis_time:start:279845ad[0Ktravis_time:end:279845ad:start=1569202305551782694,finish=1569202305618237828,duration=66455134,event=fix_hhvm_source[0Ktravis_time:start:2772dea4[0Ktravis_time:end:2772dea4:start=1569202305622168456,finish=1569202305625474060,duration=3305604,event=update_mongo_arch[0Ktravis_time:start:17a90fda[0Ktravis_time:end:17a90fda:start=1569202305629060943,finish=1569202305679641849,duration=50580906,event=fix_sudo_enabled_trusty[0Ktravis_time:start:1e865d76[0Ktravis_time:end:1e865d76:start=1569202305683483587,finish=1569202305686276956,duration=2793369,event=update_glibc[0Ktravis_time:start:08243499[0Ktravis_time:end:08243499:start=1569202305689873444,finish=1569202305699806855,duration=9933411,event=clean_up_path[0Ktravis_time:start:30e29b98[0Ktravis_time:end:30e29b98:start=1569202305703518201,finish=1569202305713571280,duration=10053079,event=fix_resolv_conf[0Ktravis_time:start:300b9980[0Ktravis_time:end:300b9980:start=1569202305717528801,finish=1569202305729424170,duration=11895369,event=fix_etc_hosts[0Ktravis_time:start:2dd67073[0Ktravis_time:end:2dd67073:start=1569202305733356593,finish=1569202305744996098,duration=11639505,event=fix_mvn_settings_xml[0Ktravis_time:start:0d70ee60[0Ktravis_time:end:0d70ee60:start=1569202305748974671,finish=1569202305761629572,duration=12654901,event=no_ipv6_localhost[0Ktravis_time:start:17ec777e[0Ktravis_time:end:17ec777e:start=1569202305765600638,finish=1569202305768507619,duration=2906981,event=fix_etc_mavenrc[0Ktravis_time:start:3ea48510[0Ktravis_time:end:3ea48510:start=1569202305772219179,finish=1569202305776275446,duration=4056267,event=fix_wwdr_certificate[0Ktravis_time:start:0c7ceb27[0Ktravis_time:end:0c7ceb27:start=1569202305780045766,finish=1569202305811464299,duration=31418533,event=put_localhost_first[0Ktravis_time:start:00797320[0Ktravis_time:end:00797320:start=1569202305815573535,finish=1569202305819594853,duration=4021318,event=home_paths[0Ktravis_time:start:059ddbf9[0Ktravis_time:end:059ddbf9:start=1569202305823533788,finish=1569202305838310195,duration=14776407,event=disable_initramfs[0Ktravis_time:start:009783e4[0Ktravis_time:end:009783e4:start=1569202305842035989,finish=1569202306266924132,duration=424888143,event=disable_ssh_roaming[0Ktravis_time:start:038c3f35[0Ktravis_time:end:038c3f35:start=1569202306271336846,finish=1569202306274416297,duration=3079451,event=debug_tools[0Ktravis_time:start:1b417636[0Ktravis_time:end:1b417636:start=1569202306278727122,finish=1569202306282894310,duration=4167188,event=uninstall_oclint[0Ktravis_time:start:0ead8736[0Ktravis_time:end:0ead8736:start=1569202306286929746,finish=1569202306291055018,duration=4125272,event=rvm_use[0Ktravis_time:start:0a8aa00f[0Ktravis_time:end:0a8aa00f:start=1569202306295019682,finish=1569202306305791636,duration=10771954,event=rm_etc_boto_cfg[0Ktravis_time:start:133aba65[0Ktravis_time:end:133aba65:start=1569202306310293476,finish=1569202306314325104,duration=4031628,event=rm_oraclejdk8_symlink[0Ktravis_time:start:02787675[0Ktravis_time:end:02787675:start=1569202306318343214,finish=1569202306458007213,duration=139663999,event=enable_i386[0Ktravis_time:start:38135afc[0Ktravis_time:end:38135afc:start=1569202306462453981,finish=1569202306470527603,duration=8073622,event=update_rubygems[0Ktravis_time:start:0bfcb5e8[0Ktravis_time:end:0bfcb5e8:start=1569202306474857679,finish=1569202307485704354,duration=1010846675,event=ensure_path_components[0Ktravis_time:start:0969880c[0Ktravis_time:end:0969880c:start=1569202307489879038,finish=1569202307492758717,duration=2879679,event=redefine_curl[0Ktravis_time:start:094b2e42[0Ktravis_time:end:094b2e42:start=1569202307496885414,finish=1569202307500315329,duration=3429915,event=nonblock_pipe[0Ktravis_time:start:21f13aeb[0Ktravis_time:end:21f13aeb:start=1569202307504446275,finish=1569202307555311563,duration=50865288,event=apt_get_update[0Ktravis_time:start:055c9b44[0Ktravis_time:end:055c9b44:start=1569202307559989918,finish=1569202307564047627,duration=4057709,event=deprecate_xcode_64[0Ktravis_time:start:08de8d7c[0Ktravis_time:end:08de8d7c:start=1569202307568161589,finish=1569202310775665961,duration=3207504372,event=update_heroku[0Ktravis_time:start:1aa5e558[0Ktravis_time:end:1aa5e558:start=1569202310779577023,finish=1569202310782413806,duration=2836783,event=shell_session_update[0Ktravis_time:start:25620768[0Ktravis_fold:start:docker_mtu[0Ktravis_fold:end:docker_mtu[0Ktravis_time:end:25620768:start=1569202310786038272,finish=1569202313407253601,duration=2621215329,event=set_docker_mtu[0Ktravis_time:start:05da7c88[0Ktravis_fold:start:resolvconf[0Ktravis_fold:end:resolvconf[0Ktravis_time:end:05da7c88:start=1569202313412934361,finish=1569202313508048705,duration=95114344,event=resolvconf[0Ktravis_time:start:263caee0[0Ktravis_time:end:263caee0:start=1569202313515362665,finish=1569202313882512460,duration=367149795,event=maven_central_mirror[0Ktravis_time:start:08fc3ab8[0Ktravis_time:end:08fc3ab8:start=1569202313887389670,finish=1569202313890579647,duration=3189977,event=fix_ps4[0Ktravis_fold:start:install_chrome[0K$ export CHROME_SOURCE_URL=https://dl.google.com/dl/linux/direct/google-chrome-stable_current_amd64.deb
[33;1mInstalling Google Chrome stable[0m
travis_time:start:378ac72a[0K$ wget --no-verbose -O /tmp/$(basename $CHROME_SOURCE_URL) $CHROME_SOURCE_URL
2019-09-23 01:31:55 URL:https://dl.google.com/dl/linux/direct/google-chrome-stable_current_amd64.deb [61065690/61065690] -> "/tmp/google-chrome-stable_current_amd64.deb" [1]
travis_time:end:378ac72a:start=1569202313947194595,finish=1569202315170050086,duration=1222855491,event=prepare[0K(Reading database ... (Reading database ... 5%(Reading database ... 10%(Reading database ... 15%(Reading database ... 20%(Reading database ... 25%(Reading database ... 30%(Reading database ... 35%(Reading database ... 40%(Reading database ... 45%(Reading database ... 50%(Reading database ... 55%(Reading database ... 60%(Reading database ... 65%(Reading database ... 70%(Reading database ... 75%(Reading database ... 80%(Reading database ... 85%(Reading database ... 90%(Reading database ... 95%(Reading database ... 100%(Reading database ... 124189 files and directories currently installed.)
Preparing to unpack .../google-chrome-stable_current_amd64.deb ...
Unpacking google-chrome-stable (77.0.3865.90-1) over (73.0.3683.86-1) ...
Setting up google-chrome-stable (77.0.3865.90-1) ...
Processing triggers for mime-support (3.59ubuntu1) ...
Processing triggers for man-db (2.7.5-1) ...
travis_fold:end:install_chrome[0Ktravis_time:start:15612230[0K
travis_fold:start:git.checkout[0Ktravis_time:start:1218fdc5[0K$ git clone --depth=50 --branch=master https://github.com/paypal/paypal-smart-payment-buttons.git paypal/paypal-smart-payment-buttons
Cloning into 'paypal/paypal-smart-payment-buttons'...
remote: Enumerating objects: 538, done.[K
remote: Counting objects:   0% (1/538)[Kremote: Counting objects:   1% (6/538)[Kremote: Counting objects:   2% (11/538)[Kremote: Counting objects:   3% (17/538)[Kremote: Counting objects:   4% (22/538)[Kremote: Counting objects:   5% (27/538)[Kremote: Counting objects:   6% (33/538)[Kremote: Counting objects:   7% (38/538)[Kremote: Counting objects:   8% (44/538)[Kremote: Counting objects:   9% (49/538)[Kremote: Counting objects:  10% (54/538)[Kremote: Counting objects:  11% (60/538)[Kremote: Counting objects:  12% (65/538)[Kremote: Counting objects:  13% (70/538)[Kremote: Counting objects:  14% (76/538)[Kremote: Counting objects:  15% (81/538)[Kremote: Counting objects:  16% (87/538)[Kremote: Counting objects:  17% (92/538)[Kremote: Counting objects:  18% (97/538)[Kremote: Counting objects:  19% (103/538)[Kremote: Counting objects:  20% (108/538)[Kremote: Counting objects:  21% (113/538)[Kremote: Counting objects:  22% (119/538)[Kremote: Counting objects:  23% (124/538)[Kremote: Counting objects:  24% (130/538)[Kremote: Counting objects:  25% (135/538)[Kremote: Counting objects:  26% (140/538)[Kremote: Counting objects:  27% (146/538)[Kremote: Counting objects:  28% (151/538)[Kremote: Counting objects:  29% (157/538)[Kremote: Counting objects:  30% (162/538)[Kremote: Counting objects:  31% (167/538)[Kremote: Counting objects:  32% (173/538)[Kremote: Counting objects:  33% (178/538)[Kremote: Counting objects:  34% (183/538)[Kremote: Counting objects:  35% (189/538)[Kremote: Counting objects:  36% (194/538)[Kremote: Counting objects:  37% (200/538)[Kremote: Counting objects:  38% (205/538)[Kremote: Counting objects:  39% (210/538)[Kremote: Counting objects:  40% (216/538)[Kremote: Counting objects:  41% (221/538)[Kremote: Counting objects:  42% (226/538)[Kremote: Counting objects:  43% (232/538)[Kremote: Counting objects:  44% (237/538)[Kremote: Counting objects:  45% (243/538)[Kremote: Counting objects:  46% (248/538)[Kremote: Counting objects:  47% (253/538)[Kremote: Counting objects:  48% (259/538)[Kremote: Counting objects:  49% (264/538)[Kremote: Counting objects:  50% (269/538)[Kremote: Counting objects:  51% (275/538)[Kremote: Counting objects:  52% (280/538)[Kremote: Counting objects:  53% (286/538)[Kremote: Counting objects:  54% (291/538)[Kremote: Counting objects:  55% (296/538)[Kremote: Counting objects:  56% (302/538)[Kremote: Counting objects:  57% (307/538)[Kremote: Counting objects:  58% (313/538)[Kremote: Counting objects:  59% (318/538)[Kremote: Counting objects:  60% (323/538)[Kremote: Counting objects:  61% (329/538)[Kremote: Counting objects:  62% (334/538)[Kremote: Counting objects:  63% (339/538)[Kremote: Counting objects:  64% (345/538)[Kremote: Counting objects:  65% (350/538)[Kremote: Counting objects:  66% (356/538)[Kremote: Counting objects:  67% (361/538)[Kremote: Counting objects:  68% (366/538)[Kremote: Counting objects:  69% (372/538)[Kremote: Counting objects:  70% (377/538)[Kremote: Counting objects:  71% (382/538)[Kremote: Counting objects:  72% (388/538)[Kremote: Counting objects:  73% (393/538)[Kremote: Counting objects:  74% (399/538)[Kremote: Counting objects:  75% (404/538)[Kremote: Counting objects:  76% (409/538)[Kremote: Counting objects:  77% (415/538)[Kremote: Counting objects:  78% (420/538)[Kremote: Counting objects:  79% (426/538)[Kremote: Counting objects:  80% (431/538)[Kremote: Counting objects:  81% (436/538)[Kremote: Counting objects:  82% (442/538)[Kremote: Counting objects:  83% (447/538)[Kremote: Counting objects:  84% (452/538)[Kremote: Counting objects:  85% (458/538)[Kremote: Counting objects:  86% (463/538)[Kremote: Counting objects:  87% (469/538)[Kremote: Counting objects:  88% (474/538)[Kremote: Counting objects:  89% (479/538)[Kremote: Counting objects:  90% (485/538)[Kremote: Counting objects:  91% (490/538)[Kremote: Counting objects:  92% (495/538)[Kremote: Counting objects:  93% (501/538)[Kremote: Counting objects:  94% (506/538)[Kremote: Counting objects:  95% (512/538)[Kremote: Counting objects:  96% (517/538)[Kremote: Counting objects:  97% (522/538)[Kremote: Counting objects:  98% (528/538)[Kremote: Counting objects:  99% (533/538)[Kremote: Counting objects: 100% (538/538)[Kremote: Counting objects: 100% (538/538), done.[K
remote: Compressing objects:   0% (1/254)[Kremote: Compressing objects:   1% (3/254)[Kremote: Compressing objects:   2% (6/254)[Kremote: Compressing objects:   3% (8/254)[Kremote: Compressing objects:   4% (11/254)[Kremote: Compressing objects:   5% (13/254)[Kremote: Compressing objects:   6% (16/254)[Kremote: Compressing objects:   7% (18/254)[Kremote: Compressing objects:   8% (21/254)[Kremote: Compressing objects:   9% (23/254)[Kremote: Compressing objects:  10% (26/254)[Kremote: Compressing objects:  11% (28/254)[Kremote: Compressing objects:  12% (31/254)[Kremote: Compressing objects:  13% (34/254)[Kremote: Compressing objects:  14% (36/254)[Kremote: Compressing objects:  15% (39/254)[Kremote: Compressing objects:  16% (41/254)[Kremote: Compressing objects:  17% (44/254)[Kremote: Compressing objects:  18% (46/254)[Kremote: Compressing objects:  19% (49/254)[Kremote: Compressing objects:  20% (51/254)[Kremote: Compressing objects:  21% (54/254)[Kremote: Compressing objects:  22% (56/254)[Kremote: Compressing objects:  23% (59/254)[Kremote: Compressing objects:  24% (61/254)[Kremote: Compressing objects:  25% (64/254)[Kremote: Compressing objects:  26% (67/254)[Kremote: Compressing objects:  27% (69/254)[Kremote: Compressing objects:  28% (72/254)[Kremote: Compressing objects:  29% (74/254)[Kremote: Compressing objects:  30% (77/254)[Kremote: Compressing objects:  31% (79/254)[Kremote: Compressing objects:  32% (82/254)[Kremote: Compressing objects:  33% (84/254)[Kremote: Compressing objects:  34% (87/254)[Kremote: Compressing objects:  35% (89/254)[Kremote: Compressing objects:  36% (92/254)[Kremote: Compressing objects:  37% (94/254)[Kremote: Compressing objects:  38% (97/254)[Kremote: Compressing objects:  39% (100/254)[Kremote: Compressing objects:  40% (102/254)[Kremote: Compressing objects:  41% (105/254)[Kremote: Compressing objects:  42% (107/254)[Kremote: Compressing objects:  43% (110/254)[Kremote: Compressing objects:  44% (112/254)[Kremote: Compressing objects:  45% (115/254)[Kremote: Compressing objects:  46% (117/254)[Kremote: Compressing objects:  47% (120/254)[Kremote: Compressing objects:  48% (122/254)[Kremote: Compressing objects:  49% (125/254)[Kremote: Compressing objects:  50% (127/254)[Kremote: Compressing objects:  51% (130/254)[Kremote: Compressing objects:  52% (133/254)[Kremote: Compressing objects:  53% (135/254)[Kremote: Compressing objects:  54% (138/254)[Kremote: Compressing objects:  55% (140/254)[Kremote: Compressing objects:  56% (143/254)[Kremote: Compressing objects:  57% (145/254)[Kremote: Compressing objects:  58% (148/254)[Kremote: Compressing objects:  59% (150/254)[Kremote: Compressing objects:  60% (153/254)[Kremote: Compressing objects:  61% (155/254)[Kremote: Compressing objects:  62% (158/254)[Kremote: Compressing objects:  63% (161/254)[Kremote: Compressing objects:  64% (163/254)[Kremote: Compressing objects:  65% (166/254)[Kremote: Compressing objects:  66% (168/254)[Kremote: Compressing objects:  67% (171/254)[Kremote: Compressing objects:  68% (173/254)[Kremote: Compressing objects:  69% (176/254)[Kremote: Compressing objects:  70% (178/254)[Kremote: Compressing objects:  71% (181/254)[Kremote: Compressing objects:  72% (183/254)[Kremote: Compressing objects:  73% (186/254)[Kremote: Compressing objects:  74% (188/254)[Kremote: Compressing objects:  75% (191/254)[Kremote: Compressing objects:  76% (194/254)[Kremote: Compressing objects:  77% (196/254)[Kremote: Compressing objects:  78% (199/254)[Kremote: Compressing objects:  79% (201/254)[Kremote: Compressing objects:  80% (204/254)[Kremote: Compressing objects:  81% (206/254)[Kremote: Compressing objects:  82% (209/254)[Kremote: Compressing objects:  83% (211/254)[Kremote: Compressing objects:  84% (214/254)[Kremote: Compressing objects:  85% (216/254)[Kremote: Compressing objects:  86% (219/254)[Kremote: Compressing objects:  87% (221/254)[Kremote: Compressing objects:  88% (224/254)[Kremote: Compressing objects:  89% (227/254)[Kremote: Compressing objects:  90% (229/254)[Kremote: Compressing objects:  91% (232/254)[Kremote: Compressing objects:  92% (234/254)[Kremote: Compressing objects:  93% (237/254)[Kremote: Compressing objects:  94% (239/254)[Kremote: Compressing objects:  95% (242/254)[Kremote: Compressing objects:  96% (244/254)[Kremote: Compressing objects:  97% (247/254)[Kremote: Compressing objects:  98% (249/254)[Kremote: Compressing objects:  99% (252/254)[Kremote: Compressing objects: 100% (254/254)[Kremote: Compressing objects: 100% (254/254), done.[K
Receiving objects:   0% (1/538)   Receiving objects:   1% (6/538)   Receiving objects:   2% (11/538)   Receiving objects:   3% (17/538)   Receiving objects:   4% (22/538)   Receiving objects:   5% (27/538)   Receiving objects:   6% (33/538)   Receiving objects:   7% (38/538)   Receiving objects:   8% (44/538)   Receiving objects:   9% (49/538)   Receiving objects:  10% (54/538)   Receiving objects:  11% (60/538)   Receiving objects:  12% (65/538)   Receiving objects:  13% (70/538)   Receiving objects:  14% (76/538)   Receiving objects:  15% (81/538)   Receiving objects:  16% (87/538)   Receiving objects:  17% (92/538)   Receiving objects:  18% (97/538)   Receiving objects:  19% (103/538)   Receiving objects:  20% (108/538)   Receiving objects:  21% (113/538)   Receiving objects:  22% (119/538)   Receiving objects:  23% (124/538)   Receiving objects:  24% (130/538)   Receiving objects:  25% (135/538)   Receiving objects:  26% (140/538)   Receiving objects:  27% (146/538)   Receiving objects:  28% (151/538)   Receiving objects:  29% (157/538)   Receiving objects:  30% (162/538)   Receiving objects:  31% (167/538)   Receiving objects:  32% (173/538)   Receiving objects:  33% (178/538)   Receiving objects:  34% (183/538)   Receiving objects:  35% (189/538)   Receiving objects:  36% (194/538)   Receiving objects:  37% (200/538)   Receiving objects:  38% (205/538)   Receiving objects:  39% (210/538)   Receiving objects:  40% (216/538)   Receiving objects:  41% (221/538)   Receiving objects:  42% (226/538)   Receiving objects:  43% (232/538)   Receiving objects:  44% (237/538)   Receiving objects:  45% (243/538)   Receiving objects:  46% (248/538)   Receiving objects:  47% (253/538)   Receiving objects:  48% (259/538)   Receiving objects:  49% (264/538)   Receiving objects:  50% (269/538)   Receiving objects:  51% (275/538)   Receiving objects:  52% (280/538)   Receiving objects:  53% (286/538)   Receiving objects:  54% (291/538)   Receiving objects:  55% (296/538)   Receiving objects:  56% (302/538)   Receiving objects:  57% (307/538)   Receiving objects:  58% (313/538)   Receiving objects:  59% (318/538)   Receiving objects:  60% (323/538)   Receiving objects:  61% (329/538)   Receiving objects:  62% (334/538)   Receiving objects:  63% (339/538)   Receiving objects:  64% (345/538)   Receiving objects:  65% (350/538)   Receiving objects:  66% (356/538)   Receiving objects:  67% (361/538)   Receiving objects:  68% (366/538)   Receiving objects:  69% (372/538)   Receiving objects:  70% (377/538)   Receiving objects:  71% (382/538)   Receiving objects:  72% (388/538)   Receiving objects:  73% (393/538)   Receiving objects:  74% (399/538)   remote: Total 538 (delta 334), reused 438 (delta 280), pack-reused 0[K
Receiving objects:  75% (404/538)   Receiving objects:  76% (409/538)   Receiving objects:  77% (415/538)   Receiving objects:  78% (420/538)   Receiving objects:  79% (426/538)   Receiving objects:  80% (431/538)   Receiving objects:  81% (436/538)   Receiving objects:  82% (442/538)   Receiving objects:  83% (447/538)   Receiving objects:  84% (452/538)   Receiving objects:  85% (458/538)   Receiving objects:  86% (463/538)   Receiving objects:  87% (469/538)   Receiving objects:  88% (474/538)   Receiving objects:  89% (479/538)   Receiving objects:  90% (485/538)   Receiving objects:  91% (490/538)   Receiving objects:  92% (495/538)   Receiving objects:  93% (501/538)   Receiving objects:  94% (506/538)   Receiving objects:  95% (512/538)   Receiving objects:  96% (517/538)   Receiving objects:  97% (522/538)   Receiving objects:  98% (528/538)   Receiving objects:  99% (533/538)   Receiving objects: 100% (538/538)   Receiving objects: 100% (538/538), 643.42 KiB | 8.94 MiB/s, done.
Resolving deltas:   0% (0/334)   Resolving deltas:   2% (9/334)   Resolving deltas:   5% (19/334)   Resolving deltas:   8% (29/334)   Resolving deltas:   9% (33/334)   Resolving deltas:  22% (74/334)   Resolving deltas:  25% (84/334)   Resolving deltas:  26% (90/334)   Resolving deltas:  27% (91/334)   Resolving deltas:  28% (96/334)   Resolving deltas:  29% (100/334)   Resolving deltas:  30% (101/334)   Resolving deltas:  32% (108/334)   Resolving deltas:  33% (113/334)   Resolving deltas:  35% (117/334)   Resolving deltas:  37% (124/334)   Resolving deltas:  39% (131/334)   Resolving deltas:  41% (138/334)   Resolving deltas:  42% (141/334)   Resolving deltas:  43% (144/334)   Resolving deltas:  44% (147/334)   Resolving deltas:  46% (154/334)   Resolving deltas:  49% (164/334)   Resolving deltas:  50% (168/334)   Resolving deltas:  54% (183/334)   Resolving deltas:  55% (187/334)   Resolving deltas:  56% (190/334)   Resolving deltas:  57% (193/334)   Resolving deltas:  58% (194/334)   Resolving deltas:  59% (198/334)   Resolving deltas:  61% (204/334)   Resolving deltas:  63% (211/334)   Resolving deltas:  64% (216/334)   Resolving deltas:  65% (219/334)   Resolving deltas:  66% (222/334)   Resolving deltas:  67% (224/334)   Resolving deltas:  68% (228/334)   Resolving deltas:  70% (234/334)   Resolving deltas:  74% (248/334)   Resolving deltas:  76% (254/334)   Resolving deltas:  77% (259/334)   Resolving deltas:  79% (264/334)   Resolving deltas:  80% (270/334)   Resolving deltas:  82% (275/334)   Resolving deltas:  83% (279/334)   Resolving deltas:  86% (288/334)   Resolving deltas:  89% (300/334)   Resolving deltas:  91% (305/334)   Resolving deltas:  94% (314/334)   Resolving deltas:  95% (319/334)   Resolving deltas:  96% (323/334)   Resolving deltas: 100% (334/334)   Resolving deltas: 100% (334/334), done.
travis_time:end:1218fdc5:start=1569202331999286626,finish=1569202332879614812,duration=880328186,event=checkout[0K$ cd paypal/paypal-smart-payment-buttons
$ git checkout -qf 40ee03d3cf468e7514905a70e7d0bf6c56c25d49
travis_fold:end:git.checkout[0K
travis_time:end:1218fdc5:start=1569202331999286626,finish=1569202332903671914,duration=904385288,event=checkout[0Ktravis_time:start:118b7c18[0Ktravis_time:end:118b7c18:start=1569202332908488180,finish=1569202332917109172,duration=8620992,event=env[0Ktravis_fold:start:nvm.install[0Ktravis_time:start:11826b4c[0K$ nvm install 10
Downloading and installing node v10.16.3...
Downloading https://nodejs.org/dist/v10.16.3/node-v10.16.3-linux-x64.tar.xz...
Computing checksum with sha256sum
Checksums matched!
Now using node v10.16.3 (npm v6.9.0)
travis_time:end:11826b4c:start=1569202334053199397,finish=1569202339075736063,duration=5022536666,event=setup[0Ktravis_fold:end:nvm.install[0K
travis_fold:start:cache.1[0KSetting up build cache
$ export CASHER_DIR=${TRAVIS_HOME}/.casher
travis_time:start:000e3244[0K$ Installing caching utilities
travis_time:end:000e3244:start=1569202340561932018,finish=1569202340926690331,duration=364758313,event=setup_casher[0Ktravis_time:start:03a3e58e[0Ktravis_time:end:03a3e58e:start=1569202340932884766,finish=1569202340936548788,duration=3664022,event=setup_casher[0Ktravis_time:start:2486f5ff[0Kattempting to download cache archive[0m
[32;1mfetching master/cache-linux-xenial-e3b0c44298fc1c149afbf4c8996fb92427ae41e4649b934ca495991b7852b855--node-10.tgz[0m
[32;1mfound cache[0m
travis_time:end:2486f5ff:start=1569202340940889379,finish=1569202343086961108,duration=2146071729,event=setup_casher[0Ktravis_fold:end:cache.1[0K
travis_fold:start:cache.npm[0K
travis_time:start:0544244e[0Ktravis_time:end:0544244e:start=1569202343309580066,finish=1569202343313239002,duration=3658936,event=setup_cache[0Ktravis_time:start:0ba66380[0Kadding /home/travis/build/paypal/paypal-smart-payment-buttons/node_modules to cache[0m
creating directory /home/travis/build/paypal/paypal-smart-payment-buttons/node_modules[0m
travis_time:end:0ba66380:start=1569202343318522380,finish=1569202349942496482,duration=6623974102,event=setup_cache[0Ktravis_fold:end:cache.npm[0K$ node --version
v10.16.3
$ npm --version
6.11.3
$ nvm --version
0.34.0

travis_fold:start:install.npm[0Ktravis_time:start:01b1011a[0K$ npm install 
[37;40mnpm[0m [0m[30;43mWARN[0m [0m[35mprepublish-on-install[0m As of npm@5, `prepublish` scripts are deprecated.
[0m[37;40mnpm[0m [0m[30;43mWARN[0m [0m[35mprepublish-on-install[0m Use `prepare` for build steps and `prepublishOnly` for upload-only.
[0m[37;40mnpm[0m [0m[30;43mWARN[0m [0m[35mprepublish-on-install[0m See the deprecation note in `npm help scripts` for more information.
[0m
> @paypal/smart-payment-buttons@2.0.134 prepublish /home/travis/build/paypal/paypal-smart-payment-buttons
> in-publish && npm run babel || not-in-publish

[37;40mnpm[0m [0m[30;43mWARN[0m[35m[0m @paypal/smart-payment-buttons@2.0.134 license should be a valid SPDX license expression
[0m[37;40mnpm[0m [0m[30;43mWARN[0m [0m[35moptional[0m SKIPPING OPTIONAL DEPENDENCY: fsevents@1.2.9 (node_modules/fsevents):
[0m[37;40mnpm[0m [0m[30;43mWARN[0m [0m[35mnotsup[0m SKIPPING OPTIONAL DEPENDENCY: Unsupported platform for fsevents@1.2.9: wanted {"os":"darwin","arch":"any"} (current: {"os":"linux","arch":"x64"})
[0m
audited 54119 packages in 11.419s
found [91m174[0m vulnerabilities (72 [1mlow[0m, 76 [93mmoderate[0m, 26 [91mhigh[0m)
  run `npm audit fix` to fix them, or `npm audit` for details
travis_time:end:01b1011a:start=1569202351139796635,finish=1569202363103722250,duration=11963925615,event=install[0Ktravis_fold:end:install.npm[0K
travis_time:start:1a6d36ae[0K$ npm run test

> @paypal/smart-payment-buttons@2.0.134 test /home/travis/build/paypal/paypal-smart-payment-buttons
> if [ ! $SKIP_TEST ]; then npm run lint && npm run flow-typed && npm run flow && npm run karma && npm run jest; fi;


> @paypal/smart-payment-buttons@2.0.134 lint /home/travis/build/paypal/paypal-smart-payment-buttons
> eslint src/ server/ test/ *.js


> @paypal/smart-payment-buttons@2.0.134 flow-typed /home/travis/build/paypal/paypal-smart-payment-buttons
> rm -rf ./flow-typed && flow-typed install --ignoreDeps peer && flow-typed install jest@22 mocha@3 && flow-typed install express@4.16 && sed -i -e 's/http$IncomingMessage,/http$IncomingMessage<>,/g' ./flow-typed/npm/express_v4.16.x.js

[before-after-hook]: "Hook()" repurposing warning, use "Hook.Collection()". Read more: https://git.io/upgrade-before-after-hook-to-1.4
â€¢ Found 16 dependencies in package.json to install libdefs for. Searching...
â€¢ flow-typed cache not found, fetching from GitHub...
â€¢ Installing 2 libDefs...
[1m  â€¢ flow-bin_v0.x.x.js[22m
[1m    â””> [32m./flow-typed/npm/flow-bin_v0.x.x.js[39m[22m
flow-bin
/home/travis/build/paypal/paypal-smart-payment-buttons/flow-typed/npm
[1m  â€¢ express_v4.16.x.js[22m
[1m    â””> [32m./flow-typed/npm/express_v4.16.x.js[39m[22m
express
/home/travis/build/paypal/paypal-smart-payment-buttons/flow-typed/npm
â€¢ Generating stubs for untyped dependencies...
[1m  â€¢ babel-core@^7.0.0-bridge.0[22m
[1m    â””> [31mflow-typed/npm/babel-core_vx.x.x.js[39m[22m
[1m  â€¢ @paypal/sdk-client@^4.0.27[22m
[1m    â””> [31mflow-typed/npm/@paypal/sdk-client_vx.x.x.js[39m[22m
[1m  â€¢ sync-browser-mocks@^2.0.1[22m
[1m    â””> [31mflow-typed/npm/sync-browser-mocks_vx.x.x.js[39m[22m
[1m  â€¢ grumbler-scripts@^3.0.18[22m
[1m    â””> [31mflow-typed/npm/grumbler-scripts_vx.x.x.js[39m[22m
[1m  â€¢ belter@^1.0.19[22m
[1m    â””> [31mflow-typed/npm/belter_vx.x.x.js[39m[22m
[1m  â€¢ grabthar@^3[22m
[1m    â””> [31mflow-typed/npm/grabthar_vx.x.x.js[39m[22m
[1m  â€¢ webpack-mem-compile@^1.0.2[22m
[1m    â””> [31mflow-typed/npm/webpack-mem-compile_vx.x.x.js[39m[22m
[1m  â€¢ jsx-pragmatic@^2[22m
[1m    â””> [31mflow-typed/npm/jsx-pragmatic_vx.x.x.js[39m[22m
[1m  â€¢ @paypal/checkout-components@^5.0.30[22m
[1m    â””> [31mflow-typed/npm/@paypal/checkout-components_vx.x.x.js[39m[22m
[31m[39m
[31m!! No flow@v0.100.0-compatible libdefs found in flow-typed for the above untyped dependencies !![39m

We've generated `any`-typed stubs for these packages, but consider submitting 
libdefs for them to [1mhttps://github.com/flowtype/flow-typed/[22m

[before-after-hook]: "Hook()" repurposing warning, use "Hook.Collection()". Read more: https://git.io/upgrade-before-after-hook-to-1.4
â€¢ Searching for 2 libdefs...
â€¢ Installing 1 libDefs...
[1m  â€¢ jest_v22.x.x.js[22m
[1m    â””> [32m./flow-typed/npm/jest_v22.x.x.js[39m[22m
jest
/home/travis/build/paypal/paypal-smart-payment-buttons/flow-typed/npm
â€¢ Generating stubs for untyped dependencies...
[1m  â€¢ mocha@3[22m
[1m    â””> [31mflow-typed/npm/mocha_vx.x.x.js[39m[22m
[31m[39m
[31m!! No flow@v0.100.0-compatible libdefs found in flow-typed for the above untyped dependencies !![39m

We've generated `any`-typed stubs for this package, but consider submitting 
a libdef for it to [1mhttps://github.com/flowtype/flow-typed/[22m

[before-after-hook]: "Hook()" repurposing warning, use "Hook.Collection()". Read more: https://git.io/upgrade-before-after-hook-to-1.4
â€¢ Searching for 1 libdefs...
â€¢ Installing 1 libDefs...
[1m  â€¢ express_v4.16.x.js[22m
[1m    â””> [32m./flow-typed/npm/express_v4.16.x.js[39m[22m
express
/home/travis/build/paypal/paypal-smart-payment-buttons/flow-typed/npm

> @paypal/smart-payment-buttons@2.0.134 flow /home/travis/build/paypal/paypal-smart-payment-buttons
> flow

Launching Flow server for /home/travis/build/paypal/paypal-smart-payment-buttons
Spawned flow server (pid=5974)
Logs will go to /tmp/flow/zShomezStraviszSbuildzSpaypalzSpaypal-smart-payment-buttons.log
Monitor logs will go to /tmp/flow/zShomezStraviszSbuildzSpaypalzSpaypal-smart-payment-buttons.monitor_log
Started a new flow server: -[0K[0KPlease wait. Server is starting up: \[0KPlease wait. Server is initializing (starting up): |[0KPlease wait. Server is initializing (parsed files 0): /[0KPlease wait. Server is initializing (parsed files 1000): -[0KPlease wait. Server is initializing (parsed files 1000): \[0KPlease wait. Server is initializing (parsed files 2000): |[0KPlease wait. Server is initializing (parsed files 2000): /[0KPlease wait. Server is initializing (parsed files 3000): -[0KPlease wait. Server is initializing (parsed files 3000): \[0KPlease wait. Server is initializing (parsed files 5000): |[0KPlease wait. Server is initializing (parsed files 5000): /[0KPlease wait. Server is initializing (parsed files 5000): -[0KPlease wait. Server is initializing (parsed files 5000): \[0KPlease wait. Server is initializing (parsed files 5000): |[0KPlease wait. Server is initializing (parsed files 6000): /[0KPlease wait. Server is initializing (parsed files 7000): -[0KPlease wait. Server is initializing (parsed files 10000): \[0KPlease wait. Server is initializing (parsed files 11000): |[0KPlease wait. Server is initializing (parsed files 13000): /[0KPlease wait. Server is initializing (parsed files 14000): -[0KPlease wait. Server is initializing (parsed files 16000): \[0KPlease wait. Server is initializing (parsed files 18000): |[0KPlease wait. Server is initializing (parsed files 18000): /[0KPlease wait. Server is initializing (parsed files 19000): -[0KPlease wait. Server is initializing (parsed files 19000): \[0KPlease wait. Server is initializing (parsed files 19000): |[0KPlease wait. Server is initializing (parsed files 19000): /[0KPlease wait. Server is initializing (parsed files 19000): -[0KPlease wait. Server is initializing (parsed files 19000): \[0KPlease wait. Server is initializing (parsed files 19000): |[0KPlease wait. Server is initializing (parsed files 19000): /[0KPlease wait. Server is initializing (parsed files 19000): -[0KPlease wait. Server is initializing (parsed files 19000): \[0KPlease wait. Server is initializing (parsed files 19497): |[0KPlease wait. Server is initializing (parsed files 19497): /[0KPlease wait. Server is initializing (parsed files 19497): -[0KPlease wait. Server is initializing (parsed files 19497): \[0KPlease wait. Server is initializing (parsed files 19497): |[0KPlease wait. Server is initializing (parsed files 19497): /[0KPlease wait. Server is initializing (resolving dependencies): -[0KPlease wait. Server is initializing (resolving dependencies): \[0KPlease wait. Server is initializing (waiting for Watchman - giving up in 18 seconds): |[0KPlease wait. Server is initializing (parsed files 0/0 (0.0%)): /[0KPlease wait. Server is initializing (merged files 42/145 (29.0%)): -[0KPlease wait. Server is initializing (merged files 75/145 (51.7%)): \[0KPlease wait. Server is initializing (merged files 85/145 (58.6%)): |[0KPlease wait. Server is initializing (merged files 100/145 (69.0%)): /[0KPlease wait. Server is initializing (merged files 123/145 (84.8%)): -[0KPlease wait. Server is initializing (merged files 141/145 (97.2%)): \[0KPlease wait. Server is initializing (finishing up): |[0KPlease wait. Server is handling a request (starting up): /[0KPlease wait. Server is handling a request (collating errors): -[0KNo errors!

> @paypal/smart-payment-buttons@2.0.134 karma /home/travis/build/paypal/paypal-smart-payment-buttons
> cross-env NODE_ENV=test babel-node --plugins=transform-es2015-modules-commonjs ./node_modules/.bin/karma start

[33m23 09 2019 01:33:30.126:WARN [watcher]: [39mPattern "/home/travis/build/paypal/paypal-smart-payment-buttons/test/**/*.jsx" does not match any file.
[33m23 09 2019 01:33:30.132:WARN [watcher]: [39mPattern "/home/travis/build/paypal/paypal-smart-payment-buttons/test/**/*.htm" does not match any file.
[34mâ„¹[39m [90mï½¢wdmï½£[39m: Hash: 1c6678cd1378b7c17659
Version: webpack 4.40.2
Time: 5438ms
Built at: 09/23/2019 1:33:40 AM
               Asset      Size             Chunks             Chunk Names
             main.js   849 KiB               main  [emitted]  main
test/declarations.js  4.04 KiB  test/declarations  [emitted]  test/declarations
       test/index.js  1.06 MiB         test/index  [emitted]  test/index
Entrypoint main = main.js
Entrypoint test/index = test/index.js
Entrypoint test/declarations = test/declarations.js
[./node_modules/@babel/runtime/helpers/esm/extends.js] 397 bytes {main} {test/index} [built]
[./node_modules/@paypal/sdk-constants/index.js] 112 bytes {test/index} [built]
[./node_modules/@paypal/sdk-constants/src/index.js] ./node_modules/@paypal/sdk-constants/src/index.js + 8 modules 15.3 KiB {main} {test/index} [built]
    | ./node_modules/@paypal/sdk-constants/src/index.js 206 bytes [built]
    | ./node_modules/@paypal/sdk-constants/src/locale.js 10.4 KiB [built]
    | ./node_modules/@paypal/sdk-constants/src/params.js 1.38 KiB [built]
    | ./node_modules/@paypal/sdk-constants/src/env.js 122 bytes [built]
    | ./node_modules/@paypal/sdk-constants/src/fpti.js 1.49 KiB [built]
    | ./node_modules/@paypal/sdk-constants/src/order.js 586 bytes [built]
    | ./node_modules/@paypal/sdk-constants/src/platform.js 67 bytes [built]
    | ./node_modules/@paypal/sdk-constants/src/funding.js 622 bytes [built]
    | ./node_modules/@paypal/sdk-constants/src/defaults.js 537 bytes [built]
[./node_modules/belter/src/index.js] ./node_modules/belter/src/index.js + 16 modules 69.4 KiB {main} {test/index} [built]
    | ./node_modules/belter/src/index.js 281 bytes [built]
    | ./node_modules/belter/src/device.js 3.61 KiB [built]
    | ./node_modules/belter/src/util.js 23.6 KiB [built]
    | ./node_modules/belter/src/dom.js 22 KiB [built]
    | ./node_modules/belter/src/storage.js 2.39 KiB [built]
    | ./node_modules/belter/src/experiment.js 2.92 KiB [built]
    | ./node_modules/belter/src/global.js 554 bytes [built]
    | ./node_modules/belter/src/http.js 4.07 KiB [built]
    | ./node_modules/belter/src/types.js 89 bytes [built]
    | ./node_modules/belter/src/decorators.js 320 bytes [built]
    | ./node_modules/belter/src/css.js 981 bytes [built]
    | ./node_modules/belter/src/test.js 3.19 KiB [built]
    | ./node_modules/cross-domain-safe-weakmap/src/index.js 62 bytes [built]
    | ./node_modules/belter/src/constants.js 39 bytes [built]
    | ./node_modules/cross-domain-safe-weakmap/src/weakmap.js 4.55 KiB [built]
    |     + 2 hidden modules
[./node_modules/zalgo-promise/index.js] 96 bytes {test/index} [built]
[./node_modules/zalgo-promise/src/index.js] ./node_modules/zalgo-promise/src/index.js + 4 modules 11.9 KiB {main} {test/index} [built]
    | ./node_modules/zalgo-promise/src/index.js 41 bytes [built]
    | ./node_modules/zalgo-promise/src/promise.js 9.72 KiB [built]
    | ./node_modules/zalgo-promise/src/utils.js 832 bytes [built]
    | ./node_modules/zalgo-promise/src/exceptions.js 833 bytes [built]
    | ./node_modules/zalgo-promise/src/flush.js 480 bytes [built]
[./src/api/index.js] ./src/api/index.js + 3 modules 52.6 KiB {main} {test/index} [built]
    | ./src/api/index.js 840 bytes [built]
    | ./src/api/auth.js 7.53 KiB [built]
    | ./src/api/order.js 28.2 KiB [built]
    | ./src/api/subscription.js 16 KiB [built]
[./src/button/button.js] ./src/button/button.js + 9 modules 258 KiB {main} {test/index} [built]
    | ./src/button/button.js 43.8 KiB [built]
    | ./src/payment-flows/index.js 864 bytes [built]
    | ./src/payment-flows/popup-bridge.js 18.6 KiB [built]
    | ./src/payment-flows/native.js 48.3 KiB [built]
    | ./src/button/orders.js 20.2 KiB [built]
    | ./src/button/logs.js 11.4 KiB [built]
    | ./src/button/remember.js 4.18 KiB [built]
    | ./src/payment-flows/checkout.js 44.2 KiB [built]
    | ./src/payment-flows/card-fields.js 39.8 KiB [built]
    | ./src/payment-flows/vault.js 26.5 KiB [built]
[./src/button/dom.js] 7.4 KiB {main} {test/index} [built]
[./src/button/index.js] 817 bytes {main} {test/index} [built]
[./src/button/props/index.js] 1.18 KiB {main} {test/index} [built]
[./src/index.js] 802 bytes {main} {test/index} [built]
[./src/menu/index.js] ./src/menu/index.js + 5 modules 22.9 KiB {main} {test/index} [built]
    | ./src/menu/index.js 786 bytes [built]
    | ./src/menu/page.jsx 3.26 KiB [built]
    | ./node_modules/preact/dist/preact.module.js 8.66 KiB [built]
    | ./src/menu/menu.jsx 5.6 KiB [built]
    | ./src/menu/hooks.js 2.67 KiB [built]
    | ./node_modules/preact/hooks/dist/hooks.module.js 1.95 KiB [built]
[./test/declarations.js] 0 bytes {test/declarations} [built]
[./test/index.js] ./test/index.js + 20 modules 183 KiB {test/index} [built]
    | ./test/index.js 18 bytes [built]
    | ./test/client/index.js 371 bytes [built]
    | ./test/client/mocks.js 17.9 KiB [built]
    | ./test/client/happy.js 30 KiB [built]
    | ./test/client/actions.js 27.7 KiB [built]
    | ./test/client/auth.js 3.06 KiB [built]
    | ./test/client/contingency.js 19.1 KiB [built]
    | ./test/client/funding.js 2.62 KiB [built]
    | ./test/client/error.js 3.68 KiB [built]
    | ./test/client/eligibility.js 1.22 KiB [built]
    | ./test/client/validation.js 9.5 KiB [built]
    | ./test/client/prerender.js 9.47 KiB [built]
    | ./test/client/vault.js 12.7 KiB [built]
    | ./test/client/clientConfig.js 9.84 KiB [built]
    | ./test/client/popupBridge.js 8.88 KiB [built]
    |     + 6 hidden modules
    + 21 hidden modules
[34mâ„¹[39m [90mï½¢wdmï½£[39m: Compiled successfully.

  happy cases
    [32mâœ“ [39mshould render a button with createOrder, click the button, and render checkout
    [32mâœ“ [39mshould render a button, click the button, and render checkout, then pass onApprove callback to the parent with a paymentID
    [32mâœ“ [39mshould render a button with createBillingAgreement, click the button, and render checkout
    [32mâœ“ [39mshould render a button with createSubscription, click the button, and render checkout
    [32mâœ“ [39mshould render a button, press enter on the button, and render checkout
    [32mâœ“ [39mshould render a button, click the button, and call onClick
    [32mâœ“ [39mshould render a button, press enter on the button, and call onClick
    [32mâœ“ [39mshould render a button, click the button, and render checkout, then call onCancel
    [32mâœ“ [39mshould render a button, click the button, and render checkout, onApprove, restart and call onApprove again
    [32mâœ“ [39mshould not error out if server-passed merchant id is different to payee
    [32mâœ“ [39mshould not error out if no merchant-id is passed in xprops

  actions cases
    [32mâœ“ [39mshould render a button, click the button, and render checkout, then pass onApprove callback to the parent with actions.order.create
    [32mâœ“ [39mshould render a button, click the button, and render checkout, then pass onApprove callback to the parent with actions.order.get
    [32mâœ“ [39mshould render a button, click the button, and render checkout, then pass onApprove callback to the parent with actions.order.capture
    [32mâœ“ [39mshould render a button, click the button, and render checkout, then pass onApprove callback to the parent with actions.order.authorize
    [32mâœ“ [39mshould render a button, click the button, and render checkout, then pass onShippingChange callback to the parent with actions.order.patch
    [32mâœ“ [39mshould render a button, click the button, and render checkout, then pass onApprove callback to the parent with actions.order.patch
    [32mâœ“ [39mshould render a subscription button, click the button, and render checkout, then pass onApprove callback to the parent with actions.subscription.create
    [32mâœ“ [39mshould render a revise subscription button, click the button, and render checkout, then pass onApprove callback to the parent with actions.subscription.revise

  auth cases
    [32mâœ“ [39mshould render a button, call onAuth, and pass the access token to order get

  contingency cases
    [32mâœ“ [39mshould render a button, click the button, and render checkout, then pass onApprove callback to the parent with actions.order.capture and auto restart with INSTRUMENT_DECLINED
    [32mâœ“ [39mshould render a button, click the button, and render checkout, then pass onApprove callback to the parent with actions.order.capture and auto restart with PAYER_ACTION_REQUIRED
    [32mâœ“ [39mshould render a button, click the button, and render checkout, then pass onApprove callback to the parent with actions.order.authorize and auto restart with INSTRUMENT_DECLINED
    [32mâœ“ [39mshould render a button, click the button, and render checkout, then pass onApprove callback to the parent with actions.order.authorize and auto restart with PAYER_ACTION_REQUIRED

  funding source cases
    [32mâœ“ [39mshould render a button, click the button, and render checkout with paypal funding source
    [32mâœ“ [39mshould render a button, click the button, and render checkout with venmo funding source

  error cases
    [32mâœ“ [39mshould call xprops.onError for any onApprove error
    [32mâœ“ [39mshould call xprops.onError for any onCancel error
    [32mâœ“ [39mshould error on button setup if paypal not defined

  eligibility cases
    [32mâœ“ [39mshould call xprops.remember with venmo if venmo is eligible

  validation cases
    [32mâœ“ [39mshould render a button, enable the button, click, and call createOrder or onApprove
    [32mâœ“ [39mshould render a button, disable the button, click, and not call Checkout or createOrder or onApprove
    [32mâœ“ [39mshould render a button, disable the button, click, re-enable the button, click, and call createOrder or onApprove
    [32mâœ“ [39mshould render a button, and resolve in onClick
    [32mâœ“ [39mshould render a button, and reject in onClick
    [32mâœ“ [39mshould render a button, and reject in onClick, then click again and resolve

  prerender cases
    [32mâœ“ [39mshould prerender a button, and call createOrder or onApprove
    [32mâœ“ [39mshould render a button, enable the button, click, and call createOrder or onApprove
    [32mâœ“ [39mshould render a button, disable the button, click, and not call Checkout or createOrder or onApprove
    [32mâœ“ [39mshould render a button, disable the button, re-enable the button, click, and call createOrder or onApprove
    [32mâœ“ [39mshould render a button, and resolve in onClick
    [32mâœ“ [39mshould render a button, and reject in onClick

  vault cases
    [32mâœ“ [39mshould set up a new forced-vaulted funding source
    [32mâœ“ [39mshould set up a new forced-vaulted funding source, and fail because paypal is not vaulable
    [32mâœ“ [39mshould set up a new optionally-vaulted funding source
    [32mâœ“ [39mshould not set up a new optionally-vaulted funding source when vaulting is not eligible
    [32mâœ“ [39mshould continue with a one time payment for a new optionally-vaulted funding source when enableVault errors out
    [32mâœ“ [39mshould pay with an existing vaulted paypal account
    [32mâœ“ [39mshould pay with an existing vaulted card

  client config cases
    [32mâœ“ [39mshould pass the correct basic values for incontext checkout
    [32mâœ“ [39mshould pass the correct basic values for inline card fields
    [32mâœ“ [39mshould pass paypal when button clicked
    [32mâœ“ [39mshould pass venmo when button clicked
    [32mâœ“ [39mshould pass credit when button clicked

  popup bridge cases
    [32mâœ“ [39mshould render a button with createOrder, click the button, and render checkout using popup bridge
    [32mâœ“ [39mshould render a button with createOrder, click the button, and cancel using popup bridge
    [32mâœ“ [39mshould render a button with createOrder, click the button, and render checkout using popup bridge returning paymentID
    [32mâœ“ [39mshould render a button with createOrder, click the button, and render checkout using popup bridge returning billingToken

  card field cases
    [32mâœ“ [39mshould render a button with createOrder, click the button, and render checkout

  native cases
    [31mâœ— [39m[31mshould render a button with createOrder, click the button, and render checkout[39m
	Error: Expected window to have been redirected to /checkoutnow. Current hash is #http://localhost:9876//smart/checkout/native?sessionUID=fe96390ed1_mde6mzm6nde
	    at test/index.js:46024:17
	    at Generator.next (<anonymous>)
	    at asyncGeneratorStep (test/index.js:40770:24)
	    at _next (test/index.js:40792:9)


HeadlessChrome 77.0.3865 (Linux 0.0.0): Executed 60 of 64[31m (1 FAILED)[39m (9.606 secs / 9.265 secs)
[31mTOTAL: 1 FAILED, 59 SUCCESS[39m


[31m1) should render a button with createOrder, click the button, and render checkout
[39m[31m     native cases
[39m     [90mError: Expected window to have been redirected to /checkoutnow. Current hash is #http://localhost:9876//smart/checkout/native?sessionUID=fe96390ed1_mde6mzm6nde
    at test/index.js:46024:17
    at Generator.next (<anonymous>)
    at asyncGeneratorStep (test/index.js:40770:24)
    at _next (test/index.js:40792:9)
[39m

----------------------------|----------|----------|----------|----------|----------------|
File                        |  % Stmts | % Branch |  % Funcs |  % Lines |Uncovered Lines |
----------------------------|----------|----------|----------|----------|----------------|
 [32;1msrc/                      [0m |[32;1m      100[0m |[32;1m      100[0m |[32;1m      100[0m |[32;1m      100[0m |[31;1m               [0m |
  [32;1mconfig.js                [0m |[32;1m      100[0m |[32;1m      100[0m |[32;1m      100[0m |[32;1m      100[0m |[31;1m               [0m |
  [32;1mconstants.js             [0m |[32;1m      100[0m |[32;1m      100[0m |[32;1m      100[0m |[32;1m      100[0m |[31;1m               [0m |
  [32;1mindex.js                 [0m |[32;1m      100[0m |[32;1m      100[0m |[32;1m      100[0m |[32;1m      100[0m |[31;1m               [0m |
 [32;1msrc/api/                  [0m |[32;1m    81.82[0m |[33;1m    57.53[0m |[32;1m      100[0m |[32;1m    81.82[0m |[31;1m               [0m |
  [32;1mapi.js                   [0m |[32;1m    82.14[0m |[33;1m    69.57[0m |[32;1m      100[0m |[32;1m    82.14[0m |[31;1m20,35,70,74,101[0m |
  [33;1mauth.js                  [0m |[33;1m    77.78[0m |[33;1m       75[0m |[32;1m      100[0m |[33;1m    77.78[0m |[31;1m          30,34[0m |
  [32;1mindex.js                 [0m |[32;1m      100[0m |[32;1m      100[0m |[32;1m      100[0m |[32;1m      100[0m |[31;1m               [0m |
  [32;1morder.js                 [0m |[32;1m    92.59[0m |[31;1m    42.31[0m |[32;1m      100[0m |[32;1m    92.59[0m |[31;1m         53,198[0m |
  [33;1msubscription.js          [0m |[33;1m    70.83[0m |[33;1m    56.25[0m |[32;1m      100[0m |[33;1m    70.83[0m |[31;1m... 68,72,76,92[0m |
 [32;1msrc/button/               [0m |[32;1m    91.87[0m |[32;1m     81.4[0m |[32;1m      100[0m |[32;1m    91.87[0m |[31;1m               [0m |
  [32;1mbutton.js                [0m |[32;1m    94.37[0m |[32;1m    85.29[0m |[32;1m      100[0m |[32;1m    94.37[0m |[31;1m 64,129,174,186[0m |
  [32;1mdom.js                   [0m |[32;1m      100[0m |[33;1m       75[0m |[32;1m      100[0m |[32;1m      100[0m |[31;1m               [0m |
  [32;1mindex.js                 [0m |[32;1m      100[0m |[32;1m      100[0m |[32;1m      100[0m |[32;1m      100[0m |[31;1m               [0m |
  [32;1mlogs.js                  [0m |[32;1m    93.33[0m |[33;1m    72.73[0m |[32;1m      100[0m |[32;1m    93.33[0m |[31;1m             16[0m |
  [33;1morders.js                [0m |[33;1m    78.26[0m |[33;1m    78.13[0m |[32;1m      100[0m |[33;1m    78.26[0m |[31;1m 58,62,69,73,85[0m |
  [32;1mremember.js              [0m |[32;1m      100[0m |[32;1m      100[0m |[32;1m      100[0m |[32;1m      100[0m |[31;1m               [0m |
 [33;1msrc/button/props/         [0m |[33;1m    78.71[0m |[33;1m    59.32[0m |[32;1m    92.41[0m |[33;1m    78.35[0m |[31;1m               [0m |
  [32;1mcreateBillingAgreement.js[0m |[32;1m    88.89[0m |[32;1m    83.33[0m |[32;1m      100[0m |[32;1m    88.89[0m |[31;1m             37[0m |
  [33;1mcreateOrder.js           [0m |[33;1m    79.55[0m |[33;1m    60.98[0m |[32;1m      100[0m |[33;1m    79.55[0m |[31;1m... 118,131,135[0m |
  [32;1mcreateSubscription.js    [0m |[32;1m    93.75[0m |[32;1m    83.33[0m |[32;1m      100[0m |[32;1m    93.75[0m |[31;1m             53[0m |
  [32;1mgetPageUrl.js            [0m |[32;1m      100[0m |[32;1m      100[0m |[32;1m      100[0m |[32;1m      100[0m |[31;1m               [0m |
  [32;1mgetPopupBridge.js        [0m |[32;1m      100[0m |[32;1m      100[0m |[32;1m      100[0m |[32;1m      100[0m |[31;1m               [0m |
  [32;1mindex.js                 [0m |[32;1m      100[0m |[32;1m      100[0m |[32;1m      100[0m |[32;1m      100[0m |[31;1m               [0m |
  [33;1monApprove.js             [0m |[33;1m    64.44[0m |[31;1m       44[0m |[32;1m    85.71[0m |[33;1m     61.9[0m |[31;1m... 146,147,148[0m |
  [33;1monCancel.js              [0m |[33;1m     61.9[0m |[31;1m    27.27[0m |[32;1m    88.89[0m |[33;1m     61.9[0m |[31;1m... 37,38,39,42[0m |
  [32;1monClick.js               [0m |[32;1m      100[0m |[32;1m      100[0m |[32;1m      100[0m |[32;1m      100[0m |[31;1m               [0m |
  [32;1monError.js               [0m |[32;1m      100[0m |[32;1m      100[0m |[32;1m      100[0m |[32;1m      100[0m |[31;1m               [0m |
  [32;1monInit.js                [0m |[32;1m      100[0m |[33;1m       50[0m |[32;1m      100[0m |[32;1m      100[0m |[31;1m               [0m |
  [32;1monShippingChange.js      [0m |[32;1m       80[0m |[32;1m       80[0m |[33;1m    66.67[0m |[32;1m    85.71[0m |[31;1m          44,49[0m |
  [32;1mprops.js                 [0m |[32;1m       80[0m |[33;1m    71.43[0m |[32;1m      100[0m |[32;1m       80[0m |[31;1m... 104,108,112[0m |
  [32;1mrememberFunding.js       [0m |[32;1m      100[0m |[32;1m      100[0m |[32;1m      100[0m |[32;1m      100[0m |[31;1m               [0m |
  [32;1mtypes.js                 [0m |[32;1m      100[0m |[32;1m      100[0m |[32;1m      100[0m |[32;1m      100[0m |[31;1m               [0m |
 [33;1msrc/lib/                  [0m |[33;1m       50[0m |[31;1m    34.41[0m |[33;1m    54.93[0m |[31;1m    49.51[0m |[31;1m               [0m |
  [32;1mindex.js                 [0m |[32;1m      100[0m |[32;1m      100[0m |[32;1m      100[0m |[32;1m      100[0m |[31;1m               [0m |
  [33;1mlogger.js                [0m |[33;1m       75[0m |[33;1m       75[0m |[32;1m    83.33[0m |[33;1m       75[0m |[31;1m       70,75,80[0m |
  [33;1msocket.js                [0m |[33;1m    51.76[0m |[31;1m    34.57[0m |[33;1m    54.55[0m |[33;1m    51.19[0m |[31;1m... 463,466,471[0m |
  [31;1mutil.js                  [0m |[31;1m       25[0m |[31;1m     12.5[0m |[31;1m       40[0m |[31;1m       25[0m |[31;1m... 45,51,52,60[0m |
 [31;1msrc/menu/                 [0m |[31;1m        0[0m |[32;1m      100[0m |[31;1m        0[0m |[31;1m        0[0m |[31;1m               [0m |
  [31;1mhooks.js                 [0m |[31;1m        0[0m |[32;1m      100[0m |[31;1m        0[0m |[31;1m        0[0m |[31;1m          6,7,8[0m |
  [32;1mindex.js                 [0m |[32;1m      100[0m |[32;1m      100[0m |[32;1m      100[0m |[32;1m      100[0m |[31;1m               [0m |
  [31;1mmenu.jsx                 [0m |[31;1m        0[0m |[32;1m      100[0m |[31;1m        0[0m |[31;1m        0[0m |[31;1m       45,79,82[0m |
  [31;1mpage.jsx                 [0m |[31;1m        0[0m |[32;1m      100[0m |[31;1m        0[0m |[31;1m        0[0m |[31;1m       16,18,49[0m |
 [33;1msrc/payment-flows/        [0m |[33;1m    73.52[0m |[33;1m    68.79[0m |[33;1m    68.42[0m |[33;1m    74.04[0m |[31;1m               [0m |
  [32;1mcard-fields.js           [0m |[32;1m    81.69[0m |[33;1m    73.33[0m |[32;1m    84.21[0m |[32;1m    81.69[0m |[31;1m... 159,167,176[0m |
  [32;1mcheckout.js              [0m |[32;1m    86.15[0m |[33;1m    76.92[0m |[32;1m     87.5[0m |[32;1m    86.15[0m |[31;1m... 104,142,202[0m |
  [32;1mindex.js                 [0m |[32;1m      100[0m |[32;1m      100[0m |[32;1m      100[0m |[32;1m      100[0m |[31;1m               [0m |
  [33;1mnative.js                [0m |[33;1m    61.18[0m |[33;1m    61.54[0m |[31;1m    40.91[0m |[33;1m     61.9[0m |[31;1m... 260,267,268[0m |
  [32;1mpopup-bridge.js          [0m |[32;1m    85.19[0m |[33;1m    68.75[0m |[32;1m       90[0m |[32;1m    85.19[0m |[31;1m   43,73,98,106[0m |
  [33;1mvault.js                 [0m |[33;1m    56.41[0m |[33;1m    58.82[0m |[33;1m       50[0m |[33;1m    57.89[0m |[31;1m... 100,122,124[0m |
----------------------------|----------|----------|----------|----------|----------------|
[33;1mAll files                  [0m |[33;1m    72.65[0m |[33;1m    60.86[0m |[33;1m    75.48[0m |[33;1m    72.78[0m |[31;1m               [0m |
----------------------------|----------|----------|----------|----------|----------------|

[37;40mnpm[0m [0m[31;40mERR![0m [0m[35mcode[0m ELIFECYCLE
[0m[37;40mnpm[0m [0m[31;40mERR![0m [0m[35merrno[0m 1
[0m[37;40mnpm[0m [0m[31;40mERR![0m[35m[0m @paypal/smart-payment-buttons@2.0.134 karma: `cross-env NODE_ENV=test babel-node --plugins=transform-es2015-modules-commonjs ./node_modules/.bin/karma start`
[0m[37;40mnpm[0m [0m[31;40mERR![0m[35m[0m Exit status 1
[0m[37;40mnpm[0m [0m[31;40mERR![0m[35m[0m 
[0m[37;40mnpm[0m [0m[31;40mERR![0m[35m[0m Failed at the @paypal/smart-payment-buttons@2.0.134 karma script.
[0m[37;40mnpm[0m [0m[31;40mERR![0m[35m[0m This is probably not a problem with npm. There is likely additional logging output above.
[0m
[37;40mnpm[0m [0m[31;40mERR![0m[35m[0m A complete log of this run can be found in:
[0m[37;40mnpm[0m [0m[31;40mERR![0m[35m[0m     /home/travis/.npm/_logs/2019-09-23T01_33_51_798Z-debug.log
[0m[37;40mnpm[0m [0m[31;40mERR![0m [0m[35mcode[0m ELIFECYCLE
[0m[37;40mnpm[0m [0m[31;40mERR![0m [0m[35merrno[0m 1
[0m[37;40mnpm[0m [0m[31;40mERR![0m[35m[0m @paypal/smart-payment-buttons@2.0.134 test: `if [ ! $SKIP_TEST ]; then npm run lint && npm run flow-typed && npm run flow && npm run karma && npm run jest; fi;`
[0m[37;40mnpm[0m [0m[31;40mERR![0m[35m[0m Exit status 1
[0m[37;40mnpm[0m [0m[31;40mERR![0m[35m[0m 
[0m[37;40mnpm[0m [0m[31;40mERR![0m[35m[0m Failed at the @paypal/smart-payment-buttons@2.0.134 test script.
[0m[37;40mnpm[0m [0m[31;40mERR![0m[35m[0m This is probably not a problem with npm. There is likely additional logging output above.
[0m
[37;40mnpm[0m [0m[31;40mERR![0m[35m[0m A complete log of this run can be found in:
[0m[37;40mnpm[0m [0m[31;40mERR![0m[35m[0m     /home/travis/.npm/_logs/2019-09-23T01_33_51_815Z-debug.log
[0mtravis_time:end:1a6d36ae:start=1569202363108922160,finish=1569202431827502291,duration=68718580131,event=script[0K[31;1mThe command "npm run test" exited with 1.[0m
travis_fold:start:cache.2[0Kstore build cache
travis_time:start:088b02ee[0Ktravis_time:end:088b02ee:start=1569202431832825621,finish=1569202431836784744,duration=3959123,event=cache[0Ktravis_time:start:08ada67c[0K[32;1mchanges detected (content changed, file is created, or file is deleted):\n/home/travis/build/paypal/paypal-smart-payment-buttons/node_modules/.cache/@babel/register/.babel.7.6.0.test.json\n[0m
[32;1mchanges detected, packing new archive[0m
[32;1muploading master/cache-linux-xenial-e3b0c44298fc1c149afbf4c8996fb92427ae41e4649b934ca495991b7852b855--node-10.tgz[0m
[32;1mcache uploaded[0m
travis_time:end:08ada67c:start=1569202431842028292,finish=1569202445465293598,duration=13623265306,event=cache[0Ktravis_fold:end:cache.2[0K

Done. Your build exited with 1.
