travis_fold:start:worker_info[0K[33;1mWorker information[0m
hostname: 61c782cf-4917-4a5e-a6a4-b4833e5a7797@1.worker-org-95567d544-82jck.gce-production-3
version: v6.2.1 https://github.com/travis-ci/worker/tree/4e3246c044eb4915c2378ffacd0b3d3ed0136bba
instance: travis-job-38a59dc8-c299-43f7-824e-befac73cf5ff travis-ci-sardonyx-xenial-1553530528-f909ac5 (via amqp)
startup: 6.465081674s
travis_fold:end:worker_info[0Ktravis_time:start:098da416[0Ktravis_time:end:098da416:start=1569868372055736480,finish=1569868372243553446,duration=187816966,event=no_world_writable_dirs[0Ktravis_time:start:1443a968[0Ktravis_time:end:1443a968:start=1569868372247644288,finish=1569868372257165803,duration=9521515,event=agent[0Ktravis_time:start:213c275d[0Ktravis_time:end:213c275d:start=1569868372261075309,finish=1569868372263876418,duration=2801109,event=check_unsupported[0Ktravis_time:start:21060f8d[0Ktravis_fold:start:system_info[0K[33;1mBuild system information[0m
Build language: node_js
Build group: stable
Build dist: xenial
Build id: 591633832
Job id: 591633833
Runtime kernel version: 4.15.0-1028-gcp
travis-build version: beba64be6
[34m[1mBuild image provisioning date and time[0m
Mon Mar 25 16:43:24 UTC 2019
[34m[1mOperating System Details[0m
Distributor ID:	Ubuntu
Description:	Ubuntu 16.04.6 LTS
Release:	16.04
Codename:	xenial
[34m[1mSystemd Version[0m
systemd 229
[34m[1mCookbooks Version[0m
42e42e4 https://github.com/travis-ci/travis-cookbooks/tree/42e42e4
[34m[1mgit version[0m
git version 2.21.0
[34m[1mbash version[0m
GNU bash, version 4.3.48(1)-release (x86_64-pc-linux-gnu)
[34m[1mgcc version[0m
gcc (Ubuntu 5.4.0-6ubuntu1~16.04.11) 5.4.0 20160609
[34m[1mdocker version[0m
Client:
 Version:           18.06.0-ce
 API version:       1.38
 Go version:        go1.10.3
 Git commit:        0ffa825
 Built:             Wed Jul 18 19:11:02 2018
 OS/Arch:           linux/amd64
 Experimental:      false

Server:
 Engine:
  Version:          18.06.0-ce
  API version:      1.38 (minimum version 1.12)
  Go version:       go1.10.3
  Git commit:       0ffa825
  Built:            Wed Jul 18 19:09:05 2018
  OS/Arch:          linux/amd64
  Experimental:     false
[34m[1mclang version[0m
clang version 7.0.0 (tags/RELEASE_700/final)
[34m[1mjq version[0m
jq-1.5
[34m[1mbats version[0m
Bats 0.4.0
[34m[1mshellcheck version[0m
0.6.0
[34m[1mshfmt version[0m
v2.6.3
[34m[1mccache version[0m
3.2.4
[34m[1mcmake version[0m
cmake version 3.12.4
[34m[1mheroku version[0m
heroku/7.22.7 linux-x64 node-v11.10.1
[34m[1mimagemagick version[0m
Version: ImageMagick 6.8.9-9 Q16 x86_64 2018-09-28 http://www.imagemagick.org
[34m[1mmd5deep version[0m
4.4
[34m[1mmercurial version[0m
version 4.8
[34m[1mmysql version[0m
mysql  Ver 14.14 Distrib 5.7.25, for Linux (x86_64) using  EditLine wrapper
[34m[1mopenssl version[0m
OpenSSL 1.0.2g  1 Mar 2016
[34m[1mpacker version[0m
1.3.3
[34m[1mpostgresql client version[0m
psql (PostgreSQL) 10.7 (Ubuntu 10.7-1.pgdg16.04+1)
[34m[1mragel version[0m
Ragel State Machine Compiler version 6.8 Feb 2013
[34m[1msudo version[0m
1.8.16
[34m[1mgzip version[0m
gzip 1.6
[34m[1mzip version[0m
Zip 3.0
[34m[1mvim version[0m
VIM - Vi IMproved 7.4 (2013 Aug 10, compiled Nov 24 2016 16:44:48)
[34m[1miptables version[0m
iptables v1.6.0
[34m[1mcurl version[0m
curl 7.47.0 (x86_64-pc-linux-gnu) libcurl/7.47.0 GnuTLS/3.4.10 zlib/1.2.8 libidn/1.32 librtmp/2.3
[34m[1mwget version[0m
GNU Wget 1.17.1 built on linux-gnu.
[34m[1mrsync version[0m
rsync  version 3.1.1  protocol version 31
[34m[1mgimme version[0m
v1.5.3
[34m[1mnvm version[0m
0.34.0
[34m[1mperlbrew version[0m
/home/travis/perl5/perlbrew/bin/perlbrew  - App::perlbrew/0.86
[34m[1mphpenv version[0m
rbenv 1.1.2
[34m[1mrvm version[0m
rvm 1.29.7 (latest) by Michal Papis, Piotr Kuczynski, Wayne E. Seguin [https://rvm.io]
[34m[1mdefault ruby version[0m
ruby 2.5.3p105 (2018-10-18 revision 65156) [x86_64-linux]
[34m[1mCouchDB version[0m
couchdb 1.6.1
[34m[1mElasticSearch version[0m
5.5.0
[34m[1mInstalled Firefox version[0m
firefox 63.0.1
[34m[1mMongoDB version[0m
MongoDB 4.0.7
[34m[1mPhantomJS version[0m
2.1.1
[34m[1mPre-installed PostgreSQL versions[0m
9.4.21
9.5.16
9.6.12
[34m[1mRedis version[0m
redis-server 5.0.4
[34m[1mPre-installed Go versions[0m
1.11.1
[34m[1mmvn version[0m
Apache Maven 3.6.0 (97c98ec64a1fdfee7767ce5ffb20918da4f719f3; 2018-10-24T18:41:47Z)
[34m[1mgradle version[0m
Gradle 4.10.2!
[34m[1mlein version[0m
Leiningen 2.9.1 on Java 11.0.2 OpenJDK 64-Bit Server VM
[34m[1mPre-installed Node.js versions[0m
v10.15.3
v11.0.0
v4.9.1
v6.17.0
v8.12.0
v8.15.1
v8.9
[34m[1mphpenv versions[0m
  system
  5.6
  5.6.40
  7.1
  7.1.27
  7.2
* 7.2.15 (set by /home/travis/.phpenv/version)
  hhvm
  hhvm-stable
[34m[1mcomposer --version[0m
Composer version 1.8.4 2019-02-11 10:52:10
[34m[1mPre-installed Ruby versions[0m
ruby-2.3.8
ruby-2.4.5
ruby-2.5.3
travis_fold:end:system_info[0K
travis_time:end:21060f8d:start=1569868372267709618,finish=1569868372275124819,duration=7415201,event=show_system_info[0Ktravis_time:start:0effe998[0Ktravis_time:end:0effe998:start=1569868372278868280,finish=1569868372294585344,duration=15717064,event=rm_riak_source[0Ktravis_time:start:18fe0574[0Ktravis_time:end:18fe0574:start=1569868372298316068,finish=1569868372305400028,duration=7083960,event=fix_rwky_redis[0Ktravis_time:start:1ca963a0[0Ktravis_time:end:1ca963a0:start=1569868372310167221,finish=1569868372668055531,duration=357888310,event=wait_for_network[0Ktravis_time:start:0092013a[0Ktravis_time:end:0092013a:start=1569868372671795584,finish=1569868372917788256,duration=245992672,event=update_apt_keys[0Ktravis_time:start:378365a1[0Ktravis_time:end:378365a1:start=1569868372921824654,finish=1569868372985810267,duration=63985613,event=fix_hhvm_source[0Ktravis_time:start:080413a4[0Ktravis_time:end:080413a4:start=1569868372989839044,finish=1569868372993195405,duration=3356361,event=update_mongo_arch[0Ktravis_time:start:091529c0[0Ktravis_time:end:091529c0:start=1569868372996835466,finish=1569868373046412497,duration=49577031,event=fix_sudo_enabled_trusty[0Ktravis_time:start:04f92e60[0Ktravis_time:end:04f92e60:start=1569868373050455281,finish=1569868373053247633,duration=2792352,event=update_glibc[0Ktravis_time:start:0150ec4a[0Ktravis_time:end:0150ec4a:start=1569868373056868246,finish=1569868373066729501,duration=9861255,event=clean_up_path[0Ktravis_time:start:18ff69b4[0Ktravis_time:end:18ff69b4:start=1569868373070343302,finish=1569868373080150603,duration=9807301,event=fix_resolv_conf[0Ktravis_time:start:03a6bbb8[0Ktravis_time:end:03a6bbb8:start=1569868373083938759,finish=1569868373095033506,duration=11094747,event=fix_etc_hosts[0Ktravis_time:start:1006c0e6[0Ktravis_time:end:1006c0e6:start=1569868373098996546,finish=1569868373109185949,duration=10189403,event=fix_mvn_settings_xml[0Ktravis_time:start:1363b3a8[0Ktravis_time:end:1363b3a8:start=1569868373113076864,finish=1569868373125428219,duration=12351355,event=no_ipv6_localhost[0Ktravis_time:start:10786ea5[0Ktravis_time:end:10786ea5:start=1569868373129450434,finish=1569868373132471812,duration=3021378,event=fix_etc_mavenrc[0Ktravis_time:start:1453676c[0Ktravis_time:end:1453676c:start=1569868373136427183,finish=1569868373140279245,duration=3852062,event=fix_wwdr_certificate[0Ktravis_time:start:0e829aa1[0Ktravis_time:end:0e829aa1:start=1569868373144007015,finish=1569868373173424827,duration=29417812,event=put_localhost_first[0Ktravis_time:start:025255ac[0Ktravis_time:end:025255ac:start=1569868373177290307,finish=1569868373180968861,duration=3678554,event=home_paths[0Ktravis_time:start:2b9762ea[0Ktravis_time:end:2b9762ea:start=1569868373184862008,finish=1569868373199257906,duration=14395898,event=disable_initramfs[0Ktravis_time:start:01e43a7b[0Ktravis_time:end:01e43a7b:start=1569868373202954504,finish=1569868373574872831,duration=371918327,event=disable_ssh_roaming[0Ktravis_time:start:1ac7acfd[0Ktravis_time:end:1ac7acfd:start=1569868373578822011,finish=1569868373581804779,duration=2982768,event=debug_tools[0Ktravis_time:start:057853f0[0Ktravis_time:end:057853f0:start=1569868373585455298,finish=1569868373589476290,duration=4020992,event=uninstall_oclint[0Ktravis_time:start:02f28f34[0Ktravis_time:end:02f28f34:start=1569868373593184658,finish=1569868373597058134,duration=3873476,event=rvm_use[0Ktravis_time:start:1b2b8362[0Ktravis_time:end:1b2b8362:start=1569868373600878090,finish=1569868373610509387,duration=9631297,event=rm_etc_boto_cfg[0Ktravis_time:start:146418c0[0Ktravis_time:end:146418c0:start=1569868373614353752,finish=1569868373617794645,duration=3440893,event=rm_oraclejdk8_symlink[0Ktravis_time:start:16771008[0Ktravis_time:end:16771008:start=1569868373622076980,finish=1569868373745439397,duration=123362417,event=enable_i386[0Ktravis_time:start:09378c00[0Ktravis_time:end:09378c00:start=1569868373749376560,finish=1569868373756392220,duration=7015660,event=update_rubygems[0Ktravis_time:start:04e94167[0Ktravis_time:end:04e94167:start=1569868373760176427,finish=1569868374701549907,duration=941373480,event=ensure_path_components[0Ktravis_time:start:00ac54fe[0Ktravis_time:end:00ac54fe:start=1569868374705564207,finish=1569868374708454580,duration=2890373,event=redefine_curl[0Ktravis_time:start:32b886bf[0Ktravis_time:end:32b886bf:start=1569868374712293310,finish=1569868374715162100,duration=2868790,event=nonblock_pipe[0Ktravis_time:start:339ac49a[0Ktravis_time:end:339ac49a:start=1569868374719028010,finish=1569868374837554603,duration=118526593,event=apt_get_update[0Ktravis_time:start:13087452[0Ktravis_time:end:13087452:start=1569868374841308506,finish=1569868374843974745,duration=2666239,event=deprecate_xcode_64[0Ktravis_time:start:054ee12e[0Ktravis_time:end:054ee12e:start=1569868374847499538,finish=1569868377678517614,duration=2831018076,event=update_heroku[0Ktravis_time:start:01d8d85e[0Ktravis_time:end:01d8d85e:start=1569868377682581636,finish=1569868377685444841,duration=2863205,event=shell_session_update[0Ktravis_time:start:05d31ed8[0Ktravis_fold:start:docker_mtu[0Ktravis_fold:end:docker_mtu[0Ktravis_time:end:05d31ed8:start=1569868377688971010,finish=1569868379951016118,duration=2262045108,event=set_docker_mtu[0Ktravis_time:start:03ab8d24[0Ktravis_fold:start:resolvconf[0Ktravis_fold:end:resolvconf[0Ktravis_time:end:03ab8d24:start=1569868379955084128,finish=1569868380034773711,duration=79689583,event=resolvconf[0Ktravis_time:start:13cb7932[0Ktravis_time:end:13cb7932:start=1569868380043754119,finish=1569868380207642027,duration=163887908,event=maven_central_mirror[0Ktravis_time:start:009021c0[0Ktravis_time:end:009021c0:start=1569868380212246065,finish=1569868380215249676,duration=3003611,event=fix_ps4[0Ktravis_fold:start:install_chrome[0K$ export CHROME_SOURCE_URL=https://dl.google.com/dl/linux/direct/google-chrome-stable_current_amd64.deb
[33;1mInstalling Google Chrome stable[0m
travis_time:start:24f23718[0K$ wget --no-verbose -O /tmp/$(basename $CHROME_SOURCE_URL) $CHROME_SOURCE_URL
2019-09-30 18:33:01 URL:https://dl.google.com/dl/linux/direct/google-chrome-stable_current_amd64.deb [61065690/61065690] -> "/tmp/google-chrome-stable_current_amd64.deb" [1]
travis_time:end:24f23718:start=1569868380272946962,finish=1569868381281500624,duration=1008553662,event=prepare[0K(Reading database ... (Reading database ... 5%(Reading database ... 10%(Reading database ... 15%(Reading database ... 20%(Reading database ... 25%(Reading database ... 30%(Reading database ... 35%(Reading database ... 40%(Reading database ... 45%(Reading database ... 50%(Reading database ... 55%(Reading database ... 60%(Reading database ... 65%(Reading database ... 70%(Reading database ... 75%(Reading database ... 80%(Reading database ... 85%(Reading database ... 90%(Reading database ... 95%(Reading database ... 100%(Reading database ... 124189 files and directories currently installed.)
Preparing to unpack .../google-chrome-stable_current_amd64.deb ...
Unpacking google-chrome-stable (77.0.3865.90-1) over (73.0.3683.86-1) ...
Setting up google-chrome-stable (77.0.3865.90-1) ...
Processing triggers for mime-support (3.59ubuntu1) ...
Processing triggers for man-db (2.7.5-1) ...
travis_fold:end:install_chrome[0Ktravis_time:start:0a9d90c7[0K
travis_fold:start:git.checkout[0Ktravis_time:start:10b0a558[0K$ git clone --depth=50 --branch=master https://github.com/paypal/paypal-smart-payment-buttons.git paypal/paypal-smart-payment-buttons
Cloning into 'paypal/paypal-smart-payment-buttons'...
remote: Enumerating objects: 503, done.[K
remote: Counting objects:   0% (1/503)[Kremote: Counting objects:   1% (6/503)[Kremote: Counting objects:   2% (11/503)[Kremote: Counting objects:   3% (16/503)[Kremote: Counting objects:   4% (21/503)[Kremote: Counting objects:   5% (26/503)[Kremote: Counting objects:   6% (31/503)[Kremote: Counting objects:   7% (36/503)[Kremote: Counting objects:   8% (41/503)[Kremote: Counting objects:   9% (46/503)[Kremote: Counting objects:  10% (51/503)[Kremote: Counting objects:  11% (56/503)[Kremote: Counting objects:  12% (61/503)[Kremote: Counting objects:  13% (66/503)[Kremote: Counting objects:  14% (71/503)[Kremote: Counting objects:  15% (76/503)[Kremote: Counting objects:  16% (81/503)[Kremote: Counting objects:  17% (86/503)[Kremote: Counting objects:  18% (91/503)[Kremote: Counting objects:  19% (96/503)[Kremote: Counting objects:  20% (101/503)[Kremote: Counting objects:  21% (106/503)[Kremote: Counting objects:  22% (111/503)[Kremote: Counting objects:  23% (116/503)[Kremote: Counting objects:  24% (121/503)[Kremote: Counting objects:  25% (126/503)[Kremote: Counting objects:  26% (131/503)[Kremote: Counting objects:  27% (136/503)[Kremote: Counting objects:  28% (141/503)[Kremote: Counting objects:  29% (146/503)[Kremote: Counting objects:  30% (151/503)[Kremote: Counting objects:  31% (156/503)[Kremote: Counting objects:  32% (161/503)[Kremote: Counting objects:  33% (166/503)[Kremote: Counting objects:  34% (172/503)[Kremote: Counting objects:  35% (177/503)[Kremote: Counting objects:  36% (182/503)[Kremote: Counting objects:  37% (187/503)[Kremote: Counting objects:  38% (192/503)[Kremote: Counting objects:  39% (197/503)[Kremote: Counting objects:  40% (202/503)[Kremote: Counting objects:  41% (207/503)[Kremote: Counting objects:  42% (212/503)[Kremote: Counting objects:  43% (217/503)[Kremote: Counting objects:  44% (222/503)[Kremote: Counting objects:  45% (227/503)[Kremote: Counting objects:  46% (232/503)[Kremote: Counting objects:  47% (237/503)[Kremote: Counting objects:  48% (242/503)[Kremote: Counting objects:  49% (247/503)[Kremote: Counting objects:  50% (252/503)[Kremote: Counting objects:  51% (257/503)[Kremote: Counting objects:  52% (262/503)[Kremote: Counting objects:  53% (267/503)[Kremote: Counting objects:  54% (272/503)[Kremote: Counting objects:  55% (277/503)[Kremote: Counting objects:  56% (282/503)[Kremote: Counting objects:  57% (287/503)[Kremote: Counting objects:  58% (292/503)[Kremote: Counting objects:  59% (297/503)[Kremote: Counting objects:  60% (302/503)[Kremote: Counting objects:  61% (307/503)[Kremote: Counting objects:  62% (312/503)[Kremote: Counting objects:  63% (317/503)[Kremote: Counting objects:  64% (322/503)[Kremote: Counting objects:  65% (327/503)[Kremote: Counting objects:  66% (332/503)[Kremote: Counting objects:  67% (338/503)[Kremote: Counting objects:  68% (343/503)[Kremote: Counting objects:  69% (348/503)[Kremote: Counting objects:  70% (353/503)[Kremote: Counting objects:  71% (358/503)[Kremote: Counting objects:  72% (363/503)[Kremote: Counting objects:  73% (368/503)[Kremote: Counting objects:  74% (373/503)[Kremote: Counting objects:  75% (378/503)[Kremote: Counting objects:  76% (383/503)[Kremote: Counting objects:  77% (388/503)[Kremote: Counting objects:  78% (393/503)[Kremote: Counting objects:  79% (398/503)[Kremote: Counting objects:  80% (403/503)[Kremote: Counting objects:  81% (408/503)[Kremote: Counting objects:  82% (413/503)[Kremote: Counting objects:  83% (418/503)[Kremote: Counting objects:  84% (423/503)[Kremote: Counting objects:  85% (428/503)[Kremote: Counting objects:  86% (433/503)[Kremote: Counting objects:  87% (438/503)[Kremote: Counting objects:  88% (443/503)[Kremote: Counting objects:  89% (448/503)[Kremote: Counting objects:  90% (453/503)[Kremote: Counting objects:  91% (458/503)[Kremote: Counting objects:  92% (463/503)[Kremote: Counting objects:  93% (468/503)[Kremote: Counting objects:  94% (473/503)[Kremote: Counting objects:  95% (478/503)[Kremote: Counting objects:  96% (483/503)[Kremote: Counting objects:  97% (488/503)[Kremote: Counting objects:  98% (493/503)[Kremote: Counting objects:  99% (498/503)[Kremote: Counting objects: 100% (503/503)[Kremote: Counting objects: 100% (503/503), done.[K
remote: Compressing objects:   0% (1/281)[Kremote: Compressing objects:   1% (3/281)[Kremote: Compressing objects:   2% (6/281)[Kremote: Compressing objects:   3% (9/281)[Kremote: Compressing objects:   4% (12/281)[Kremote: Compressing objects:   5% (15/281)[Kremote: Compressing objects:   6% (17/281)[Kremote: Compressing objects:   7% (20/281)[Kremote: Compressing objects:   8% (23/281)[Kremote: Compressing objects:   9% (26/281)[Kremote: Compressing objects:  10% (29/281)[Kremote: Compressing objects:  11% (31/281)[Kremote: Compressing objects:  12% (34/281)[Kremote: Compressing objects:  13% (37/281)[Kremote: Compressing objects:  14% (40/281)[Kremote: Compressing objects:  15% (43/281)[Kremote: Compressing objects:  16% (45/281)[Kremote: Compressing objects:  17% (48/281)[Kremote: Compressing objects:  18% (51/281)[Kremote: Compressing objects:  19% (54/281)[Kremote: Compressing objects:  20% (57/281)[Kremote: Compressing objects:  21% (60/281)[Kremote: Compressing objects:  22% (62/281)[Kremote: Compressing objects:  23% (65/281)[Kremote: Compressing objects:  24% (68/281)[Kremote: Compressing objects:  25% (71/281)[Kremote: Compressing objects:  26% (74/281)[Kremote: Compressing objects:  27% (76/281)[Kremote: Compressing objects:  28% (79/281)[Kremote: Compressing objects:  29% (82/281)[Kremote: Compressing objects:  30% (85/281)[Kremote: Compressing objects:  31% (88/281)[Kremote: Compressing objects:  32% (90/281)[Kremote: Compressing objects:  33% (93/281)[Kremote: Compressing objects:  34% (96/281)[Kremote: Compressing objects:  35% (99/281)[Kremote: Compressing objects:  36% (102/281)[Kremote: Compressing objects:  37% (104/281)[Kremote: Compressing objects:  38% (107/281)[Kremote: Compressing objects:  39% (110/281)[Kremote: Compressing objects:  40% (113/281)[Kremote: Compressing objects:  41% (116/281)[Kremote: Compressing objects:  42% (119/281)[Kremote: Compressing objects:  43% (121/281)[Kremote: Compressing objects:  44% (124/281)[Kremote: Compressing objects:  45% (127/281)[Kremote: Compressing objects:  46% (130/281)[Kremote: Compressing objects:  47% (133/281)[Kremote: Compressing objects:  48% (135/281)[Kremote: Compressing objects:  49% (138/281)[Kremote: Compressing objects:  50% (141/281)[Kremote: Compressing objects:  51% (144/281)[Kremote: Compressing objects:  52% (147/281)[Kremote: Compressing objects:  53% (149/281)[Kremote: Compressing objects:  54% (152/281)[Kremote: Compressing objects:  55% (155/281)[Kremote: Compressing objects:  56% (158/281)[Kremote: Compressing objects:  57% (161/281)[Kremote: Compressing objects:  58% (163/281)[Kremote: Compressing objects:  59% (166/281)[Kremote: Compressing objects:  60% (169/281)[Kremote: Compressing objects:  61% (172/281)[Kremote: Compressing objects:  62% (175/281)[Kremote: Compressing objects:  63% (178/281)[Kremote: Compressing objects:  64% (180/281)[Kremote: Compressing objects:  65% (183/281)[Kremote: Compressing objects:  66% (186/281)[Kremote: Compressing objects:  67% (189/281)[Kremote: Compressing objects:  68% (192/281)[Kremote: Compressing objects:  69% (194/281)[Kremote: Compressing objects:  70% (197/281)[Kremote: Compressing objects:  71% (200/281)[Kremote: Compressing objects:  72% (203/281)[Kremote: Compressing objects:  73% (206/281)[Kremote: Compressing objects:  74% (208/281)[Kremote: Compressing objects:  75% (211/281)[Kremote: Compressing objects:  76% (214/281)[Kremote: Compressing objects:  77% (217/281)[Kremote: Compressing objects:  78% (220/281)[Kremote: Compressing objects:  79% (222/281)[Kremote: Compressing objects:  80% (225/281)[Kremote: Compressing objects:  81% (228/281)[Kremote: Compressing objects:  82% (231/281)[Kremote: Compressing objects:  83% (234/281)[Kremote: Compressing objects:  84% (237/281)[Kremote: Compressing objects:  85% (239/281)[Kremote: Compressing objects:  86% (242/281)[Kremote: Compressing objects:  87% (245/281)[Kremote: Compressing objects:  88% (248/281)[Kremote: Compressing objects:  89% (251/281)[Kremote: Compressing objects:  90% (253/281)[Kremote: Compressing objects:  91% (256/281)[Kremote: Compressing objects:  92% (259/281)[Kremote: Compressing objects:  93% (262/281)[Kremote: Compressing objects:  94% (265/281)[Kremote: Compressing objects:  95% (267/281)[Kremote: Compressing objects:  96% (270/281)[Kremote: Compressing objects:  97% (273/281)[Kremote: Compressing objects:  98% (276/281)[Kremote: Compressing objects:  99% (279/281)[Kremote: Compressing objects: 100% (281/281)[Kremote: Compressing objects: 100% (281/281), done.[K
Receiving objects:   0% (1/503)   Receiving objects:   1% (6/503)   Receiving objects:   2% (11/503)   Receiving objects:   3% (16/503)   Receiving objects:   4% (21/503)   Receiving objects:   5% (26/503)   Receiving objects:   6% (31/503)   Receiving objects:   7% (36/503)   Receiving objects:   8% (41/503)   Receiving objects:   9% (46/503)   Receiving objects:  10% (51/503)   Receiving objects:  11% (56/503)   Receiving objects:  12% (61/503)   Receiving objects:  13% (66/503)   Receiving objects:  14% (71/503)   Receiving objects:  15% (76/503)   Receiving objects:  16% (81/503)   Receiving objects:  17% (86/503)   Receiving objects:  18% (91/503)   Receiving objects:  19% (96/503)   Receiving objects:  20% (101/503)   Receiving objects:  21% (106/503)   Receiving objects:  22% (111/503)   Receiving objects:  23% (116/503)   Receiving objects:  24% (121/503)   Receiving objects:  25% (126/503)   Receiving objects:  26% (131/503)   Receiving objects:  27% (136/503)   Receiving objects:  28% (141/503)   Receiving objects:  29% (146/503)   Receiving objects:  30% (151/503)   Receiving objects:  31% (156/503)   Receiving objects:  32% (161/503)   Receiving objects:  33% (166/503)   Receiving objects:  34% (172/503)   Receiving objects:  35% (177/503)   Receiving objects:  36% (182/503)   Receiving objects:  37% (187/503)   Receiving objects:  38% (192/503)   Receiving objects:  39% (197/503)   Receiving objects:  40% (202/503)   Receiving objects:  41% (207/503)   Receiving objects:  42% (212/503)   Receiving objects:  43% (217/503)   Receiving objects:  44% (222/503)   Receiving objects:  45% (227/503)   Receiving objects:  46% (232/503)   Receiving objects:  47% (237/503)   Receiving objects:  48% (242/503)   Receiving objects:  49% (247/503)   Receiving objects:  50% (252/503)   Receiving objects:  51% (257/503)   Receiving objects:  52% (262/503)   Receiving objects:  53% (267/503)   Receiving objects:  54% (272/503)   Receiving objects:  55% (277/503)   Receiving objects:  56% (282/503)   Receiving objects:  57% (287/503)   Receiving objects:  58% (292/503)   Receiving objects:  59% (297/503)   Receiving objects:  60% (302/503)   Receiving objects:  61% (307/503)   Receiving objects:  62% (312/503)   Receiving objects:  63% (317/503)   Receiving objects:  64% (322/503)   Receiving objects:  65% (327/503)   remote: Total 503 (delta 304), reused 371 (delta 218), pack-reused 0[K
Receiving objects:  66% (332/503)   Receiving objects:  67% (338/503)   Receiving objects:  68% (343/503)   Receiving objects:  69% (348/503)   Receiving objects:  70% (353/503)   Receiving objects:  71% (358/503)   Receiving objects:  72% (363/503)   Receiving objects:  73% (368/503)   Receiving objects:  74% (373/503)   Receiving objects:  75% (378/503)   Receiving objects:  76% (383/503)   Receiving objects:  77% (388/503)   Receiving objects:  78% (393/503)   Receiving objects:  79% (398/503)   Receiving objects:  80% (403/503)   Receiving objects:  81% (408/503)   Receiving objects:  82% (413/503)   Receiving objects:  83% (418/503)   Receiving objects:  84% (423/503)   Receiving objects:  85% (428/503)   Receiving objects:  86% (433/503)   Receiving objects:  87% (438/503)   Receiving objects:  88% (443/503)   Receiving objects:  89% (448/503)   Receiving objects:  90% (453/503)   Receiving objects:  91% (458/503)   Receiving objects:  92% (463/503)   Receiving objects:  93% (468/503)   Receiving objects:  94% (473/503)   Receiving objects:  95% (478/503)   Receiving objects:  96% (483/503)   Receiving objects:  97% (488/503)   Receiving objects:  98% (493/503)   Receiving objects:  99% (498/503)   Receiving objects: 100% (503/503)   Receiving objects: 100% (503/503), 590.26 KiB | 8.81 MiB/s, done.
Resolving deltas:   0% (0/304)   Resolving deltas:   5% (17/304)   Resolving deltas:   8% (25/304)   Resolving deltas:  23% (72/304)   Resolving deltas:  25% (77/304)   Resolving deltas:  28% (88/304)   Resolving deltas:  31% (96/304)   Resolving deltas:  36% (110/304)   Resolving deltas:  40% (123/304)   Resolving deltas:  41% (125/304)   Resolving deltas:  43% (132/304)   Resolving deltas:  45% (138/304)   Resolving deltas:  46% (142/304)   Resolving deltas:  47% (144/304)   Resolving deltas:  49% (150/304)   Resolving deltas:  50% (152/304)   Resolving deltas:  54% (166/304)   Resolving deltas:  57% (176/304)   Resolving deltas:  61% (188/304)   Resolving deltas:  63% (194/304)   Resolving deltas:  64% (197/304)   Resolving deltas:  65% (198/304)   Resolving deltas:  66% (201/304)   Resolving deltas:  67% (204/304)   Resolving deltas:  68% (208/304)   Resolving deltas:  72% (220/304)   Resolving deltas:  74% (225/304)   Resolving deltas:  75% (228/304)   Resolving deltas:  76% (232/304)   Resolving deltas:  77% (237/304)   Resolving deltas:  78% (238/304)   Resolving deltas:  79% (241/304)   Resolving deltas:  80% (244/304)   Resolving deltas:  81% (249/304)   Resolving deltas:  86% (262/304)   Resolving deltas:  87% (265/304)   Resolving deltas:  88% (269/304)   Resolving deltas:  89% (273/304)   Resolving deltas:  93% (283/304)   Resolving deltas:  95% (290/304)   Resolving deltas:  96% (292/304)   Resolving deltas: 100% (304/304)   Resolving deltas: 100% (304/304), done.
travis_time:end:10b0a558:start=1569868390318575085,finish=1569868391280385182,duration=961810097,event=checkout[0K$ cd paypal/paypal-smart-payment-buttons
$ git checkout -qf 62814192e9954fc6aaad1ccafe05f90a7d86e353
travis_fold:end:git.checkout[0K
travis_time:end:10b0a558:start=1569868390318575085,finish=1569868391302013143,duration=983438058,event=checkout[0Ktravis_time:start:1901cff4[0Ktravis_time:end:1901cff4:start=1569868391306390983,finish=1569868391313881348,duration=7490365,event=env[0Ktravis_fold:start:nvm.install[0Ktravis_time:start:11e06636[0K$ nvm install 10
Downloading and installing node v10.16.3...
Downloading https://nodejs.org/dist/v10.16.3/node-v10.16.3-linux-x64.tar.xz...
Computing checksum with sha256sum
Checksums matched!
Now using node v10.16.3 (npm v6.9.0)
travis_time:end:11e06636:start=1569868392397051107,finish=1569868396983782839,duration=4586731732,event=setup[0Ktravis_fold:end:nvm.install[0K
travis_fold:start:cache.1[0KSetting up build cache
$ export CASHER_DIR=${TRAVIS_HOME}/.casher
travis_time:start:017644e4[0K$ Installing caching utilities
travis_time:end:017644e4:start=1569868398344182983,finish=1569868398608506578,duration=264323595,event=setup_casher[0Ktravis_time:start:1432bc88[0Ktravis_time:end:1432bc88:start=1569868398614916390,finish=1569868398618526409,duration=3610019,event=setup_casher[0Ktravis_time:start:030e5481[0Kattempting to download cache archive[0m
[32;1mfetching master/cache-linux-xenial-e3b0c44298fc1c149afbf4c8996fb92427ae41e4649b934ca495991b7852b855--node-10.tgz[0m
[32;1mfound cache[0m
travis_time:end:030e5481:start=1569868398622990543,finish=1569868400783101692,duration=2160111149,event=setup_casher[0Ktravis_fold:end:cache.1[0K
travis_fold:start:cache.npm[0K
travis_time:start:15d27d2b[0Ktravis_time:end:15d27d2b:start=1569868400998220759,finish=1569868401001563054,duration=3342295,event=setup_cache[0Ktravis_time:start:04837d64[0Kadding /home/travis/build/paypal/paypal-smart-payment-buttons/node_modules to cache[0m
creating directory /home/travis/build/paypal/paypal-smart-payment-buttons/node_modules[0m
travis_time:end:04837d64:start=1569868401005811935,finish=1569868407460779634,duration=6454967699,event=setup_cache[0Ktravis_fold:end:cache.npm[0K$ node --version
v10.16.3
$ npm --version
6.11.3
$ nvm --version
0.34.0

travis_fold:start:install.npm[0Ktravis_time:start:00bf9d58[0K$ npm install 
[37;40mnpm[0m [0m[30;43mWARN[0m [0m[35mprepublish-on-install[0m As of npm@5, `prepublish` scripts are deprecated.
[0m[37;40mnpm[0m [0m[30;43mWARN[0m [0m[35mprepublish-on-install[0m Use `prepare` for build steps and `prepublishOnly` for upload-only.
[0m[37;40mnpm[0m [0m[30;43mWARN[0m [0m[35mprepublish-on-install[0m See the deprecation note in `npm help scripts` for more information.
[0m
> @paypal/smart-payment-buttons@2.0.138 prepublish /home/travis/build/paypal/paypal-smart-payment-buttons
> in-publish && npm run babel || not-in-publish

[37;40mnpm[0m [0m[30;43mWARN[0m[35m[0m @paypal/smart-payment-buttons@2.0.138 license should be a valid SPDX license expression
[0m[37;40mnpm[0m [0m[30;43mWARN[0m [0m[35moptional[0m SKIPPING OPTIONAL DEPENDENCY: fsevents@1.2.9 (node_modules/fsevents):
[0m[37;40mnpm[0m [0m[30;43mWARN[0m [0m[35mnotsup[0m SKIPPING OPTIONAL DEPENDENCY: Unsupported platform for fsevents@1.2.9: wanted {"os":"darwin","arch":"any"} (current: {"os":"linux","arch":"x64"})
[0m
audited 54119 packages in 11.284s
found [91m176[0m vulnerabilities (72 [1mlow[0m, 76 [93mmoderate[0m, 28 [91mhigh[0m)
  run `npm audit fix` to fix them, or `npm audit` for details
travis_time:end:00bf9d58:start=1569868408521390080,finish=1569868420297862167,duration=11776472087,event=install[0Ktravis_fold:end:install.npm[0K
travis_time:start:01bbf927[0K$ npm run test

> @paypal/smart-payment-buttons@2.0.138 test /home/travis/build/paypal/paypal-smart-payment-buttons
> if [ ! $SKIP_TEST ]; then npm run lint && npm run flow-typed && npm run flow && npm run karma && npm run jest; fi;


> @paypal/smart-payment-buttons@2.0.138 lint /home/travis/build/paypal/paypal-smart-payment-buttons
> eslint src/ server/ test/ *.js


> @paypal/smart-payment-buttons@2.0.138 flow-typed /home/travis/build/paypal/paypal-smart-payment-buttons
> rm -rf ./flow-typed && flow-typed install --ignoreDeps peer && flow-typed install jest@22 mocha@3 && flow-typed install express@4.16 && sed -i -e 's/http$IncomingMessage,/http$IncomingMessage<>,/g' ./flow-typed/npm/express_v4.16.x.js

[before-after-hook]: "Hook()" repurposing warning, use "Hook.Collection()". Read more: https://git.io/upgrade-before-after-hook-to-1.4
â€¢ Found 16 dependencies in package.json to install libdefs for. Searching...
â€¢ flow-typed cache not found, fetching from GitHub...
â€¢ Installing 2 libDefs...
[1m  â€¢ flow-bin_v0.x.x.js[22m
[1m    â””> [32m./flow-typed/npm/flow-bin_v0.x.x.js[39m[22m
flow-bin
/home/travis/build/paypal/paypal-smart-payment-buttons/flow-typed/npm
[1m  â€¢ express_v4.16.x.js[22m
[1m    â””> [32m./flow-typed/npm/express_v4.16.x.js[39m[22m
express
/home/travis/build/paypal/paypal-smart-payment-buttons/flow-typed/npm
â€¢ Generating stubs for untyped dependencies...
[1m  â€¢ babel-core@^7.0.0-bridge.0[22m
[1m    â””> [31mflow-typed/npm/babel-core_vx.x.x.js[39m[22m
[1m  â€¢ @paypal/sdk-client@^4.0.27[22m
[1m    â””> [31mflow-typed/npm/@paypal/sdk-client_vx.x.x.js[39m[22m
[1m  â€¢ grumbler-scripts@^3.0.18[22m
[1m    â””> [31mflow-typed/npm/grumbler-scripts_vx.x.x.js[39m[22m
[1m  â€¢ sync-browser-mocks@^2.0.1[22m
[1m    â””> [31mflow-typed/npm/sync-browser-mocks_vx.x.x.js[39m[22m
[1m  â€¢ belter@^1.0.19[22m
[1m    â””> [31mflow-typed/npm/belter_vx.x.x.js[39m[22m
[1m  â€¢ grabthar@^3[22m
[1m    â””> [31mflow-typed/npm/grabthar_vx.x.x.js[39m[22m
[1m  â€¢ webpack-mem-compile@^1.0.2[22m
[1m    â””> [31mflow-typed/npm/webpack-mem-compile_vx.x.x.js[39m[22m
[1m  â€¢ jsx-pragmatic@^2[22m
[1m    â””> [31mflow-typed/npm/jsx-pragmatic_vx.x.x.js[39m[22m
[1m  â€¢ @paypal/checkout-components@^5.0.30[22m
[1m    â””> [31mflow-typed/npm/@paypal/checkout-components_vx.x.x.js[39m[22m
[31m[39m
[31m!! No flow@v0.100.0-compatible libdefs found in flow-typed for the above untyped dependencies !![39m

We've generated `any`-typed stubs for these packages, but consider submitting 
libdefs for them to [1mhttps://github.com/flowtype/flow-typed/[22m

[before-after-hook]: "Hook()" repurposing warning, use "Hook.Collection()". Read more: https://git.io/upgrade-before-after-hook-to-1.4
â€¢ Searching for 2 libdefs...
â€¢ Installing 1 libDefs...
[1m  â€¢ jest_v22.x.x.js[22m
[1m    â””> [32m./flow-typed/npm/jest_v22.x.x.js[39m[22m
jest
/home/travis/build/paypal/paypal-smart-payment-buttons/flow-typed/npm
â€¢ Generating stubs for untyped dependencies...
[1m  â€¢ mocha@3[22m
[1m    â””> [31mflow-typed/npm/mocha_vx.x.x.js[39m[22m
[31m[39m
[31m!! No flow@v0.100.0-compatible libdefs found in flow-typed for the above untyped dependencies !![39m

We've generated `any`-typed stubs for this package, but consider submitting 
a libdef for it to [1mhttps://github.com/flowtype/flow-typed/[22m

[before-after-hook]: "Hook()" repurposing warning, use "Hook.Collection()". Read more: https://git.io/upgrade-before-after-hook-to-1.4
â€¢ Searching for 1 libdefs...
â€¢ Installing 1 libDefs...
[1m  â€¢ express_v4.16.x.js[22m
[1m    â””> [32m./flow-typed/npm/express_v4.16.x.js[39m[22m
express
/home/travis/build/paypal/paypal-smart-payment-buttons/flow-typed/npm

> @paypal/smart-payment-buttons@2.0.138 flow /home/travis/build/paypal/paypal-smart-payment-buttons
> flow

Launching Flow server for /home/travis/build/paypal/paypal-smart-payment-buttons
Spawned flow server (pid=5924)
Logs will go to /tmp/flow/zShomezStraviszSbuildzSpaypalzSpaypal-smart-payment-buttons.log
Monitor logs will go to /tmp/flow/zShomezStraviszSbuildzSpaypalzSpaypal-smart-payment-buttons.monitor_log
Started a new flow server: -[0K[0KPlease wait. Server is starting up: \[0KPlease wait. Server is initializing (starting up): |[0KPlease wait. Server is initializing (parsed files 0): /[0KPlease wait. Server is initializing (parsed files 1000): -[0KPlease wait. Server is initializing (parsed files 1000): \[0KPlease wait. Server is initializing (parsed files 2000): |[0KPlease wait. Server is initializing (parsed files 3000): /[0KPlease wait. Server is initializing (parsed files 4000): -[0KPlease wait. Server is initializing (parsed files 5000): \[0KPlease wait. Server is initializing (parsed files 5000): |[0KPlease wait. Server is initializing (parsed files 5000): /[0KPlease wait. Server is initializing (parsed files 5000): -[0KPlease wait. Server is initializing (parsed files 5000): \[0KPlease wait. Server is initializing (parsed files 6000): |[0KPlease wait. Server is initializing (parsed files 7000): /[0KPlease wait. Server is initializing (parsed files 10000): -[0KPlease wait. Server is initializing (parsed files 11000): \[0KPlease wait. Server is initializing (parsed files 13000): |[0KPlease wait. Server is initializing (parsed files 15000): /[0KPlease wait. Server is initializing (parsed files 16000): -[0KPlease wait. Server is initializing (parsed files 18000): \[0KPlease wait. Server is initializing (parsed files 18000): |[0KPlease wait. Server is initializing (parsed files 19000): /[0KPlease wait. Server is initializing (parsed files 19000): -[0KPlease wait. Server is initializing (parsed files 19000): \[0KPlease wait. Server is initializing (parsed files 19000): |[0KPlease wait. Server is initializing (parsed files 19000): /[0KPlease wait. Server is initializing (parsed files 19000): -[0KPlease wait. Server is initializing (parsed files 19000): \[0KPlease wait. Server is initializing (parsed files 19000): |[0KPlease wait. Server is initializing (parsed files 19000): /[0KPlease wait. Server is initializing (parsed files 19498): -[0KPlease wait. Server is initializing (parsed files 19498): \[0KPlease wait. Server is initializing (parsed files 19498): |[0KPlease wait. Server is initializing (parsed files 19498): /[0KPlease wait. Server is initializing (parsed files 19498): -[0KPlease wait. Server is initializing (parsed files 19498): \[0KPlease wait. Server is initializing (parsed files 19498): |[0KPlease wait. Server is initializing (resolving dependencies): /[0KPlease wait. Server is initializing (resolving dependencies): -[0KPlease wait. Server is initializing (waiting for Watchman - giving up in 18 seconds): \[0KPlease wait. Server is initializing (parsed files 0/0 (0.0%)): |[0KPlease wait. Server is initializing (calculating dependencies): /[0KPlease wait. Server is initializing (merged files 0/154 (0.0%)): -[0KPlease wait. Server is initializing (merged files 47/154 (30.5%)): \[0KPlease wait. Server is initializing (merged files 77/154 (50.0%)): |[0KPlease wait. Server is initializing (merged files 86/154 (55.8%)): /[0KPlease wait. Server is initializing (merged files 107/154 (69.5%)): -[0KPlease wait. Server is initializing (merged files 127/154 (82.5%)): \[0KPlease wait. Server is initializing (merged files 138/154 (89.6%)): |[0KPlease wait. Server is initializing (finishing up): /[0KPlease wait. Server is handling a request (starting up): -[0KPlease wait. Server is handling a request (collating errors): \[0K[31mError â”ˆâ”ˆâ”ˆâ”ˆâ”ˆâ”ˆâ”ˆâ”ˆâ”ˆâ”ˆâ”ˆâ”ˆâ”ˆâ”ˆâ”ˆâ”ˆâ”ˆâ”ˆâ”ˆâ”ˆâ”ˆâ”ˆâ”ˆâ”ˆâ”ˆâ”ˆâ”ˆâ”ˆâ”ˆâ”ˆâ”ˆâ”ˆâ”ˆâ”ˆâ”ˆâ”ˆâ”ˆâ”ˆâ”ˆâ”ˆâ”ˆâ”ˆâ”ˆâ”ˆâ”ˆâ”ˆâ”ˆâ”ˆâ”ˆâ”ˆ src/menu/popup.jsx:6:29[0m[0m
[0m[0m
[0m[0mCannot[0m[0m [0m[0mresolve[0m[0m [0m[0mmodule[0m[0m [0m[0m[0m[0;1m@paypal/common-components/src/ui[0m[0m.[0m[0m
[0m[0m
[0m[0m     [0m[0m[0m[0;2m3[0m[0;2mâ”‚[0m[0;2m[0m[0m
[0m[0m     [0m[0m[0m[0;2m4[0m[0;2mâ”‚[0m[0m [0m[0;2mimport { node, dom } from 'jsx-pragmatic/src';[0m[0m
[0m[0m     [0m[0m[0m[0;2m5[0m[0;2mâ”‚[0m[0m [0m[0;2mimport { popup, writeElementToWindow } from 'belter/src';[0m[0m
[0m[0m     [0m[0m[0m[0;2m6[0m[0;2mâ”‚[0m[0m [0m[0;2mimport { SpinnerPage } from [0m[31m'@paypal/common-components/src/ui'[0m[0;2m;[0m[0m
[0m[0m     [0m[0m[0m[0;2m7[0m[0;2mâ”‚[0m[0m [0m[0;2mimport { assertSameDomain, type CrossDomainWindowType } from 'cross-domain-utils/src';[0m[0m
[0m[0m     [0m[0m[0m[0;2m8[0m[0;2mâ”‚[0m[0;2m[0m[0m
[0m[0m     [0m[0m[0m[0;2m9[0m[0;2mâ”‚[0m[0m [0m[0;2mimport { getNonce } from '../button/dom';[0m[0m
[0m[0m
[0m[0m
[0m
Found 1 error
[37;40mnpm[0m [0m[31;40mERR![0m [0m[35mcode[0m ELIFECYCLE
[0m[37;40mnpm[0m [0m[31;40mERR![0m [0m[35merrno[0m 2
[0m[37;40mnpm[0m [0m[31;40mERR![0m[35m[0m @paypal/smart-payment-buttons@2.0.138 flow: `flow`
[0m[37;40mnpm[0m [0m[31;40mERR![0m[35m[0m Exit status 2
[0m[37;40mnpm[0m [0m[31;40mERR![0m[35m[0m 
[0m[37;40mnpm[0m [0m[31;40mERR![0m[35m[0m Failed at the @paypal/smart-payment-buttons@2.0.138 flow script.
[0m[37;40mnpm[0m [0m[31;40mERR![0m[35m[0m This is probably not a problem with npm. There is likely additional logging output above.
[0m
[37;40mnpm[0m [0m[31;40mERR![0m[35m[0m A complete log of this run can be found in:
[0m[37;40mnpm[0m [0m[31;40mERR![0m[35m[0m     /home/travis/.npm/_logs/2019-09-30T18_34_23_803Z-debug.log
[0m[37;40mnpm[0m [0m[31;40mERR![0m [0m[35mcode[0m ELIFECYCLE
[0m[37;40mnpm[0m [0m[31;40mERR![0m [0m[35merrno[0m 2
[0m[37;40mnpm[0m [0m[31;40mERR![0m[35m[0m @paypal/smart-payment-buttons@2.0.138 test: `if [ ! $SKIP_TEST ]; then npm run lint && npm run flow-typed && npm run flow && npm run karma && npm run jest; fi;`
[0m[37;40mnpm[0m [0m[31;40mERR![0m[35m[0m Exit status 2
[0m[37;40mnpm[0m [0m[31;40mERR![0m[35m[0m 
[0m[37;40mnpm[0m [0m[31;40mERR![0m[35m[0m Failed at the @paypal/smart-payment-buttons@2.0.138 test script.
[0m[37;40mnpm[0m [0m[31;40mERR![0m[35m[0m This is probably not a problem with npm. There is likely additional logging output above.
[0m
[37;40mnpm[0m [0m[31;40mERR![0m[35m[0m A complete log of this run can be found in:
[0m[37;40mnpm[0m [0m[31;40mERR![0m[35m[0m     /home/travis/.npm/_logs/2019-09-30T18_34_23_825Z-debug.log
[0mtravis_time:end:01bbf927:start=1569868420303400006,finish=1569868463837599635,duration=43534199629,event=script[0K[31;1mThe command "npm run test" exited with 2.[0m
travis_fold:start:cache.2[0Kstore build cache
travis_time:start:003d1428[0Ktravis_time:end:003d1428:start=1569868463843359560,finish=1569868463846777623,duration=3418063,event=cache[0Ktravis_time:start:3350fec2[0K[32;1mnothing changed[0m
travis_time:end:3350fec2:start=1569868463851506499,finish=1569868467719126809,duration=3867620310,event=cache[0Ktravis_fold:end:cache.2[0K

Done. Your build exited with 1.
