travis_fold:start:worker_info[0K[33;1mWorker information[0m
hostname: 66b0040a-c414-48d0-ada2-324c33a2ab04@1.worker-org-95567d544-9kfjm.gce-production-3
version: v6.2.1 https://github.com/travis-ci/worker/tree/4e3246c044eb4915c2378ffacd0b3d3ed0136bba
instance: travis-job-dafa615a-9e00-4265-a3da-75c452e98092 travis-ci-sardonyx-xenial-1553530528-f909ac5 (via amqp)
startup: 6.414587491s
travis_fold:end:worker_info[0Ktravis_time:start:01b8567f[0Ktravis_time:end:01b8567f:start=1569974582343689681,finish=1569974582527214698,duration=183525017,event=no_world_writable_dirs[0Ktravis_time:start:00dea218[0Ktravis_time:end:00dea218:start=1569974582531632362,finish=1569974582540609186,duration=8976824,event=agent[0Ktravis_time:start:05622332[0Ktravis_time:end:05622332:start=1569974582544216672,finish=1569974582546817021,duration=2600349,event=check_unsupported[0Ktravis_time:start:0c098c20[0Ktravis_fold:start:system_info[0K[33;1mBuild system information[0m
Build language: node_js
Build group: stable
Build dist: xenial
Build id: 592310091
Job id: 592310092
Runtime kernel version: 4.15.0-1028-gcp
travis-build version: beba64be6
[34m[1mBuild image provisioning date and time[0m
Mon Mar 25 16:43:24 UTC 2019
[34m[1mOperating System Details[0m
Distributor ID:	Ubuntu
Description:	Ubuntu 16.04.6 LTS
Release:	16.04
Codename:	xenial
[34m[1mSystemd Version[0m
systemd 229
[34m[1mCookbooks Version[0m
42e42e4 https://github.com/travis-ci/travis-cookbooks/tree/42e42e4
[34m[1mgit version[0m
git version 2.21.0
[34m[1mbash version[0m
GNU bash, version 4.3.48(1)-release (x86_64-pc-linux-gnu)
[34m[1mgcc version[0m
gcc (Ubuntu 5.4.0-6ubuntu1~16.04.11) 5.4.0 20160609
[34m[1mdocker version[0m
Client:
 Version:           18.06.0-ce
 API version:       1.38
 Go version:        go1.10.3
 Git commit:        0ffa825
 Built:             Wed Jul 18 19:11:02 2018
 OS/Arch:           linux/amd64
 Experimental:      false

Server:
 Engine:
  Version:          18.06.0-ce
  API version:      1.38 (minimum version 1.12)
  Go version:       go1.10.3
  Git commit:       0ffa825
  Built:            Wed Jul 18 19:09:05 2018
  OS/Arch:          linux/amd64
  Experimental:     false
[34m[1mclang version[0m
clang version 7.0.0 (tags/RELEASE_700/final)
[34m[1mjq version[0m
jq-1.5
[34m[1mbats version[0m
Bats 0.4.0
[34m[1mshellcheck version[0m
0.6.0
[34m[1mshfmt version[0m
v2.6.3
[34m[1mccache version[0m
3.2.4
[34m[1mcmake version[0m
cmake version 3.12.4
[34m[1mheroku version[0m
heroku/7.22.7 linux-x64 node-v11.10.1
[34m[1mimagemagick version[0m
Version: ImageMagick 6.8.9-9 Q16 x86_64 2018-09-28 http://www.imagemagick.org
[34m[1mmd5deep version[0m
4.4
[34m[1mmercurial version[0m
version 4.8
[34m[1mmysql version[0m
mysql  Ver 14.14 Distrib 5.7.25, for Linux (x86_64) using  EditLine wrapper
[34m[1mopenssl version[0m
OpenSSL 1.0.2g  1 Mar 2016
[34m[1mpacker version[0m
1.3.3
[34m[1mpostgresql client version[0m
psql (PostgreSQL) 10.7 (Ubuntu 10.7-1.pgdg16.04+1)
[34m[1mragel version[0m
Ragel State Machine Compiler version 6.8 Feb 2013
[34m[1msudo version[0m
1.8.16
[34m[1mgzip version[0m
gzip 1.6
[34m[1mzip version[0m
Zip 3.0
[34m[1mvim version[0m
VIM - Vi IMproved 7.4 (2013 Aug 10, compiled Nov 24 2016 16:44:48)
[34m[1miptables version[0m
iptables v1.6.0
[34m[1mcurl version[0m
curl 7.47.0 (x86_64-pc-linux-gnu) libcurl/7.47.0 GnuTLS/3.4.10 zlib/1.2.8 libidn/1.32 librtmp/2.3
[34m[1mwget version[0m
GNU Wget 1.17.1 built on linux-gnu.
[34m[1mrsync version[0m
rsync  version 3.1.1  protocol version 31
[34m[1mgimme version[0m
v1.5.3
[34m[1mnvm version[0m
0.34.0
[34m[1mperlbrew version[0m
/home/travis/perl5/perlbrew/bin/perlbrew  - App::perlbrew/0.86
[34m[1mphpenv version[0m
rbenv 1.1.2
[34m[1mrvm version[0m
rvm 1.29.7 (latest) by Michal Papis, Piotr Kuczynski, Wayne E. Seguin [https://rvm.io]
[34m[1mdefault ruby version[0m
ruby 2.5.3p105 (2018-10-18 revision 65156) [x86_64-linux]
[34m[1mCouchDB version[0m
couchdb 1.6.1
[34m[1mElasticSearch version[0m
5.5.0
[34m[1mInstalled Firefox version[0m
firefox 63.0.1
[34m[1mMongoDB version[0m
MongoDB 4.0.7
[34m[1mPhantomJS version[0m
2.1.1
[34m[1mPre-installed PostgreSQL versions[0m
9.4.21
9.5.16
9.6.12
[34m[1mRedis version[0m
redis-server 5.0.4
[34m[1mPre-installed Go versions[0m
1.11.1
[34m[1mmvn version[0m
Apache Maven 3.6.0 (97c98ec64a1fdfee7767ce5ffb20918da4f719f3; 2018-10-24T18:41:47Z)
[34m[1mgradle version[0m
Gradle 4.10.2!
[34m[1mlein version[0m
Leiningen 2.9.1 on Java 11.0.2 OpenJDK 64-Bit Server VM
[34m[1mPre-installed Node.js versions[0m
v10.15.3
v11.0.0
v4.9.1
v6.17.0
v8.12.0
v8.15.1
v8.9
[34m[1mphpenv versions[0m
  system
  5.6
  5.6.40
  7.1
  7.1.27
  7.2
* 7.2.15 (set by /home/travis/.phpenv/version)
  hhvm
  hhvm-stable
[34m[1mcomposer --version[0m
Composer version 1.8.4 2019-02-11 10:52:10
[34m[1mPre-installed Ruby versions[0m
ruby-2.3.8
ruby-2.4.5
ruby-2.5.3
travis_fold:end:system_info[0K
travis_time:end:0c098c20:start=1569974582551394192,finish=1569974582560164820,duration=8770628,event=show_system_info[0Ktravis_time:start:29582165[0Ktravis_time:end:29582165:start=1569974582564320198,finish=1569974582580355558,duration=16035360,event=rm_riak_source[0Ktravis_time:start:01afef41[0Ktravis_time:end:01afef41:start=1569974582585020887,finish=1569974582595575759,duration=10554872,event=fix_rwky_redis[0Ktravis_time:start:06927349[0Ktravis_time:end:06927349:start=1569974582600972202,finish=1569974590772518442,duration=8171546240,event=wait_for_network[0Ktravis_time:start:0641503b[0Ktravis_time:end:0641503b:start=1569974590776673691,finish=1569974591029300578,duration=252626887,event=update_apt_keys[0Ktravis_time:start:02d4b35e[0Ktravis_time:end:02d4b35e:start=1569974591033096214,finish=1569974591099636505,duration=66540291,event=fix_hhvm_source[0Ktravis_time:start:14e4e871[0Ktravis_time:end:14e4e871:start=1569974591103475874,finish=1569974591106704393,duration=3228519,event=update_mongo_arch[0Ktravis_time:start:094bdc35[0Ktravis_time:end:094bdc35:start=1569974591110290941,finish=1569974591159565359,duration=49274418,event=fix_sudo_enabled_trusty[0Ktravis_time:start:03268c8e[0Ktravis_time:end:03268c8e:start=1569974591163459379,finish=1569974591166187042,duration=2727663,event=update_glibc[0Ktravis_time:start:2129d5c0[0Ktravis_time:end:2129d5c0:start=1569974591169774121,finish=1569974591179700271,duration=9926150,event=clean_up_path[0Ktravis_time:start:357cb706[0Ktravis_time:end:357cb706:start=1569974591183458371,finish=1569974591193644405,duration=10186034,event=fix_resolv_conf[0Ktravis_time:start:233ed39f[0Ktravis_time:end:233ed39f:start=1569974591197600314,finish=1569974591209325482,duration=11725168,event=fix_etc_hosts[0Ktravis_time:start:075a9778[0Ktravis_time:end:075a9778:start=1569974591213075956,finish=1569974591224115790,duration=11039834,event=fix_mvn_settings_xml[0Ktravis_time:start:010da553[0Ktravis_time:end:010da553:start=1569974591228015729,finish=1569974591239564823,duration=11549094,event=no_ipv6_localhost[0Ktravis_time:start:0717d746[0Ktravis_time:end:0717d746:start=1569974591243636799,finish=1569974591246552350,duration=2915551,event=fix_etc_mavenrc[0Ktravis_time:start:0149b93f[0Ktravis_time:end:0149b93f:start=1569974591250432114,finish=1569974591254610790,duration=4178676,event=fix_wwdr_certificate[0Ktravis_time:start:01990000[0Ktravis_time:end:01990000:start=1569974591258392452,finish=1569974591287810220,duration=29417768,event=put_localhost_first[0Ktravis_time:start:0b93f45a[0Ktravis_time:end:0b93f45a:start=1569974591291483539,finish=1569974591295046441,duration=3562902,event=home_paths[0Ktravis_time:start:1c2bdeee[0Ktravis_time:end:1c2bdeee:start=1569974591298631441,finish=1569974591313534958,duration=14903517,event=disable_initramfs[0Ktravis_time:start:004ef036[0Ktravis_time:end:004ef036:start=1569974591317274464,finish=1569974591719797957,duration=402523493,event=disable_ssh_roaming[0Ktravis_time:start:1985e1b6[0Ktravis_time:end:1985e1b6:start=1569974591723602445,finish=1569974591726266038,duration=2663593,event=debug_tools[0Ktravis_time:start:062ff027[0Ktravis_time:end:062ff027:start=1569974591729809745,finish=1569974591733450116,duration=3640371,event=uninstall_oclint[0Ktravis_time:start:005329df[0Ktravis_time:end:005329df:start=1569974591737266261,finish=1569974591740916310,duration=3650049,event=rvm_use[0Ktravis_time:start:02c7c927[0Ktravis_time:end:02c7c927:start=1569974591744356179,finish=1569974591754290743,duration=9934564,event=rm_etc_boto_cfg[0Ktravis_time:start:2478dfda[0Ktravis_time:end:2478dfda:start=1569974591758167792,finish=1569974591761662206,duration=3494414,event=rm_oraclejdk8_symlink[0Ktravis_time:start:19e1c0a4[0Ktravis_time:end:19e1c0a4:start=1569974591765499159,finish=1569974591895910340,duration=130411181,event=enable_i386[0Ktravis_time:start:02181b4e[0Ktravis_time:end:02181b4e:start=1569974591900027993,finish=1569974591907194796,duration=7166803,event=update_rubygems[0Ktravis_time:start:14af6568[0Ktravis_time:end:14af6568:start=1569974591910886699,finish=1569974592855338732,duration=944452033,event=ensure_path_components[0Ktravis_time:start:19a76c4d[0Ktravis_time:end:19a76c4d:start=1569974592859860959,finish=1569974592862850403,duration=2989444,event=redefine_curl[0Ktravis_time:start:05b2fa08[0Ktravis_time:end:05b2fa08:start=1569974592866896364,finish=1569974592869785379,duration=2889015,event=nonblock_pipe[0Ktravis_time:start:2ddef729[0Ktravis_time:end:2ddef729:start=1569974592873554906,finish=1569974592923238344,duration=49683438,event=apt_get_update[0Ktravis_time:start:089002e7[0Ktravis_time:end:089002e7:start=1569974592927124871,finish=1569974592929957240,duration=2832369,event=deprecate_xcode_64[0Ktravis_time:start:0cce2050[0Ktravis_time:end:0cce2050:start=1569974592933323270,finish=1569974595816085167,duration=2882761897,event=update_heroku[0Ktravis_time:start:02c9db58[0Ktravis_time:end:02c9db58:start=1569974595819792612,finish=1569974595822394730,duration=2602118,event=shell_session_update[0Ktravis_time:start:202eae80[0Ktravis_fold:start:docker_mtu[0Ktravis_fold:end:docker_mtu[0Ktravis_time:end:202eae80:start=1569974595825867965,finish=1569974598158276688,duration=2332408723,event=set_docker_mtu[0Ktravis_time:start:1120921e[0Ktravis_fold:start:resolvconf[0Ktravis_fold:end:resolvconf[0Ktravis_time:end:1120921e:start=1569974598162156853,finish=1569974598239161947,duration=77005094,event=resolvconf[0Ktravis_time:start:0b0b4e74[0Ktravis_time:end:0b0b4e74:start=1569974598247987632,finish=1569974598424317473,duration=176329841,event=maven_central_mirror[0Ktravis_time:start:15cff600[0Ktravis_time:end:15cff600:start=1569974598428853387,finish=1569974598431635883,duration=2782496,event=fix_ps4[0Ktravis_fold:start:install_chrome[0K$ export CHROME_SOURCE_URL=https://dl.google.com/dl/linux/direct/google-chrome-stable_current_amd64.deb
[33;1mInstalling Google Chrome stable[0m
travis_time:start:18a7906c[0K$ wget --no-verbose -O /tmp/$(basename $CHROME_SOURCE_URL) $CHROME_SOURCE_URL
2019-10-02 00:03:20 URL:https://dl.google.com/dl/linux/direct/google-chrome-stable_current_amd64.deb [61065690/61065690] -> "/tmp/google-chrome-stable_current_amd64.deb" [1]
travis_time:end:18a7906c:start=1569974598487371418,finish=1569974600180553629,duration=1693182211,event=prepare[0K(Reading database ... (Reading database ... 5%(Reading database ... 10%(Reading database ... 15%(Reading database ... 20%(Reading database ... 25%(Reading database ... 30%(Reading database ... 35%(Reading database ... 40%(Reading database ... 45%(Reading database ... 50%(Reading database ... 55%(Reading database ... 60%(Reading database ... 65%(Reading database ... 70%(Reading database ... 75%(Reading database ... 80%(Reading database ... 85%(Reading database ... 90%(Reading database ... 95%(Reading database ... 100%(Reading database ... 124189 files and directories currently installed.)
Preparing to unpack .../google-chrome-stable_current_amd64.deb ...
Unpacking google-chrome-stable (77.0.3865.90-1) over (73.0.3683.86-1) ...
Setting up google-chrome-stable (77.0.3865.90-1) ...
Processing triggers for mime-support (3.59ubuntu1) ...
Processing triggers for man-db (2.7.5-1) ...
travis_fold:end:install_chrome[0Ktravis_time:start:21f48d6b[0K
travis_fold:start:git.checkout[0Ktravis_time:start:29a22e30[0K$ git clone --depth=50 --branch=master https://github.com/paypal/paypal-smart-payment-buttons.git paypal/paypal-smart-payment-buttons
Cloning into 'paypal/paypal-smart-payment-buttons'...
remote: Enumerating objects: 604, done.[K
remote: Counting objects:   0% (1/604)[Kremote: Counting objects:   1% (7/604)[Kremote: Counting objects:   2% (13/604)[Kremote: Counting objects:   3% (19/604)[Kremote: Counting objects:   4% (25/604)[Kremote: Counting objects:   5% (31/604)[Kremote: Counting objects:   6% (37/604)[Kremote: Counting objects:   7% (43/604)[Kremote: Counting objects:   8% (49/604)[Kremote: Counting objects:   9% (55/604)[Kremote: Counting objects:  10% (61/604)[Kremote: Counting objects:  11% (67/604)[Kremote: Counting objects:  12% (73/604)[Kremote: Counting objects:  13% (79/604)[Kremote: Counting objects:  14% (85/604)[Kremote: Counting objects:  15% (91/604)[Kremote: Counting objects:  16% (97/604)[Kremote: Counting objects:  17% (103/604)[Kremote: Counting objects:  18% (109/604)[Kremote: Counting objects:  19% (115/604)[Kremote: Counting objects:  20% (121/604)[Kremote: Counting objects:  21% (127/604)[Kremote: Counting objects:  22% (133/604)[Kremote: Counting objects:  23% (139/604)[Kremote: Counting objects:  24% (145/604)[Kremote: Counting objects:  25% (151/604)[Kremote: Counting objects:  26% (158/604)[Kremote: Counting objects:  27% (164/604)[Kremote: Counting objects:  28% (170/604)[Kremote: Counting objects:  29% (176/604)[Kremote: Counting objects:  30% (182/604)[Kremote: Counting objects:  31% (188/604)[Kremote: Counting objects:  32% (194/604)[Kremote: Counting objects:  33% (200/604)[Kremote: Counting objects:  34% (206/604)[Kremote: Counting objects:  35% (212/604)[Kremote: Counting objects:  36% (218/604)[Kremote: Counting objects:  37% (224/604)[Kremote: Counting objects:  38% (230/604)[Kremote: Counting objects:  39% (236/604)[Kremote: Counting objects:  40% (242/604)[Kremote: Counting objects:  41% (248/604)[Kremote: Counting objects:  42% (254/604)[Kremote: Counting objects:  43% (260/604)[Kremote: Counting objects:  44% (266/604)[Kremote: Counting objects:  45% (272/604)[Kremote: Counting objects:  46% (278/604)[Kremote: Counting objects:  47% (284/604)[Kremote: Counting objects:  48% (290/604)[Kremote: Counting objects:  49% (296/604)[Kremote: Counting objects:  50% (302/604)[Kremote: Counting objects:  51% (309/604)[Kremote: Counting objects:  52% (315/604)[Kremote: Counting objects:  53% (321/604)[Kremote: Counting objects:  54% (327/604)[Kremote: Counting objects:  55% (333/604)[Kremote: Counting objects:  56% (339/604)[Kremote: Counting objects:  57% (345/604)[Kremote: Counting objects:  58% (351/604)[Kremote: Counting objects:  59% (357/604)[Kremote: Counting objects:  60% (363/604)[Kremote: Counting objects:  61% (369/604)[Kremote: Counting objects:  62% (375/604)[Kremote: Counting objects:  63% (381/604)[Kremote: Counting objects:  64% (387/604)[Kremote: Counting objects:  65% (393/604)[Kremote: Counting objects:  66% (399/604)[Kremote: Counting objects:  67% (405/604)[Kremote: Counting objects:  68% (411/604)[Kremote: Counting objects:  69% (417/604)[Kremote: Counting objects:  70% (423/604)[Kremote: Counting objects:  71% (429/604)[Kremote: Counting objects:  72% (435/604)[Kremote: Counting objects:  73% (441/604)[Kremote: Counting objects:  74% (447/604)[Kremote: Counting objects:  75% (453/604)[Kremote: Counting objects:  76% (460/604)[Kremote: Counting objects:  77% (466/604)[Kremote: Counting objects:  78% (472/604)[Kremote: Counting objects:  79% (478/604)[Kremote: Counting objects:  80% (484/604)[Kremote: Counting objects:  81% (490/604)[Kremote: Counting objects:  82% (496/604)[Kremote: Counting objects:  83% (502/604)[Kremote: Counting objects:  84% (508/604)[Kremote: Counting objects:  85% (514/604)[Kremote: Counting objects:  86% (520/604)[Kremote: Counting objects:  87% (526/604)[Kremote: Counting objects:  88% (532/604)[Kremote: Counting objects:  89% (538/604)[Kremote: Counting objects:  90% (544/604)[Kremote: Counting objects:  91% (550/604)[Kremote: Counting objects:  92% (556/604)[Kremote: Counting objects:  93% (562/604)[Kremote: Counting objects:  94% (568/604)[Kremote: Counting objects:  95% (574/604)[Kremote: Counting objects:  96% (580/604)[Kremote: Counting objects:  97% (586/604)[Kremote: Counting objects:  98% (592/604)[Kremote: Counting objects:  99% (598/604)[Kremote: Counting objects: 100% (604/604)[Kremote: Counting objects: 100% (604/604), done.[K
remote: Compressing objects:   0% (1/362)[Kremote: Compressing objects:   1% (4/362)[Kremote: Compressing objects:   2% (8/362)[Kremote: Compressing objects:   3% (11/362)[Kremote: Compressing objects:   4% (15/362)[Kremote: Compressing objects:   5% (19/362)[Kremote: Compressing objects:   6% (22/362)[Kremote: Compressing objects:   7% (26/362)[Kremote: Compressing objects:   8% (29/362)[Kremote: Compressing objects:   9% (33/362)[Kremote: Compressing objects:  10% (37/362)[Kremote: Compressing objects:  11% (40/362)[Kremote: Compressing objects:  12% (44/362)[Kremote: Compressing objects:  13% (48/362)[Kremote: Compressing objects:  14% (51/362)[Kremote: Compressing objects:  15% (55/362)[Kremote: Compressing objects:  16% (58/362)[Kremote: Compressing objects:  17% (62/362)[Kremote: Compressing objects:  18% (66/362)[Kremote: Compressing objects:  19% (69/362)[Kremote: Compressing objects:  20% (73/362)[Kremote: Compressing objects:  21% (77/362)[Kremote: Compressing objects:  22% (80/362)[Kremote: Compressing objects:  23% (84/362)[Kremote: Compressing objects:  24% (87/362)[Kremote: Compressing objects:  25% (91/362)[Kremote: Compressing objects:  26% (95/362)[Kremote: Compressing objects:  27% (98/362)[Kremote: Compressing objects:  28% (102/362)[Kremote: Compressing objects:  29% (105/362)[Kremote: Compressing objects:  30% (109/362)[Kremote: Compressing objects:  31% (113/362)[Kremote: Compressing objects:  32% (116/362)[Kremote: Compressing objects:  33% (120/362)[Kremote: Compressing objects:  34% (124/362)[Kremote: Compressing objects:  35% (127/362)[Kremote: Compressing objects:  36% (131/362)[Kremote: Compressing objects:  37% (134/362)[Kremote: Compressing objects:  38% (138/362)[Kremote: Compressing objects:  39% (142/362)[Kremote: Compressing objects:  40% (145/362)[Kremote: Compressing objects:  41% (149/362)[Kremote: Compressing objects:  42% (153/362)[Kremote: Compressing objects:  43% (156/362)[Kremote: Compressing objects:  44% (160/362)[Kremote: Compressing objects:  45% (163/362)[Kremote: Compressing objects:  46% (167/362)[Kremote: Compressing objects:  47% (171/362)[Kremote: Compressing objects:  48% (174/362)[Kremote: Compressing objects:  49% (178/362)[Kremote: Compressing objects:  50% (181/362)[Kremote: Compressing objects:  51% (185/362)[Kremote: Compressing objects:  52% (189/362)[Kremote: Compressing objects:  53% (192/362)[Kremote: Compressing objects:  54% (196/362)[Kremote: Compressing objects:  55% (200/362)[Kremote: Compressing objects:  56% (203/362)[Kremote: Compressing objects:  57% (207/362)[Kremote: Compressing objects:  58% (210/362)[Kremote: Compressing objects:  59% (214/362)[Kremote: Compressing objects:  60% (218/362)[Kremote: Compressing objects:  61% (221/362)[Kremote: Compressing objects:  62% (225/362)[Kremote: Compressing objects:  63% (229/362)[Kremote: Compressing objects:  64% (232/362)[Kremote: Compressing objects:  65% (236/362)[Kremote: Compressing objects:  66% (239/362)[Kremote: Compressing objects:  67% (243/362)[Kremote: Compressing objects:  68% (247/362)[Kremote: Compressing objects:  69% (250/362)[Kremote: Compressing objects:  70% (254/362)[Kremote: Compressing objects:  71% (258/362)[Kremote: Compressing objects:  72% (261/362)[Kremote: Compressing objects:  73% (265/362)[Kremote: Compressing objects:  74% (268/362)[Kremote: Compressing objects:  75% (272/362)[Kremote: Compressing objects:  76% (276/362)[Kremote: Compressing objects:  77% (279/362)[Kremote: Compressing objects:  78% (283/362)[Kremote: Compressing objects:  79% (286/362)[Kremote: Compressing objects:  80% (290/362)[Kremote: Compressing objects:  81% (294/362)[Kremote: Compressing objects:  82% (297/362)[Kremote: Compressing objects:  83% (301/362)[Kremote: Compressing objects:  84% (305/362)[Kremote: Compressing objects:  85% (308/362)[Kremote: Compressing objects:  86% (312/362)[Kremote: Compressing objects:  87% (315/362)[Kremote: Compressing objects:  88% (319/362)[Kremote: Compressing objects:  89% (323/362)[Kremote: Compressing objects:  90% (326/362)[Kremote: Compressing objects:  91% (330/362)[Kremote: Compressing objects:  92% (334/362)[Kremote: Compressing objects:  93% (337/362)[Kremote: Compressing objects:  94% (341/362)[Kremote: Compressing objects:  95% (344/362)[Kremote: Compressing objects:  96% (348/362)[Kremote: Compressing objects:  97% (352/362)[Kremote: Compressing objects:  98% (355/362)[Kremote: Compressing objects:  99% (359/362)[Kremote: Compressing objects: 100% (362/362)[Kremote: Compressing objects: 100% (362/362), done.[K
Receiving objects:   0% (1/604)   Receiving objects:   1% (7/604)   Receiving objects:   2% (13/604)   Receiving objects:   3% (19/604)   Receiving objects:   4% (25/604)   Receiving objects:   5% (31/604)   Receiving objects:   6% (37/604)   Receiving objects:   7% (43/604)   Receiving objects:   8% (49/604)   Receiving objects:   9% (55/604)   Receiving objects:  10% (61/604)   Receiving objects:  11% (67/604)   Receiving objects:  12% (73/604)   Receiving objects:  13% (79/604)   Receiving objects:  14% (85/604)   Receiving objects:  15% (91/604)   Receiving objects:  16% (97/604)   Receiving objects:  17% (103/604)   Receiving objects:  18% (109/604)   Receiving objects:  19% (115/604)   Receiving objects:  20% (121/604)   Receiving objects:  21% (127/604)   Receiving objects:  22% (133/604)   Receiving objects:  23% (139/604)   Receiving objects:  24% (145/604)   Receiving objects:  25% (151/604)   Receiving objects:  26% (158/604)   Receiving objects:  27% (164/604)   Receiving objects:  28% (170/604)   Receiving objects:  29% (176/604)   Receiving objects:  30% (182/604)   Receiving objects:  31% (188/604)   Receiving objects:  32% (194/604)   Receiving objects:  33% (200/604)   Receiving objects:  34% (206/604)   Receiving objects:  35% (212/604)   Receiving objects:  36% (218/604)   Receiving objects:  37% (224/604)   Receiving objects:  38% (230/604)   Receiving objects:  39% (236/604)   Receiving objects:  40% (242/604)   Receiving objects:  41% (248/604)   Receiving objects:  42% (254/604)   Receiving objects:  43% (260/604)   Receiving objects:  44% (266/604)   Receiving objects:  45% (272/604)   Receiving objects:  46% (278/604)   Receiving objects:  47% (284/604)   Receiving objects:  48% (290/604)   Receiving objects:  49% (296/604)   Receiving objects:  50% (302/604)   Receiving objects:  51% (309/604)   Receiving objects:  52% (315/604)   Receiving objects:  53% (321/604)   Receiving objects:  54% (327/604)   Receiving objects:  55% (333/604)   Receiving objects:  56% (339/604)   Receiving objects:  57% (345/604)   Receiving objects:  58% (351/604)   Receiving objects:  59% (357/604)   Receiving objects:  60% (363/604)   Receiving objects:  61% (369/604)   Receiving objects:  62% (375/604)   Receiving objects:  63% (381/604)   Receiving objects:  64% (387/604)   Receiving objects:  65% (393/604)   Receiving objects:  66% (399/604)   Receiving objects:  67% (405/604)   Receiving objects:  68% (411/604)   Receiving objects:  69% (417/604)   Receiving objects:  70% (423/604)   Receiving objects:  71% (429/604)   Receiving objects:  72% (435/604)   Receiving objects:  73% (441/604)   Receiving objects:  74% (447/604)   Receiving objects:  75% (453/604)   Receiving objects:  76% (460/604)   Receiving objects:  77% (466/604)   Receiving objects:  78% (472/604)   Receiving objects:  79% (478/604)   Receiving objects:  80% (484/604)   Receiving objects:  81% (490/604)   Receiving objects:  82% (496/604)   Receiving objects:  83% (502/604)   Receiving objects:  84% (508/604)   Receiving objects:  85% (514/604)   Receiving objects:  86% (520/604)   Receiving objects:  87% (526/604)   Receiving objects:  88% (532/604)   Receiving objects:  89% (538/604)   Receiving objects:  90% (544/604)   Receiving objects:  91% (550/604)   Receiving objects:  92% (556/604)   Receiving objects:  93% (562/604)   remote: Total 604 (delta 384), reused 431 (delta 238), pack-reused 0[K
Receiving objects:  94% (568/604)   Receiving objects:  95% (574/604)   Receiving objects:  96% (580/604)   Receiving objects:  97% (586/604)   Receiving objects:  98% (592/604)   Receiving objects:  99% (598/604)   Receiving objects: 100% (604/604)   Receiving objects: 100% (604/604), 827.45 KiB | 8.19 MiB/s, done.
Resolving deltas:   0% (0/384)   Resolving deltas:   9% (35/384)   Resolving deltas:  12% (49/384)   Resolving deltas:  17% (66/384)   Resolving deltas:  18% (72/384)   Resolving deltas:  19% (73/384)   Resolving deltas:  20% (80/384)   Resolving deltas:  21% (81/384)   Resolving deltas:  25% (99/384)   Resolving deltas:  26% (101/384)   Resolving deltas:  28% (108/384)   Resolving deltas:  30% (116/384)   Resolving deltas:  31% (120/384)   Resolving deltas:  34% (133/384)   Resolving deltas:  37% (144/384)   Resolving deltas:  38% (146/384)   Resolving deltas:  39% (151/384)   Resolving deltas:  41% (160/384)   Resolving deltas:  42% (164/384)   Resolving deltas:  43% (166/384)   Resolving deltas:  44% (169/384)   Resolving deltas:  45% (173/384)   Resolving deltas:  46% (180/384)   Resolving deltas:  49% (190/384)   Resolving deltas:  51% (197/384)   Resolving deltas:  52% (201/384)   Resolving deltas:  53% (204/384)   Resolving deltas:  54% (208/384)   Resolving deltas:  55% (212/384)   Resolving deltas:  56% (216/384)   Resolving deltas:  57% (219/384)   Resolving deltas:  60% (233/384)   Resolving deltas:  63% (243/384)   Resolving deltas:  64% (246/384)   Resolving deltas:  65% (251/384)   Resolving deltas:  66% (254/384)   Resolving deltas:  67% (258/384)   Resolving deltas:  68% (264/384)   Resolving deltas:  70% (269/384)   Resolving deltas:  71% (273/384)   Resolving deltas:  72% (277/384)   Resolving deltas:  73% (281/384)   Resolving deltas:  74% (286/384)   Resolving deltas:  75% (291/384)   Resolving deltas:  76% (292/384)   Resolving deltas:  80% (309/384)   Resolving deltas:  81% (312/384)   Resolving deltas:  82% (315/384)   Resolving deltas:  83% (322/384)   Resolving deltas:  84% (326/384)   Resolving deltas:  85% (327/384)   Resolving deltas:  88% (340/384)   Resolving deltas:  91% (351/384)   Resolving deltas:  92% (354/384)   Resolving deltas:  93% (359/384)   Resolving deltas:  96% (369/384)   Resolving deltas: 100% (384/384)   Resolving deltas: 100% (384/384), done.
travis_time:end:29a22e30:start=1569974609583159012,finish=1569974610613430036,duration=1030271024,event=checkout[0K$ cd paypal/paypal-smart-payment-buttons
$ git checkout -qf 60758f0489855e0c649d7dc663a04e1fc2827a1b
travis_fold:end:git.checkout[0K
travis_time:end:29a22e30:start=1569974609583159012,finish=1569974610642866302,duration=1059707290,event=checkout[0Ktravis_time:start:0e254bb4[0Ktravis_time:end:0e254bb4:start=1569974610647153190,finish=1569974610653849190,duration=6696000,event=env[0Ktravis_fold:start:nvm.install[0Ktravis_time:start:29751a4c[0K$ nvm install 10
Downloading and installing node v10.16.3...
Downloading https://nodejs.org/dist/v10.16.3/node-v10.16.3-linux-x64.tar.xz...
Computing checksum with sha256sum
Checksums matched!
Now using node v10.16.3 (npm v6.9.0)
travis_time:end:29751a4c:start=1569974612082083647,finish=1569974615664868312,duration=3582784665,event=setup[0Ktravis_fold:end:nvm.install[0K
travis_fold:start:cache.1[0KSetting up build cache
$ export CASHER_DIR=${TRAVIS_HOME}/.casher
travis_time:start:0c1a590e[0K$ Installing caching utilities
travis_time:end:0c1a590e:start=1569974617109067152,finish=1569974617619316364,duration=510249212,event=setup_casher[0Ktravis_time:start:070078d2[0Ktravis_time:end:070078d2:start=1569974617625098357,finish=1569974617628462125,duration=3363768,event=setup_casher[0Ktravis_time:start:1070c42c[0Kattempting to download cache archive[0m
[32;1mfetching master/cache-linux-xenial-e3b0c44298fc1c149afbf4c8996fb92427ae41e4649b934ca495991b7852b855--node-10.tgz[0m
[32;1mfound cache[0m
travis_time:end:1070c42c:start=1569974617632693720,finish=1569974620205403788,duration=2572710068,event=setup_casher[0Ktravis_fold:end:cache.1[0K
travis_fold:start:cache.npm[0K
travis_time:start:12341fe8[0Ktravis_time:end:12341fe8:start=1569974620434401942,finish=1569974620438190704,duration=3788762,event=setup_cache[0Ktravis_time:start:1ceacfbc[0Kadding /home/travis/build/paypal/paypal-smart-payment-buttons/node_modules to cache[0m
creating directory /home/travis/build/paypal/paypal-smart-payment-buttons/node_modules[0m
travis_time:end:1ceacfbc:start=1569974620442776610,finish=1569974627361362944,duration=6918586334,event=setup_cache[0Ktravis_fold:end:cache.npm[0K$ node --version
v10.16.3
$ npm --version
6.11.3
$ nvm --version
0.34.0

travis_fold:start:install.npm[0Ktravis_time:start:0da145de[0K$ npm install 
[37;40mnpm[0m [0m[30;43mWARN[0m [0m[35mprepublish-on-install[0m As of npm@5, `prepublish` scripts are deprecated.
[0m[37;40mnpm[0m [0m[30;43mWARN[0m [0m[35mprepublish-on-install[0m Use `prepare` for build steps and `prepublishOnly` for upload-only.
[0m[37;40mnpm[0m [0m[30;43mWARN[0m [0m[35mprepublish-on-install[0m See the deprecation note in `npm help scripts` for more information.
[0m
> @paypal/smart-payment-buttons@2.0.139 prepublish /home/travis/build/paypal/paypal-smart-payment-buttons
> in-publish && npm run babel || not-in-publish

[37;40mnpm[0m [0m[30;43mWARN[0m[35m[0m @paypal/smart-payment-buttons@2.0.139 license should be a valid SPDX license expression
[0m[37;40mnpm[0m [0m[30;43mWARN[0m [0m[35moptional[0m SKIPPING OPTIONAL DEPENDENCY: fsevents@1.2.9 (node_modules/fsevents):
[0m[37;40mnpm[0m [0m[30;43mWARN[0m [0m[35mnotsup[0m SKIPPING OPTIONAL DEPENDENCY: Unsupported platform for fsevents@1.2.9: wanted {"os":"darwin","arch":"any"} (current: {"os":"linux","arch":"x64"})
[0m
audited 54058 packages in 11.461s
found [91m174[0m vulnerabilities (72 [1mlow[0m, 76 [93mmoderate[0m, 26 [91mhigh[0m)
  run `npm audit fix` to fix them, or `npm audit` for details
travis_time:end:0da145de:start=1569974628466152927,finish=1569974640445888559,duration=11979735632,event=install[0Ktravis_fold:end:install.npm[0K
travis_time:start:19006f74[0K$ npm run test

> @paypal/smart-payment-buttons@2.0.139 test /home/travis/build/paypal/paypal-smart-payment-buttons
> if [ ! $SKIP_TEST ]; then npm run lint && npm run flow-typed && npm run flow && npm run karma && npm run jest; fi;


> @paypal/smart-payment-buttons@2.0.139 lint /home/travis/build/paypal/paypal-smart-payment-buttons
> eslint src/ server/ test/ *.js


> @paypal/smart-payment-buttons@2.0.139 flow-typed /home/travis/build/paypal/paypal-smart-payment-buttons
> rm -rf ./flow-typed && flow-typed install --ignoreDeps peer && flow-typed install jest@22 mocha@3 && flow-typed install express@4.16 && sed -i -e 's/http$IncomingMessage,/http$IncomingMessage<>,/g' ./flow-typed/npm/express_v4.16.x.js

[before-after-hook]: "Hook()" repurposing warning, use "Hook.Collection()". Read more: https://git.io/upgrade-before-after-hook-to-1.4
â€¢ Found 16 dependencies in package.json to install libdefs for. Searching...
â€¢ flow-typed cache not found, fetching from GitHub...
â€¢ Installing 2 libDefs...
[1m  â€¢ express_v4.16.x.js[22m
[1m    â””> [32m./flow-typed/npm/express_v4.16.x.js[39m[22m
express
/home/travis/build/paypal/paypal-smart-payment-buttons/flow-typed/npm
[1m  â€¢ flow-bin_v0.x.x.js[22m
[1m    â””> [32m./flow-typed/npm/flow-bin_v0.x.x.js[39m[22m
flow-bin
/home/travis/build/paypal/paypal-smart-payment-buttons/flow-typed/npm
â€¢ Generating stubs for untyped dependencies...
[1m  â€¢ babel-core@^7.0.0-bridge.0[22m
[1m    â””> [31mflow-typed/npm/babel-core_vx.x.x.js[39m[22m
[1m  â€¢ @paypal/sdk-client@^4.0.27[22m
[1m    â””> [31mflow-typed/npm/@paypal/sdk-client_vx.x.x.js[39m[22m
[1m  â€¢ grumbler-scripts@^3.0.18[22m
[1m    â””> [31mflow-typed/npm/grumbler-scripts_vx.x.x.js[39m[22m
[1m  â€¢ sync-browser-mocks@^2.0.1[22m
[1m    â””> [31mflow-typed/npm/sync-browser-mocks_vx.x.x.js[39m[22m
[1m  â€¢ grabthar@^3[22m
[1m    â””> [31mflow-typed/npm/grabthar_vx.x.x.js[39m[22m
[1m  â€¢ belter@^1.0.19[22m
[1m    â””> [31mflow-typed/npm/belter_vx.x.x.js[39m[22m
[1m  â€¢ webpack-mem-compile@^1.0.2[22m
[1m    â””> [31mflow-typed/npm/webpack-mem-compile_vx.x.x.js[39m[22m
[1m  â€¢ jsx-pragmatic@^2[22m
[1m    â””> [31mflow-typed/npm/jsx-pragmatic_vx.x.x.js[39m[22m
[1m  â€¢ @paypal/checkout-components@^5.0.30[22m
[1m    â””> [31mflow-typed/npm/@paypal/checkout-components_vx.x.x.js[39m[22m
[31m[39m
[31m!! No flow@v0.100.0-compatible libdefs found in flow-typed for the above untyped dependencies !![39m

We've generated `any`-typed stubs for these packages, but consider submitting 
libdefs for them to [1mhttps://github.com/flowtype/flow-typed/[22m

[before-after-hook]: "Hook()" repurposing warning, use "Hook.Collection()". Read more: https://git.io/upgrade-before-after-hook-to-1.4
â€¢ Searching for 2 libdefs...
â€¢ Installing 1 libDefs...
[1m  â€¢ jest_v22.x.x.js[22m
[1m    â””> [32m./flow-typed/npm/jest_v22.x.x.js[39m[22m
jest
/home/travis/build/paypal/paypal-smart-payment-buttons/flow-typed/npm
â€¢ Generating stubs for untyped dependencies...
[1m  â€¢ mocha@3[22m
[1m    â””> [31mflow-typed/npm/mocha_vx.x.x.js[39m[22m
[31m[39m
[31m!! No flow@v0.100.0-compatible libdefs found in flow-typed for the above untyped dependencies !![39m

We've generated `any`-typed stubs for this package, but consider submitting 
a libdef for it to [1mhttps://github.com/flowtype/flow-typed/[22m

[before-after-hook]: "Hook()" repurposing warning, use "Hook.Collection()". Read more: https://git.io/upgrade-before-after-hook-to-1.4
â€¢ Searching for 1 libdefs...
â€¢ Installing 1 libDefs...
[1m  â€¢ express_v4.16.x.js[22m
[1m    â””> [32m./flow-typed/npm/express_v4.16.x.js[39m[22m
express
/home/travis/build/paypal/paypal-smart-payment-buttons/flow-typed/npm

> @paypal/smart-payment-buttons@2.0.139 flow /home/travis/build/paypal/paypal-smart-payment-buttons
> flow

Launching Flow server for /home/travis/build/paypal/paypal-smart-payment-buttons
Spawned flow server (pid=5934)
Logs will go to /tmp/flow/zShomezStraviszSbuildzSpaypalzSpaypal-smart-payment-buttons.log
Monitor logs will go to /tmp/flow/zShomezStraviszSbuildzSpaypalzSpaypal-smart-payment-buttons.monitor_log
Started a new flow server: -[0K[0KPlease wait. Server is starting up: \[0KPlease wait. Server is initializing (starting up): |[0KPlease wait. Server is initializing (parsed files 0): /[0KPlease wait. Server is initializing (parsed files 1000): -[0KPlease wait. Server is initializing (parsed files 1000): \[0KPlease wait. Server is initializing (parsed files 2000): |[0KPlease wait. Server is initializing (parsed files 2000): /[0KPlease wait. Server is initializing (parsed files 3000): -[0KPlease wait. Server is initializing (parsed files 5000): \[0KPlease wait. Server is initializing (parsed files 5000): |[0KPlease wait. Server is initializing (parsed files 5000): /[0KPlease wait. Server is initializing (parsed files 5000): -[0KPlease wait. Server is initializing (parsed files 5000): \[0KPlease wait. Server is initializing (parsed files 6000): |[0KPlease wait. Server is initializing (parsed files 6000): /[0KPlease wait. Server is initializing (parsed files 9000): -[0KPlease wait. Server is initializing (parsed files 11000): \[0KPlease wait. Server is initializing (parsed files 13000): |[0KPlease wait. Server is initializing (parsed files 18000): /[0KPlease wait. Server is initializing (parsed files 20000): -[0KPlease wait. Server is initializing (parsed files 23000): \[0KPlease wait. Server is initializing (parsed files 23000): |[0KPlease wait. Server is initializing (parsed files 24000): /[0KPlease wait. Server is initializing (parsed files 25000): -[0KPlease wait. Server is initializing (parsed files 25000): \[0KPlease wait. Server is initializing (parsed files 25000): |[0KPlease wait. Server is initializing (parsed files 25000): /[0KPlease wait. Server is initializing (parsed files 25000): -[0KPlease wait. Server is initializing (parsed files 25000): \[0KPlease wait. Server is initializing (parsed files 25000): |[0KPlease wait. Server is initializing (parsed files 25000): /[0KPlease wait. Server is initializing (parsed files 25000): -[0KPlease wait. Server is initializing (parsed files 25000): \[0KPlease wait. Server is initializing (parsed files 25533): |[0KPlease wait. Server is initializing (parsed files 25533): /[0KPlease wait. Server is initializing (parsed files 25533): -[0KPlease wait. Server is initializing (parsed files 25533): \[0KPlease wait. Server is initializing (parsed files 25533): |[0KPlease wait. Server is initializing (parsed files 25533): /[0KPlease wait. Server is initializing (resolving dependencies): -[0KPlease wait. Server is initializing (resolving dependencies): \[0KPlease wait. Server is initializing (waiting for Watchman - giving up in 18 seconds): |[0KPlease wait. Server is initializing (parsed files 0/0 (0.0%)): /[0KPlease wait. Server is initializing (merged files 0/161 (0.0%)): -[0KPlease wait. Server is initializing (merged files 47/161 (29.2%)): \[0KPlease wait. Server is initializing (merged files 80/161 (49.7%)): |[0KPlease wait. Server is initializing (merged files 92/161 (57.1%)): /[0KPlease wait. Server is initializing (merged files 111/161 (68.9%)): -[0KPlease wait. Server is initializing (merged files 131/161 (81.4%)): \[0KPlease wait. Server is initializing (merged files 140/161 (87.0%)): |[0KPlease wait. Server is initializing (merged files 145/161 (90.1%)): /[0KPlease wait. Server is initializing (finishing up): -[0KPlease wait. Server is handling a request (starting up): \[0KPlease wait. Server is handling a request (collating errors): |[0K[31mError â”ˆâ”ˆâ”ˆâ”ˆâ”ˆâ”ˆâ”ˆâ”ˆâ”ˆâ”ˆâ”ˆâ”ˆâ”ˆâ”ˆâ”ˆâ”ˆâ”ˆâ”ˆâ”ˆâ”ˆâ”ˆâ”ˆâ”ˆâ”ˆâ”ˆâ”ˆâ”ˆâ”ˆâ”ˆâ”ˆâ”ˆâ”ˆâ”ˆâ”ˆâ”ˆâ”ˆâ”ˆâ”ˆâ”ˆâ”ˆâ”ˆâ”ˆâ”ˆâ”ˆâ”ˆâ”ˆâ”ˆâ”ˆ test/server/mock.js:68:31[0m[0m
[0m[0m
[0m[0mMissing[0m[0m [0m[0mtype[0m[0m [0m[0mannotation[0m[0m [0m[0mfor[0m[0m [0m[0m[0m[0m[0m[0;1mreq[0m[0m[0m[0m.[0m[0m
[0m[0m
[0m[0m     [0m[0m[0m[0;2m65[0m[0;2mâ”‚[0m[0m [0m[0;2m}[0m[0m
[0m[0m     [0m[0m[0m[0;2m66[0m[0;2mâ”‚[0m[0;2m[0m[0m
[0m[0m     [0m[0m[0m[0;2m67[0m[0;2mâ”‚[0m[0m [0m[0;2m// eslint-disable-next-line require-await[0m[0m
[0m[0m     [0m[0m[0m[0;2m68[0m[0;2mâ”‚[0m[0m [0m[0;2mexport async function graphQL([0m[31mreq[0m[0;2m, payload) : Promise<Object> {[0m[0m
[0m[0m     [0m[0m[0m[0;2m69[0m[0;2mâ”‚[0m[0m [0m[0;2m    return Promise.resolve(payload.map(request => {[0m[0m
[0m[0m     [0m[0m[0m[0;2m70[0m[0;2mâ”‚[0m[0m [0m[0;2m        if (request.query.match(/FundingEligibility/)) {[0m[0m
[0m[0m     [0m[0m[0m[0;2m71[0m[0;2mâ”‚[0m[0m [0m[0;2m            return {[0m[0m
[0m[0m
[0m[0m
[0m[31mError â”ˆâ”ˆâ”ˆâ”ˆâ”ˆâ”ˆâ”ˆâ”ˆâ”ˆâ”ˆâ”ˆâ”ˆâ”ˆâ”ˆâ”ˆâ”ˆâ”ˆâ”ˆâ”ˆâ”ˆâ”ˆâ”ˆâ”ˆâ”ˆâ”ˆâ”ˆâ”ˆâ”ˆâ”ˆâ”ˆâ”ˆâ”ˆâ”ˆâ”ˆâ”ˆâ”ˆâ”ˆâ”ˆâ”ˆâ”ˆâ”ˆâ”ˆâ”ˆâ”ˆâ”ˆâ”ˆâ”ˆâ”ˆ test/server/mock.js:68:36[0m[0m
[0m[0m
[0m[0mMissing[0m[0m [0m[0mtype[0m[0m [0m[0mannotation[0m[0m [0m[0mfor[0m[0m [0m[0m[0m[0m[0m[0;1mpayload[0m[0m[0m[0m.[0m[0m
[0m[0m
[0m[0m     [0m[0m[0m[0;2m65[0m[0;2mâ”‚[0m[0m [0m[0;2m}[0m[0m
[0m[0m     [0m[0m[0m[0;2m66[0m[0;2mâ”‚[0m[0;2m[0m[0m
[0m[0m     [0m[0m[0m[0;2m67[0m[0;2mâ”‚[0m[0m [0m[0;2m// eslint-disable-next-line require-await[0m[0m
[0m[0m     [0m[0m[0m[0;2m68[0m[0;2mâ”‚[0m[0m [0m[0;2mexport async function graphQL(req, [0m[31mpayload[0m[0;2m) : Promise<Object> {[0m[0m
[0m[0m     [0m[0m[0m[0;2m69[0m[0;2mâ”‚[0m[0m [0m[0;2m    return Promise.resolve(payload.map(request => {[0m[0m
[0m[0m     [0m[0m[0m[0;2m70[0m[0;2mâ”‚[0m[0m [0m[0;2m        if (request.query.match(/FundingEligibility/)) {[0m[0m
[0m[0m     [0m[0m[0m[0;2m71[0m[0;2mâ”‚[0m[0m [0m[0;2m            return {[0m[0m
[0m[0m
[0m[0m
[0m
Found 2 errors
[37;40mnpm[0m [0m[31;40mERR![0m [0m[35mcode[0m ELIFECYCLE
[0m[37;40mnpm[0m [0m[31;40mERR![0m [0m[35merrno[0m 2
[0m[37;40mnpm[0m [0m[31;40mERR![0m[35m[0m @paypal/smart-payment-buttons@2.0.139 flow: `flow`
[0m[37;40mnpm[0m [0m[31;40mERR![0m[35m[0m Exit status 2
[0m[37;40mnpm[0m [0m[31;40mERR![0m[35m[0m 
[0m[37;40mnpm[0m [0m[31;40mERR![0m[35m[0m Failed at the @paypal/smart-payment-buttons@2.0.139 flow script.
[0m[37;40mnpm[0m [0m[31;40mERR![0m[35m[0m This is probably not a problem with npm. There is likely additional logging output above.
[0m
[37;40mnpm[0m [0m[31;40mERR![0m[35m[0m A complete log of this run can be found in:
[0m[37;40mnpm[0m [0m[31;40mERR![0m[35m[0m     /home/travis/.npm/_logs/2019-10-02T00_04_44_967Z-debug.log
[0m[37;40mnpm[0m [0m[31;40mERR![0m [0m[35mcode[0m ELIFECYCLE
[0m[37;40mnpm[0m [0m[31;40mERR![0m [0m[35merrno[0m 2
[0m[37;40mnpm[0m [0m[31;40mERR![0m[35m[0m @paypal/smart-payment-buttons@2.0.139 test: `if [ ! $SKIP_TEST ]; then npm run lint && npm run flow-typed && npm run flow && npm run karma && npm run jest; fi;`
[0m[37;40mnpm[0m [0m[31;40mERR![0m[35m[0m Exit status 2
[0m[37;40mnpm[0m [0m[31;40mERR![0m[35m[0m 
[0m[37;40mnpm[0m [0m[31;40mERR![0m[35m[0m Failed at the @paypal/smart-payment-buttons@2.0.139 test script.
[0m[37;40mnpm[0m [0m[31;40mERR![0m[35m[0m This is probably not a problem with npm. There is likely additional logging output above.
[0m
[37;40mnpm[0m [0m[31;40mERR![0m[35m[0m A complete log of this run can be found in:
[0m[37;40mnpm[0m [0m[31;40mERR![0m[35m[0m     /home/travis/.npm/_logs/2019-10-02T00_04_44_987Z-debug.log
[0mtravis_time:end:19006f74:start=1569974640450943302,finish=1569974685000493656,duration=44549550354,event=script[0K[31;1mThe command "npm run test" exited with 2.[0m
travis_fold:start:cache.2[0Kstore build cache
travis_time:start:0a15c9ec[0Ktravis_time:end:0a15c9ec:start=1569974685006013450,finish=1569974685009866444,duration=3852994,event=cache[0Ktravis_time:start:15d452b2[0K[32;1mnothing changed[0m
travis_time:end:15d452b2:start=1569974685014713423,finish=1569974689103615108,duration=4088901685,event=cache[0Ktravis_fold:end:cache.2[0K

Done. Your build exited with 1.
