travis_fold:start:worker_info[0K[33;1mWorker information[0m
hostname: 1ba12028-7cbc-45cc-a876-ca81da97d260@1.worker-org-95567d544-phbx9.gce-production-3
version: v6.2.1 https://github.com/travis-ci/worker/tree/4e3246c044eb4915c2378ffacd0b3d3ed0136bba
instance: travis-job-1cf93d70-78e1-4931-ab60-60186c816c86 travis-ci-sardonyx-xenial-1553530528-f909ac5 (via amqp)
startup: 6.30980976s
travis_fold:end:worker_info[0Ktravis_time:start:2a3acc98[0Ktravis_time:end:2a3acc98:start=1569988070548431268,finish=1569988070725085044,duration=176653776,event=no_world_writable_dirs[0Ktravis_time:start:1ebd2e10[0Ktravis_time:end:1ebd2e10:start=1569988070729206252,finish=1569988070740894788,duration=11688536,event=agent[0Ktravis_time:start:052205d0[0Ktravis_time:end:052205d0:start=1569988070744288171,finish=1569988070746887725,duration=2599554,event=check_unsupported[0Ktravis_time:start:1c3e61bc[0Ktravis_fold:start:system_info[0K[33;1mBuild system information[0m
Build language: node_js
Build group: stable
Build dist: xenial
Build id: 592369502
Job id: 592369503
Runtime kernel version: 4.15.0-1028-gcp
travis-build version: beba64be6
[34m[1mBuild image provisioning date and time[0m
Mon Mar 25 16:43:24 UTC 2019
[34m[1mOperating System Details[0m
Distributor ID:	Ubuntu
Description:	Ubuntu 16.04.6 LTS
Release:	16.04
Codename:	xenial
[34m[1mSystemd Version[0m
systemd 229
[34m[1mCookbooks Version[0m
42e42e4 https://github.com/travis-ci/travis-cookbooks/tree/42e42e4
[34m[1mgit version[0m
git version 2.21.0
[34m[1mbash version[0m
GNU bash, version 4.3.48(1)-release (x86_64-pc-linux-gnu)
[34m[1mgcc version[0m
gcc (Ubuntu 5.4.0-6ubuntu1~16.04.11) 5.4.0 20160609
[34m[1mdocker version[0m
Client:
 Version:           18.06.0-ce
 API version:       1.38
 Go version:        go1.10.3
 Git commit:        0ffa825
 Built:             Wed Jul 18 19:11:02 2018
 OS/Arch:           linux/amd64
 Experimental:      false

Server:
 Engine:
  Version:          18.06.0-ce
  API version:      1.38 (minimum version 1.12)
  Go version:       go1.10.3
  Git commit:       0ffa825
  Built:            Wed Jul 18 19:09:05 2018
  OS/Arch:          linux/amd64
  Experimental:     false
[34m[1mclang version[0m
clang version 7.0.0 (tags/RELEASE_700/final)
[34m[1mjq version[0m
jq-1.5
[34m[1mbats version[0m
Bats 0.4.0
[34m[1mshellcheck version[0m
0.6.0
[34m[1mshfmt version[0m
v2.6.3
[34m[1mccache version[0m
3.2.4
[34m[1mcmake version[0m
cmake version 3.12.4
[34m[1mheroku version[0m
heroku/7.22.7 linux-x64 node-v11.10.1
[34m[1mimagemagick version[0m
Version: ImageMagick 6.8.9-9 Q16 x86_64 2018-09-28 http://www.imagemagick.org
[34m[1mmd5deep version[0m
4.4
[34m[1mmercurial version[0m
version 4.8
[34m[1mmysql version[0m
mysql  Ver 14.14 Distrib 5.7.25, for Linux (x86_64) using  EditLine wrapper
[34m[1mopenssl version[0m
OpenSSL 1.0.2g  1 Mar 2016
[34m[1mpacker version[0m
1.3.3
[34m[1mpostgresql client version[0m
psql (PostgreSQL) 10.7 (Ubuntu 10.7-1.pgdg16.04+1)
[34m[1mragel version[0m
Ragel State Machine Compiler version 6.8 Feb 2013
[34m[1msudo version[0m
1.8.16
[34m[1mgzip version[0m
gzip 1.6
[34m[1mzip version[0m
Zip 3.0
[34m[1mvim version[0m
VIM - Vi IMproved 7.4 (2013 Aug 10, compiled Nov 24 2016 16:44:48)
[34m[1miptables version[0m
iptables v1.6.0
[34m[1mcurl version[0m
curl 7.47.0 (x86_64-pc-linux-gnu) libcurl/7.47.0 GnuTLS/3.4.10 zlib/1.2.8 libidn/1.32 librtmp/2.3
[34m[1mwget version[0m
GNU Wget 1.17.1 built on linux-gnu.
[34m[1mrsync version[0m
rsync  version 3.1.1  protocol version 31
[34m[1mgimme version[0m
v1.5.3
[34m[1mnvm version[0m
0.34.0
[34m[1mperlbrew version[0m
/home/travis/perl5/perlbrew/bin/perlbrew  - App::perlbrew/0.86
[34m[1mphpenv version[0m
rbenv 1.1.2
[34m[1mrvm version[0m
rvm 1.29.7 (latest) by Michal Papis, Piotr Kuczynski, Wayne E. Seguin [https://rvm.io]
[34m[1mdefault ruby version[0m
ruby 2.5.3p105 (2018-10-18 revision 65156) [x86_64-linux]
[34m[1mCouchDB version[0m
couchdb 1.6.1
[34m[1mElasticSearch version[0m
5.5.0
[34m[1mInstalled Firefox version[0m
firefox 63.0.1
[34m[1mMongoDB version[0m
MongoDB 4.0.7
[34m[1mPhantomJS version[0m
2.1.1
[34m[1mPre-installed PostgreSQL versions[0m
9.4.21
9.5.16
9.6.12
[34m[1mRedis version[0m
redis-server 5.0.4
[34m[1mPre-installed Go versions[0m
1.11.1
[34m[1mmvn version[0m
Apache Maven 3.6.0 (97c98ec64a1fdfee7767ce5ffb20918da4f719f3; 2018-10-24T18:41:47Z)
[34m[1mgradle version[0m
Gradle 4.10.2!
[34m[1mlein version[0m
Leiningen 2.9.1 on Java 11.0.2 OpenJDK 64-Bit Server VM
[34m[1mPre-installed Node.js versions[0m
v10.15.3
v11.0.0
v4.9.1
v6.17.0
v8.12.0
v8.15.1
v8.9
[34m[1mphpenv versions[0m
  system
  5.6
  5.6.40
  7.1
  7.1.27
  7.2
* 7.2.15 (set by /home/travis/.phpenv/version)
  hhvm
  hhvm-stable
[34m[1mcomposer --version[0m
Composer version 1.8.4 2019-02-11 10:52:10
[34m[1mPre-installed Ruby versions[0m
ruby-2.3.8
ruby-2.4.5
ruby-2.5.3
travis_fold:end:system_info[0K
travis_time:end:1c3e61bc:start=1569988070750637290,finish=1569988070758199048,duration=7561758,event=show_system_info[0Ktravis_time:start:022a185e[0Ktravis_time:end:022a185e:start=1569988070761898416,finish=1569988070777742735,duration=15844319,event=rm_riak_source[0Ktravis_time:start:051d197c[0Ktravis_time:end:051d197c:start=1569988070781654180,finish=1569988070790426851,duration=8772671,event=fix_rwky_redis[0Ktravis_time:start:01f6c6b0[0Ktravis_time:end:01f6c6b0:start=1569988070794752216,finish=1569988071152390929,duration=357638713,event=wait_for_network[0Ktravis_time:start:19e241b8[0Ktravis_time:end:19e241b8:start=1569988071156127230,finish=1569988071399234114,duration=243106884,event=update_apt_keys[0Ktravis_time:start:0a057c88[0Ktravis_time:end:0a057c88:start=1569988071403286290,finish=1569988071465884002,duration=62597712,event=fix_hhvm_source[0Ktravis_time:start:24eb1fd0[0Ktravis_time:end:24eb1fd0:start=1569988071469946787,finish=1569988071473258290,duration=3311503,event=update_mongo_arch[0Ktravis_time:start:009a766a[0Ktravis_time:end:009a766a:start=1569988071476922405,finish=1569988071525179895,duration=48257490,event=fix_sudo_enabled_trusty[0Ktravis_time:start:30130428[0Ktravis_time:end:30130428:start=1569988071529016696,finish=1569988071531611058,duration=2594362,event=update_glibc[0Ktravis_time:start:0efb5310[0Ktravis_time:end:0efb5310:start=1569988071535090711,finish=1569988071543971086,duration=8880375,event=clean_up_path[0Ktravis_time:start:225b64d2[0Ktravis_time:end:225b64d2:start=1569988071547345601,finish=1569988071556880571,duration=9534970,event=fix_resolv_conf[0Ktravis_time:start:0f12c549[0Ktravis_time:end:0f12c549:start=1569988071560299042,finish=1569988071570860454,duration=10561412,event=fix_etc_hosts[0Ktravis_time:start:1d1d3062[0Ktravis_time:end:1d1d3062:start=1569988071574516169,finish=1569988071584428371,duration=9912202,event=fix_mvn_settings_xml[0Ktravis_time:start:0819aa00[0Ktravis_time:end:0819aa00:start=1569988071587885196,finish=1569988071598829464,duration=10944268,event=no_ipv6_localhost[0Ktravis_time:start:05ea0838[0Ktravis_time:end:05ea0838:start=1569988071602324587,finish=1569988071604916065,duration=2591478,event=fix_etc_mavenrc[0Ktravis_time:start:1f1cb508[0Ktravis_time:end:1f1cb508:start=1569988071608292546,finish=1569988071611724489,duration=3431943,event=fix_wwdr_certificate[0Ktravis_time:start:04985b9a[0Ktravis_time:end:04985b9a:start=1569988071615175604,finish=1569988071642951254,duration=27775650,event=put_localhost_first[0Ktravis_time:start:204091fb[0Ktravis_time:end:204091fb:start=1569988071646767945,finish=1569988071650392895,duration=3624950,event=home_paths[0Ktravis_time:start:155bd13e[0Ktravis_time:end:155bd13e:start=1569988071653900483,finish=1569988071667602384,duration=13701901,event=disable_initramfs[0Ktravis_time:start:10f19612[0Ktravis_time:end:10f19612:start=1569988071671154767,finish=1569988072058899725,duration=387744958,event=disable_ssh_roaming[0Ktravis_time:start:0f194e58[0Ktravis_time:end:0f194e58:start=1569988072062839757,finish=1569988072065558918,duration=2719161,event=debug_tools[0Ktravis_time:start:0a7f2ee2[0Ktravis_time:end:0a7f2ee2:start=1569988072069294853,finish=1569988072072954492,duration=3659639,event=uninstall_oclint[0Ktravis_time:start:10d748e8[0Ktravis_time:end:10d748e8:start=1569988072076684977,finish=1569988072080301121,duration=3616144,event=rvm_use[0Ktravis_time:start:005fccca[0Ktravis_time:end:005fccca:start=1569988072083851610,finish=1569988072093143945,duration=9292335,event=rm_etc_boto_cfg[0Ktravis_time:start:0e9ae580[0Ktravis_time:end:0e9ae580:start=1569988072096835338,finish=1569988072100249514,duration=3414176,event=rm_oraclejdk8_symlink[0Ktravis_time:start:07035eb8[0Ktravis_time:end:07035eb8:start=1569988072103930398,finish=1569988072217488254,duration=113557856,event=enable_i386[0Ktravis_time:start:00521e58[0Ktravis_time:end:00521e58:start=1569988072221590531,finish=1569988072228957016,duration=7366485,event=update_rubygems[0Ktravis_time:start:014cfd6f[0Ktravis_time:end:014cfd6f:start=1569988072232799142,finish=1569988073143450224,duration=910651082,event=ensure_path_components[0Ktravis_time:start:0098ebdb[0Ktravis_time:end:0098ebdb:start=1569988073147215563,finish=1569988073149801303,duration=2585740,event=redefine_curl[0Ktravis_time:start:0fd0777b[0Ktravis_time:end:0fd0777b:start=1569988073153378209,finish=1569988073155876646,duration=2498437,event=nonblock_pipe[0Ktravis_time:start:0cd0dcd2[0Ktravis_time:end:0cd0dcd2:start=1569988073159440899,finish=1569988073230473233,duration=71032334,event=apt_get_update[0Ktravis_time:start:1533afb0[0Ktravis_time:end:1533afb0:start=1569988073234039598,finish=1569988073236726840,duration=2687242,event=deprecate_xcode_64[0Ktravis_time:start:097316a3[0Ktravis_time:end:097316a3:start=1569988073240061634,finish=1569988076031505905,duration=2791444271,event=update_heroku[0Ktravis_time:start:0bd9b7e3[0Ktravis_time:end:0bd9b7e3:start=1569988076035166376,finish=1569988076037724197,duration=2557821,event=shell_session_update[0Ktravis_time:start:0e4bbec0[0Ktravis_fold:start:docker_mtu[0Ktravis_fold:end:docker_mtu[0Ktravis_time:end:0e4bbec0:start=1569988076041090412,finish=1569988078313872917,duration=2272782505,event=set_docker_mtu[0Ktravis_time:start:13883bbb[0Ktravis_fold:start:resolvconf[0Ktravis_fold:end:resolvconf[0Ktravis_time:end:13883bbb:start=1569988078317831714,finish=1569988078397973074,duration=80141360,event=resolvconf[0Ktravis_time:start:0e20e0b4[0Ktravis_time:end:0e20e0b4:start=1569988078404074244,finish=1569988078564445675,duration=160371431,event=maven_central_mirror[0Ktravis_time:start:033748da[0Ktravis_time:end:033748da:start=1569988078568762504,finish=1569988078571470081,duration=2707577,event=fix_ps4[0Ktravis_fold:start:install_chrome[0K$ export CHROME_SOURCE_URL=https://dl.google.com/dl/linux/direct/google-chrome-stable_current_amd64.deb
[33;1mInstalling Google Chrome stable[0m
travis_time:start:1499cf3c[0K$ wget --no-verbose -O /tmp/$(basename $CHROME_SOURCE_URL) $CHROME_SOURCE_URL
2019-10-02 03:48:00 URL:https://dl.google.com/dl/linux/direct/google-chrome-stable_current_amd64.deb [61065690/61065690] -> "/tmp/google-chrome-stable_current_amd64.deb" [1]
travis_time:end:1499cf3c:start=1569988078626687645,finish=1569988080317541775,duration=1690854130,event=prepare[0K(Reading database ... (Reading database ... 5%(Reading database ... 10%(Reading database ... 15%(Reading database ... 20%(Reading database ... 25%(Reading database ... 30%(Reading database ... 35%(Reading database ... 40%(Reading database ... 45%(Reading database ... 50%(Reading database ... 55%(Reading database ... 60%(Reading database ... 65%(Reading database ... 70%(Reading database ... 75%(Reading database ... 80%(Reading database ... 85%(Reading database ... 90%(Reading database ... 95%(Reading database ... 100%(Reading database ... 124189 files and directories currently installed.)
Preparing to unpack .../google-chrome-stable_current_amd64.deb ...
Unpacking google-chrome-stable (77.0.3865.90-1) over (73.0.3683.86-1) ...
Setting up google-chrome-stable (77.0.3865.90-1) ...
Processing triggers for mime-support (3.59ubuntu1) ...
Processing triggers for man-db (2.7.5-1) ...
travis_fold:end:install_chrome[0Ktravis_time:start:0bbb442a[0K
travis_fold:start:git.checkout[0Ktravis_time:start:0408d020[0K$ git clone --depth=50 --branch=master https://github.com/paypal/paypal-smart-payment-buttons.git paypal/paypal-smart-payment-buttons
Cloning into 'paypal/paypal-smart-payment-buttons'...
remote: Enumerating objects: 601, done.[K
remote: Counting objects:   0% (1/601)[Kremote: Counting objects:   1% (7/601)[Kremote: Counting objects:   2% (13/601)[Kremote: Counting objects:   3% (19/601)[Kremote: Counting objects:   4% (25/601)[Kremote: Counting objects:   5% (31/601)[Kremote: Counting objects:   6% (37/601)[Kremote: Counting objects:   7% (43/601)[Kremote: Counting objects:   8% (49/601)[Kremote: Counting objects:   9% (55/601)[Kremote: Counting objects:  10% (61/601)[Kremote: Counting objects:  11% (67/601)[Kremote: Counting objects:  12% (73/601)[Kremote: Counting objects:  13% (79/601)[Kremote: Counting objects:  14% (85/601)[Kremote: Counting objects:  15% (91/601)[Kremote: Counting objects:  16% (97/601)[Kremote: Counting objects:  17% (103/601)[Kremote: Counting objects:  18% (109/601)[Kremote: Counting objects:  19% (115/601)[Kremote: Counting objects:  20% (121/601)[Kremote: Counting objects:  21% (127/601)[Kremote: Counting objects:  22% (133/601)[Kremote: Counting objects:  23% (139/601)[Kremote: Counting objects:  24% (145/601)[Kremote: Counting objects:  25% (151/601)[Kremote: Counting objects:  26% (157/601)[Kremote: Counting objects:  27% (163/601)[Kremote: Counting objects:  28% (169/601)[Kremote: Counting objects:  29% (175/601)[Kremote: Counting objects:  30% (181/601)[Kremote: Counting objects:  31% (187/601)[Kremote: Counting objects:  32% (193/601)[Kremote: Counting objects:  33% (199/601)[Kremote: Counting objects:  34% (205/601)[Kremote: Counting objects:  35% (211/601)[Kremote: Counting objects:  36% (217/601)[Kremote: Counting objects:  37% (223/601)[Kremote: Counting objects:  38% (229/601)[Kremote: Counting objects:  39% (235/601)[Kremote: Counting objects:  40% (241/601)[Kremote: Counting objects:  41% (247/601)[Kremote: Counting objects:  42% (253/601)[Kremote: Counting objects:  43% (259/601)[Kremote: Counting objects:  44% (265/601)[Kremote: Counting objects:  45% (271/601)[Kremote: Counting objects:  46% (277/601)[Kremote: Counting objects:  47% (283/601)[Kremote: Counting objects:  48% (289/601)[Kremote: Counting objects:  49% (295/601)[Kremote: Counting objects:  50% (301/601)[Kremote: Counting objects:  51% (307/601)[Kremote: Counting objects:  52% (313/601)[Kremote: Counting objects:  53% (319/601)[Kremote: Counting objects:  54% (325/601)[Kremote: Counting objects:  55% (331/601)[Kremote: Counting objects:  56% (337/601)[Kremote: Counting objects:  57% (343/601)[Kremote: Counting objects:  58% (349/601)[Kremote: Counting objects:  59% (355/601)[Kremote: Counting objects:  60% (361/601)[Kremote: Counting objects:  61% (367/601)[Kremote: Counting objects:  62% (373/601)[Kremote: Counting objects:  63% (379/601)[Kremote: Counting objects:  64% (385/601)[Kremote: Counting objects:  65% (391/601)[Kremote: Counting objects:  66% (397/601)[Kremote: Counting objects:  67% (403/601)[Kremote: Counting objects:  68% (409/601)[Kremote: Counting objects:  69% (415/601)[Kremote: Counting objects:  70% (421/601)[Kremote: Counting objects:  71% (427/601)[Kremote: Counting objects:  72% (433/601)[Kremote: Counting objects:  73% (439/601)[Kremote: Counting objects:  74% (445/601)[Kremote: Counting objects:  75% (451/601)[Kremote: Counting objects:  76% (457/601)[Kremote: Counting objects:  77% (463/601)[Kremote: Counting objects:  78% (469/601)[Kremote: Counting objects:  79% (475/601)[Kremote: Counting objects:  80% (481/601)[Kremote: Counting objects:  81% (487/601)[Kremote: Counting objects:  82% (493/601)[Kremote: Counting objects:  83% (499/601)[Kremote: Counting objects:  84% (505/601)[Kremote: Counting objects:  85% (511/601)[Kremote: Counting objects:  86% (517/601)[Kremote: Counting objects:  87% (523/601)[Kremote: Counting objects:  88% (529/601)[Kremote: Counting objects:  89% (535/601)[Kremote: Counting objects:  90% (541/601)[Kremote: Counting objects:  91% (547/601)[Kremote: Counting objects:  92% (553/601)[Kremote: Counting objects:  93% (559/601)[Kremote: Counting objects:  94% (565/601)[Kremote: Counting objects:  95% (571/601)[Kremote: Counting objects:  96% (577/601)[Kremote: Counting objects:  97% (583/601)[Kremote: Counting objects:  98% (589/601)[Kremote: Counting objects:  99% (595/601)[Kremote: Counting objects: 100% (601/601)[Kremote: Counting objects: 100% (601/601), done.[K
remote: Compressing objects:   0% (1/364)[Kremote: Compressing objects:   1% (4/364)[Kremote: Compressing objects:   2% (8/364)[Kremote: Compressing objects:   3% (11/364)[Kremote: Compressing objects:   4% (15/364)[Kremote: Compressing objects:   5% (19/364)[Kremote: Compressing objects:   6% (22/364)[Kremote: Compressing objects:   7% (26/364)[Kremote: Compressing objects:   8% (30/364)[Kremote: Compressing objects:   9% (33/364)[Kremote: Compressing objects:  10% (37/364)[Kremote: Compressing objects:  11% (41/364)[Kremote: Compressing objects:  12% (44/364)[Kremote: Compressing objects:  13% (48/364)[Kremote: Compressing objects:  14% (51/364)[Kremote: Compressing objects:  15% (55/364)[Kremote: Compressing objects:  16% (59/364)[Kremote: Compressing objects:  17% (62/364)[Kremote: Compressing objects:  18% (66/364)[Kremote: Compressing objects:  19% (70/364)[Kremote: Compressing objects:  20% (73/364)[Kremote: Compressing objects:  21% (77/364)[Kremote: Compressing objects:  22% (81/364)[Kremote: Compressing objects:  23% (84/364)[Kremote: Compressing objects:  24% (88/364)[Kremote: Compressing objects:  25% (91/364)[Kremote: Compressing objects:  26% (95/364)[Kremote: Compressing objects:  27% (99/364)[Kremote: Compressing objects:  28% (102/364)[Kremote: Compressing objects:  29% (106/364)[Kremote: Compressing objects:  30% (110/364)[Kremote: Compressing objects:  31% (113/364)[Kremote: Compressing objects:  32% (117/364)[Kremote: Compressing objects:  33% (121/364)[Kremote: Compressing objects:  34% (124/364)[Kremote: Compressing objects:  35% (128/364)[Kremote: Compressing objects:  36% (132/364)[Kremote: Compressing objects:  37% (135/364)[Kremote: Compressing objects:  38% (139/364)[Kremote: Compressing objects:  39% (142/364)[Kremote: Compressing objects:  40% (146/364)[Kremote: Compressing objects:  41% (150/364)[Kremote: Compressing objects:  42% (153/364)[Kremote: Compressing objects:  43% (157/364)[Kremote: Compressing objects:  44% (161/364)[Kremote: Compressing objects:  45% (164/364)[Kremote: Compressing objects:  46% (168/364)[Kremote: Compressing objects:  47% (172/364)[Kremote: Compressing objects:  48% (175/364)[Kremote: Compressing objects:  49% (179/364)[Kremote: Compressing objects:  50% (182/364)[Kremote: Compressing objects:  51% (186/364)[Kremote: Compressing objects:  52% (190/364)[Kremote: Compressing objects:  53% (193/364)[Kremote: Compressing objects:  54% (197/364)[Kremote: Compressing objects:  55% (201/364)[Kremote: Compressing objects:  56% (204/364)[Kremote: Compressing objects:  57% (208/364)[Kremote: Compressing objects:  58% (212/364)[Kremote: Compressing objects:  59% (215/364)[Kremote: Compressing objects:  60% (219/364)[Kremote: Compressing objects:  61% (223/364)[Kremote: Compressing objects:  62% (226/364)[Kremote: Compressing objects:  63% (230/364)[Kremote: Compressing objects:  64% (233/364)[Kremote: Compressing objects:  65% (237/364)[Kremote: Compressing objects:  66% (241/364)[Kremote: Compressing objects:  67% (244/364)[Kremote: Compressing objects:  68% (248/364)[Kremote: Compressing objects:  69% (252/364)[Kremote: Compressing objects:  70% (255/364)[Kremote: Compressing objects:  71% (259/364)[Kremote: Compressing objects:  72% (263/364)[Kremote: Compressing objects:  73% (266/364)[Kremote: Compressing objects:  74% (270/364)[Kremote: Compressing objects:  75% (273/364)[Kremote: Compressing objects:  76% (277/364)[Kremote: Compressing objects:  77% (281/364)[Kremote: Compressing objects:  78% (284/364)[Kremote: Compressing objects:  79% (288/364)[Kremote: Compressing objects:  80% (292/364)[Kremote: Compressing objects:  81% (295/364)[Kremote: Compressing objects:  82% (299/364)[Kremote: Compressing objects:  83% (303/364)[Kremote: Compressing objects:  84% (306/364)[Kremote: Compressing objects:  85% (310/364)[Kremote: Compressing objects:  86% (314/364)[Kremote: Compressing objects:  87% (317/364)[Kremote: Compressing objects:  88% (321/364)[Kremote: Compressing objects:  89% (324/364)[Kremote: Compressing objects:  90% (328/364)[Kremote: Compressing objects:  91% (332/364)[Kremote: Compressing objects:  92% (335/364)[Kremote: Compressing objects:  93% (339/364)[Kremote: Compressing objects:  94% (343/364)[Kremote: Compressing objects:  95% (346/364)[Kremote: Compressing objects:  96% (350/364)[Kremote: Compressing objects:  97% (354/364)[Kremote: Compressing objects:  98% (357/364)[Kremote: Compressing objects:  99% (361/364)[Kremote: Compressing objects: 100% (364/364)[Kremote: Compressing objects: 100% (364/364), done.[K
Receiving objects:   0% (1/601)   Receiving objects:   1% (7/601)   Receiving objects:   2% (13/601)   Receiving objects:   3% (19/601)   Receiving objects:   4% (25/601)   Receiving objects:   5% (31/601)   Receiving objects:   6% (37/601)   Receiving objects:   7% (43/601)   Receiving objects:   8% (49/601)   Receiving objects:   9% (55/601)   Receiving objects:  10% (61/601)   Receiving objects:  11% (67/601)   Receiving objects:  12% (73/601)   Receiving objects:  13% (79/601)   Receiving objects:  14% (85/601)   Receiving objects:  15% (91/601)   Receiving objects:  16% (97/601)   Receiving objects:  17% (103/601)   Receiving objects:  18% (109/601)   Receiving objects:  19% (115/601)   Receiving objects:  20% (121/601)   Receiving objects:  21% (127/601)   Receiving objects:  22% (133/601)   Receiving objects:  23% (139/601)   Receiving objects:  24% (145/601)   Receiving objects:  25% (151/601)   Receiving objects:  26% (157/601)   Receiving objects:  27% (163/601)   Receiving objects:  28% (169/601)   Receiving objects:  29% (175/601)   Receiving objects:  30% (181/601)   Receiving objects:  31% (187/601)   Receiving objects:  32% (193/601)   Receiving objects:  33% (199/601)   Receiving objects:  34% (205/601)   Receiving objects:  35% (211/601)   Receiving objects:  36% (217/601)   Receiving objects:  37% (223/601)   Receiving objects:  38% (229/601)   Receiving objects:  39% (235/601)   Receiving objects:  40% (241/601)   Receiving objects:  41% (247/601)   Receiving objects:  42% (253/601)   Receiving objects:  43% (259/601)   Receiving objects:  44% (265/601)   Receiving objects:  45% (271/601)   Receiving objects:  46% (277/601)   Receiving objects:  47% (283/601)   Receiving objects:  48% (289/601)   Receiving objects:  49% (295/601)   Receiving objects:  50% (301/601)   Receiving objects:  51% (307/601)   Receiving objects:  52% (313/601)   Receiving objects:  53% (319/601)   Receiving objects:  54% (325/601)   Receiving objects:  55% (331/601)   Receiving objects:  56% (337/601)   Receiving objects:  57% (343/601)   Receiving objects:  58% (349/601)   Receiving objects:  59% (355/601)   Receiving objects:  60% (361/601)   Receiving objects:  61% (367/601)   Receiving objects:  62% (373/601)   Receiving objects:  63% (379/601)   Receiving objects:  64% (385/601)   Receiving objects:  65% (391/601)   Receiving objects:  66% (397/601)   Receiving objects:  67% (403/601)   Receiving objects:  68% (409/601)   Receiving objects:  69% (415/601)   Receiving objects:  70% (421/601)   Receiving objects:  71% (427/601)   Receiving objects:  72% (433/601)   Receiving objects:  73% (439/601)   Receiving objects:  74% (445/601)   Receiving objects:  75% (451/601)   Receiving objects:  76% (457/601)   Receiving objects:  77% (463/601)   Receiving objects:  78% (469/601)   Receiving objects:  79% (475/601)   Receiving objects:  80% (481/601)   Receiving objects:  81% (487/601)   Receiving objects:  82% (493/601)   Receiving objects:  83% (499/601)   Receiving objects:  84% (505/601)   Receiving objects:  85% (511/601)   Receiving objects:  86% (517/601)   Receiving objects:  87% (523/601)   Receiving objects:  88% (529/601)   Receiving objects:  89% (535/601)   Receiving objects:  90% (541/601)   Receiving objects:  91% (547/601)   Receiving objects:  92% (553/601)   remote: Total 601 (delta 383), reused 424 (delta 233), pack-reused 0[K
Receiving objects:  93% (559/601)   Receiving objects:  94% (565/601)   Receiving objects:  95% (571/601)   Receiving objects:  96% (577/601)   Receiving objects:  97% (583/601)   Receiving objects:  98% (589/601)   Receiving objects:  99% (595/601)   Receiving objects: 100% (601/601)   Receiving objects: 100% (601/601), 786.33 KiB | 8.83 MiB/s, done.
Resolving deltas:   0% (0/383)   Resolving deltas:   9% (37/383)   Resolving deltas:  10% (39/383)   Resolving deltas:  22% (88/383)   Resolving deltas:  24% (92/383)   Resolving deltas:  25% (98/383)   Resolving deltas:  27% (105/383)   Resolving deltas:  28% (111/383)   Resolving deltas:  30% (117/383)   Resolving deltas:  31% (119/383)   Resolving deltas:  32% (124/383)   Resolving deltas:  33% (128/383)   Resolving deltas:  36% (139/383)   Resolving deltas:  37% (143/383)   Resolving deltas:  38% (147/383)   Resolving deltas:  39% (153/383)   Resolving deltas:  40% (154/383)   Resolving deltas:  41% (159/383)   Resolving deltas:  42% (161/383)   Resolving deltas:  44% (172/383)   Resolving deltas:  45% (173/383)   Resolving deltas:  47% (181/383)   Resolving deltas:  49% (190/383)   Resolving deltas:  51% (197/383)   Resolving deltas:  52% (201/383)   Resolving deltas:  53% (203/383)   Resolving deltas:  54% (207/383)   Resolving deltas:  55% (211/383)   Resolving deltas:  56% (215/383)   Resolving deltas:  57% (220/383)   Resolving deltas:  60% (233/383)   Resolving deltas:  63% (243/383)   Resolving deltas:  64% (246/383)   Resolving deltas:  65% (250/383)   Resolving deltas:  66% (253/383)   Resolving deltas:  67% (257/383)   Resolving deltas:  68% (263/383)   Resolving deltas:  69% (268/383)   Resolving deltas:  71% (272/383)   Resolving deltas:  72% (276/383)   Resolving deltas:  73% (280/383)   Resolving deltas:  74% (285/383)   Resolving deltas:  75% (291/383)   Resolving deltas:  76% (292/383)   Resolving deltas:  80% (310/383)   Resolving deltas:  81% (312/383)   Resolving deltas:  82% (315/383)   Resolving deltas:  84% (323/383)   Resolving deltas:  85% (327/383)   Resolving deltas:  89% (341/383)   Resolving deltas:  91% (352/383)   Resolving deltas:  92% (353/383)   Resolving deltas:  93% (358/383)   Resolving deltas:  94% (361/383)   Resolving deltas:  96% (369/383)   Resolving deltas: 100% (383/383)   Resolving deltas: 100% (383/383), done.
travis_time:end:0408d020:start=1569988089295829233,finish=1569988090301770669,duration=1005941436,event=checkout[0K$ cd paypal/paypal-smart-payment-buttons
$ git checkout -qf 24efe1dd00297da685a3fc26ae0e92d0cdedae03
travis_fold:end:git.checkout[0K
travis_time:end:0408d020:start=1569988089295829233,finish=1569988090330902932,duration=1035073699,event=checkout[0Ktravis_time:start:2c844fc8[0Ktravis_time:end:2c844fc8:start=1569988090335556761,finish=1569988090342435850,duration=6879089,event=env[0Ktravis_fold:start:nvm.install[0Ktravis_time:start:17ac5b80[0K$ nvm install 10
Downloading and installing node v10.16.3...
Downloading https://nodejs.org/dist/v10.16.3/node-v10.16.3-linux-x64.tar.xz...
Computing checksum with sha256sum
Checksums matched!
Now using node v10.16.3 (npm v6.9.0)
travis_time:end:17ac5b80:start=1569988091353616815,finish=1569988094842332286,duration=3488715471,event=setup[0Ktravis_fold:end:nvm.install[0K
travis_fold:start:cache.1[0KSetting up build cache
$ export CASHER_DIR=${TRAVIS_HOME}/.casher
travis_time:start:2c0b10da[0K$ Installing caching utilities
travis_time:end:2c0b10da:start=1569988096166385823,finish=1569988096441755512,duration=275369689,event=setup_casher[0Ktravis_time:start:0fc28388[0Ktravis_time:end:0fc28388:start=1569988096447566752,finish=1569988096450773242,duration=3206490,event=setup_casher[0Ktravis_time:start:2581d4c0[0Kattempting to download cache archive[0m
[32;1mfetching master/cache-linux-xenial-e3b0c44298fc1c149afbf4c8996fb92427ae41e4649b934ca495991b7852b855--node-10.tgz[0m
[32;1mfound cache[0m
travis_time:end:2581d4c0:start=1569988096454800421,finish=1569988098423222727,duration=1968422306,event=setup_casher[0Ktravis_fold:end:cache.1[0K
travis_fold:start:cache.npm[0K
travis_time:start:20a8894f[0Ktravis_time:end:20a8894f:start=1569988098635393718,finish=1569988098638803187,duration=3409469,event=setup_cache[0Ktravis_time:start:08b0c447[0Kadding /home/travis/build/paypal/paypal-smart-payment-buttons/node_modules to cache[0m
creating directory /home/travis/build/paypal/paypal-smart-payment-buttons/node_modules[0m
travis_time:end:08b0c447:start=1569988098643078294,finish=1569988105266496522,duration=6623418228,event=setup_cache[0Ktravis_fold:end:cache.npm[0K$ node --version
v10.16.3
$ npm --version
6.11.3
$ nvm --version
0.34.0

travis_fold:start:install.npm[0Ktravis_time:start:00634970[0K$ npm install 
[37;40mnpm[0m [0m[30;43mWARN[0m [0m[35mprepublish-on-install[0m As of npm@5, `prepublish` scripts are deprecated.
[0m[37;40mnpm[0m [0m[30;43mWARN[0m [0m[35mprepublish-on-install[0m Use `prepare` for build steps and `prepublishOnly` for upload-only.
[0m[37;40mnpm[0m [0m[30;43mWARN[0m [0m[35mprepublish-on-install[0m See the deprecation note in `npm help scripts` for more information.
[0m
> @paypal/smart-payment-buttons@2.0.139 prepublish /home/travis/build/paypal/paypal-smart-payment-buttons
> in-publish && npm run babel || not-in-publish

[37;40mnpm[0m [0m[30;43mWARN[0m[35m[0m @paypal/smart-payment-buttons@2.0.139 license should be a valid SPDX license expression
[0m[37;40mnpm[0m [0m[30;43mWARN[0m [0m[35moptional[0m SKIPPING OPTIONAL DEPENDENCY: fsevents@1.2.9 (node_modules/fsevents):
[0m[37;40mnpm[0m [0m[30;43mWARN[0m [0m[35mnotsup[0m SKIPPING OPTIONAL DEPENDENCY: Unsupported platform for fsevents@1.2.9: wanted {"os":"darwin","arch":"any"} (current: {"os":"linux","arch":"x64"})
[0m
audited 54058 packages in 10.766s
found [91m174[0m vulnerabilities (72 [1mlow[0m, 76 [93mmoderate[0m, 26 [91mhigh[0m)
  run `npm audit fix` to fix them, or `npm audit` for details
travis_time:end:00634970:start=1569988106462509670,finish=1569988117794899407,duration=11332389737,event=install[0Ktravis_fold:end:install.npm[0K
travis_time:start:01c51418[0K$ npm run test

> @paypal/smart-payment-buttons@2.0.139 test /home/travis/build/paypal/paypal-smart-payment-buttons
> if [ ! $SKIP_TEST ]; then npm run lint && npm run flow-typed && npm run flow && npm run karma && npm run jest; fi;


> @paypal/smart-payment-buttons@2.0.139 lint /home/travis/build/paypal/paypal-smart-payment-buttons
> eslint src/ server/ test/ *.js


> @paypal/smart-payment-buttons@2.0.139 flow-typed /home/travis/build/paypal/paypal-smart-payment-buttons
> rm -rf ./flow-typed && flow-typed install --ignoreDeps peer && flow-typed install jest@22 mocha@3 && flow-typed install express@4.16 && sed -i -e 's/http$IncomingMessage,/http$IncomingMessage<>,/g' ./flow-typed/npm/express_v4.16.x.js

[before-after-hook]: "Hook()" repurposing warning, use "Hook.Collection()". Read more: https://git.io/upgrade-before-after-hook-to-1.4
â€¢ Found 16 dependencies in package.json to install libdefs for. Searching...
â€¢ flow-typed cache not found, fetching from GitHub...
â€¢ Installing 2 libDefs...
[1m  â€¢ express_v4.16.x.js[22m
[1m    â””> [32m./flow-typed/npm/express_v4.16.x.js[39m[22m
express
/home/travis/build/paypal/paypal-smart-payment-buttons/flow-typed/npm
[1m  â€¢ flow-bin_v0.x.x.js[22m
[1m    â””> [32m./flow-typed/npm/flow-bin_v0.x.x.js[39m[22m
flow-bin
/home/travis/build/paypal/paypal-smart-payment-buttons/flow-typed/npm
â€¢ Generating stubs for untyped dependencies...
[1m  â€¢ babel-core@^7.0.0-bridge.0[22m
[1m    â””> [31mflow-typed/npm/babel-core_vx.x.x.js[39m[22m
[1m  â€¢ @paypal/sdk-client@^4.0.27[22m
[1m    â””> [31mflow-typed/npm/@paypal/sdk-client_vx.x.x.js[39m[22m
[1m  â€¢ grumbler-scripts@^3.0.18[22m
[1m    â””> [31mflow-typed/npm/grumbler-scripts_vx.x.x.js[39m[22m
[1m  â€¢ sync-browser-mocks@^2.0.1[22m
[1m    â””> [31mflow-typed/npm/sync-browser-mocks_vx.x.x.js[39m[22m
[1m  â€¢ grabthar@^3[22m
[1m    â””> [31mflow-typed/npm/grabthar_vx.x.x.js[39m[22m
[1m  â€¢ belter@^1.0.19[22m
[1m    â””> [31mflow-typed/npm/belter_vx.x.x.js[39m[22m
[1m  â€¢ webpack-mem-compile@^1.0.2[22m
[1m    â””> [31mflow-typed/npm/webpack-mem-compile_vx.x.x.js[39m[22m
[1m  â€¢ jsx-pragmatic@^2[22m
[1m    â””> [31mflow-typed/npm/jsx-pragmatic_vx.x.x.js[39m[22m
[1m  â€¢ @paypal/checkout-components@^5.0.30[22m
[1m    â””> [31mflow-typed/npm/@paypal/checkout-components_vx.x.x.js[39m[22m
[31m[39m
[31m!! No flow@v0.100.0-compatible libdefs found in flow-typed for the above untyped dependencies !![39m

We've generated `any`-typed stubs for these packages, but consider submitting 
libdefs for them to [1mhttps://github.com/flowtype/flow-typed/[22m

[before-after-hook]: "Hook()" repurposing warning, use "Hook.Collection()". Read more: https://git.io/upgrade-before-after-hook-to-1.4
â€¢ Searching for 2 libdefs...
â€¢ Installing 1 libDefs...
[1m  â€¢ jest_v22.x.x.js[22m
[1m    â””> [32m./flow-typed/npm/jest_v22.x.x.js[39m[22m
jest
/home/travis/build/paypal/paypal-smart-payment-buttons/flow-typed/npm
â€¢ Generating stubs for untyped dependencies...
[1m  â€¢ mocha@3[22m
[1m    â””> [31mflow-typed/npm/mocha_vx.x.x.js[39m[22m
[31m[39m
[31m!! No flow@v0.100.0-compatible libdefs found in flow-typed for the above untyped dependencies !![39m

We've generated `any`-typed stubs for this package, but consider submitting 
a libdef for it to [1mhttps://github.com/flowtype/flow-typed/[22m

[before-after-hook]: "Hook()" repurposing warning, use "Hook.Collection()". Read more: https://git.io/upgrade-before-after-hook-to-1.4
â€¢ Searching for 1 libdefs...
â€¢ Installing 1 libDefs...
[1m  â€¢ express_v4.16.x.js[22m
[1m    â””> [32m./flow-typed/npm/express_v4.16.x.js[39m[22m
express
/home/travis/build/paypal/paypal-smart-payment-buttons/flow-typed/npm

> @paypal/smart-payment-buttons@2.0.139 flow /home/travis/build/paypal/paypal-smart-payment-buttons
> flow

Launching Flow server for /home/travis/build/paypal/paypal-smart-payment-buttons
Spawned flow server (pid=5815)
Logs will go to /tmp/flow/zShomezStraviszSbuildzSpaypalzSpaypal-smart-payment-buttons.log
Monitor logs will go to /tmp/flow/zShomezStraviszSbuildzSpaypalzSpaypal-smart-payment-buttons.monitor_log
Started a new flow server: -[0K[0KPlease wait. Server is starting up: \[0KPlease wait. Server is initializing (starting up): |[0KPlease wait. Server is initializing (parsed files 0): /[0KPlease wait. Server is initializing (parsed files 1000): -[0KPlease wait. Server is initializing (parsed files 1000): \[0KPlease wait. Server is initializing (parsed files 2000): |[0KPlease wait. Server is initializing (parsed files 3000): /[0KPlease wait. Server is initializing (parsed files 3000): -[0KPlease wait. Server is initializing (parsed files 4000): \[0KPlease wait. Server is initializing (parsed files 5000): |[0KPlease wait. Server is initializing (parsed files 5000): /[0KPlease wait. Server is initializing (parsed files 5000): -[0KPlease wait. Server is initializing (parsed files 5000): \[0KPlease wait. Server is initializing (parsed files 6000): |[0KPlease wait. Server is initializing (parsed files 7000): /[0KPlease wait. Server is initializing (parsed files 10000): -[0KPlease wait. Server is initializing (parsed files 11000): \[0KPlease wait. Server is initializing (parsed files 14000): |[0KPlease wait. Server is initializing (parsed files 18000): /[0KPlease wait. Server is initializing (parsed files 20000): -[0KPlease wait. Server is initializing (parsed files 23000): \[0KPlease wait. Server is initializing (parsed files 23000): |[0KPlease wait. Server is initializing (parsed files 24000): /[0KPlease wait. Server is initializing (parsed files 25000): -[0KPlease wait. Server is initializing (parsed files 25000): \[0KPlease wait. Server is initializing (parsed files 25000): |[0KPlease wait. Server is initializing (parsed files 25000): /[0KPlease wait. Server is initializing (parsed files 25000): -[0KPlease wait. Server is initializing (parsed files 25000): \[0KPlease wait. Server is initializing (parsed files 25000): |[0KPlease wait. Server is initializing (parsed files 25000): /[0KPlease wait. Server is initializing (parsed files 25000): -[0KPlease wait. Server is initializing (parsed files 25000): \[0KPlease wait. Server is initializing (parsed files 25533): |[0KPlease wait. Server is initializing (parsed files 25533): /[0KPlease wait. Server is initializing (parsed files 25533): -[0KPlease wait. Server is initializing (parsed files 25533): \[0KPlease wait. Server is initializing (parsed files 25533): |[0KPlease wait. Server is initializing (resolving dependencies): /[0KPlease wait. Server is initializing (resolving dependencies): -[0KPlease wait. Server is initializing (waiting for Watchman - giving up in 18 seconds): \[0KPlease wait. Server is initializing (parsed files 0/0 (0.0%)): |[0KPlease wait. Server is initializing (merged files 0/161 (0.0%)): /[0KPlease wait. Server is initializing (merged files 47/161 (29.2%)): -[0KPlease wait. Server is initializing (merged files 80/161 (49.7%)): \[0KPlease wait. Server is initializing (merged files 92/161 (57.1%)): |[0KPlease wait. Server is initializing (merged files 111/161 (68.9%)): /[0KPlease wait. Server is initializing (merged files 133/161 (82.6%)): -[0KPlease wait. Server is initializing (merged files 140/161 (87.0%)): \[0KPlease wait. Server is initializing (merged files 153/161 (95.0%)): |[0KPlease wait. Server is initializing (finishing up): /[0KPlease wait. Server is handling a request (starting up): -[0KPlease wait. Server is handling a request (collating errors): \[0K[31mError â”ˆâ”ˆâ”ˆâ”ˆâ”ˆâ”ˆâ”ˆâ”ˆâ”ˆâ”ˆâ”ˆâ”ˆâ”ˆâ”ˆâ”ˆâ”ˆâ”ˆâ”ˆâ”ˆâ”ˆâ”ˆâ”ˆâ”ˆâ”ˆâ”ˆâ”ˆâ”ˆâ”ˆâ”ˆâ”ˆâ”ˆâ”ˆâ”ˆâ”ˆâ”ˆâ”ˆâ”ˆâ”ˆâ”ˆâ”ˆâ”ˆâ”ˆâ”ˆâ”ˆâ”ˆâ”ˆâ”ˆâ”ˆâ”ˆâ”ˆâ”ˆâ”ˆ src/api/auth.js:62:80[0m[0m
[0m[0m
[0m[0mMissing[0m[0m [0m[0mtype[0m[0m [0m[0mannotation[0m[0m [0m[0mfor[0m[0m [0m[0m[0m[0mdestructuring[0m[0m.[0m[0m
[0m[0m
[0m[0m     [0m[0m[0m[0;2m59[0m[0;2mâ”‚[0m[0m [0m[0;2m    });[0m[0m
[0m[0m     [0m[0m[0m[0;2m60[0m[0;2mâ”‚[0m[0m [0m[0;2m}[0m[0m
[0m[0m     [0m[0m[0m[0;2m61[0m[0;2mâ”‚[0m[0;2m[0m[0m
[0m[0m     [0m[0m[0m[0;2m62[0m[0;2mâ”‚[0m[0m [0m[0;2mexport function upgradeFacilitatorAccessToken(facilitatorAccessToken : string, [0m[31m{ buyerAccessToken, orderID }[0m[0;2m) : ZalgoPromise<string> {[0m[0m
[0m[0m     [0m[0m[0m[0;2m63[0m[0;2mâ”‚[0m[0m [0m[0;2m    return callGraphQL({[0m[0m
[0m[0m     [0m[0m[0m[0;2m64[0m[0;2mâ”‚[0m[0m [0m[0;2m        headers: {[0m[0m
[0m[0m     [0m[0m[0m[0;2m65[0m[0;2mâ”‚[0m[0m [0m[0;2m            [ HEADERS.ACCESS_TOKEN ]: buyerAccessToken[0m[0m
[0m[0m
[0m[0m
[0m[31mError â”ˆâ”ˆâ”ˆâ”ˆâ”ˆâ”ˆâ”ˆâ”ˆâ”ˆâ”ˆâ”ˆâ”ˆâ”ˆâ”ˆâ”ˆâ”ˆâ”ˆâ”ˆâ”ˆâ”ˆâ”ˆâ”ˆâ”ˆâ”ˆâ”ˆâ”ˆâ”ˆâ”ˆâ”ˆâ”ˆâ”ˆâ”ˆâ”ˆâ”ˆâ”ˆâ”ˆâ”ˆâ”ˆâ”ˆâ”ˆâ”ˆâ”ˆâ”ˆâ”ˆâ”ˆâ”ˆâ”ˆâ”ˆâ”ˆâ”ˆâ”ˆâ”ˆ src/api/auth.js:63:12[0m[0m
[0m[0m
[0m[0mCannot[0m[0m [0m[0mreturn[0m[0m [0m[0m[0m[0;1mcallGraphQL(...).then(...)[0m[0m[0m[0m [0m[0mbecause[0m[0m[0m[0m [0m[0m[0m[0;4mundefined[0m[0m [0m[0;2m[[0m[36m1[0m[0;2m][0m[0m[0m[0m [0m[0mis[0m[0m [0m[0mincompatible[0m[0m
[0m[0mwith[0m[0m [0m[0m[0m[0;4mstring[0m[0m [0m[0;2m[[0m[36m2[0m[0;2m][0m[0m[0m[0m [0m[0min[0m[0m [0m[0m[0m[0mtype[0m[0m [0m[0margument[0m[0m [0m[0m[0m[0;4m[0m[0;1;4mR[0m[0;4m[0m[0m [0m[0;2m[[0m[36m3[0m[0;2m][0m[0m.[0m[0m
[0m[0m
[0m[0m     [0m[0msrc/api/auth.js
[0m[0m     [0m[0m [0m[0;2m60[0m[0;2mâ”‚[0m[0m [0m[0;2m}[0m[0m
[0m[0m     [0m[0m [0m[0;2m61[0m[0;2mâ”‚[0m[0;2m[0m[0m
[0m[0m [0m[0;2m[[0m[36m2[0m[0;2m][0m[0m [0m[0m [0m[0;2m62[0m[0;2mâ”‚[0m[0m [0m[0;2mexport function upgradeFacilitatorAccessToken(facilitatorAccessToken : string, { buyerAccessToken, orderID }) : ZalgoPromise<[0m[36mstring[0m[0;2m> {[0m[0m
[0m[0m     [0m[0m [0m[0;2m63[0m[0;2mâ”‚[0m[0m [0m[0;2m    return [0m[31mcallGraphQL({[0m[0m
[0m[0m     [0m[0m [0m[0;2m64[0m[0;2mâ”‚[0m[0m [0m[31m        headers: {[0m[0m
[0m[0m     [0m[0m [0m[0;2m65[0m[0;2mâ”‚[0m[0m [0m[31m            [ HEADERS.ACCESS_TOKEN ]: buyerAccessToken[0m[0m
[0m[0m     [0m[0m [0m[0;2m66[0m[0;2mâ”‚[0m[0m [0m[31m        },[0m[0m
[0m[0m     [0m[0m [0m[0;2m67[0m[0;2mâ”‚[0m[0m [0m[31m        query: `[0m[0m
[0m[0m     [0m[0m [0m[0;2m68[0m[0;2mâ”‚[0m[0m [0m[31m            mutation UpgradeFacilitatorAccessToken([0m[0m
[0m[0m     [0m[0m [0m[0;2m69[0m[0;2mâ”‚[0m[0m [0m[31m                $orderID: String![0m[0m
[0m[0m     [0m[0m [0m[0;2m70[0m[0;2mâ”‚[0m[0m [0m[31m                $buyerAccessToken: String![0m[0m
[0m[0m     [0m[0m [0m[0;2m71[0m[0;2mâ”‚[0m[0m [0m[31m                $facilitatorAccessToken: String![0m[0m
[0m[0m     [0m[0m [0m[0;2m72[0m[0;2mâ”‚[0m[0m [0m[31m            ) {[0m[0m
[0m[0m     [0m[0m [0m[0;2m73[0m[0;2mâ”‚[0m[0m [0m[31m                upgradeLowScopeAccessToken([0m[0m
[0m[0m     [0m[0m [0m[0;2m74[0m[0;2mâ”‚[0m[0m [0m[31m                    token: $orderID[0m[0m
[0m[0m     [0m[0m [0m[0;2m75[0m[0;2mâ”‚[0m[0m [0m[31m                    buyerAccessToken: $buyerAccessToken[0m[0m
[0m[0m     [0m[0m [0m[0;2m76[0m[0;2mâ”‚[0m[0m [0m[31m                    merchantLSAT: $facilitatorAccessToken[0m[0m
[0m[0m     [0m[0m [0m[0;2m77[0m[0;2mâ”‚[0m[0m [0m[31m                )[0m[0m
[0m[0m     [0m[0m [0m[0;2m78[0m[0;2mâ”‚[0m[0m [0m[31m            }[0m[0m
[0m[0m     [0m[0m [0m[0;2m79[0m[0;2mâ”‚[0m[0m [0m[31m        `,[0m[0m
[0m[0m     [0m[0m [0m[0;2m80[0m[0;2mâ”‚[0m[0m [0m[31m        variables: { facilitatorAccessToken, buyerAccessToken, orderID }[0m[0m
[0m[0m     [0m[0m [0m[0;2m81[0m[0;2mâ”‚[0m[0m [0m[31m    }).then(noop)[0m[0;2m;[0m[0m
[0m[0m     [0m[0m [0m[0;2m82[0m[0;2mâ”‚[0m[0m [0m[0;2m}[0m[0m
[0m[0m     [0m[0m [0m[0;2m83[0m[0;2mâ”‚[0m[0;2m[0m[0m
[0m[0m
[0m[0m     [0m[0mnode_modules/belter/src/util.js
[0m[0m [0m[0;2m[[0m[36m1[0m[0;2m][0m[0m [0m[0m[0m[0;2m203[0m[0;2mâ”‚[0m[0m [0m[0;2mexport function noop(...args : Array<mixed>)[0m[36m [0m[0;2m{[0m[0m
[0m[0m
[0m[0m     [0m[0mnode_modules/zalgo-promise/src/promise.js
[0m[0m [0m[0;2m[[0m[36m3[0m[0;2m][0m[0m [0m[0m  [0m[0;2m7[0m[0;2mâ”‚[0m[0m [0m[0;2mexport class ZalgoPromise<[0m[36mR[0m[0;2m : mixed> {[0m[0m
[0m[0m
[0m[0m
[0m
Found 2 errors
[37;40mnpm[0m [0m[31;40mERR![0m [0m[35mcode[0m ELIFECYCLE
[0m[37;40mnpm[0m [0m[31;40mERR![0m [0m[35merrno[0m 2
[0m[37;40mnpm[0m [0m[31;40mERR![0m[35m[0m @paypal/smart-payment-buttons@2.0.139 flow: `flow`
[0m[37;40mnpm[0m [0m[31;40mERR![0m[35m[0m Exit status 2
[0m[37;40mnpm[0m [0m[31;40mERR![0m[35m[0m 
[0m[37;40mnpm[0m [0m[31;40mERR![0m[35m[0m Failed at the @paypal/smart-payment-buttons@2.0.139 flow script.
[0m[37;40mnpm[0m [0m[31;40mERR![0m[35m[0m This is probably not a problem with npm. There is likely additional logging output above.
[0m
[37;40mnpm[0m [0m[31;40mERR![0m[35m[0m A complete log of this run can be found in:
[0m[37;40mnpm[0m [0m[31;40mERR![0m[35m[0m     /home/travis/.npm/_logs/2019-10-02T03_49_21_890Z-debug.log
[0m[37;40mnpm[0m [0m[31;40mERR![0m [0m[35mcode[0m ELIFECYCLE
[0m[37;40mnpm[0m [0m[31;40mERR![0m [0m[35merrno[0m 2
[0m[37;40mnpm[0m [0m[31;40mERR![0m[35m[0m @paypal/smart-payment-buttons@2.0.139 test: `if [ ! $SKIP_TEST ]; then npm run lint && npm run flow-typed && npm run flow && npm run karma && npm run jest; fi;`
[0m[37;40mnpm[0m [0m[31;40mERR![0m[35m[0m Exit status 2
[0m[37;40mnpm[0m [0m[31;40mERR![0m[35m[0m 
[0m[37;40mnpm[0m [0m[31;40mERR![0m[35m[0m Failed at the @paypal/smart-payment-buttons@2.0.139 test script.
[0m[37;40mnpm[0m [0m[31;40mERR![0m[35m[0m This is probably not a problem with npm. There is likely additional logging output above.
[0m
[37;40mnpm[0m [0m[31;40mERR![0m[35m[0m A complete log of this run can be found in:
[0m[37;40mnpm[0m [0m[31;40mERR![0m[35m[0m     /home/travis/.npm/_logs/2019-10-02T03_49_21_927Z-debug.log
[0mtravis_time:end:01c51418:start=1569988117800314470,finish=1569988161939783004,duration=44139468534,event=script[0K[31;1mThe command "npm run test" exited with 2.[0m
travis_fold:start:cache.2[0Kstore build cache
travis_time:start:06d9f5ce[0Ktravis_time:end:06d9f5ce:start=1569988161945467702,finish=1569988161949539196,duration=4071494,event=cache[0Ktravis_time:start:287ae8aa[0K[32;1mnothing changed[0m
travis_time:end:287ae8aa:start=1569988161954098508,finish=1569988165995931585,duration=4041833077,event=cache[0Ktravis_fold:end:cache.2[0K

Done. Your build exited with 1.
