travis_fold:start:worker_info[0K[33;1mWorker information[0m
hostname: 3bf0bbc1-e2d9-4110-8c76-05d44d1b363d@1.worker-org-95567d544-qlhl2.gce-production-3
version: v6.2.1 https://github.com/travis-ci/worker/tree/4e3246c044eb4915c2378ffacd0b3d3ed0136bba
instance: travis-job-626e54aa-1289-4cdd-8ffe-0b94264c4ede travis-ci-sardonyx-xenial-1553530528-f909ac5 (via amqp)
startup: 6.538978779s
travis_fold:end:worker_info[0Ktravis_time:start:22008953[0Ktravis_time:end:22008953:start=1570601336615647437,finish=1570601336798985366,duration=183337929,event=no_world_writable_dirs[0Ktravis_time:start:07930406[0Ktravis_time:end:07930406:start=1570601336803018321,finish=1570601336811900752,duration=8882431,event=agent[0Ktravis_time:start:03111309[0Ktravis_time:end:03111309:start=1570601336815483141,finish=1570601336818359056,duration=2875915,event=check_unsupported[0Ktravis_time:start:07e9eeda[0Ktravis_fold:start:system_info[0K[33;1mBuild system information[0m
Build language: node_js
Build group: stable
Build dist: xenial
Build id: 595466450
Job id: 595466451
Runtime kernel version: 4.15.0-1028-gcp
travis-build version: beba64be6
[34m[1mBuild image provisioning date and time[0m
Mon Mar 25 16:43:24 UTC 2019
[34m[1mOperating System Details[0m
Distributor ID:	Ubuntu
Description:	Ubuntu 16.04.6 LTS
Release:	16.04
Codename:	xenial
[34m[1mSystemd Version[0m
systemd 229
[34m[1mCookbooks Version[0m
42e42e4 https://github.com/travis-ci/travis-cookbooks/tree/42e42e4
[34m[1mgit version[0m
git version 2.21.0
[34m[1mbash version[0m
GNU bash, version 4.3.48(1)-release (x86_64-pc-linux-gnu)
[34m[1mgcc version[0m
gcc (Ubuntu 5.4.0-6ubuntu1~16.04.11) 5.4.0 20160609
[34m[1mdocker version[0m
Client:
 Version:           18.06.0-ce
 API version:       1.38
 Go version:        go1.10.3
 Git commit:        0ffa825
 Built:             Wed Jul 18 19:11:02 2018
 OS/Arch:           linux/amd64
 Experimental:      false

Server:
 Engine:
  Version:          18.06.0-ce
  API version:      1.38 (minimum version 1.12)
  Go version:       go1.10.3
  Git commit:       0ffa825
  Built:            Wed Jul 18 19:09:05 2018
  OS/Arch:          linux/amd64
  Experimental:     false
[34m[1mclang version[0m
clang version 7.0.0 (tags/RELEASE_700/final)
[34m[1mjq version[0m
jq-1.5
[34m[1mbats version[0m
Bats 0.4.0
[34m[1mshellcheck version[0m
0.6.0
[34m[1mshfmt version[0m
v2.6.3
[34m[1mccache version[0m
3.2.4
[34m[1mcmake version[0m
cmake version 3.12.4
[34m[1mheroku version[0m
heroku/7.22.7 linux-x64 node-v11.10.1
[34m[1mimagemagick version[0m
Version: ImageMagick 6.8.9-9 Q16 x86_64 2018-09-28 http://www.imagemagick.org
[34m[1mmd5deep version[0m
4.4
[34m[1mmercurial version[0m
version 4.8
[34m[1mmysql version[0m
mysql  Ver 14.14 Distrib 5.7.25, for Linux (x86_64) using  EditLine wrapper
[34m[1mopenssl version[0m
OpenSSL 1.0.2g  1 Mar 2016
[34m[1mpacker version[0m
1.3.3
[34m[1mpostgresql client version[0m
psql (PostgreSQL) 10.7 (Ubuntu 10.7-1.pgdg16.04+1)
[34m[1mragel version[0m
Ragel State Machine Compiler version 6.8 Feb 2013
[34m[1msudo version[0m
1.8.16
[34m[1mgzip version[0m
gzip 1.6
[34m[1mzip version[0m
Zip 3.0
[34m[1mvim version[0m
VIM - Vi IMproved 7.4 (2013 Aug 10, compiled Nov 24 2016 16:44:48)
[34m[1miptables version[0m
iptables v1.6.0
[34m[1mcurl version[0m
curl 7.47.0 (x86_64-pc-linux-gnu) libcurl/7.47.0 GnuTLS/3.4.10 zlib/1.2.8 libidn/1.32 librtmp/2.3
[34m[1mwget version[0m
GNU Wget 1.17.1 built on linux-gnu.
[34m[1mrsync version[0m
rsync  version 3.1.1  protocol version 31
[34m[1mgimme version[0m
v1.5.3
[34m[1mnvm version[0m
0.34.0
[34m[1mperlbrew version[0m
/home/travis/perl5/perlbrew/bin/perlbrew  - App::perlbrew/0.86
[34m[1mphpenv version[0m
rbenv 1.1.2
[34m[1mrvm version[0m
rvm 1.29.7 (latest) by Michal Papis, Piotr Kuczynski, Wayne E. Seguin [https://rvm.io]
[34m[1mdefault ruby version[0m
ruby 2.5.3p105 (2018-10-18 revision 65156) [x86_64-linux]
[34m[1mCouchDB version[0m
couchdb 1.6.1
[34m[1mElasticSearch version[0m
5.5.0
[34m[1mInstalled Firefox version[0m
firefox 63.0.1
[34m[1mMongoDB version[0m
MongoDB 4.0.7
[34m[1mPhantomJS version[0m
2.1.1
[34m[1mPre-installed PostgreSQL versions[0m
9.4.21
9.5.16
9.6.12
[34m[1mRedis version[0m
redis-server 5.0.4
[34m[1mPre-installed Go versions[0m
1.11.1
[34m[1mmvn version[0m
Apache Maven 3.6.0 (97c98ec64a1fdfee7767ce5ffb20918da4f719f3; 2018-10-24T18:41:47Z)
[34m[1mgradle version[0m
Gradle 4.10.2!
[34m[1mlein version[0m
Leiningen 2.9.1 on Java 11.0.2 OpenJDK 64-Bit Server VM
[34m[1mPre-installed Node.js versions[0m
v10.15.3
v11.0.0
v4.9.1
v6.17.0
v8.12.0
v8.15.1
v8.9
[34m[1mphpenv versions[0m
  system
  5.6
  5.6.40
  7.1
  7.1.27
  7.2
* 7.2.15 (set by /home/travis/.phpenv/version)
  hhvm
  hhvm-stable
[34m[1mcomposer --version[0m
Composer version 1.8.4 2019-02-11 10:52:10
[34m[1mPre-installed Ruby versions[0m
ruby-2.3.8
ruby-2.4.5
ruby-2.5.3
travis_fold:end:system_info[0K
travis_time:end:07e9eeda:start=1570601336822111919,finish=1570601336832265415,duration=10153496,event=show_system_info[0Ktravis_time:start:0e8111bc[0Ktravis_time:end:0e8111bc:start=1570601336836217088,finish=1570601336852156236,duration=15939148,event=rm_riak_source[0Ktravis_time:start:1dc35f1d[0Ktravis_time:end:1dc35f1d:start=1570601336856157432,finish=1570601336863570927,duration=7413495,event=fix_rwky_redis[0Ktravis_time:start:187d8cb0[0Ktravis_time:end:187d8cb0:start=1570601336867900434,finish=1570601337243902678,duration=376002244,event=wait_for_network[0Ktravis_time:start:2dabb843[0Ktravis_time:end:2dabb843:start=1570601337247788256,finish=1570601337497161955,duration=249373699,event=update_apt_keys[0Ktravis_time:start:03a3df00[0Ktravis_time:end:03a3df00:start=1570601337500803493,finish=1570601337564243993,duration=63440500,event=fix_hhvm_source[0Ktravis_time:start:0a147c1a[0Ktravis_time:end:0a147c1a:start=1570601337567960471,finish=1570601337570950249,duration=2989778,event=update_mongo_arch[0Ktravis_time:start:0b375031[0Ktravis_time:end:0b375031:start=1570601337574499515,finish=1570601337624371389,duration=49871874,event=fix_sudo_enabled_trusty[0Ktravis_time:start:173f4b7e[0Ktravis_time:end:173f4b7e:start=1570601337628301784,finish=1570601337631149169,duration=2847385,event=update_glibc[0Ktravis_time:start:14a1834a[0Ktravis_time:end:14a1834a:start=1570601337634734002,finish=1570601337644823223,duration=10089221,event=clean_up_path[0Ktravis_time:start:029485fd[0Ktravis_time:end:029485fd:start=1570601337648568037,finish=1570601337658407821,duration=9839784,event=fix_resolv_conf[0Ktravis_time:start:0b3e8449[0Ktravis_time:end:0b3e8449:start=1570601337662201085,finish=1570601337673280175,duration=11079090,event=fix_etc_hosts[0Ktravis_time:start:23b08674[0Ktravis_time:end:23b08674:start=1570601337676908792,finish=1570601337688069586,duration=11160794,event=fix_mvn_settings_xml[0Ktravis_time:start:148a3e78[0Ktravis_time:end:148a3e78:start=1570601337691960996,finish=1570601337703429585,duration=11468589,event=no_ipv6_localhost[0Ktravis_time:start:0244d858[0Ktravis_time:end:0244d858:start=1570601337707086241,finish=1570601337709928326,duration=2842085,event=fix_etc_mavenrc[0Ktravis_time:start:1334b396[0Ktravis_time:end:1334b396:start=1570601337713708855,finish=1570601337717683739,duration=3974884,event=fix_wwdr_certificate[0Ktravis_time:start:0978f180[0Ktravis_time:end:0978f180:start=1570601337721290602,finish=1570601337749730602,duration=28440000,event=put_localhost_first[0Ktravis_time:start:267614e0[0Ktravis_time:end:267614e0:start=1570601337753550938,finish=1570601337757484444,duration=3933506,event=home_paths[0Ktravis_time:start:06c4b8db[0Ktravis_time:end:06c4b8db:start=1570601337761283280,finish=1570601337775901683,duration=14618403,event=disable_initramfs[0Ktravis_time:start:080e5688[0Ktravis_time:end:080e5688:start=1570601337779774407,finish=1570601338157233141,duration=377458734,event=disable_ssh_roaming[0Ktravis_time:start:0561403a[0Ktravis_time:end:0561403a:start=1570601338160897446,finish=1570601338163709894,duration=2812448,event=debug_tools[0Ktravis_time:start:002c4c6d[0Ktravis_time:end:002c4c6d:start=1570601338167398597,finish=1570601338171157583,duration=3758986,event=uninstall_oclint[0Ktravis_time:start:0dfd3dd5[0Ktravis_time:end:0dfd3dd5:start=1570601338174804269,finish=1570601338178517177,duration=3712908,event=rvm_use[0Ktravis_time:start:12d07e8d[0Ktravis_time:end:12d07e8d:start=1570601338182197744,finish=1570601338191803962,duration=9606218,event=rm_etc_boto_cfg[0Ktravis_time:start:25f91439[0Ktravis_time:end:25f91439:start=1570601338195459577,finish=1570601338198884456,duration=3424879,event=rm_oraclejdk8_symlink[0Ktravis_time:start:04146163[0Ktravis_time:end:04146163:start=1570601338202431350,finish=1570601338325667571,duration=123236221,event=enable_i386[0Ktravis_time:start:1071a0ec[0Ktravis_time:end:1071a0ec:start=1570601338330375949,finish=1570601338338060735,duration=7684786,event=update_rubygems[0Ktravis_time:start:0c68bf44[0Ktravis_time:end:0c68bf44:start=1570601338342409966,finish=1570601339408817617,duration=1066407651,event=ensure_path_components[0Ktravis_time:start:045a38df[0Ktravis_time:end:045a38df:start=1570601339413254421,finish=1570601339416605707,duration=3351286,event=redefine_curl[0Ktravis_time:start:179384d0[0Ktravis_time:end:179384d0:start=1570601339420715090,finish=1570601339423801628,duration=3086538,event=nonblock_pipe[0Ktravis_time:start:17f47c5c[0Ktravis_time:end:17f47c5c:start=1570601339427768544,finish=1570601339482337718,duration=54569174,event=apt_get_update[0Ktravis_time:start:1fbe6310[0Ktravis_time:end:1fbe6310:start=1570601339486511691,finish=1570601339489417561,duration=2905870,event=deprecate_xcode_64[0Ktravis_time:start:011c29aa[0Ktravis_time:end:011c29aa:start=1570601339493324361,finish=1570601342463261129,duration=2969936768,event=update_heroku[0Ktravis_time:start:124c10b6[0Ktravis_time:end:124c10b6:start=1570601342467911013,finish=1570601342471074144,duration=3163131,event=shell_session_update[0Ktravis_time:start:0623d9f0[0Ktravis_fold:start:docker_mtu[0Ktravis_fold:end:docker_mtu[0Ktravis_time:end:0623d9f0:start=1570601342475721206,finish=1570601344768446120,duration=2292724914,event=set_docker_mtu[0Ktravis_time:start:1073bf94[0Ktravis_fold:start:resolvconf[0Ktravis_fold:end:resolvconf[0Ktravis_time:end:1073bf94:start=1570601344774659584,finish=1570601344853410866,duration=78751282,event=resolvconf[0Ktravis_time:start:10c3b702[0Ktravis_time:end:10c3b702:start=1570601344864992784,finish=1570601345041276917,duration=176284133,event=maven_central_mirror[0Ktravis_time:start:072eeae4[0Ktravis_time:end:072eeae4:start=1570601345046005656,finish=1570601345048907972,duration=2902316,event=fix_ps4[0Ktravis_fold:start:install_chrome[0K$ export CHROME_SOURCE_URL=https://dl.google.com/dl/linux/direct/google-chrome-stable_current_amd64.deb
[33;1mInstalling Google Chrome stable[0m
travis_time:start:0310d040[0K$ wget --no-verbose -O /tmp/$(basename $CHROME_SOURCE_URL) $CHROME_SOURCE_URL
2019-10-09 06:09:06 URL:https://dl.google.com/dl/linux/direct/google-chrome-stable_current_amd64.deb [61065690/61065690] -> "/tmp/google-chrome-stable_current_amd64.deb" [1]
travis_time:end:0310d040:start=1570601345104997683,finish=1570601346365807254,duration=1260809571,event=prepare[0K(Reading database ... (Reading database ... 5%(Reading database ... 10%(Reading database ... 15%(Reading database ... 20%(Reading database ... 25%(Reading database ... 30%(Reading database ... 35%(Reading database ... 40%(Reading database ... 45%(Reading database ... 50%(Reading database ... 55%(Reading database ... 60%(Reading database ... 65%(Reading database ... 70%(Reading database ... 75%(Reading database ... 80%(Reading database ... 85%(Reading database ... 90%(Reading database ... 95%(Reading database ... 100%(Reading database ... 124189 files and directories currently installed.)
Preparing to unpack .../google-chrome-stable_current_amd64.deb ...
Unpacking google-chrome-stable (77.0.3865.90-1) over (73.0.3683.86-1) ...
Setting up google-chrome-stable (77.0.3865.90-1) ...
Processing triggers for mime-support (3.59ubuntu1) ...
Processing triggers for man-db (2.7.5-1) ...
travis_fold:end:install_chrome[0Ktravis_time:start:1b524958[0K
travis_fold:start:git.checkout[0Ktravis_time:start:1729267b[0K$ git clone --depth=50 --branch=master https://github.com/paypal/paypal-smart-payment-buttons.git paypal/paypal-smart-payment-buttons
Cloning into 'paypal/paypal-smart-payment-buttons'...
remote: Enumerating objects: 551, done.[K
remote: Counting objects:   0% (1/551)[Kremote: Counting objects:   1% (6/551)[Kremote: Counting objects:   2% (12/551)[Kremote: Counting objects:   3% (17/551)[Kremote: Counting objects:   4% (23/551)[Kremote: Counting objects:   5% (28/551)[Kremote: Counting objects:   6% (34/551)[Kremote: Counting objects:   7% (39/551)[Kremote: Counting objects:   8% (45/551)[Kremote: Counting objects:   9% (50/551)[Kremote: Counting objects:  10% (56/551)[Kremote: Counting objects:  11% (61/551)[Kremote: Counting objects:  12% (67/551)[Kremote: Counting objects:  13% (72/551)[Kremote: Counting objects:  14% (78/551)[Kremote: Counting objects:  15% (83/551)[Kremote: Counting objects:  16% (89/551)[Kremote: Counting objects:  17% (94/551)[Kremote: Counting objects:  18% (100/551)[Kremote: Counting objects:  19% (105/551)[Kremote: Counting objects:  20% (111/551)[Kremote: Counting objects:  21% (116/551)[Kremote: Counting objects:  22% (122/551)[Kremote: Counting objects:  23% (127/551)[Kremote: Counting objects:  24% (133/551)[Kremote: Counting objects:  25% (138/551)[Kremote: Counting objects:  26% (144/551)[Kremote: Counting objects:  27% (149/551)[Kremote: Counting objects:  28% (155/551)[Kremote: Counting objects:  29% (160/551)[Kremote: Counting objects:  30% (166/551)[Kremote: Counting objects:  31% (171/551)[Kremote: Counting objects:  32% (177/551)[Kremote: Counting objects:  33% (182/551)[Kremote: Counting objects:  34% (188/551)[Kremote: Counting objects:  35% (193/551)[Kremote: Counting objects:  36% (199/551)[Kremote: Counting objects:  37% (204/551)[Kremote: Counting objects:  38% (210/551)[Kremote: Counting objects:  39% (215/551)[Kremote: Counting objects:  40% (221/551)[Kremote: Counting objects:  41% (226/551)[Kremote: Counting objects:  42% (232/551)[Kremote: Counting objects:  43% (237/551)[Kremote: Counting objects:  44% (243/551)[Kremote: Counting objects:  45% (248/551)[Kremote: Counting objects:  46% (254/551)[Kremote: Counting objects:  47% (259/551)[Kremote: Counting objects:  48% (265/551)[Kremote: Counting objects:  49% (270/551)[Kremote: Counting objects:  50% (276/551)[Kremote: Counting objects:  51% (282/551)[Kremote: Counting objects:  52% (287/551)[Kremote: Counting objects:  53% (293/551)[Kremote: Counting objects:  54% (298/551)[Kremote: Counting objects:  55% (304/551)[Kremote: Counting objects:  56% (309/551)[Kremote: Counting objects:  57% (315/551)[Kremote: Counting objects:  58% (320/551)[Kremote: Counting objects:  59% (326/551)[Kremote: Counting objects:  60% (331/551)[Kremote: Counting objects:  61% (337/551)[Kremote: Counting objects:  62% (342/551)[Kremote: Counting objects:  63% (348/551)[Kremote: Counting objects:  64% (353/551)[Kremote: Counting objects:  65% (359/551)[Kremote: Counting objects:  66% (364/551)[Kremote: Counting objects:  67% (370/551)[Kremote: Counting objects:  68% (375/551)[Kremote: Counting objects:  69% (381/551)[Kremote: Counting objects:  70% (386/551)[Kremote: Counting objects:  71% (392/551)[Kremote: Counting objects:  72% (397/551)[Kremote: Counting objects:  73% (403/551)[Kremote: Counting objects:  74% (408/551)[Kremote: Counting objects:  75% (414/551)[Kremote: Counting objects:  76% (419/551)[Kremote: Counting objects:  77% (425/551)[Kremote: Counting objects:  78% (430/551)[Kremote: Counting objects:  79% (436/551)[Kremote: Counting objects:  80% (441/551)[Kremote: Counting objects:  81% (447/551)[Kremote: Counting objects:  82% (452/551)[Kremote: Counting objects:  83% (458/551)[Kremote: Counting objects:  84% (463/551)[Kremote: Counting objects:  85% (469/551)[Kremote: Counting objects:  86% (474/551)[Kremote: Counting objects:  87% (480/551)[Kremote: Counting objects:  88% (485/551)[Kremote: Counting objects:  89% (491/551)[Kremote: Counting objects:  90% (496/551)[Kremote: Counting objects:  91% (502/551)[Kremote: Counting objects:  92% (507/551)[Kremote: Counting objects:  93% (513/551)[Kremote: Counting objects:  94% (518/551)[Kremote: Counting objects:  95% (524/551)[Kremote: Counting objects:  96% (529/551)[Kremote: Counting objects:  97% (535/551)[Kremote: Counting objects:  98% (540/551)[Kremote: Counting objects:  99% (546/551)[Kremote: Counting objects: 100% (551/551)[Kremote: Counting objects: 100% (551/551), done.[K
remote: Compressing objects:   0% (1/323)[Kremote: Compressing objects:   1% (4/323)[Kremote: Compressing objects:   2% (7/323)[Kremote: Compressing objects:   3% (10/323)[Kremote: Compressing objects:   4% (13/323)[Kremote: Compressing objects:   5% (17/323)[Kremote: Compressing objects:   6% (20/323)[Kremote: Compressing objects:   7% (23/323)[Kremote: Compressing objects:   8% (26/323)[Kremote: Compressing objects:   9% (30/323)[Kremote: Compressing objects:  10% (33/323)[Kremote: Compressing objects:  11% (36/323)[Kremote: Compressing objects:  12% (39/323)[Kremote: Compressing objects:  13% (42/323)[Kremote: Compressing objects:  14% (46/323)[Kremote: Compressing objects:  15% (49/323)[Kremote: Compressing objects:  16% (52/323)[Kremote: Compressing objects:  17% (55/323)[Kremote: Compressing objects:  18% (59/323)[Kremote: Compressing objects:  19% (62/323)[Kremote: Compressing objects:  20% (65/323)[Kremote: Compressing objects:  21% (68/323)[Kremote: Compressing objects:  22% (72/323)[Kremote: Compressing objects:  23% (75/323)[Kremote: Compressing objects:  24% (78/323)[Kremote: Compressing objects:  25% (81/323)[Kremote: Compressing objects:  26% (84/323)[Kremote: Compressing objects:  27% (88/323)[Kremote: Compressing objects:  28% (91/323)[Kremote: Compressing objects:  29% (94/323)[Kremote: Compressing objects:  30% (97/323)[Kremote: Compressing objects:  31% (101/323)[Kremote: Compressing objects:  32% (104/323)[Kremote: Compressing objects:  33% (107/323)[Kremote: Compressing objects:  34% (110/323)[Kremote: Compressing objects:  35% (114/323)[Kremote: Compressing objects:  36% (117/323)[Kremote: Compressing objects:  37% (120/323)[Kremote: Compressing objects:  38% (123/323)[Kremote: Compressing objects:  39% (126/323)[Kremote: Compressing objects:  40% (130/323)[Kremote: Compressing objects:  41% (133/323)[Kremote: Compressing objects:  42% (136/323)[Kremote: Compressing objects:  43% (139/323)[Kremote: Compressing objects:  44% (143/323)[Kremote: Compressing objects:  45% (146/323)[Kremote: Compressing objects:  46% (149/323)[Kremote: Compressing objects:  47% (152/323)[Kremote: Compressing objects:  48% (156/323)[Kremote: Compressing objects:  49% (159/323)[Kremote: Compressing objects:  50% (162/323)[Kremote: Compressing objects:  51% (165/323)[Kremote: Compressing objects:  52% (168/323)[Kremote: Compressing objects:  53% (172/323)[Kremote: Compressing objects:  54% (175/323)[Kremote: Compressing objects:  55% (178/323)[Kremote: Compressing objects:  56% (181/323)[Kremote: Compressing objects:  57% (185/323)[Kremote: Compressing objects:  58% (188/323)[Kremote: Compressing objects:  59% (191/323)[Kremote: Compressing objects:  60% (194/323)[Kremote: Compressing objects:  61% (198/323)[Kremote: Compressing objects:  62% (201/323)[Kremote: Compressing objects:  63% (204/323)[Kremote: Compressing objects:  64% (207/323)[Kremote: Compressing objects:  65% (210/323)[Kremote: Compressing objects:  66% (214/323)[Kremote: Compressing objects:  67% (217/323)[Kremote: Compressing objects:  68% (220/323)[Kremote: Compressing objects:  69% (223/323)[Kremote: Compressing objects:  70% (227/323)[Kremote: Compressing objects:  71% (230/323)[Kremote: Compressing objects:  72% (233/323)[Kremote: Compressing objects:  73% (236/323)[Kremote: Compressing objects:  74% (240/323)[Kremote: Compressing objects:  75% (243/323)[Kremote: Compressing objects:  76% (246/323)[Kremote: Compressing objects:  77% (249/323)[Kremote: Compressing objects:  78% (252/323)[Kremote: Compressing objects:  79% (256/323)[Kremote: Compressing objects:  80% (259/323)[Kremote: Compressing objects:  81% (262/323)[Kremote: Compressing objects:  82% (265/323)[Kremote: Compressing objects:  83% (269/323)[Kremote: Compressing objects:  84% (272/323)[Kremote: Compressing objects:  85% (275/323)[Kremote: Compressing objects:  86% (278/323)[Kremote: Compressing objects:  87% (282/323)[Kremote: Compressing objects:  88% (285/323)[Kremote: Compressing objects:  89% (288/323)[Kremote: Compressing objects:  90% (291/323)[Kremote: Compressing objects:  91% (294/323)[Kremote: Compressing objects:  92% (298/323)[Kremote: Compressing objects:  93% (301/323)[Kremote: Compressing objects:  94% (304/323)[Kremote: Compressing objects:  95% (307/323)[Kremote: Compressing objects:  96% (311/323)[Kremote: Compressing objects:  97% (314/323)[Kremote: Compressing objects:  98% (317/323)[Kremote: Compressing objects:  99% (320/323)[Kremote: Compressing objects: 100% (323/323)[Kremote: Compressing objects: 100% (323/323), done.[K
Receiving objects:   0% (1/551)   Receiving objects:   1% (6/551)   Receiving objects:   2% (12/551)   Receiving objects:   3% (17/551)   Receiving objects:   4% (23/551)   Receiving objects:   5% (28/551)   Receiving objects:   6% (34/551)   Receiving objects:   7% (39/551)   Receiving objects:   8% (45/551)   Receiving objects:   9% (50/551)   Receiving objects:  10% (56/551)   Receiving objects:  11% (61/551)   Receiving objects:  12% (67/551)   Receiving objects:  13% (72/551)   Receiving objects:  14% (78/551)   Receiving objects:  15% (83/551)   Receiving objects:  16% (89/551)   Receiving objects:  17% (94/551)   Receiving objects:  18% (100/551)   Receiving objects:  19% (105/551)   Receiving objects:  20% (111/551)   Receiving objects:  21% (116/551)   Receiving objects:  22% (122/551)   Receiving objects:  23% (127/551)   Receiving objects:  24% (133/551)   Receiving objects:  25% (138/551)   Receiving objects:  26% (144/551)   Receiving objects:  27% (149/551)   Receiving objects:  28% (155/551)   Receiving objects:  29% (160/551)   Receiving objects:  30% (166/551)   Receiving objects:  31% (171/551)   Receiving objects:  32% (177/551)   Receiving objects:  33% (182/551)   Receiving objects:  34% (188/551)   Receiving objects:  35% (193/551)   Receiving objects:  36% (199/551)   Receiving objects:  37% (204/551)   Receiving objects:  38% (210/551)   Receiving objects:  39% (215/551)   Receiving objects:  40% (221/551)   Receiving objects:  41% (226/551)   Receiving objects:  42% (232/551)   Receiving objects:  43% (237/551)   Receiving objects:  44% (243/551)   Receiving objects:  45% (248/551)   Receiving objects:  46% (254/551)   Receiving objects:  47% (259/551)   Receiving objects:  48% (265/551)   Receiving objects:  49% (270/551)   Receiving objects:  50% (276/551)   Receiving objects:  51% (282/551)   Receiving objects:  52% (287/551)   Receiving objects:  53% (293/551)   Receiving objects:  54% (298/551)   Receiving objects:  55% (304/551)   Receiving objects:  56% (309/551)   Receiving objects:  57% (315/551)   Receiving objects:  58% (320/551)   Receiving objects:  59% (326/551)   Receiving objects:  60% (331/551)   Receiving objects:  61% (337/551)   Receiving objects:  62% (342/551)   Receiving objects:  63% (348/551)   Receiving objects:  64% (353/551)   Receiving objects:  65% (359/551)   Receiving objects:  66% (364/551)   Receiving objects:  67% (370/551)   Receiving objects:  68% (375/551)   Receiving objects:  69% (381/551)   remote: Total 551 (delta 336), reused 386 (delta 223), pack-reused 0
Receiving objects:  70% (386/551)   Receiving objects:  71% (392/551)   Receiving objects:  72% (397/551)   Receiving objects:  73% (403/551)   Receiving objects:  74% (408/551)   Receiving objects:  75% (414/551)   Receiving objects:  76% (419/551)   Receiving objects:  77% (425/551)   Receiving objects:  78% (430/551)   Receiving objects:  79% (436/551)   Receiving objects:  80% (441/551)   Receiving objects:  81% (447/551)   Receiving objects:  82% (452/551)   Receiving objects:  83% (458/551)   Receiving objects:  84% (463/551)   Receiving objects:  85% (469/551)   Receiving objects:  86% (474/551)   Receiving objects:  87% (480/551)   Receiving objects:  88% (485/551)   Receiving objects:  89% (491/551)   Receiving objects:  90% (496/551)   Receiving objects:  91% (502/551)   Receiving objects:  92% (507/551)   Receiving objects:  93% (513/551)   Receiving objects:  94% (518/551)   Receiving objects:  95% (524/551)   Receiving objects:  96% (529/551)   Receiving objects:  97% (535/551)   Receiving objects:  98% (540/551)   Receiving objects:  99% (546/551)   Receiving objects: 100% (551/551)   Receiving objects: 100% (551/551), 924.89 KiB | 6.61 MiB/s, done.
Resolving deltas:   0% (0/336)   Resolving deltas:   3% (13/336)   Resolving deltas:   8% (30/336)   Resolving deltas:  10% (34/336)   Resolving deltas:  15% (51/336)   Resolving deltas:  20% (70/336)   Resolving deltas:  21% (72/336)   Resolving deltas:  22% (75/336)   Resolving deltas:  23% (78/336)   Resolving deltas:  24% (82/336)   Resolving deltas:  27% (91/336)   Resolving deltas:  28% (95/336)   Resolving deltas:  29% (100/336)   Resolving deltas:  30% (101/336)   Resolving deltas:  31% (105/336)   Resolving deltas:  33% (114/336)   Resolving deltas:  35% (120/336)   Resolving deltas:  36% (123/336)   Resolving deltas:  37% (126/336)   Resolving deltas:  45% (152/336)   Resolving deltas:  49% (167/336)   Resolving deltas:  52% (177/336)   Resolving deltas:  55% (187/336)   Resolving deltas:  56% (191/336)   Resolving deltas:  57% (192/336)   Resolving deltas:  58% (196/336)   Resolving deltas:  59% (200/336)   Resolving deltas:  60% (202/336)   Resolving deltas:  61% (205/336)   Resolving deltas:  62% (209/336)   Resolving deltas:  64% (216/336)   Resolving deltas:  66% (224/336)   Resolving deltas:  67% (227/336)   Resolving deltas:  68% (230/336)   Resolving deltas:  70% (236/336)   Resolving deltas:  71% (241/336)   Resolving deltas:  72% (242/336)   Resolving deltas:  73% (246/336)   Resolving deltas:  74% (249/336)   Resolving deltas:  75% (253/336)   Resolving deltas:  76% (256/336)   Resolving deltas:  77% (262/336)   Resolving deltas:  79% (268/336)   Resolving deltas:  82% (276/336)   Resolving deltas:  83% (279/336)   Resolving deltas:  84% (283/336)   Resolving deltas:  85% (287/336)   Resolving deltas:  87% (293/336)   Resolving deltas:  88% (297/336)   Resolving deltas:  90% (305/336)   Resolving deltas:  93% (313/336)   Resolving deltas:  94% (316/336)   Resolving deltas:  95% (320/336)   Resolving deltas:  96% (323/336)   Resolving deltas: 100% (336/336)   Resolving deltas: 100% (336/336), done.
travis_time:end:1729267b:start=1570601355913858719,finish=1570601357126249780,duration=1212391061,event=checkout[0K$ cd paypal/paypal-smart-payment-buttons
$ git checkout -qf 1735940ae3ed28ed52cdff1d5376a7c95c74c508
travis_fold:end:git.checkout[0K
travis_time:end:1729267b:start=1570601355913858719,finish=1570601357156122332,duration=1242263613,event=checkout[0Ktravis_time:start:25c1b510[0Ktravis_time:end:25c1b510:start=1570601357160203494,finish=1570601357166742681,duration=6539187,event=env[0Ktravis_fold:start:nvm.install[0Ktravis_time:start:03dcf79d[0K$ nvm install 10
Downloading and installing node v10.16.3...
Downloading https://nodejs.org/dist/v10.16.3/node-v10.16.3-linux-x64.tar.xz...
Computing checksum with sha256sum
Checksums matched!
Now using node v10.16.3 (npm v6.9.0)
travis_time:end:03dcf79d:start=1570601358439624575,finish=1570601362202427718,duration=3762803143,event=setup[0Ktravis_fold:end:nvm.install[0K
travis_fold:start:cache.1[0KSetting up build cache
$ export CASHER_DIR=${TRAVIS_HOME}/.casher
travis_time:start:02d7df5a[0K$ Installing caching utilities
travis_time:end:02d7df5a:start=1570601363735904185,finish=1570601364020864491,duration=284960306,event=setup_casher[0Ktravis_time:start:002488c2[0Ktravis_time:end:002488c2:start=1570601364026507884,finish=1570601364029773123,duration=3265239,event=setup_casher[0Ktravis_time:start:1bb5027c[0Kattempting to download cache archive[0m
[32;1mfetching master/cache-linux-xenial-e3b0c44298fc1c149afbf4c8996fb92427ae41e4649b934ca495991b7852b855--node-10.tgz[0m
[32;1mfetching master/cache--node-10.tgz[0m
[31;1mcould not download cache[0m
travis_time:end:1bb5027c:start=1570601364033887887,finish=1570601366039182556,duration=2005294669,event=setup_casher[0Ktravis_fold:end:cache.1[0K
travis_fold:start:cache.npm[0K
travis_time:start:1dcdb0eb[0Ktravis_time:end:1dcdb0eb:start=1570601366279495032,finish=1570601366283711892,duration=4216860,event=setup_cache[0Ktravis_time:start:252bbc8c[0Kadding /home/travis/build/paypal/paypal-smart-payment-buttons/node_modules to cache[0m
creating directory /home/travis/build/paypal/paypal-smart-payment-buttons/node_modules[0m
travis_time:end:252bbc8c:start=1570601366289325754,finish=1570601367591646609,duration=1302320855,event=setup_cache[0Ktravis_fold:end:cache.npm[0K$ node --version
v10.16.3
$ npm --version
6.9.0
$ nvm --version
0.34.0

travis_fold:start:install.npm[0Ktravis_time:start:0147ef82[0K$ npm install 
[37;40mnpm[0m [0m[30;43mWARN[0m [0m[35mdeprecated[0m istanbul@0.4.5: This module is no longer maintained, try this instead:
[0m[37;40mnpm[0m [0m[30;43mWARN[0m [0m[35mdeprecated[0m   npm i nyc
[0m[37;40mnpm[0m [0m[30;43mWARN[0m [0m[35mdeprecated[0m Visit https://istanbul.js.org/integrations for other alternatives.
[0m[37;40mnpm[0m [0m[30;43mWARN[0m [0m[35mdeprecated[0m circular-json@0.5.9: CircularJSON is in maintenance only, flatted is its successor.
[0m[37;40mnpm[0m [0m[30;43mWARN[0m [0m[35mdeprecated[0m nomnom@1.8.1: Package no longer supported. Contact support@npmjs.com for more info.
[0m[37;40mnpm[0m [0m[30;43mWARN[0m [0m[35mdeprecated[0m kleur@2.0.2: Please upgrade to kleur@3 or migrate to 'ansi-colors' if you prefer the old syntax. Visit <https://github.com/lukeed/kleur/releases/tag/v3.0.0\> for migration path(s).
[0m[37;40mnpm[0m [0m[30;43mWARN[0m [0m[35mdeprecated[0m node-uuid@1.4.8: Use uuid module instead
[0m[37;40mnpm[0m [0m[30;43mWARN[0m [0m[35mdeprecated[0m hawk@3.1.3: This module moved to @hapi/hawk. Please make sure to switch over as this distribution is no longer supported and may contain bugs and critical security issues.
[0m[37;40mnpm[0m [0m[30;43mWARN[0m [0m[35mdeprecated[0m left-pad@1.3.0: use String.prototype.padStart()
[0m[37;40mnpm[0m [0m[30;43mWARN[0m [0m[35mdeprecated[0m boom@2.10.1: This version has been deprecated in accordance with the hapi support policy (hapi.im/support). Please upgrade to the latest version to get the best features, bug fixes, and security patches. If you are unable to upgrade at this time, paid support is available for older versions (hapi.im/commercial).
[0m[37;40mnpm[0m [0m[30;43mWARN[0m [0m[35mdeprecated[0m hoek@2.16.3: This version has been deprecated in accordance with the hapi support policy (hapi.im/support). Please upgrade to the latest version to get the best features, bug fixes, and security patches. If you are unable to upgrade at this time, paid support is available for older versions (hapi.im/commercial).
[0m[37;40mnpm[0m [0m[30;43mWARN[0m [0m[35mdeprecated[0m sntp@1.0.9: This module moved to @hapi/sntp. Please make sure to switch over as this distribution is no longer supported and may contain bugs and critical security issues.
[0m[37;40mnpm[0m [0m[30;43mWARN[0m [0m[35mdeprecated[0m cryptiles@2.0.5: This version has been deprecated in accordance with the hapi support policy (hapi.im/support). Please upgrade to the latest version to get the best features, bug fixes, and security patches. If you are unable to upgrade at this time, paid support is available for older versions (hapi.im/commercial).
[0m
> core-js@2.6.9 postinstall /home/travis/build/paypal/paypal-smart-payment-buttons/node_modules/@babel/polyfill/node_modules/core-js
> node scripts/postinstall || echo "ignore"


> core-js@2.6.9 postinstall /home/travis/build/paypal/paypal-smart-payment-buttons/node_modules/babel-register/node_modules/core-js
> node scripts/postinstall || echo "ignore"


> core-js@2.6.9 postinstall /home/travis/build/paypal/paypal-smart-payment-buttons/node_modules/babel-runtime/node_modules/core-js
> node scripts/postinstall || echo "ignore"


> core-js@3.2.1 postinstall /home/travis/build/paypal/paypal-smart-payment-buttons/node_modules/core-js
> node scripts/postinstall || echo "ignore"


> core-js@2.6.9 postinstall /home/travis/build/paypal/paypal-smart-payment-buttons/node_modules/karma/node_modules/core-js
> node scripts/postinstall || echo "ignore"


> preact@10.0.0-rc.1 postinstall /home/travis/build/paypal/paypal-smart-payment-buttons/node_modules/preact
> node -e "console.log('\u001b[35m\u001b[1mLove Preact? You can now donate to our open collective:\u001b[22m\u001b[39m\n > \u001b[34mhttps://opencollective.com/preact/donate\u001b[0m')"

[35m[1mLove Preact? You can now donate to our open collective:[22m[39m
 > [34mhttps://opencollective.com/preact/donate[0m
[37;40mnpm[0m [0m[30;43mWARN[0m [0m[35mprepublish-on-install[0m As of npm@5, `prepublish` scripts are deprecated.
[0m[37;40mnpm[0m [0m[30;43mWARN[0m [0m[35mprepublish-on-install[0m Use `prepare` for build steps and `prepublishOnly` for upload-only.
[0m[37;40mnpm[0m [0m[30;43mWARN[0m [0m[35mprepublish-on-install[0m See the deprecation note in `npm help scripts` for more information.
[0m
> @paypal/smart-payment-buttons@2.0.147 prepublish /home/travis/build/paypal/paypal-smart-payment-buttons
> in-publish && npm run babel || not-in-publish

[37;40mnpm[0m [0m[30;43mWARN[0m[35m[0m @paypal/smart-payment-buttons@2.0.147 license should be a valid SPDX license expression
[0m[37;40mnpm[0m [0m[30;43mWARN[0m [0m[35moptional[0m SKIPPING OPTIONAL DEPENDENCY: fsevents@1.2.9 (node_modules/fsevents):
[0m[37;40mnpm[0m [0m[30;43mWARN[0m [0m[35mnotsup[0m SKIPPING OPTIONAL DEPENDENCY: Unsupported platform for fsevents@1.2.9: wanted {"os":"darwin","arch":"any"} (current: {"os":"linux","arch":"x64"})
[0m
added 2690 packages from 2926 contributors and audited 54003 packages in 62.424s
found [91m174[0m vulnerabilities (72 [1mlow[0m, 76 [93mmoderate[0m, 26 [91mhigh[0m)
  run `npm audit fix` to fix them, or `npm audit` for details
travis_time:end:0147ef82:start=1570601368754349231,finish=1570601431725536392,duration=62971187161,event=install[0Ktravis_fold:end:install.npm[0K
travis_time:start:0c21f6fc[0K$ npm run test

> @paypal/smart-payment-buttons@2.0.147 test /home/travis/build/paypal/paypal-smart-payment-buttons
> if [ ! $SKIP_TEST ]; then npm run lint && npm run flow-typed && npm run flow && npm run karma && npm run jest; fi;


> @paypal/smart-payment-buttons@2.0.147 lint /home/travis/build/paypal/paypal-smart-payment-buttons
> eslint --ext .js --ext .jsx src/ server/ test/ *.js


> @paypal/smart-payment-buttons@2.0.147 flow-typed /home/travis/build/paypal/paypal-smart-payment-buttons
> rm -rf ./flow-typed && flow-typed install --ignoreDeps peer && flow-typed install jest@22 mocha@3 && flow-typed install express@4.16 && sed -i -e 's/http$IncomingMessage,/http$IncomingMessage<>,/g' ./flow-typed/npm/express_v4.16.x.js

[before-after-hook]: "Hook()" repurposing warning, use "Hook.Collection()". Read more: https://git.io/upgrade-before-after-hook-to-1.4
â€¢ Found 17 dependencies in package.json to install libdefs for. Searching...
â€¢ flow-typed cache not found, fetching from GitHub...
â€¢ Installing 2 libDefs...
[1m  â€¢ flow-bin_v0.x.x.js[22m
[1m    â””> [32m./flow-typed/npm/flow-bin_v0.x.x.js[39m[22m
flow-bin
/home/travis/build/paypal/paypal-smart-payment-buttons/flow-typed/npm
[1m  â€¢ express_v4.16.x.js[22m
[1m    â””> [32m./flow-typed/npm/express_v4.16.x.js[39m[22m
express
/home/travis/build/paypal/paypal-smart-payment-buttons/flow-typed/npm
â€¢ Generating stubs for untyped dependencies...
[1m  â€¢ babel-core@^7.0.0-bridge.0[22m
[1m    â””> [31mflow-typed/npm/babel-core_vx.x.x.js[39m[22m
[1m  â€¢ @paypal/sdk-client@^4.0.27[22m
[1m    â””> [31mflow-typed/npm/@paypal/sdk-client_vx.x.x.js[39m[22m
[1m  â€¢ sync-browser-mocks@^2.0.1[22m
[1m    â””> [31mflow-typed/npm/sync-browser-mocks_vx.x.x.js[39m[22m
[1m  â€¢ grumbler-scripts@^3.0.18[22m
[1m    â””> [31mflow-typed/npm/grumbler-scripts_vx.x.x.js[39m[22m
[1m  â€¢ grabthar@^3[22m
[1m    â””> [31mflow-typed/npm/grabthar_vx.x.x.js[39m[22m
[1m  â€¢ webpack-mem-compile@^1.0.2[22m
[1m    â””> [31mflow-typed/npm/webpack-mem-compile_vx.x.x.js[39m[22m
[1m  â€¢ belter@^1.0.19[22m
[1m    â””> [31mflow-typed/npm/belter_vx.x.x.js[39m[22m
[1m  â€¢ jsx-pragmatic@^2[22m
[1m    â””> [31mflow-typed/npm/jsx-pragmatic_vx.x.x.js[39m[22m
[1m  â€¢ @paypal/checkout-components@^5.0.30[22m
[1m    â””> [31mflow-typed/npm/@paypal/checkout-components_vx.x.x.js[39m[22m
[1m  â€¢ @paypal/sdk-logos@^1.0.17[22m
[1m    â””> [31mflow-typed/npm/@paypal/sdk-logos_vx.x.x.js[39m[22m
[31m[39m
[31m!! No flow@v0.100.0-compatible libdefs found in flow-typed for the above untyped dependencies !![39m

We've generated `any`-typed stubs for these packages, but consider submitting 
libdefs for them to [1mhttps://github.com/flowtype/flow-typed/[22m

[before-after-hook]: "Hook()" repurposing warning, use "Hook.Collection()". Read more: https://git.io/upgrade-before-after-hook-to-1.4
â€¢ Searching for 2 libdefs...
â€¢ Installing 1 libDefs...
[1m  â€¢ jest_v22.x.x.js[22m
[1m    â””> [32m./flow-typed/npm/jest_v22.x.x.js[39m[22m
jest
/home/travis/build/paypal/paypal-smart-payment-buttons/flow-typed/npm
â€¢ Generating stubs for untyped dependencies...
[1m  â€¢ mocha@3[22m
[1m    â””> [31mflow-typed/npm/mocha_vx.x.x.js[39m[22m
[31m[39m
[31m!! No flow@v0.100.0-compatible libdefs found in flow-typed for the above untyped dependencies !![39m

We've generated `any`-typed stubs for this package, but consider submitting 
a libdef for it to [1mhttps://github.com/flowtype/flow-typed/[22m

[before-after-hook]: "Hook()" repurposing warning, use "Hook.Collection()". Read more: https://git.io/upgrade-before-after-hook-to-1.4
â€¢ Searching for 1 libdefs...
â€¢ Installing 1 libDefs...
[1m  â€¢ express_v4.16.x.js[22m
[1m    â””> [32m./flow-typed/npm/express_v4.16.x.js[39m[22m
express
/home/travis/build/paypal/paypal-smart-payment-buttons/flow-typed/npm

> @paypal/smart-payment-buttons@2.0.147 flow /home/travis/build/paypal/paypal-smart-payment-buttons
> flow

Launching Flow server for /home/travis/build/paypal/paypal-smart-payment-buttons
Spawned flow server (pid=5902)
Logs will go to /tmp/flow/zShomezStraviszSbuildzSpaypalzSpaypal-smart-payment-buttons.log
Monitor logs will go to /tmp/flow/zShomezStraviszSbuildzSpaypalzSpaypal-smart-payment-buttons.monitor_log
Started a new flow server: -[0K[0KPlease wait. Server is starting up: \[0KPlease wait. Server is initializing (starting up): |[0KPlease wait. Server is initializing (parsed files 0): /[0KPlease wait. Server is initializing (parsed files 1000): -[0KPlease wait. Server is initializing (parsed files 1000): \[0KPlease wait. Server is initializing (parsed files 2000): |[0KPlease wait. Server is initializing (parsed files 3000): /[0KPlease wait. Server is initializing (parsed files 3000): -[0KPlease wait. Server is initializing (parsed files 4000): \[0KPlease wait. Server is initializing (parsed files 5000): |[0KPlease wait. Server is initializing (parsed files 5000): /[0KPlease wait. Server is initializing (parsed files 5000): -[0KPlease wait. Server is initializing (parsed files 5000): \[0KPlease wait. Server is initializing (parsed files 6000): |[0KPlease wait. Server is initializing (parsed files 7000): /[0KPlease wait. Server is initializing (parsed files 9000): -[0KPlease wait. Server is initializing (parsed files 11000): \[0KPlease wait. Server is initializing (parsed files 12000): |[0KPlease wait. Server is initializing (parsed files 18000): /[0KPlease wait. Server is initializing (parsed files 20000): -[0KPlease wait. Server is initializing (parsed files 22000): \[0KPlease wait. Server is initializing (parsed files 23000): |[0KPlease wait. Server is initializing (parsed files 24000): /[0KPlease wait. Server is initializing (parsed files 25000): -[0KPlease wait. Server is initializing (parsed files 25000): \[0KPlease wait. Server is initializing (parsed files 25000): |[0KPlease wait. Server is initializing (parsed files 25000): /[0KPlease wait. Server is initializing (parsed files 25000): -[0KPlease wait. Server is initializing (parsed files 25000): \[0KPlease wait. Server is initializing (parsed files 25000): |[0KPlease wait. Server is initializing (parsed files 25000): /[0KPlease wait. Server is initializing (parsed files 25000): -[0KPlease wait. Server is initializing (parsed files 25000): \[0KPlease wait. Server is initializing (parsed files 25000): |[0KPlease wait. Server is initializing (parsed files 25633): /[0KPlease wait. Server is initializing (parsed files 25633): -[0KPlease wait. Server is initializing (parsed files 25633): \[0KPlease wait. Server is initializing (parsed files 25633): |[0KPlease wait. Server is initializing (parsed files 25633): /[0KPlease wait. Server is initializing (parsed files 25633): -[0KPlease wait. Server is initializing (resolving dependencies): \[0KPlease wait. Server is initializing (resolving dependencies): |[0KPlease wait. Server is initializing (waiting for Watchman - giving up in 19 seconds): /[0KPlease wait. Server is initializing (parsed files 0/0 (0.0%)): -[0KPlease wait. Server is initializing (calculating dependencies): \[0KPlease wait. Server is initializing (merged files 0/164 (0.0%)): |[0KPlease wait. Server is initializing (merged files 47/164 (28.7%)): /[0KPlease wait. Server is initializing (merged files 73/164 (44.5%)): -[0KPlease wait. Server is initializing (merged files 88/164 (53.7%)): \[0KPlease wait. Server is initializing (merged files 108/164 (65.9%)): |[0KPlease wait. Server is initializing (merged files 132/164 (80.5%)): /[0KPlease wait. Server is initializing (merged files 140/164 (85.4%)): -[0KPlease wait. Server is initializing (merged files 148/164 (90.2%)): \[0KPlease wait. Server is initializing (finishing up): |[0KPlease wait. Server is handling a request (starting up): /[0KPlease wait. Server is handling a request (collating errors): -[0K[31mError â”ˆâ”ˆâ”ˆâ”ˆâ”ˆâ”ˆâ”ˆâ”ˆâ”ˆâ”ˆâ”ˆâ”ˆâ”ˆâ”ˆâ”ˆâ”ˆâ”ˆâ”ˆâ”ˆâ”ˆâ”ˆâ”ˆâ”ˆâ”ˆâ”ˆâ”ˆâ”ˆâ”ˆâ”ˆâ”ˆâ”ˆâ”ˆâ”ˆâ”ˆâ”ˆ src/button/props/createOrder.js:207:48[0m[0m
[0m[0m
[0m[0mCannot[0m[0m [0m[0mcall[0m[0m [0m[0m[0m[0;1mgetLogger().track[0m[0m[0m[0m [0m[0mwith[0m[0m [0m[0m[0m[0mobject[0m[0m [0m[0mliteral[0m[0m[0m[0m [0m[0mbound[0m[0m [0m[0mto[0m[0m [0m[0m[0m[0;1mpayload[0m[0m[0m[0m [0m[0mbecause[0m[0m[0m[0m
[0m[0m[0m[0;4mnumber[0m[0m [0m[0;2m[[0m[36m1[0m[0;2m][0m[0m[0m[0m [0m[0mis[0m[0m [0m[0mincompatible[0m[0m [0m[0mwith[0m[0m [0m[0m[0m[0;4mstring[0m[0m [0m[0;2m[[0m[36m2[0m[0;2m][0m[0m[0m[0m [0m[0min[0m[0m [0m[0m[0m[0mproperty[0m[0m [0m[0m[0m[0;1mresponse_duration[0m[0m.[0m[0m
[0m[0m
[0m[0m     [0m[0msrc/button/props/createOrder.js
[0m[0m     [0m[0m[0m[0;2m198[0m[0;2mâ”‚[0m[0;2m[0m[0m
[0m[0m [0m[0;2m[[0m[36m1[0m[0;2m][0m[0m [0m[0m[0m[0;2m199[0m[0;2mâ”‚[0m[0m [0m[0;2m            const duration = [0m[36mDate.now() - startTime[0m[0;2m;[0m[0m
[0m[0m     [0m[0m[0m[0;2m200[0m[0;2mâ”‚[0m[0m [0m[0;2m    [0m[0m
[0m[0m     [0m[0m[0m[0;2m201[0m[0;2mâ”‚[0m[0m [0m[0;2m            getLogger().track([0m[0m{[0m[0m
[0m[0m     [0m[0m[0m[0;2m202[0m[0;2mâ”‚[0m[0m [0m[0m                [FPTI_KEY.STATE]:              FPTI_STATE.BUTTON,[0m[0m
[0m[0m     [0m[0m[0m[0;2m203[0m[0;2mâ”‚[0m[0m [0m[0m                [FPTI_KEY.TRANSITION]:         FPTI_TRANSITION.RECEIVE_ORDER,[0m[0m
[0m[0m     [0m[0m[0m[0;2m204[0m[0;2mâ”‚[0m[0m [0m[0m                [FPTI_KEY.CONTEXT_TYPE]:       FPTI_CONTEXT_TYPE.ORDER_ID,[0m[0m
[0m[0m     [0m[0m[0m[0;2m205[0m[0;2mâ”‚[0m[0m [0m[0m                [FPTI_KEY.CONTEXT_ID]:         orderID,[0m[0m
[0m[0m     [0m[0m[0m[0;2m206[0m[0;2mâ”‚[0m[0m [0m[0m                [FPTI_KEY.BUTTON_SESSION_UID]: buttonSessionID,[0m[0m
[0m[0m     [0m[0m[0m[0;2m207[0m[0;2mâ”‚[0m[0m [0m[0m                [FPTI_KEY.RESPONSE_DURATION]:  [0m[31mduration[0m[0m[0m[0m
[0m[0m     [0m[0m[0m[0;2m208[0m[0;2mâ”‚[0m[0m [0m[0m            }[0m[0;2m).flush();[0m[0m
[0m[0m     [0m[0m[0m[0;2m209[0m[0;2mâ”‚[0m[0m [0m[0;2m    [0m[0m
[0m[0m     [0m[0m[0m[0;2m210[0m[0;2mâ”‚[0m[0m [0m[0;2m            return orderID;[0m[0m
[0m[0m     [0m[0m[0m[0;2m211[0m[0;2mâ”‚[0m[0m [0m[0;2m        });[0m[0m
[0m[0m
[0m[0m     [0m[0mnode_modules/beaver-logger/src/logger.js
[0m[0m [0m[0;2m[[0m[36m2[0m[0;2m][0m[0m [0m[0m [0m[0;2m19[0m[0;2mâ”‚[0m[0m [0m[0;2mtype ClientPayload = { [string] : ?[0m[36mstring[0m[0;2m };[0m[0m
[0m[0m
[0m[0m
[0m
Found 1 error
[37;40mnpm[0m [0m[31;40mERR![0m [0m[35mcode[0m ELIFECYCLE
[0m[37;40mnpm[0m [0m[31;40mERR![0m [0m[35merrno[0m 2
[0m[37;40mnpm[0m [0m[31;40mERR![0m[35m[0m @paypal/smart-payment-buttons@2.0.147 flow: `flow`
[0m[37;40mnpm[0m [0m[31;40mERR![0m[35m[0m Exit status 2
[0m[37;40mnpm[0m [0m[31;40mERR![0m[35m[0m 
[0m[37;40mnpm[0m [0m[31;40mERR![0m[35m[0m Failed at the @paypal/smart-payment-buttons@2.0.147 flow script.
[0m[37;40mnpm[0m [0m[31;40mERR![0m[35m[0m This is probably not a problem with npm. There is likely additional logging output above.
[0m
[37;40mnpm[0m [0m[31;40mERR![0m[35m[0m A complete log of this run can be found in:
[0m[37;40mnpm[0m [0m[31;40mERR![0m[35m[0m     /home/travis/.npm/_logs/2019-10-09T06_11_18_966Z-debug.log
[0m[37;40mnpm[0m [0m[31;40mERR![0m [0m[35mcode[0m ELIFECYCLE
[0m[37;40mnpm[0m [0m[31;40mERR![0m [0m[35merrno[0m 2
[0m[37;40mnpm[0m [0m[31;40mERR![0m[35m[0m @paypal/smart-payment-buttons@2.0.147 test: `if [ ! $SKIP_TEST ]; then npm run lint && npm run flow-typed && npm run flow && npm run karma && npm run jest; fi;`
[0m[37;40mnpm[0m [0m[31;40mERR![0m[35m[0m Exit status 2
[0m[37;40mnpm[0m [0m[31;40mERR![0m[35m[0m 
[0m[37;40mnpm[0m [0m[31;40mERR![0m[35m[0m Failed at the @paypal/smart-payment-buttons@2.0.147 test script.
[0m[37;40mnpm[0m [0m[31;40mERR![0m[35m[0m This is probably not a problem with npm. There is likely additional logging output above.
[0m
[37;40mnpm[0m [0m[31;40mERR![0m[35m[0m A complete log of this run can be found in:
[0m[37;40mnpm[0m [0m[31;40mERR![0m[35m[0m     /home/travis/.npm/_logs/2019-10-09T06_11_18_983Z-debug.log
[0mtravis_time:end:0c21f6fc:start=1570601431731464937,finish=1570601478996121758,duration=47264656821,event=script[0K[31;1mThe command "npm run test" exited with 2.[0m
travis_fold:start:cache.2[0Kstore build cache
travis_time:start:00855d20[0Ktravis_time:end:00855d20:start=1570601479001205783,finish=1570601479004874857,duration=3669074,event=cache[0Ktravis_time:start:1dfe6b2b[0K[32;1mchanges detected, packing new archive[0m
[32;1muploading master/cache-linux-xenial-e3b0c44298fc1c149afbf4c8996fb92427ae41e4649b934ca495991b7852b855--node-10.tgz[0m
[32;1mcache uploaded[0m
travis_time:end:1dfe6b2b:start=1570601479009616175,finish=1570601491154287444,duration=12144671269,event=cache[0Ktravis_fold:end:cache.2[0K

Done. Your build exited with 1.
