travis_fold:start:worker_info[0K[33;1mWorker information[0m
hostname: 67d5a704-6a9a-4c8f-bf3d-a806227601fc@1.worker-org-6778784497-k99cl.gce-production-1
version: v6.2.5 https://github.com/travis-ci/worker/tree/0bd72df572e7d08bf9338416c9db10866fed0617
instance: travis-job-4db1b205-ffd8-432a-8375-f8d9d7d83856 travis-ci-sardonyx-xenial-1553530528-f909ac5 (via amqp)
startup: 6.264243198s
travis_fold:end:worker_info[0Ktravis_time:start:30e809a6[0Ktravis_time:end:30e809a6:start=1573859983361440103,finish=1573859983536868399,duration=175428296,event=no_world_writable_dirs[0Ktravis_time:start:125a7f32[0Ktravis_time:end:125a7f32:start=1573859983540614020,finish=1573859983548904604,duration=8290584,event=agent[0Ktravis_time:start:29344ed2[0Ktravis_time:end:29344ed2:start=1573859983552161814,finish=1573859983555034289,duration=2872475,event=check_unsupported[0Ktravis_time:start:1f8aab63[0Ktravis_fold:start:system_info[0K[33;1mBuild system information[0m
Build language: node_js
Build group: stable
Build dist: xenial
Build id: 612629271
Job id: 612629272
Runtime kernel version: 4.15.0-1028-gcp
travis-build version: 119feb2eb
[34m[1mBuild image provisioning date and time[0m
Mon Mar 25 16:43:24 UTC 2019
[34m[1mOperating System Details[0m
Distributor ID:	Ubuntu
Description:	Ubuntu 16.04.6 LTS
Release:	16.04
Codename:	xenial
[34m[1mSystemd Version[0m
systemd 229
[34m[1mCookbooks Version[0m
42e42e4 https://github.com/travis-ci/travis-cookbooks/tree/42e42e4
[34m[1mgit version[0m
git version 2.21.0
[34m[1mbash version[0m
GNU bash, version 4.3.48(1)-release (x86_64-pc-linux-gnu)
[34m[1mgcc version[0m
gcc (Ubuntu 5.4.0-6ubuntu1~16.04.11) 5.4.0 20160609
[34m[1mdocker version[0m
Client:
 Version:           18.06.0-ce
 API version:       1.38
 Go version:        go1.10.3
 Git commit:        0ffa825
 Built:             Wed Jul 18 19:11:02 2018
 OS/Arch:           linux/amd64
 Experimental:      false

Server:
 Engine:
  Version:          18.06.0-ce
  API version:      1.38 (minimum version 1.12)
  Go version:       go1.10.3
  Git commit:       0ffa825
  Built:            Wed Jul 18 19:09:05 2018
  OS/Arch:          linux/amd64
  Experimental:     false
[34m[1mclang version[0m
clang version 7.0.0 (tags/RELEASE_700/final)
[34m[1mjq version[0m
jq-1.5
[34m[1mbats version[0m
Bats 0.4.0
[34m[1mshellcheck version[0m
0.6.0
[34m[1mshfmt version[0m
v2.6.3
[34m[1mccache version[0m
3.2.4
[34m[1mcmake version[0m
cmake version 3.12.4
[34m[1mheroku version[0m
heroku/7.22.7 linux-x64 node-v11.10.1
[34m[1mimagemagick version[0m
Version: ImageMagick 6.8.9-9 Q16 x86_64 2018-09-28 http://www.imagemagick.org
[34m[1mmd5deep version[0m
4.4
[34m[1mmercurial version[0m
version 4.8
[34m[1mmysql version[0m
mysql  Ver 14.14 Distrib 5.7.25, for Linux (x86_64) using  EditLine wrapper
[34m[1mopenssl version[0m
OpenSSL 1.0.2g  1 Mar 2016
[34m[1mpacker version[0m
1.3.3
[34m[1mpostgresql client version[0m
psql (PostgreSQL) 10.7 (Ubuntu 10.7-1.pgdg16.04+1)
[34m[1mragel version[0m
Ragel State Machine Compiler version 6.8 Feb 2013
[34m[1msudo version[0m
1.8.16
[34m[1mgzip version[0m
gzip 1.6
[34m[1mzip version[0m
Zip 3.0
[34m[1mvim version[0m
VIM - Vi IMproved 7.4 (2013 Aug 10, compiled Nov 24 2016 16:44:48)
[34m[1miptables version[0m
iptables v1.6.0
[34m[1mcurl version[0m
curl 7.47.0 (x86_64-pc-linux-gnu) libcurl/7.47.0 GnuTLS/3.4.10 zlib/1.2.8 libidn/1.32 librtmp/2.3
[34m[1mwget version[0m
GNU Wget 1.17.1 built on linux-gnu.
[34m[1mrsync version[0m
rsync  version 3.1.1  protocol version 31
[34m[1mgimme version[0m
v1.5.3
[34m[1mnvm version[0m
0.34.0
[34m[1mperlbrew version[0m
/home/travis/perl5/perlbrew/bin/perlbrew  - App::perlbrew/0.86
[34m[1mphpenv version[0m
rbenv 1.1.2
[34m[1mrvm version[0m
rvm 1.29.7 (latest) by Michal Papis, Piotr Kuczynski, Wayne E. Seguin [https://rvm.io]
[34m[1mdefault ruby version[0m
ruby 2.5.3p105 (2018-10-18 revision 65156) [x86_64-linux]
[34m[1mCouchDB version[0m
couchdb 1.6.1
[34m[1mElasticSearch version[0m
5.5.0
[34m[1mInstalled Firefox version[0m
firefox 63.0.1
[34m[1mMongoDB version[0m
MongoDB 4.0.7
[34m[1mPhantomJS version[0m
2.1.1
[34m[1mPre-installed PostgreSQL versions[0m
9.4.21
9.5.16
9.6.12
[34m[1mRedis version[0m
redis-server 5.0.4
[34m[1mPre-installed Go versions[0m
1.11.1
[34m[1mmvn version[0m
Apache Maven 3.6.0 (97c98ec64a1fdfee7767ce5ffb20918da4f719f3; 2018-10-24T18:41:47Z)
[34m[1mgradle version[0m
Gradle 4.10.2!
[34m[1mlein version[0m
Leiningen 2.9.1 on Java 11.0.2 OpenJDK 64-Bit Server VM
[34m[1mPre-installed Node.js versions[0m
v10.15.3
v11.0.0
v4.9.1
v6.17.0
v8.12.0
v8.15.1
v8.9
[34m[1mphpenv versions[0m
  system
  5.6
  5.6.40
  7.1
  7.1.27
  7.2
* 7.2.15 (set by /home/travis/.phpenv/version)
  hhvm
  hhvm-stable
[34m[1mcomposer --version[0m
Composer version 1.8.4 2019-02-11 10:52:10
[34m[1mPre-installed Ruby versions[0m
ruby-2.3.8
ruby-2.4.5
ruby-2.5.3
travis_fold:end:system_info[0K
travis_time:end:1f8aab63:start=1573859983558236712,finish=1573859983570572722,duration=12336010,event=show_system_info[0Ktravis_time:start:1a303181[0Ktravis_time:end:1a303181:start=1573859983574461451,finish=1573859983589648646,duration=15187195,event=rm_riak_source[0Ktravis_time:start:254e6e5c[0Ktravis_time:end:254e6e5c:start=1573859983593623721,finish=1573859983600614755,duration=6991034,event=fix_rwky_redis[0Ktravis_time:start:02c05525[0Ktravis_time:end:02c05525:start=1573859983604645442,finish=1573859984013714508,duration=409069066,event=wait_for_network[0Ktravis_time:start:1fcafced[0Ktravis_time:end:1fcafced:start=1573859984017489011,finish=1573859984252534930,duration=235045919,event=update_apt_keys[0Ktravis_time:start:13f8a4a0[0Ktravis_time:end:13f8a4a0:start=1573859984256236168,finish=1573859984318504345,duration=62268177,event=fix_hhvm_source[0Ktravis_time:start:2734ff30[0Ktravis_time:end:2734ff30:start=1573859984322233624,finish=1573859984325223691,duration=2990067,event=update_mongo_arch[0Ktravis_time:start:241cea06[0Ktravis_time:end:241cea06:start=1573859984328508421,finish=1573859984375282312,duration=46773891,event=fix_sudo_enabled_trusty[0Ktravis_time:start:07a45b88[0Ktravis_time:end:07a45b88:start=1573859984378864790,finish=1573859984381302862,duration=2438072,event=update_glibc[0Ktravis_time:start:1aed4d0c[0Ktravis_time:end:1aed4d0c:start=1573859984384770505,finish=1573859984393813682,duration=9043177,event=clean_up_path[0Ktravis_time:start:0087822d[0Ktravis_time:end:0087822d:start=1573859984397636968,finish=1573859984406777292,duration=9140324,event=fix_resolv_conf[0Ktravis_time:start:085c05f0[0Ktravis_time:end:085c05f0:start=1573859984410034932,finish=1573859984420394125,duration=10359193,event=fix_etc_hosts[0Ktravis_time:start:0105a620[0Ktravis_time:end:0105a620:start=1573859984423849831,finish=1573859984434413732,duration=10563901,event=fix_mvn_settings_xml[0Ktravis_time:start:260959cc[0Ktravis_time:end:260959cc:start=1573859984437892501,finish=1573859984448729809,duration=10837308,event=no_ipv6_localhost[0Ktravis_time:start:05dcacaf[0Ktravis_time:end:05dcacaf:start=1573859984452182544,finish=1573859984454823837,duration=2641293,event=fix_etc_mavenrc[0Ktravis_time:start:03c8041e[0Ktravis_time:end:03c8041e:start=1573859984458153355,finish=1573859984461497287,duration=3343932,event=fix_wwdr_certificate[0Ktravis_time:start:01edfaf1[0Ktravis_time:end:01edfaf1:start=1573859984464822462,finish=1573859984492471877,duration=27649415,event=put_localhost_first[0Ktravis_time:start:1c0e5c1d[0Ktravis_time:end:1c0e5c1d:start=1573859984495810449,finish=1573859984499291748,duration=3481299,event=home_paths[0Ktravis_time:start:1020571c[0Ktravis_time:end:1020571c:start=1573859984502503238,finish=1573859984516020095,duration=13516857,event=disable_initramfs[0Ktravis_time:start:049ed7f1[0Ktravis_time:end:049ed7f1:start=1573859984519367234,finish=1573859984917299461,duration=397932227,event=disable_ssh_roaming[0Ktravis_time:start:1e01a6e4[0Ktravis_time:end:1e01a6e4:start=1573859984920992503,finish=1573859984923636633,duration=2644130,event=debug_tools[0Ktravis_time:start:3c3163c0[0Ktravis_time:end:3c3163c0:start=1573859984927156826,finish=1573859984930623317,duration=3466491,event=uninstall_oclint[0Ktravis_time:start:0bc6c040[0Ktravis_time:end:0bc6c040:start=1573859984934101815,finish=1573859984937403847,duration=3302032,event=rvm_use[0Ktravis_time:start:0fa0d121[0Ktravis_time:end:0fa0d121:start=1573859984940760008,finish=1573859984949590068,duration=8830060,event=rm_etc_boto_cfg[0Ktravis_time:start:0a204eed[0Ktravis_time:end:0a204eed:start=1573859984952931029,finish=1573859984956867063,duration=3936034,event=rm_oraclejdk8_symlink[0Ktravis_time:start:1fbd2724[0Ktravis_time:end:1fbd2724:start=1573859984960343456,finish=1573859985079978771,duration=119635315,event=enable_i386[0Ktravis_time:start:277ed3d5[0Ktravis_time:end:277ed3d5:start=1573859985083729846,finish=1573859985091307286,duration=7577440,event=update_rubygems[0Ktravis_time:start:044d744e[0Ktravis_time:end:044d744e:start=1573859985094697677,finish=1573859986073137084,duration=978439407,event=ensure_path_components[0Ktravis_time:start:04195560[0Ktravis_time:end:04195560:start=1573859986077285697,finish=1573859986079925854,duration=2640157,event=redefine_curl[0Ktravis_time:start:0c4c90fe[0Ktravis_time:end:0c4c90fe:start=1573859986083445420,finish=1573859986085995685,duration=2550265,event=nonblock_pipe[0Ktravis_time:start:0a92705c[0Ktravis_time:end:0a92705c:start=1573859986089435699,finish=1573859989165638898,duration=3076203199,event=apt_get_update[0Ktravis_time:start:22eebec0[0Ktravis_time:end:22eebec0:start=1573859989169435445,finish=1573859989171929026,duration=2493581,event=deprecate_xcode_64[0Ktravis_time:start:2a7c6300[0Ktravis_time:end:2a7c6300:start=1573859989175201992,finish=1573859991981889481,duration=2806687489,event=update_heroku[0Ktravis_time:start:16146d45[0Ktravis_time:end:16146d45:start=1573859991985928857,finish=1573859991988492310,duration=2563453,event=shell_session_update[0Ktravis_time:start:1a22686a[0Ktravis_fold:start:docker_mtu[0Ktravis_fold:end:docker_mtu[0Ktravis_time:end:1a22686a:start=1573859991992020285,finish=1573859994288625959,duration=2296605674,event=set_docker_mtu[0Ktravis_time:start:03355b26[0Ktravis_fold:start:resolvconf[0Ktravis_fold:end:resolvconf[0Ktravis_time:end:03355b26:start=1573859994293362921,finish=1573859994365868036,duration=72505115,event=resolvconf[0Ktravis_time:start:264acbd4[0Ktravis_time:end:264acbd4:start=1573859994373169682,finish=1573859994536528503,duration=163358821,event=maven_central_mirror[0Ktravis_time:start:148e7d77[0Ktravis_time:end:148e7d77:start=1573859994541187374,finish=1573859994543942418,duration=2755044,event=fix_ps4[0Ktravis_fold:start:install_chrome[0K$ export CHROME_SOURCE_URL=https://dl.google.com/dl/linux/direct/google-chrome-stable_current_amd64.deb
[33;1mInstalling Google Chrome stable[0m
travis_time:start:0b2547ae[0K$ wget --no-verbose -O /tmp/$(basename $CHROME_SOURCE_URL) $CHROME_SOURCE_URL
2019-11-15 23:19:55 URL:https://dl.google.com/dl/linux/direct/google-chrome-stable_current_amd64.deb [62384620/62384620] -> "/tmp/google-chrome-stable_current_amd64.deb" [1]
travis_time:end:0b2547ae:start=1573859994596543154,finish=1573859995617057610,duration=1020514456,event=prepare[0K(Reading database ... (Reading database ... 5%(Reading database ... 10%(Reading database ... 15%(Reading database ... 20%(Reading database ... 25%(Reading database ... 30%(Reading database ... 35%(Reading database ... 40%(Reading database ... 45%(Reading database ... 50%(Reading database ... 55%(Reading database ... 60%(Reading database ... 65%(Reading database ... 70%(Reading database ... 75%(Reading database ... 80%(Reading database ... 85%(Reading database ... 90%(Reading database ... 95%(Reading database ... 100%(Reading database ... 124189 files and directories currently installed.)
Preparing to unpack .../google-chrome-stable_current_amd64.deb ...
Unpacking google-chrome-stable (78.0.3904.97-1) over (73.0.3683.86-1) ...
Setting up google-chrome-stable (78.0.3904.97-1) ...
Processing triggers for mime-support (3.59ubuntu1) ...
Processing triggers for man-db (2.7.5-1) ...
travis_fold:end:install_chrome[0Ktravis_time:start:054d5448[0K
travis_fold:start:git.checkout[0Ktravis_time:start:1e0d50c0[0K$ git clone --depth=50 --branch=master https://github.com/paypal/paypal-smart-payment-buttons.git paypal/paypal-smart-payment-buttons
Cloning into 'paypal/paypal-smart-payment-buttons'...
remote: Enumerating objects: 443, done.[K
remote: Counting objects:   0% (1/443)[Kremote: Counting objects:   1% (5/443)[Kremote: Counting objects:   2% (9/443)[Kremote: Counting objects:   3% (14/443)[Kremote: Counting objects:   4% (18/443)[Kremote: Counting objects:   5% (23/443)[Kremote: Counting objects:   6% (27/443)[Kremote: Counting objects:   7% (32/443)[Kremote: Counting objects:   8% (36/443)[Kremote: Counting objects:   9% (40/443)[Kremote: Counting objects:  10% (45/443)[Kremote: Counting objects:  11% (49/443)[Kremote: Counting objects:  12% (54/443)[Kremote: Counting objects:  13% (58/443)[Kremote: Counting objects:  14% (63/443)[Kremote: Counting objects:  15% (67/443)[Kremote: Counting objects:  16% (71/443)[Kremote: Counting objects:  17% (76/443)[Kremote: Counting objects:  18% (80/443)[Kremote: Counting objects:  19% (85/443)[Kremote: Counting objects:  20% (89/443)[Kremote: Counting objects:  21% (94/443)[Kremote: Counting objects:  22% (98/443)[Kremote: Counting objects:  23% (102/443)[Kremote: Counting objects:  24% (107/443)[Kremote: Counting objects:  25% (111/443)[Kremote: Counting objects:  26% (116/443)[Kremote: Counting objects:  27% (120/443)[Kremote: Counting objects:  28% (125/443)[Kremote: Counting objects:  29% (129/443)[Kremote: Counting objects:  30% (133/443)[Kremote: Counting objects:  31% (138/443)[Kremote: Counting objects:  32% (142/443)[Kremote: Counting objects:  33% (147/443)[Kremote: Counting objects:  34% (151/443)[Kremote: Counting objects:  35% (156/443)[Kremote: Counting objects:  36% (160/443)[Kremote: Counting objects:  37% (164/443)[Kremote: Counting objects:  38% (169/443)[Kremote: Counting objects:  39% (173/443)[Kremote: Counting objects:  40% (178/443)[Kremote: Counting objects:  41% (182/443)[Kremote: Counting objects:  42% (187/443)[Kremote: Counting objects:  43% (191/443)[Kremote: Counting objects:  44% (195/443)[Kremote: Counting objects:  45% (200/443)[Kremote: Counting objects:  46% (204/443)[Kremote: Counting objects:  47% (209/443)[Kremote: Counting objects:  48% (213/443)[Kremote: Counting objects:  49% (218/443)[Kremote: Counting objects:  50% (222/443)[Kremote: Counting objects:  51% (226/443)[Kremote: Counting objects:  52% (231/443)[Kremote: Counting objects:  53% (235/443)[Kremote: Counting objects:  54% (240/443)[Kremote: Counting objects:  55% (244/443)[Kremote: Counting objects:  56% (249/443)[Kremote: Counting objects:  57% (253/443)[Kremote: Counting objects:  58% (257/443)[Kremote: Counting objects:  59% (262/443)[Kremote: Counting objects:  60% (266/443)[Kremote: Counting objects:  61% (271/443)[Kremote: Counting objects:  62% (275/443)[Kremote: Counting objects:  63% (280/443)[Kremote: Counting objects:  64% (284/443)[Kremote: Counting objects:  65% (288/443)[Kremote: Counting objects:  66% (293/443)[Kremote: Counting objects:  67% (297/443)[Kremote: Counting objects:  68% (302/443)[Kremote: Counting objects:  69% (306/443)[Kremote: Counting objects:  70% (311/443)[Kremote: Counting objects:  71% (315/443)[Kremote: Counting objects:  72% (319/443)[Kremote: Counting objects:  73% (324/443)[Kremote: Counting objects:  74% (328/443)[Kremote: Counting objects:  75% (333/443)[Kremote: Counting objects:  76% (337/443)[Kremote: Counting objects:  77% (342/443)[Kremote: Counting objects:  78% (346/443)[Kremote: Counting objects:  79% (350/443)[Kremote: Counting objects:  80% (355/443)[Kremote: Counting objects:  81% (359/443)[Kremote: Counting objects:  82% (364/443)[Kremote: Counting objects:  83% (368/443)[Kremote: Counting objects:  84% (373/443)[Kremote: Counting objects:  85% (377/443)[Kremote: Counting objects:  86% (381/443)[Kremote: Counting objects:  87% (386/443)[Kremote: Counting objects:  88% (390/443)[Kremote: Counting objects:  89% (395/443)[Kremote: Counting objects:  90% (399/443)[Kremote: Counting objects:  91% (404/443)[Kremote: Counting objects:  92% (408/443)[Kremote: Counting objects:  93% (412/443)[Kremote: Counting objects:  94% (417/443)[Kremote: Counting objects:  95% (421/443)[Kremote: Counting objects:  96% (426/443)[Kremote: Counting objects:  97% (430/443)[Kremote: Counting objects:  98% (435/443)[Kremote: Counting objects:  99% (439/443)[Kremote: Counting objects: 100% (443/443)[Kremote: Counting objects: 100% (443/443), done.[K
remote: Compressing objects:   0% (1/345)[Kremote: Compressing objects:   1% (4/345)[Kremote: Compressing objects:   2% (7/345)[Kremote: Compressing objects:   3% (11/345)[Kremote: Compressing objects:   4% (14/345)[Kremote: Compressing objects:   5% (18/345)[Kremote: Compressing objects:   6% (21/345)[Kremote: Compressing objects:   7% (25/345)[Kremote: Compressing objects:   8% (28/345)[Kremote: Compressing objects:   9% (32/345)[Kremote: Compressing objects:  10% (35/345)[Kremote: Compressing objects:  11% (38/345)[Kremote: Compressing objects:  12% (42/345)[Kremote: Compressing objects:  13% (45/345)[Kremote: Compressing objects:  14% (49/345)[Kremote: Compressing objects:  15% (52/345)[Kremote: Compressing objects:  16% (56/345)[Kremote: Compressing objects:  17% (59/345)[Kremote: Compressing objects:  18% (63/345)[Kremote: Compressing objects:  19% (66/345)[Kremote: Compressing objects:  20% (69/345)[Kremote: Compressing objects:  21% (73/345)[Kremote: Compressing objects:  22% (76/345)[Kremote: Compressing objects:  23% (80/345)[Kremote: Compressing objects:  24% (83/345)[Kremote: Compressing objects:  25% (87/345)[Kremote: Compressing objects:  26% (90/345)[Kremote: Compressing objects:  27% (94/345)[Kremote: Compressing objects:  28% (97/345)[Kremote: Compressing objects:  29% (101/345)[Kremote: Compressing objects:  30% (104/345)[Kremote: Compressing objects:  31% (107/345)[Kremote: Compressing objects:  32% (111/345)[Kremote: Compressing objects:  33% (114/345)[Kremote: Compressing objects:  34% (118/345)[Kremote: Compressing objects:  35% (121/345)[Kremote: Compressing objects:  36% (125/345)[Kremote: Compressing objects:  37% (128/345)[Kremote: Compressing objects:  38% (132/345)[Kremote: Compressing objects:  39% (135/345)[Kremote: Compressing objects:  40% (138/345)[Kremote: Compressing objects:  41% (142/345)[Kremote: Compressing objects:  42% (145/345)[Kremote: Compressing objects:  43% (149/345)[Kremote: Compressing objects:  44% (152/345)[Kremote: Compressing objects:  45% (156/345)[Kremote: Compressing objects:  46% (159/345)[Kremote: Compressing objects:  47% (163/345)[Kremote: Compressing objects:  48% (166/345)[Kremote: Compressing objects:  49% (170/345)[Kremote: Compressing objects:  50% (173/345)[Kremote: Compressing objects:  51% (176/345)[Kremote: Compressing objects:  52% (180/345)[Kremote: Compressing objects:  53% (183/345)[Kremote: Compressing objects:  54% (187/345)[Kremote: Compressing objects:  55% (190/345)[Kremote: Compressing objects:  56% (194/345)[Kremote: Compressing objects:  57% (197/345)[Kremote: Compressing objects:  58% (201/345)[Kremote: Compressing objects:  59% (204/345)[Kremote: Compressing objects:  60% (207/345)[Kremote: Compressing objects:  61% (211/345)[Kremote: Compressing objects:  62% (214/345)[Kremote: Compressing objects:  63% (218/345)[Kremote: Compressing objects:  64% (221/345)[Kremote: Compressing objects:  65% (225/345)[Kremote: Compressing objects:  66% (228/345)[Kremote: Compressing objects:  67% (232/345)[Kremote: Compressing objects:  68% (235/345)[Kremote: Compressing objects:  69% (239/345)[Kremote: Compressing objects:  70% (242/345)[Kremote: Compressing objects:  71% (245/345)[Kremote: Compressing objects:  72% (249/345)[Kremote: Compressing objects:  73% (252/345)[Kremote: Compressing objects:  74% (256/345)[Kremote: Compressing objects:  75% (259/345)[Kremote: Compressing objects:  76% (263/345)[Kremote: Compressing objects:  77% (266/345)[Kremote: Compressing objects:  78% (270/345)[Kremote: Compressing objects:  79% (273/345)[Kremote: Compressing objects:  80% (276/345)[Kremote: Compressing objects:  81% (280/345)[Kremote: Compressing objects:  82% (283/345)[Kremote: Compressing objects:  83% (287/345)[Kremote: Compressing objects:  84% (290/345)[Kremote: Compressing objects:  85% (294/345)[Kremote: Compressing objects:  86% (297/345)[Kremote: Compressing objects:  87% (301/345)[Kremote: Compressing objects:  88% (304/345)[Kremote: Compressing objects:  89% (308/345)[Kremote: Compressing objects:  90% (311/345)[Kremote: Compressing objects:  91% (314/345)[Kremote: Compressing objects:  92% (318/345)[Kremote: Compressing objects:  93% (321/345)[Kremote: Compressing objects:  94% (325/345)[Kremote: Compressing objects:  95% (328/345)[Kremote: Compressing objects:  96% (332/345)[Kremote: Compressing objects:  97% (335/345)[Kremote: Compressing objects:  98% (339/345)[Kremote: Compressing objects:  99% (342/345)[Kremote: Compressing objects: 100% (345/345)[Kremote: Compressing objects: 100% (345/345), done.[K
Receiving objects:   0% (1/443)   Receiving objects:   1% (5/443)   Receiving objects:   2% (9/443)   Receiving objects:   3% (14/443)   Receiving objects:   4% (18/443)   Receiving objects:   5% (23/443)   Receiving objects:   6% (27/443)   Receiving objects:   7% (32/443)   Receiving objects:   8% (36/443)   Receiving objects:   9% (40/443)   Receiving objects:  10% (45/443)   Receiving objects:  11% (49/443)   Receiving objects:  12% (54/443)   Receiving objects:  13% (58/443)   Receiving objects:  14% (63/443)   Receiving objects:  15% (67/443)   Receiving objects:  16% (71/443)   Receiving objects:  17% (76/443)   Receiving objects:  18% (80/443)   Receiving objects:  19% (85/443)   Receiving objects:  20% (89/443)   Receiving objects:  21% (94/443)   Receiving objects:  22% (98/443)   Receiving objects:  23% (102/443)   Receiving objects:  24% (107/443)   Receiving objects:  25% (111/443)   Receiving objects:  26% (116/443)   Receiving objects:  27% (120/443)   Receiving objects:  28% (125/443)   Receiving objects:  29% (129/443)   Receiving objects:  30% (133/443)   Receiving objects:  31% (138/443)   Receiving objects:  32% (142/443)   Receiving objects:  33% (147/443)   Receiving objects:  34% (151/443)   Receiving objects:  35% (156/443)   Receiving objects:  36% (160/443)   Receiving objects:  37% (164/443)   Receiving objects:  38% (169/443)   Receiving objects:  39% (173/443)   Receiving objects:  40% (178/443)   Receiving objects:  41% (182/443)   Receiving objects:  42% (187/443)   Receiving objects:  43% (191/443)   Receiving objects:  44% (195/443)   Receiving objects:  45% (200/443)   Receiving objects:  46% (204/443)   Receiving objects:  47% (209/443)   Receiving objects:  48% (213/443)   Receiving objects:  49% (218/443)   Receiving objects:  50% (222/443)   Receiving objects:  51% (226/443)   Receiving objects:  52% (231/443)   Receiving objects:  53% (235/443)   Receiving objects:  54% (240/443)   Receiving objects:  55% (244/443)   Receiving objects:  56% (249/443)   Receiving objects:  57% (253/443)   Receiving objects:  58% (257/443)   Receiving objects:  59% (262/443)   Receiving objects:  60% (266/443)   Receiving objects:  61% (271/443)   Receiving objects:  62% (275/443)   Receiving objects:  63% (280/443)   Receiving objects:  64% (284/443)   Receiving objects:  65% (288/443)   Receiving objects:  66% (293/443)   Receiving objects:  67% (297/443)   Receiving objects:  68% (302/443)   Receiving objects:  69% (306/443)   Receiving objects:  70% (311/443)   Receiving objects:  71% (315/443)   Receiving objects:  72% (319/443)   Receiving objects:  73% (324/443)   Receiving objects:  74% (328/443)   Receiving objects:  75% (333/443)   Receiving objects:  76% (337/443)   Receiving objects:  77% (342/443)   Receiving objects:  78% (346/443)   Receiving objects:  79% (350/443)   Receiving objects:  80% (355/443)   Receiving objects:  81% (359/443)   Receiving objects:  82% (364/443)   Receiving objects:  83% (368/443)   remote: Total 443 (delta 242), reused 235 (delta 93), pack-reused 0[K
Receiving objects:  84% (373/443)   Receiving objects:  85% (377/443)   Receiving objects:  86% (381/443)   Receiving objects:  87% (386/443)   Receiving objects:  88% (390/443)   Receiving objects:  89% (395/443)   Receiving objects:  90% (399/443)   Receiving objects:  91% (404/443)   Receiving objects:  92% (408/443)   Receiving objects:  93% (412/443)   Receiving objects:  94% (417/443)   Receiving objects:  95% (421/443)   Receiving objects:  96% (426/443)   Receiving objects:  97% (430/443)   Receiving objects:  98% (435/443)   Receiving objects:  99% (439/443)   Receiving objects: 100% (443/443)   Receiving objects: 100% (443/443), 725.12 KiB | 3.84 MiB/s, done.
Resolving deltas:   0% (0/242)   Resolving deltas:   1% (3/242)   Resolving deltas:   4% (10/242)   Resolving deltas:  24% (59/242)   Resolving deltas:  27% (67/242)   Resolving deltas:  30% (73/242)   Resolving deltas:  32% (78/242)   Resolving deltas:  33% (81/242)   Resolving deltas:  35% (86/242)   Resolving deltas:  36% (88/242)   Resolving deltas:  38% (93/242)   Resolving deltas:  39% (96/242)   Resolving deltas:  40% (98/242)   Resolving deltas:  41% (101/242)   Resolving deltas:  42% (102/242)   Resolving deltas:  47% (114/242)   Resolving deltas:  55% (134/242)   Resolving deltas:  61% (149/242)   Resolving deltas:  69% (167/242)   Resolving deltas:  70% (170/242)   Resolving deltas:  71% (172/242)   Resolving deltas:  72% (176/242)   Resolving deltas:  73% (178/242)   Resolving deltas:  74% (180/242)   Resolving deltas:  75% (182/242)   Resolving deltas:  76% (186/242)   Resolving deltas:  77% (188/242)   Resolving deltas:  78% (191/242)   Resolving deltas:  80% (196/242)   Resolving deltas:  85% (207/242)   Resolving deltas:  86% (210/242)   Resolving deltas:  87% (211/242)   Resolving deltas:  88% (213/242)   Resolving deltas:  89% (216/242)   Resolving deltas:  90% (219/242)   Resolving deltas:  91% (222/242)   Resolving deltas: 100% (242/242)   Resolving deltas: 100% (242/242), done.
travis_time:end:1e0d50c0:start=1573860005052275920,finish=1573860007174915412,duration=2122639492,event=checkout[0K$ cd paypal/paypal-smart-payment-buttons
$ git checkout -qf 0b698a0faf35087ecdee849c70bd39cb72acbca4
travis_fold:end:git.checkout[0K
travis_time:end:1e0d50c0:start=1573860005052275920,finish=1573860007207265968,duration=2154990048,event=checkout[0Ktravis_time:start:14a531d5[0Ktravis_time:end:14a531d5:start=1573860007211570941,finish=1573860007218333534,duration=6762593,event=env[0Ktravis_fold:start:nvm.install[0Ktravis_time:start:00104dc0[0K$ nvm install 10
Downloading and installing node v10.17.0...
Downloading https://nodejs.org/dist/v10.17.0/node-v10.17.0-linux-x64.tar.xz...
Computing checksum with sha256sum
Checksums matched!
Now using node v10.17.0 (npm v6.11.3)
travis_time:end:00104dc0:start=1573860008452046704,finish=1573860012334105549,duration=3882058845,event=setup[0Ktravis_fold:end:nvm.install[0K
travis_fold:start:cache.1[0KSetting up build cache
$ export CASHER_DIR=${TRAVIS_HOME}/.casher
travis_time:start:04a23362[0K$ Installing caching utilities
travis_time:end:04a23362:start=1573860013666073679,finish=1573860013939502346,duration=273428667,event=setup_casher[0Ktravis_time:start:05f7f33a[0Ktravis_time:end:05f7f33a:start=1573860013944868129,finish=1573860013947996370,duration=3128241,event=setup_casher[0Ktravis_time:start:04cce424[0Kattempting to download cache archive[0m
[32;1mfetching master/cache--linux-xenial-e3b0c44298fc1c149afbf4c8996fb92427ae41e4649b934ca495991b7852b855--node-10.tgz[0m
[32;1mfound cache[0m
travis_time:end:04cce424:start=1573860013952051267,finish=1573860016277651396,duration=2325600129,event=setup_casher[0Ktravis_fold:end:cache.1[0K
travis_fold:start:cache.npm[0K
travis_time:start:07d31258[0Ktravis_time:end:07d31258:start=1573860016494084539,finish=1573860016497405328,duration=3320789,event=setup_cache[0Ktravis_time:start:1e501ba1[0Kadding /home/travis/build/paypal/paypal-smart-payment-buttons/node_modules to cache[0m
creating directory /home/travis/build/paypal/paypal-smart-payment-buttons/node_modules[0m
travis_time:end:1e501ba1:start=1573860016501629000,finish=1573860026000786452,duration=9499157452,event=setup_cache[0Ktravis_fold:end:cache.npm[0K$ node --version
v10.17.0
$ npm --version
6.12.0
$ nvm --version
0.35.1

travis_fold:start:install.npm[0Ktravis_time:start:12ef84e2[0K$ npm install 
[37;40mnpm[0m [0m[30;43mWARN[0m [0m[35mdeprecated[0m fsevents@1.2.9: One of your dependencies needs to upgrade to fsevents v2: 1) Proper nodejs v10+ support 2) No more fetching binaries from AWS, smaller package size
[0m[37;40mnpm[0m [0m[30;43mWARN[0m [0m[35mprepublish-on-install[0m As of npm@5, `prepublish` scripts are deprecated.
[0m[37;40mnpm[0m [0m[30;43mWARN[0m [0m[35mprepublish-on-install[0m Use `prepare` for build steps and `prepublishOnly` for upload-only.
[0m[37;40mnpm[0m [0m[30;43mWARN[0m [0m[35mprepublish-on-install[0m See the deprecation note in `npm help scripts` for more information.
[0m
> @paypal/smart-payment-buttons@2.0.167 prepublish /home/travis/build/paypal/paypal-smart-payment-buttons
> in-publish && npm run babel || not-in-publish

[37;40mnpm[0m [0m[30;43mWARN[0m[35m[0m @paypal/smart-payment-buttons@2.0.167 license should be a valid SPDX license expression
[0m[37;40mnpm[0m [0m[30;43mWARN[0m [0m[35moptional[0m SKIPPING OPTIONAL DEPENDENCY: fsevents@1.2.9 (node_modules/fsevents):
[0m[37;40mnpm[0m [0m[30;43mWARN[0m [0m[35mnotsup[0m SKIPPING OPTIONAL DEPENDENCY: Unsupported platform for fsevents@1.2.9: wanted {"os":"darwin","arch":"any"} (current: {"os":"linux","arch":"x64"})
[0m
audited 54110 packages in 11.865s
found [91m200[0m vulnerabilities (72 [1mlow[0m, 78 [93mmoderate[0m, 50 [91mhigh[0m)
  run `npm audit fix` to fix them, or `npm audit` for details
travis_time:end:12ef84e2:start=1573860027607324914,finish=1573860041261348826,duration=13654023912,event=install[0Ktravis_fold:end:install.npm[0K
travis_time:start:03d13168[0K$ npm run test

> @paypal/smart-payment-buttons@2.0.167 test /home/travis/build/paypal/paypal-smart-payment-buttons
> if [ ! $SKIP_TEST ]; then npm run lint && npm run flow-typed && npm run flow check && npm run karma && npm run jest; fi;


> @paypal/smart-payment-buttons@2.0.167 lint /home/travis/build/paypal/paypal-smart-payment-buttons
> eslint --ext .js --ext .jsx src/ server/ test/ *.js


> @paypal/smart-payment-buttons@2.0.167 flow-typed /home/travis/build/paypal/paypal-smart-payment-buttons
> rm -rf ./flow-typed && flow-typed install --ignoreDeps peer && flow-typed install jest@22 mocha@4 && flow-typed install express@4.16 && sed -i -e 's/http$IncomingMessage,/http$IncomingMessage<>,/g' ./flow-typed/npm/express_v4.16.x.js

[before-after-hook]: "Hook()" repurposing warning, use "Hook.Collection()". Read more: https://git.io/upgrade-before-after-hook-to-1.4
â€¢ Found 21 dependencies in package.json to install libdefs for. Searching...
â€¢ flow-typed cache not found, fetching from GitHub...
â€¢ Installing 2 libDefs...
[1m  â€¢ express_v4.16.x.js[22m
[1m    â””> [32m./flow-typed/npm/express_v4.16.x.js[39m[22m
express
/home/travis/build/paypal/paypal-smart-payment-buttons/flow-typed/npm
[1m  â€¢ flow-bin_v0.x.x.js[22m
[1m    â””> [32m./flow-typed/npm/flow-bin_v0.x.x.js[39m[22m
flow-bin
/home/travis/build/paypal/paypal-smart-payment-buttons/flow-typed/npm
â€¢ Generating stubs for untyped dependencies...
[1m  â€¢ babel-core@^7.0.0-bridge.0[22m
[1m    â””> [31mflow-typed/npm/babel-core_vx.x.x.js[39m[22m
[1m  â€¢ @paypal/sdk-client@^4.0.27[22m
[1m    â””> [31mflow-typed/npm/@paypal/sdk-client_vx.x.x.js[39m[22m
[1m  â€¢ strict-merge@^1.0.1[22m
[1m    â””> [31mflow-typed/npm/strict-merge_vx.x.x.js[39m[22m
[1m  â€¢ grumbler-scripts@^3.0.18[22m
[1m    â””> [31mflow-typed/npm/grumbler-scripts_vx.x.x.js[39m[22m
[1m  â€¢ sync-browser-mocks@^2.0.1[22m
[1m    â””> [31mflow-typed/npm/sync-browser-mocks_vx.x.x.js[39m[22m
[1m  â€¢ beaver-logger@^4.0.12[22m
[1m    â””> [31mflow-typed/npm/beaver-logger_vx.x.x.js[39m[22m
[1m  â€¢ grabthar@^3[22m
[1m    â””> [31mflow-typed/npm/grabthar_vx.x.x.js[39m[22m
[1m  â€¢ belter@^1.0.19[22m
[1m    â””> [31mflow-typed/npm/belter_vx.x.x.js[39m[22m
[1m  â€¢ @paypal/sdk-constants@^1.0.27[22m
[1m    â””> [31mflow-typed/npm/@paypal/sdk-constants_vx.x.x.js[39m[22m
[1m  â€¢ webpack-mem-compile@^1.0.2[22m
[1m    â””> [31mflow-typed/npm/webpack-mem-compile_vx.x.x.js[39m[22m
[1m  â€¢ typed-graphqlify@^2.2.3[22m
[1m    â””> [31mflow-typed/npm/typed-graphqlify_vx.x.x.js[39m[22m
[1m  â€¢ @paypal/common-components@^1.0.5[22m
[1m    â””> [31mflow-typed/npm/@paypal/common-components_vx.x.x.js[39m[22m
[1m  â€¢ jsx-pragmatic@^2[22m
[1m    â””> [31mflow-typed/npm/jsx-pragmatic_vx.x.x.js[39m[22m
[1m  â€¢ @paypal/checkout-components@^5.0.30[22m
[1m    â””> [31mflow-typed/npm/@paypal/checkout-components_vx.x.x.js[39m[22m
[1m  â€¢ @paypal/sdk-logos@^1.0.17[22m
[1m    â””> [31mflow-typed/npm/@paypal/sdk-logos_vx.x.x.js[39m[22m
[31m[39m
[31m!! No flow@v0.110.1-compatible libdefs found in flow-typed for the above untyped dependencies !![39m

We've generated `any`-typed stubs for these packages, but consider submitting 
libdefs for them to [1mhttps://github.com/flowtype/flow-typed/[22m

[before-after-hook]: "Hook()" repurposing warning, use "Hook.Collection()". Read more: https://git.io/upgrade-before-after-hook-to-1.4
â€¢ Searching for 2 libdefs...
â€¢ Installing 2 libDefs...
[1m  â€¢ jest_v22.x.x.js[22m
[1m    â””> [32m./flow-typed/npm/jest_v22.x.x.js[39m[22m
jest
/home/travis/build/paypal/paypal-smart-payment-buttons/flow-typed/npm
[1m  â€¢ mocha_v4.x.x.js[22m
[1m    â””> [32m./flow-typed/npm/mocha_v4.x.x.js[39m[22m
mocha
/home/travis/build/paypal/paypal-smart-payment-buttons/flow-typed/npm
[before-after-hook]: "Hook()" repurposing warning, use "Hook.Collection()". Read more: https://git.io/upgrade-before-after-hook-to-1.4
â€¢ Searching for 1 libdefs...
â€¢ Installing 1 libDefs...
[1m  â€¢ express_v4.16.x.js[22m
[1m    â””> [32m./flow-typed/npm/express_v4.16.x.js[39m[22m
express
/home/travis/build/paypal/paypal-smart-payment-buttons/flow-typed/npm

> @paypal/smart-payment-buttons@2.0.167 flow /home/travis/build/paypal/paypal-smart-payment-buttons
> flow "check"

[31mError â”ˆâ”ˆâ”ˆâ”ˆâ”ˆâ”ˆâ”ˆâ”ˆâ”ˆâ”ˆâ”ˆâ”ˆâ”ˆâ”ˆâ”ˆâ”ˆâ”ˆâ”ˆâ”ˆâ”ˆâ”ˆâ”ˆâ”ˆâ”ˆâ”ˆâ”ˆâ”ˆâ”ˆâ”ˆâ”ˆâ”ˆâ”ˆâ”ˆâ”ˆâ”ˆâ”ˆâ”ˆâ”ˆâ”ˆâ”ˆâ”ˆâ”ˆâ”ˆâ”ˆâ”ˆâ”ˆâ”ˆâ”ˆâ”ˆâ”ˆ src/button/pay.js:79:23[0m[0m
[0m[0m
[0m[0mCannot[0m[0m [0m[0mget[0m[0m [0m[0m[0m[0m[0m[0;1mFPTI_KEY.PAYMENT_FLOW[0m[0m[0m[0m[0m[0m [0m[0mbecause[0m[0m[0m[0m [0m[0m[0m[0mproperty[0m[0m [0m[0m[0m[0;1mPAYMENT_FLOW[0m[0m[0m[0m [0m[0mis[0m[0m [0m[0mmissing[0m[0m [0m[0min[0m[0m
[0m[0m[0m[0;4mobject[0m[0;4m [0m[0;4mliteral[0m[0m [0m[0;2m[[0m[36m1[0m[0;2m][0m[0m.[0m[0m
[0m[0m
[0m[0m     [0m[0msrc/button/pay.js
[0m[0m     [0m[0m[0m[0;2m76[0m[0;2mâ”‚[0m[0m [0m[0;2m            [FPTI_KEY.TRANSITION]:         FPTI_TRANSITION.BUTTON_CLICK,[0m[0m
[0m[0m     [0m[0m[0m[0;2m77[0m[0;2mâ”‚[0m[0m [0m[0;2m            [FPTI_KEY.BUTTON_SESSION_UID]: buttonSessionID,[0m[0m
[0m[0m     [0m[0m[0m[0;2m78[0m[0;2mâ”‚[0m[0m [0m[0;2m            [FPTI_KEY.CHOSEN_FUNDING]:     fundingSource,[0m[0m
[0m[0m     [0m[0m[0m[0;2m79[0m[0;2mâ”‚[0m[0m [0m[0;2m            [[0m[0mFPTI_KEY.[0m[31mPAYMENT_FLOW[0m[31m[0m[0;2m]:       name[0m[0m
[0m[0m     [0m[0m[0m[0;2m80[0m[0;2mâ”‚[0m[0m [0m[0;2m        }).flush();[0m[0m
[0m[0m     [0m[0m[0m[0;2m81[0m[0;2mâ”‚[0m[0;2m[0m[0m
[0m[0m     [0m[0m[0m[0;2m82[0m[0;2mâ”‚[0m[0m [0m[0;2m        return ZalgoPromise.hash({[0m[0m
[0m[0m
[0m[0m     [0m[0mnode_modules/@paypal/sdk-constants/src/fpti.js
[0m[0m [0m[0;2m[[0m[36m1[0m[0;2m][0m[0m [0m[0m [0m[0;2m3[0m[0;2mâ”‚[0m[0m [0m[0;2mexport const FPTI_KEY = [0m[36m{[0m[0m
[0m[0m     [0m[0m [0m[0;2m4[0m[0;2mâ”‚[0m[0m [0m[36m    FEED:                   ('feed_name' : 'feed_name'),[0m[0m
[0m[0m     [0m[0m [0m[0;2m5[0m[0;2mâ”‚[0m[0m [0m[36m    STATE:                  ('state_name' : 'state_name'),[0m[0m
[0m[0m     [0m[0m [0m[0;2m6[0m[0;2mâ”‚[0m[0m [0m[36m    TRANSITION:             ('transition_name' : 'transition_name'),[0m[0m
[0m[0m     [0m[0m [0m[0;2m7[0m[0;2mâ”‚[0m[0m [0m[36m    BUTTON_TYPE:            ('button_type' : 'button_type'),[0m[0m
[0m[0m     [0m[0m [0m[0;2m8[0m[0;2mâ”‚[0m[0m [0m[36m    SESSION_UID:            ('page_session_id' : 'page_session_id'),[0m[0m
[0m[0m     [0m[0m [0m[0;2m9[0m[0;2mâ”‚[0m[0m [0m[36m    BUTTON_SESSION_UID:     ('button_session_id' : 'button_session_id'),[0m[0m
[0m[0m     [0m[0m[0m[0;2m10[0m[0;2mâ”‚[0m[0m [0m[36m    TOKEN:                  ('token' : 'token'),[0m[0m
[0m[0m     [0m[0m[0m[0;2m11[0m[0;2mâ”‚[0m[0m [0m[36m    CONTEXT_ID:             ('context_id' : 'context_id'),[0m[0m
[0m[0m     [0m[0m[0m[0;2m12[0m[0;2mâ”‚[0m[0m [0m[36m    CONTEXT_TYPE:           ('context_type' : 'context_type'),[0m[0m
[0m[0m     [0m[0m[0m[0;2m13[0m[0;2mâ”‚[0m[0m [0m[36m    REFERER:                ('referer_url' : 'referer_url'),[0m[0m
[0m[0m     [0m[0m[0m[0;2m14[0m[0;2mâ”‚[0m[0m [0m[36m    MERCHANT_DOMAIN:        ('merchant_domain' : 'merchant_domain'),[0m[0m
[0m[0m     [0m[0m[0m[0;2m15[0m[0;2mâ”‚[0m[0m [0m[36m    PAY_ID:                 ('pay_id' : 'pay_id'),[0m[0m
[0m[0m     [0m[0m[0m[0;2m16[0m[0;2mâ”‚[0m[0m [0m[36m    SELLER_ID:              ('seller_id' : 'seller_id'),[0m[0m
[0m[0m     [0m[0m[0m[0;2m17[0m[0;2mâ”‚[0m[0m [0m[36m    CLIENT_ID:              ('client_id' : 'client_id'),[0m[0m
[0m[0m       [0m[0;2m:[0m[0m
[0m[0m     [0m[0m[0m[0;2m33[0m[0;2mâ”‚[0m[0m [0m[36m    INTEGRATION_IDENTIFIER: ('integration_identifier' : 'integration_identifier'),[0m[0m
[0m[0m     [0m[0m[0m[0;2m34[0m[0;2mâ”‚[0m[0m [0m[36m    PARTNER_ATTRIBUTION_ID: ('bn_code' : 'bn_code'),[0m[0m
[0m[0m     [0m[0m[0m[0;2m35[0m[0;2mâ”‚[0m[0m [0m[36m    SDK_NAME:               ('sdk_name' : 'sdk_name'),[0m[0m
[0m[0m     [0m[0m[0m[0;2m36[0m[0;2mâ”‚[0m[0m [0m[36m    SDK_VERSION:            ('sdk_version' : 'sdk_version'),[0m[0m
[0m[0m     [0m[0m[0m[0;2m37[0m[0;2mâ”‚[0m[0m [0m[36m    USER_AGENT:             ('user_agent' : 'user_agent'),[0m[0m
[0m[0m     [0m[0m[0m[0;2m38[0m[0;2mâ”‚[0m[0m [0m[36m    USER_ACTION:            ('user_action' : 'user_action'),[0m[0m
[0m[0m     [0m[0m[0m[0;2m39[0m[0;2mâ”‚[0m[0m [0m[36m    CONTEXT_CORRID:         ('context_correlation_id' : 'context_correlation_id'),[0m[0m
[0m[0m     [0m[0m[0m[0;2m40[0m[0;2mâ”‚[0m[0m [0m[36m    SDK_CACHE:              ('sdk_cache' : 'sdk_cache'),[0m[0m
[0m[0m     [0m[0m[0m[0;2m41[0m[0;2mâ”‚[0m[0m [0m[36m    SDK_LOAD_TIME:          ('sdk_load_time' : 'sdk_load_time'),[0m[0m
[0m[0m     [0m[0m[0m[0;2m42[0m[0;2mâ”‚[0m[0m [0m[36m    IS_VAULT:               ('is_vault' : 'is_vault'),[0m[0m
[0m[0m     [0m[0m[0m[0;2m43[0m[0;2mâ”‚[0m[0m [0m[36m    DISABLE_FUNDING:        ('disable_funding' : 'disable_funding'),[0m[0m
[0m[0m     [0m[0m[0m[0;2m44[0m[0;2mâ”‚[0m[0m [0m[36m    DISABLE_CARD:           ('disable_card' : 'disable_card'),[0m[0m
[0m[0m     [0m[0m[0m[0;2m45[0m[0;2mâ”‚[0m[0m [0m[36m    RESPONSE_DURATION:      ('response_duration' : 'response_duration'),[0m[0m
[0m[0m     [0m[0m[0m[0;2m46[0m[0;2mâ”‚[0m[0m [0m[36m    SDK_INTEGRATION_SOURCE: ('sdk_integration_source' : 'sdk_integration_source')[0m[0m
[0m[0m     [0m[0m[0m[0;2m47[0m[0;2mâ”‚[0m[0m [0m[36m}[0m[0;2m;[0m[0m
[0m[0m
[0m[0m
[0m
Found 1 error
[37;40mnpm[0m [0m[31;40mERR![0m [0m[35mcode[0m ELIFECYCLE
[0m[37;40mnpm[0m [0m[31;40mERR![0m [0m[35merrno[0m 2
[0m[37;40mnpm[0m [0m[31;40mERR![0m[35m[0m @paypal/smart-payment-buttons@2.0.167 flow: `flow "check"`
[0m[37;40mnpm[0m [0m[31;40mERR![0m[35m[0m Exit status 2
[0m[37;40mnpm[0m [0m[31;40mERR![0m[35m[0m 
[0m[37;40mnpm[0m [0m[31;40mERR![0m[35m[0m Failed at the @paypal/smart-payment-buttons@2.0.167 flow script.
[0m[37;40mnpm[0m [0m[31;40mERR![0m[35m[0m This is probably not a problem with npm. There is likely additional logging output above.
[0m
[37;40mnpm[0m [0m[31;40mERR![0m[35m[0m A complete log of this run can be found in:
[0m[37;40mnpm[0m [0m[31;40mERR![0m[35m[0m     /home/travis/.npm/_logs/2019-11-15T23_21_31_163Z-debug.log
[0m[37;40mnpm[0m [0m[31;40mERR![0m [0m[35mcode[0m ELIFECYCLE
[0m[37;40mnpm[0m [0m[31;40mERR![0m [0m[35merrno[0m 2
[0m[37;40mnpm[0m [0m[31;40mERR![0m[35m[0m @paypal/smart-payment-buttons@2.0.167 test: `if [ ! $SKIP_TEST ]; then npm run lint && npm run flow-typed && npm run flow check && npm run karma && npm run jest; fi;`
[0m[37;40mnpm[0m [0m[31;40mERR![0m[35m[0m Exit status 2
[0m[37;40mnpm[0m [0m[31;40mERR![0m[35m[0m 
[0m[37;40mnpm[0m [0m[31;40mERR![0m[35m[0m Failed at the @paypal/smart-payment-buttons@2.0.167 test script.
[0m[37;40mnpm[0m [0m[31;40mERR![0m[35m[0m This is probably not a problem with npm. There is likely additional logging output above.
[0m
[37;40mnpm[0m [0m[31;40mERR![0m[35m[0m A complete log of this run can be found in:
[0m[37;40mnpm[0m [0m[31;40mERR![0m[35m[0m     /home/travis/.npm/_logs/2019-11-15T23_21_31_183Z-debug.log
[0mtravis_time:end:03d13168:start=1573860041267504930,finish=1573860091195932450,duration=49928427520,event=script[0K[31;1mThe command "npm run test" exited with 2.[0m
travis_fold:start:cache.2[0Kstore build cache
travis_time:start:141321ac[0Ktravis_time:end:141321ac:start=1573860091201935966,finish=1573860091205344960,duration=3408994,event=cache[0Ktravis_time:start:0061f094[0K[32;1mnothing changed[0m
travis_time:end:0061f094:start=1573860091209706611,finish=1573860095459955399,duration=4250248788,event=cache[0Ktravis_fold:end:cache.2[0K

Done. Your build exited with 1.
