travis_fold:start:worker_info[0K[33;1mWorker information[0m
hostname: 7484d63f-c478-440a-b6e4-31507b11e34b@1.worker-org-88fdd6b59-lm9pj.gce-production-2
version: v6.2.6 https://github.com/travis-ci/worker/tree/ba21bd30589fd152126e13df30e0cc78ccdf2837
instance: travis-job-07e32eee-7fff-4029-bd62-71a5fbf4362f travis-ci-sardonyx-xenial-1553530528-f909ac5 (via amqp)
startup: 6.309330261s
travis_fold:end:worker_info[0Ktravis_time:start:2604ba74[0Ktravis_time:end:2604ba74:start=1580216743222204927,finish=1580216743358878964,duration=136674037,event=no_world_writable_dirs[0Ktravis_time:start:11f2bf6c[0Ktravis_time:end:11f2bf6c:start=1580216743361350745,finish=1580216743364072036,duration=2721291,event=setup_filter[0Ktravis_time:start:02c51cac[0Ktravis_time:end:02c51cac:start=1580216743368059651,finish=1580216743375083272,duration=7023621,event=agent[0Ktravis_time:start:279fa81c[0Ktravis_time:end:279fa81c:start=1580216743377544117,finish=1580216743379265822,duration=1721705,event=check_unsupported[0Ktravis_time:start:016fecde[0Ktravis_fold:start:system_info[0K[33;1mBuild system information[0m
Build language: node_js
Build group: stable
Build dist: xenial
Build id: 642877085
Job id: 642877086
Runtime kernel version: 4.15.0-1028-gcp
travis-build version: 74fa7e3af
[34m[1mBuild image provisioning date and time[0m
Mon Mar 25 16:43:24 UTC 2019
[34m[1mOperating System Details[0m
Distributor ID:	Ubuntu
Description:	Ubuntu 16.04.6 LTS
Release:	16.04
Codename:	xenial
[34m[1mSystemd Version[0m
systemd 229
[34m[1mCookbooks Version[0m
42e42e4 https://github.com/travis-ci/travis-cookbooks/tree/42e42e4
[34m[1mgit version[0m
git version 2.21.0
[34m[1mbash version[0m
GNU bash, version 4.3.48(1)-release (x86_64-pc-linux-gnu)
[34m[1mgcc version[0m
gcc (Ubuntu 5.4.0-6ubuntu1~16.04.11) 5.4.0 20160609
[34m[1mdocker version[0m
Client:
 Version:           18.06.0-ce
 API version:       1.38
 Go version:        go1.10.3
 Git commit:        0ffa825
 Built:             Wed Jul 18 19:11:02 2018
 OS/Arch:           linux/amd64
 Experimental:      false

Server:
 Engine:
  Version:          18.06.0-ce
  API version:      1.38 (minimum version 1.12)
  Go version:       go1.10.3
  Git commit:       0ffa825
  Built:            Wed Jul 18 19:09:05 2018
  OS/Arch:          linux/amd64
  Experimental:     false
[34m[1mclang version[0m
clang version 7.0.0 (tags/RELEASE_700/final)
[34m[1mjq version[0m
jq-1.5
[34m[1mbats version[0m
Bats 0.4.0
[34m[1mshellcheck version[0m
0.6.0
[34m[1mshfmt version[0m
v2.6.3
[34m[1mccache version[0m
3.2.4
[34m[1mcmake version[0m
cmake version 3.12.4
[34m[1mheroku version[0m
heroku/7.22.7 linux-x64 node-v11.10.1
[34m[1mimagemagick version[0m
Version: ImageMagick 6.8.9-9 Q16 x86_64 2018-09-28 http://www.imagemagick.org
[34m[1mmd5deep version[0m
4.4
[34m[1mmercurial version[0m
version 4.8
[34m[1mmysql version[0m
mysql  Ver 14.14 Distrib 5.7.25, for Linux (x86_64) using  EditLine wrapper
[34m[1mopenssl version[0m
OpenSSL 1.0.2g  1 Mar 2016
[34m[1mpacker version[0m
1.3.3
[34m[1mpostgresql client version[0m
psql (PostgreSQL) 10.7 (Ubuntu 10.7-1.pgdg16.04+1)
[34m[1mragel version[0m
Ragel State Machine Compiler version 6.8 Feb 2013
[34m[1msudo version[0m
1.8.16
[34m[1mgzip version[0m
gzip 1.6
[34m[1mzip version[0m
Zip 3.0
[34m[1mvim version[0m
VIM - Vi IMproved 7.4 (2013 Aug 10, compiled Nov 24 2016 16:44:48)
[34m[1miptables version[0m
iptables v1.6.0
[34m[1mcurl version[0m
curl 7.47.0 (x86_64-pc-linux-gnu) libcurl/7.47.0 GnuTLS/3.4.10 zlib/1.2.8 libidn/1.32 librtmp/2.3
[34m[1mwget version[0m
GNU Wget 1.17.1 built on linux-gnu.
[34m[1mrsync version[0m
rsync  version 3.1.1  protocol version 31
[34m[1mgimme version[0m
v1.5.3
[34m[1mnvm version[0m
0.34.0
[34m[1mperlbrew version[0m
/home/travis/perl5/perlbrew/bin/perlbrew  - App::perlbrew/0.86
[34m[1mphpenv version[0m
rbenv 1.1.2
[34m[1mrvm version[0m
rvm 1.29.7 (latest) by Michal Papis, Piotr Kuczynski, Wayne E. Seguin [https://rvm.io]
[34m[1mdefault ruby version[0m
ruby 2.5.3p105 (2018-10-18 revision 65156) [x86_64-linux]
[34m[1mCouchDB version[0m
couchdb 1.6.1
[34m[1mElasticSearch version[0m
5.5.0
[34m[1mInstalled Firefox version[0m
firefox 63.0.1
[34m[1mMongoDB version[0m
MongoDB 4.0.7
[34m[1mPhantomJS version[0m
2.1.1
[34m[1mPre-installed PostgreSQL versions[0m
9.4.21
9.5.16
9.6.12
[34m[1mRedis version[0m
redis-server 5.0.4
[34m[1mPre-installed Go versions[0m
1.11.1
[34m[1mmvn version[0m
Apache Maven 3.6.0 (97c98ec64a1fdfee7767ce5ffb20918da4f719f3; 2018-10-24T18:41:47Z)
[34m[1mgradle version[0m
Gradle 4.10.2!
[34m[1mlein version[0m
Leiningen 2.9.1 on Java 11.0.2 OpenJDK 64-Bit Server VM
[34m[1mPre-installed Node.js versions[0m
v10.15.3
v11.0.0
v4.9.1
v6.17.0
v8.12.0
v8.15.1
v8.9
[34m[1mphpenv versions[0m
  system
  5.6
  5.6.40
  7.1
  7.1.27
  7.2
* 7.2.15 (set by /home/travis/.phpenv/version)
  hhvm
  hhvm-stable
[34m[1mcomposer --version[0m
Composer version 1.8.4 2019-02-11 10:52:10
[34m[1mPre-installed Ruby versions[0m
ruby-2.3.8
ruby-2.4.5
ruby-2.5.3
travis_fold:end:system_info[0K
travis_time:end:016fecde:start=1580216743382101571,finish=1580216743386435128,duration=4333557,event=show_system_info[0Ktravis_time:start:1420806c[0Ktravis_time:end:1420806c:start=1580216743388811293,finish=1580216743398648338,duration=9837045,event=rm_riak_source[0Ktravis_time:start:123421c9[0Ktravis_time:end:123421c9:start=1580216743401052057,finish=1580216743408087248,duration=7035191,event=fix_rwky_redis[0Ktravis_time:start:2343dda2[0Ktravis_time:end:2343dda2:start=1580216743411718950,finish=1580216744064054321,duration=652335371,event=wait_for_network[0Ktravis_time:start:064e3390[0Ktravis_time:end:064e3390:start=1580216744068682612,finish=1580216744249442641,duration=180760029,event=update_apt_keys[0Ktravis_time:start:08ff79a6[0Ktravis_time:end:08ff79a6:start=1580216744253987930,finish=1580216744304130606,duration=50142676,event=fix_hhvm_source[0Ktravis_time:start:114128ae[0Ktravis_time:end:114128ae:start=1580216744308370388,finish=1580216744311526998,duration=3156610,event=update_mongo_arch[0Ktravis_time:start:2bc91fa3[0Ktravis_time:end:2bc91fa3:start=1580216744315041394,finish=1580216744354724106,duration=39682712,event=fix_sudo_enabled_trusty[0Ktravis_time:start:05749600[0Ktravis_time:end:05749600:start=1580216744358821368,finish=1580216744360753606,duration=1932238,event=update_glibc[0Ktravis_time:start:04f12967[0Ktravis_time:end:04f12967:start=1580216744365031328,finish=1580216744372149231,duration=7117903,event=clean_up_path[0Ktravis_time:start:08f695c0[0Ktravis_time:end:08f695c0:start=1580216744376222043,finish=1580216744383480287,duration=7258244,event=fix_resolv_conf[0Ktravis_time:start:23f657f1[0Ktravis_time:end:23f657f1:start=1580216744388877953,finish=1580216744396935420,duration=8057467,event=fix_etc_hosts[0Ktravis_time:start:0131b40f[0Ktravis_time:end:0131b40f:start=1580216744402450012,finish=1580216744410867172,duration=8417160,event=fix_mvn_settings_xml[0Ktravis_time:start:0155d060[0Ktravis_time:end:0155d060:start=1580216744416497002,finish=1580216744424575247,duration=8078245,event=no_ipv6_localhost[0Ktravis_time:start:0b872104[0Ktravis_time:end:0b872104:start=1580216744428553962,finish=1580216744430432703,duration=1878741,event=fix_etc_mavenrc[0Ktravis_time:start:257f6463[0Ktravis_time:end:257f6463:start=1580216744435579723,finish=1580216744438984558,duration=3404835,event=fix_wwdr_certificate[0Ktravis_time:start:03ac67d0[0Ktravis_time:end:03ac67d0:start=1580216744444642589,finish=1580216744465925557,duration=21282968,event=put_localhost_first[0Ktravis_time:start:134db814[0Ktravis_time:end:134db814:start=1580216744470268161,finish=1580216744472612823,duration=2344662,event=home_paths[0Ktravis_time:start:11a73684[0Ktravis_time:end:11a73684:start=1580216744477484331,finish=1580216744487446229,duration=9961898,event=disable_initramfs[0Ktravis_time:start:002a0204[0Ktravis_time:end:002a0204:start=1580216744491031028,finish=1580216744694514018,duration=203482990,event=disable_ssh_roaming[0Ktravis_time:start:11e8b140[0Ktravis_time:end:11e8b140:start=1580216744698570811,finish=1580216744701283169,duration=2712358,event=debug_tools[0Ktravis_time:start:0c4b1ddf[0Ktravis_time:end:0c4b1ddf:start=1580216744705836198,finish=1580216744708831996,duration=2995798,event=uninstall_oclint[0Ktravis_time:start:00348639[0Ktravis_time:end:00348639:start=1580216744716046487,finish=1580216744719759442,duration=3712955,event=rvm_use[0Ktravis_time:start:00524c88[0Ktravis_time:end:00524c88:start=1580216744727053013,finish=1580216744734986342,duration=7933329,event=rm_etc_boto_cfg[0Ktravis_time:start:039a0130[0Ktravis_time:end:039a0130:start=1580216744741408905,finish=1580216744743929254,duration=2520349,event=rm_oraclejdk8_symlink[0Ktravis_time:start:15083456[0Ktravis_time:end:15083456:start=1580216744749426241,finish=1580216744834989397,duration=85563156,event=enable_i386[0Ktravis_time:start:10dd1d36[0Ktravis_time:end:10dd1d36:start=1580216744838976023,finish=1580216744844507831,duration=5531808,event=update_rubygems[0Ktravis_time:start:06f040d6[0Ktravis_time:end:06f040d6:start=1580216744851476998,finish=1580216745584971177,duration=733494179,event=ensure_path_components[0Ktravis_time:start:23a5ba5b[0Ktravis_time:end:23a5ba5b:start=1580216745588841830,finish=1580216745591462291,duration=2620461,event=redefine_curl[0Ktravis_time:start:0cc8eec0[0Ktravis_time:end:0cc8eec0:start=1580216745596344690,finish=1580216745669063482,duration=72718792,event=nonblock_pipe[0Ktravis_time:start:132de980[0Ktravis_time:end:132de980:start=1580216745672494809,finish=1580216751703197425,duration=6030702616,event=apt_get_update[0Ktravis_time:start:07587398[0Ktravis_time:end:07587398:start=1580216751708303158,finish=1580216751711563754,duration=3260596,event=deprecate_xcode_64[0Ktravis_time:start:1804b0c4[0Ktravis_time:end:1804b0c4:start=1580216751716162131,finish=1580216754027134952,duration=2310972821,event=update_heroku[0Ktravis_time:start:10c4199f[0Ktravis_time:end:10c4199f:start=1580216754031563861,finish=1580216754033792400,duration=2228539,event=shell_session_update[0Ktravis_time:start:00b72dc4[0Ktravis_fold:start:docker_mtu[0Ktravis_fold:end:docker_mtu[0Ktravis_time:end:00b72dc4:start=1580216754037895855,finish=1580216756226408724,duration=2188512869,event=set_docker_mtu[0Ktravis_time:start:27ede148[0Ktravis_fold:start:resolvconf[0Ktravis_fold:end:resolvconf[0Ktravis_time:end:27ede148:start=1580216756231412779,finish=1580216756289258191,duration=57845412,event=resolvconf[0Ktravis_time:start:0ec71100[0Ktravis_time:end:0ec71100:start=1580216756294080015,finish=1580216756434049158,duration=139969143,event=maven_central_mirror[0Ktravis_time:start:00850140[0Ktravis_time:end:00850140:start=1580216756438096134,finish=1580216756525097261,duration=87001127,event=maven_https[0Ktravis_time:start:102be3dc[0Ktravis_time:end:102be3dc:start=1580216756528550651,finish=1580216756530678695,duration=2128044,event=fix_ps4[0Ktravis_fold:start:hosts.before[0K
## Managed by Chef on packer-5c98fea1-aa3f-407c-10e9-32c3c213ffca.c.eco-emissary-99515.internal :heart_eyes_cat:
## cookbook:: travis_build_environment
##     file:: templates/default/etc/cloud/templates/hosts.tmpl.erb

127.0.1.1 travis-job-07e32eee-7fff-4029-bd62-71a5fbf4362f travis-job-07e32eee-7fff-4029-bd62-71a5fbf4362f ip4-loopback xenial64

127.0.0.1 localhost nettuno travis vagrant travis-job-07e32eee-7fff-4029-bd62-71a5fbf4362f 

travis_fold:end:hosts.before[0Ktravis_fold:start:hosts[0Ktravis_fold:end:hosts[0Ktravis_fold:start:hosts.after[0K
## Managed by Chef on packer-5c98fea1-aa3f-407c-10e9-32c3c213ffca.c.eco-emissary-99515.internal :heart_eyes_cat:
## cookbook:: travis_build_environment
##     file:: templates/default/etc/cloud/templates/hosts.tmpl.erb

127.0.1.1 travis-job-07e32eee-7fff-4029-bd62-71a5fbf4362f travis-job-07e32eee-7fff-4029-bd62-71a5fbf4362f ip4-loopback xenial64

127.0.0.1 localhost nettuno travis vagrant travis-job-07e32eee-7fff-4029-bd62-71a5fbf4362f  localhost.paypal.com

travis_fold:end:hosts.after[0Ktravis_time:start:0777a278[0K
travis_fold:start:git.checkout[0Ktravis_time:start:1f574eec[0K$ git clone --depth=50 --branch=zoid-modal https://github.com/paypal/paypal-messaging-components.git paypal/paypal-messaging-components
Cloning into 'paypal/paypal-messaging-components'...
travis_time:end:1f574eec:start=1580216756557723421,finish=1580216757873402343,duration=1315678922,event=checkout[0K$ cd paypal/paypal-messaging-components
$ git checkout -qf 03bcc50c4f3a2b55de09498d734f41556124e162
travis_fold:end:git.checkout[0K
travis_time:end:1f574eec:start=1580216756557723421,finish=1580216757947815677,duration=1390092256,event=checkout[0Ktravis_time:start:14afa962[0K
[33;1mSetting environment variables from repository settings[0m
$ export NPM_TOKEN=[secure]
$ export NPM_EMAIL=[secure]
$ export GH_TOKEN=[secure]

[33;1mSetting environment variables from .travis.yml[0m
$ export DIRTY_SNAPSHOTS=0

travis_time:end:14afa962:start=1580216757951931352,finish=1580216757959729272,duration=7797920,event=env[0Ktravis_fold:start:nvm.install[0Ktravis_time:start:16bdef84[0K$ nvm install 10
Downloading and installing node v10.18.1...
Downloading https://nodejs.org/dist/v10.18.1/node-v10.18.1-linux-x64.tar.xz...
Computing checksum with sha256sum
Checksums matched!
Now using node v10.18.1 (npm v6.13.4)
travis_time:end:16bdef84:start=1580216758944237589,finish=1580216761900290646,duration=2956053057,event=setup[0Ktravis_fold:end:nvm.install[0K
$ node --version
v10.18.1
$ npm --version
6.13.4
$ nvm --version
0.35.2

travis_fold:start:before_install[0Ktravis_time:start:17796c9d[0K$ npm i -g npm@6
/home/travis/.nvm/versions/node/v10.18.1/bin/npm -> /home/travis/.nvm/versions/node/v10.18.1/lib/node_modules/npm/bin/npm-cli.js
/home/travis/.nvm/versions/node/v10.18.1/bin/npx -> /home/travis/.nvm/versions/node/v10.18.1/lib/node_modules/npm/bin/npx-cli.js
+ npm@6.13.6
updated 2 packages in 5.295s
travis_time:end:17796c9d:start=1580216762893744138,finish=1580216768597077807,duration=5703333669,event=before_install[0Ktravis_fold:end:before_install[0Ktravis_fold:start:install.npm[0Ktravis_time:start:10740675[0K$ npm install 

> @paypal/messaging-components@1.5.1 preinstall /home/travis/build/paypal/paypal-messaging-components
> rm -rf node_modules

npm WARN deprecated core-js@2.6.11: core-js@<3 is no longer maintained and not recommended for usage due to the number of issues. Please, upgrade your dependencies to the actual version of core-js@3.
npm WARN deprecated istanbul@0.4.5: This module is no longer maintained, try this instead:
npm WARN deprecated   npm i nyc
npm WARN deprecated Visit https://istanbul.js.org/integrations for other alternatives.
npm WARN deprecated hawk@3.1.3: This module moved to @hapi/hawk. Please make sure to switch over as this distribution is no longer supported and may contain bugs and critical security issues.
npm WARN deprecated boom@2.10.1: This version has been deprecated in accordance with the hapi support policy (hapi.im/support). Please upgrade to the latest version to get the best features, bug fixes, and security patches. If you are unable to upgrade at this time, paid support is available for older versions (hapi.im/commercial).
npm WARN deprecated hoek@2.16.3: This version has been deprecated in accordance with the hapi support policy (hapi.im/support). Please upgrade to the latest version to get the best features, bug fixes, and security patches. If you are unable to upgrade at this time, paid support is available for older versions (hapi.im/commercial).
npm WARN deprecated cryptiles@2.0.5: This version has been deprecated in accordance with the hapi support policy (hapi.im/support). Please upgrade to the latest version to get the best features, bug fixes, and security patches. If you are unable to upgrade at this time, paid support is available for older versions (hapi.im/commercial).
npm WARN deprecated sntp@1.0.9: This module moved to @hapi/sntp. Please make sure to switch over as this distribution is no longer supported and may contain bugs and critical security issues.
npm WARN deprecated left-pad@1.3.0: use String.prototype.padStart()
npm WARN deprecated socks@1.1.10: If using 2.x branch, please upgrade to at least 2.1.6 to avoid a serious bug with socket data flow and an import issue introduced in 2.1.0

> husky@2.7.0 install /home/travis/build/paypal/paypal-messaging-components/node_modules/husky
> node husky install

husky > Setting up git hooks
CI detected, skipping Git hooks installation.

> puppeteer@2.1.0 install /home/travis/build/paypal/paypal-messaging-components/node_modules/puppeteer
> node install.js


Chromium downloaded to /home/travis/build/paypal/paypal-messaging-components/node_modules/puppeteer/.local-chromium/linux-722234

> core-js@2.6.11 postinstall /home/travis/build/paypal/paypal-messaging-components/node_modules/@babel/polyfill/node_modules/core-js
> node -e "try{require('./postinstall')}catch(e){}"


> core-js@2.6.11 postinstall /home/travis/build/paypal/paypal-messaging-components/node_modules/babel-runtime/node_modules/core-js
> node -e "try{require('./postinstall')}catch(e){}"


> core-js@3.6.4 postinstall /home/travis/build/paypal/paypal-messaging-components/node_modules/core-js
> node -e "try{require('./postinstall')}catch(e){}"


> core-js-pure@3.6.4 postinstall /home/travis/build/paypal/paypal-messaging-components/node_modules/core-js-pure
> node -e "try{require('./postinstall')}catch(e){}"


> ejs@2.7.4 postinstall /home/travis/build/paypal/paypal-messaging-components/node_modules/ejs
> node ./postinstall.js


> core-js@2.6.11 postinstall /home/travis/build/paypal/paypal-messaging-components/node_modules/wait-on/node_modules/core-js
> node -e "try{require('./postinstall')}catch(e){}"

npm WARN @semantic-release/changelog@3.0.6 requires a peer of semantic-release@>=15.8.0 <16.0.0 || >=16.0.0-beta <17.0.0 but none is installed. You must install peer dependencies yourself.
npm WARN @semantic-release/exec@3.3.8 requires a peer of semantic-release@>=15.9.0 <16.0.0 but none is installed. You must install peer dependencies yourself.
npm WARN @semantic-release/git@7.0.18 requires a peer of semantic-release@>=15.4.0 <16.0.0 but none is installed. You must install peer dependencies yourself.
npm WARN jest-image-snapshot@2.12.0 requires a peer of jest@>=20 <=24 but none is installed. You must install peer dependencies yourself.
npm WARN karma-sinon-chai@2.0.2 requires a peer of chai@>=3.5.0 but none is installed. You must install peer dependencies yourself.
npm WARN karma-sinon-chai@2.0.2 requires a peer of sinon@>=2.1.0 but none is installed. You must install peer dependencies yourself.
npm WARN karma-sinon-chai@2.0.2 requires a peer of sinon-chai@>=2.9.0 but none is installed. You must install peer dependencies yourself.
npm WARN @octokit/plugin-rest-endpoint-methods@2.1.0 requires a peer of @octokit/core@>=2.1.2 but none is installed. You must install peer dependencies yourself.
npm WARN @typescript-eslint/parser@1.13.0 requires a peer of eslint@^5.0.0 but none is installed. You must install peer dependencies yourself.
npm WARN @paypal/messaging-components@1.5.1 No license field.
npm WARN optional SKIPPING OPTIONAL DEPENDENCY: fsevents@1.2.11 (node_modules/jest-runtime/node_modules/fsevents):
npm WARN notsup SKIPPING OPTIONAL DEPENDENCY: Unsupported platform for fsevents@1.2.11: wanted {"os":"darwin","arch":"any"} (current: {"os":"linux","arch":"x64"})
npm WARN optional SKIPPING OPTIONAL DEPENDENCY: fsevents@1.2.11 (node_modules/jest-runner/node_modules/fsevents):
npm WARN notsup SKIPPING OPTIONAL DEPENDENCY: Unsupported platform for fsevents@1.2.11: wanted {"os":"darwin","arch":"any"} (current: {"os":"linux","arch":"x64"})
npm WARN optional SKIPPING OPTIONAL DEPENDENCY: fsevents@1.2.11 (node_modules/jest-config/node_modules/fsevents):
npm WARN notsup SKIPPING OPTIONAL DEPENDENCY: Unsupported platform for fsevents@1.2.11: wanted {"os":"darwin","arch":"any"} (current: {"os":"linux","arch":"x64"})
npm WARN optional SKIPPING OPTIONAL DEPENDENCY: fsevents@1.2.11 (node_modules/grumbler-scripts/node_modules/fsevents):
npm WARN notsup SKIPPING OPTIONAL DEPENDENCY: Unsupported platform for fsevents@1.2.11: wanted {"os":"darwin","arch":"any"} (current: {"os":"linux","arch":"x64"})
npm WARN optional SKIPPING OPTIONAL DEPENDENCY: fsevents@1.2.11 (node_modules/chokidar/node_modules/fsevents):
npm WARN notsup SKIPPING OPTIONAL DEPENDENCY: Unsupported platform for fsevents@1.2.11: wanted {"os":"darwin","arch":"any"} (current: {"os":"linux","arch":"x64"})
npm WARN optional SKIPPING OPTIONAL DEPENDENCY: fsevents@1.2.11 (node_modules/@jest/test-sequencer/node_modules/fsevents):
npm WARN notsup SKIPPING OPTIONAL DEPENDENCY: Unsupported platform for fsevents@1.2.11: wanted {"os":"darwin","arch":"any"} (current: {"os":"linux","arch":"x64"})
npm WARN optional SKIPPING OPTIONAL DEPENDENCY: fsevents@1.2.11 (node_modules/@jest/reporters/node_modules/fsevents):
npm WARN notsup SKIPPING OPTIONAL DEPENDENCY: Unsupported platform for fsevents@1.2.11: wanted {"os":"darwin","arch":"any"} (current: {"os":"linux","arch":"x64"})
npm WARN optional SKIPPING OPTIONAL DEPENDENCY: fsevents@1.2.11 (node_modules/@jest/environment/node_modules/fsevents):
npm WARN notsup SKIPPING OPTIONAL DEPENDENCY: Unsupported platform for fsevents@1.2.11: wanted {"os":"darwin","arch":"any"} (current: {"os":"linux","arch":"x64"})
npm WARN optional SKIPPING OPTIONAL DEPENDENCY: fsevents@1.2.11 (node_modules/@jest/core/node_modules/fsevents):
npm WARN notsup SKIPPING OPTIONAL DEPENDENCY: Unsupported platform for fsevents@1.2.11: wanted {"os":"darwin","arch":"any"} (current: {"os":"linux","arch":"x64"})
npm WARN optional SKIPPING OPTIONAL DEPENDENCY: fsevents@2.1.2 (node_modules/fsevents):
npm WARN notsup SKIPPING OPTIONAL DEPENDENCY: Unsupported platform for fsevents@2.1.2: wanted {"os":"darwin","arch":"any"} (current: {"os":"linux","arch":"x64"})

added 3075 packages from 2351 contributors and audited 2139390 packages in 67.987s

43 packages are looking for funding
  run `npm fund` for details

found 49 vulnerabilities (8 low, 25 moderate, 16 high)
  run `npm audit fix` to fix them, or `npm audit` for details
travis_time:end:10740675:start=1580216768771796216,finish=1580216838828412381,duration=70056616165,event=install[0Ktravis_fold:end:install.npm[0K
travis_fold:start:before_script.1[0Ktravis_time:start:079dad2f[0K$ npm run dev:snapshot &
travis_time:end:079dad2f:start=1580216838833877020,finish=1580216838837621510,duration=3744490,event=before_script[0Ktravis_fold:end:before_script.1[0Ktravis_fold:start:before_script.2[0Ktravis_time:start:0428fe7e[0K$ sleep 20

> @paypal/messaging-components@1.5.1 dev:snapshot /home/travis/build/paypal/paypal-messaging-components
> webpack-dev-server --config webpack.config.snapshot.js --env.TARGET=standalone --env.NODE_ENV=local

[34mâ„¹[39m [90mï½¢wdsï½£[39m: Project is running at http://localhost.paypal.com:8080/
[34mâ„¹[39m [90mï½¢wdsï½£[39m: webpack output is served from /
[34mâ„¹[39m [90mï½¢wdsï½£[39m: Content not from webpack is served from ./tests/functional/content
travis_time:end:0428fe7e:start=1580216838847150075,finish=1580216858857855405,duration=20010705330,event=before_script[0Ktravis_fold:end:before_script.2[0Ktravis_time:start:0f3bc358[0K$ npm run lint

> @paypal/messaging-components@1.5.1 lint /home/travis/build/paypal/paypal-messaging-components
> eslint . --ext .js,.jsx

Warning: React version was set to "detect" in eslint-plugin-react settings, but the "react" package is not installed. Assuming latest React version for linting.
[34mâ„¹[39m [90mï½¢wdmï½£[39m: Hash: d9dd7d06a55b5f67679e
Version: webpack 4.41.5
Time: 35401ms
Built at: 01/28/2020 1:07:55 PM
               Asset      Size     Chunks             Chunk Names
         merchant.js  2.56 MiB   merchant  [emitted]  merchant
 merchant.js.LICENSE  51 bytes             [emitted]  
        messaging.js  2.51 MiB  messaging  [emitted]  messaging
messaging.js.LICENSE  51 bytes             [emitted]  
Entrypoint messaging = messaging.js
Entrypoint merchant = merchant.js
[0] multi (webpack)-dev-server/client?http://localhost.paypal.com:8080 ./src/index.js 40 bytes {messaging} [built]
    ModuleConcatenation bailout: Module is not an ECMAScript module
[1] multi (webpack)-dev-server/client?http://localhost.paypal.com:8080 ./src/legacy/index.js 40 bytes {merchant} [built]
    ModuleConcatenation bailout: Module is not an ECMAScript module
[./node_modules/@babel/runtime/helpers/esm/extends.js] 397 bytes {messaging} {merchant} [built]
[./node_modules/core-js-pure/stable/array/from.js] 70 bytes {messaging} {merchant} [built]
    ModuleConcatenation bailout: Module is not an ECMAScript module
[./node_modules/core-js-pure/stable/object/entries.js] 74 bytes {messaging} {merchant} [built]
    ModuleConcatenation bailout: Module is not an ECMAScript module
[./node_modules/core-js-pure/stable/string/starts-with.js] 78 bytes {messaging} {merchant} [built]
    ModuleConcatenation bailout: Module is not an ECMAScript module
[./node_modules/webpack-dev-server/client/index.js?http://localhost.paypal.com:8080] (webpack)-dev-server/client?http://localhost.paypal.com:8080 4.29 KiB {messaging} {merchant} [built]
    ModuleConcatenation bailout: Module is not an ECMAScript module
[./node_modules/webpack-dev-server/client/overlay.js] (webpack)-dev-server/client/overlay.js 3.51 KiB {messaging} {merchant} [built]
    ModuleConcatenation bailout: Module is not an ECMAScript module
[./node_modules/webpack-dev-server/client/socket.js] (webpack)-dev-server/client/socket.js 1.53 KiB {messaging} {merchant} [built]
    ModuleConcatenation bailout: Module is not an ECMAScript module
[./node_modules/webpack-dev-server/client/utils/createSocketUrl.js] (webpack)-dev-server/client/utils/createSocketUrl.js 2.91 KiB {messaging} {merchant} [built]
    ModuleConcatenation bailout: Module is not an ECMAScript module
[./node_modules/webpack-dev-server/client/utils/log.js] (webpack)-dev-server/client/utils/log.js 964 bytes {messaging} {merchant} [built]
    ModuleConcatenation bailout: Module is not an ECMAScript module
[./node_modules/webpack-dev-server/client/utils/reloadApp.js] (webpack)-dev-server/client/utils/reloadApp.js 1.59 KiB {messaging} {merchant} [built]
    ModuleConcatenation bailout: Module is not an ECMAScript module
[./node_modules/webpack-dev-server/client/utils/sendMessage.js] (webpack)-dev-server/client/utils/sendMessage.js 402 bytes {messaging} {merchant} [built]
    ModuleConcatenation bailout: Module is not an ECMAScript module
[./src/index.js] 161 bytes {messaging} [built]
    ModuleConcatenation bailout: Module is referenced from these modules with unsupported syntax: multi (webpack)-dev-server/client?http://localhost.paypal.com:8080 ./src/index.js (referenced with single entry)
[./src/legacy/index.js] ./src/legacy/index.js + 2 modules 17.4 KiB {merchant} [built]
    ModuleConcatenation bailout: Cannot concat with ./node_modules/@babel/runtime/helpers/esm/extends.js
    ModuleConcatenation bailout: Cannot concat with ./node_modules/core-js-pure/stable/array/find.js (<- Module is not an ECMAScript module)
    ModuleConcatenation bailout: Cannot concat with ./node_modules/core-js-pure/stable/array/from.js (<- Module is not an ECMAScript module)
    ModuleConcatenation bailout: Cannot concat with ./node_modules/core-js-pure/stable/array/includes.js (<- Module is not an ECMAScript module)
    ModuleConcatenation bailout: Cannot concat with ./node_modules/core-js-pure/stable/object/entries.js (<- Module is not an ECMAScript module)
    ModuleConcatenation bailout: Cannot concat with ./node_modules/core-js-pure/stable/string/starts-with.js (<- Module is not an ECMAScript module)
    ModuleConcatenation bailout: Cannot concat with ./src/interface/messages.js
    ModuleConcatenation bailout: Cannot concat with ./src/messages/services/logger/index.js
    ModuleConcatenation bailout: Cannot concat with ./src/utils/index.js
    | ./src/legacy/index.js 10.2 KiB [built]
    |     ModuleConcatenation bailout: Module is referenced from these modules with unsupported syntax: multi (webpack)-dev-server/client?http://localhost.paypal.com:8080 ./src/legacy/index.js (referenced with single entry)
    | ./src/legacy/toNewPipeline.js 4.02 KiB [built]
    | ./src/legacy/map.js 3.14 KiB [built]
    + 154 hidden modules
[34mâ„¹[39m [90mï½¢wdmï½£[39m: Compiled successfully.

/home/travis/build/paypal/paypal-messaging-components/src/messages/models/Banner/index.js
  169:17  warning  Unexpected console statement  no-console
  180:17  warning  Unexpected console statement  no-console

/home/travis/build/paypal/paypal-messaging-components/src/messages/services/logger/index.js
  118:17  warning  Unexpected console statement  no-console
  125:9   warning  Unexpected console statement  no-console

âœ– 4 problems (0 errors, 4 warnings)

travis_time:end:0f3bc358:start=1580216858866339571,finish=1580216877560075135,duration=18693735564,event=script[0K[32;1mThe command "npm run lint" exited with 0.[0m
travis_time:start:081ae886[0K$ npm run test

> @paypal/messaging-components@1.5.1 test /home/travis/build/paypal/paypal-messaging-components
> jest

PASS tests/unit/spec/src/messages/models/Container/events.test.js
PASS tests/unit/spec/src/utils/index.test.js
PASS tests/unit/spec/src/messages/models/Container/setSize.test.js
PASS tests/unit/spec/src/messages/models/Container/stats.test.js
PASS tests/unit/spec/src/messages/models/Banner/validateOptions.test.js
PASS tests/unit/spec/src/messages/models/Banner/index.test.js
PASS tests/unit/spec/src/messages/models/Container/insertMarkup.test.js
PASS tests/unit/spec/src/messages/models/Container/index.test.js
PASS tests/unit/spec/src/modal/lib/hooks/helpers.test.js
PASS tests/unit/spec/src/modal/lib/hooks/transitionState.test.js
PASS tests/unit/spec/src/messages/components/Modal/index.test.js
PASS tests/unit/spec/src/modal/lib/transition.test.js
PASS tests/unit/spec/src/modal/lib/hooks/calculator.test.js

Test Suites: 13 passed, 13 total
Tests:       6 todo, 49 passed, 55 total
Snapshots:   0 total
Time:        6.213s
Ran all test suites.
travis_time:end:081ae886:start=1580216877569397506,finish=1580216884834288759,duration=7264891253,event=script[0K[32;1mThe command "npm run test" exited with 0.[0m
travis_time:start:05b64e20[0K$ ./scripts/snapshot-tests/run-tests.sh

> @paypal/messaging-components@1.5.1 test:func /home/travis/build/paypal/paypal-messaging-components
> jest --projects tests/functional

PASS tests/functional/spec/US/text.test.js (106.739s)
PASS tests/functional/spec/DE/text.test.js (39.863s)
PASS tests/functional/spec/US/flex.test.js (117.552s)
PASS tests/functional/spec/DE/flex.test.js (51.663s)
PASS tests/functional/spec/US/legacy.test.js (35.7s)
(node:4555) UnhandledPromiseRejectionWarning: Error: Protocol error (Target.activateTarget): Session closed. Most likely the page has been closed.
    at CDPSession.send (/home/travis/build/paypal/paypal-messaging-components/node_modules/puppeteer/lib/Connection.js:180:29)
    at Page._screenshotTask (/home/travis/build/paypal/paypal-messaging-components/node_modules/puppeteer/lib/Page.js:924:24)
    at process._tickCallback (internal/process/next_tick.js:68:7)
  -- ASYNC --
    at Page.screenshot (/home/travis/build/paypal/paypal-messaging-components/node_modules/puppeteer/lib/helper.js:111:15)
    at Object.test (/home/travis/build/paypal/paypal-messaging-components/tests/functional/spec/createBannerTest.js:67:38)
    at process._tickCallback (internal/process/next_tick.js:68:7)
(node:4555) UnhandledPromiseRejectionWarning: Unhandled promise rejection. This error originated either by throwing inside of an async function without a catch block, or by rejecting a promise which was not handled with .catch(). (rejection id: 3)
(node:4555) [DEP0018] DeprecationWarning: Unhandled promise rejections are deprecated. In the future, promise rejections that are not handled will terminate the Node.js process with a non-zero exit code.
(node:4555) UnhandledPromiseRejectionWarning: Error: Protocol error (Target.activateTarget): Session closed. Most likely the page has been closed.
    at CDPSession.send (/home/travis/build/paypal/paypal-messaging-components/node_modules/puppeteer/lib/Connection.js:180:29)
    at Page._screenshotTask (/home/travis/build/paypal/paypal-messaging-components/node_modules/puppeteer/lib/Page.js:924:24)
    at process._tickCallback (internal/process/next_tick.js:68:7)
  -- ASYNC --
    at Page.screenshot (/home/travis/build/paypal/paypal-messaging-components/node_modules/puppeteer/lib/helper.js:111:15)
    at Object.test (/home/travis/build/paypal/paypal-messaging-components/tests/functional/spec/createBannerTest.js:67:38)
    at process._tickCallback (internal/process/next_tick.js:68:7)
(node:4555) UnhandledPromiseRejectionWarning: Unhandled promise rejection. This error originated either by throwing inside of an async function without a catch block, or by rejecting a promise which was not handled with .catch(). (rejection id: 4)
FAIL tests/functional/spec/US/custom.test.js
  â— US > custom â€º 

    Error: Request failed

      at XMLHttpRequest.m.ZalgoPromise.c.onreadystatechange (../../http:/localhost.paypal.com:8080/messaging.js:12779:31)
      at runBannerTest (spec/createBannerTest.js:60:9)
      at Suite.Object.<anonymous>.describe (spec/US/custom.test.js:12:5)

  â— US > custom â€º 

    Error: Request failed

      at XMLHttpRequest.m.ZalgoPromise.c.onreadystatechange (../../http:/localhost.paypal.com:8080/messaging.js:12779:31)
      at runBannerTest (spec/createBannerTest.js:60:9)
      at Suite.Object.<anonymous>.describe (spec/US/custom.test.js:21:5)

Test Suites: 1 failed, 5 passed, 6 total
Tests:       2 failed, 399 passed, 401 total
Snapshots:   399 passed, 399 total
Time:        352.216s
Ran all test suites.
npm ERR! code ELIFECYCLE
npm ERR! errno 1
npm ERR! @paypal/messaging-components@1.5.1 test:func: `jest --projects tests/functional`
npm ERR! Exit status 1
npm ERR! 
npm ERR! Failed at the @paypal/messaging-components@1.5.1 test:func script.
npm ERR! This is probably not a problem with npm. There is likely additional logging output above.

npm ERR! A complete log of this run can be found in:
npm ERR!     /home/travis/.npm/_logs/2020-01-28T13_13_58_368Z-debug.log
travis_time:end:05b64e20:start=1580216884839547362,finish=1580217238383043788,duration=353543496426,event=script[0K[31;1mThe command "./scripts/snapshot-tests/run-tests.sh" exited with 1.[0m


Done. Your build exited with 1.
/home/travis/.travis/functions: line 533:  4448 Terminated              npm run dev:snapshot
