travis_fold:start:worker_info[0K[33;1mWorker information[0m
hostname: 920787bf-0645-4939-af0f-7aa8b2570186@1.worker-org-689d9fcfd5-r8s2r.gce-production-1
version: v6.2.8 https://github.com/travis-ci/worker/tree/6d3048d96b26562be21fa1a8b8144f4c4cecd083
instance: travis-job-5288fcf1-f29b-4387-b6e1-45b9b550d443 travis-ci-sardonyx-xenial-1553530528-f909ac5 (via amqp)
startup: 6.067729924s
travis_fold:end:worker_info[0Ktravis_time:start:02009bc0[0Ktravis_time:end:02009bc0:start=1580884043994869738,finish=1580884044134294710,duration=139424972,event=no_world_writable_dirs[0Ktravis_time:start:2a560ac0[0Ktravis_time:end:2a560ac0:start=1580884044137298612,finish=1580884044145057382,duration=7758770,event=agent[0Ktravis_time:start:2630fec2[0Ktravis_time:end:2630fec2:start=1580884044147857017,finish=1580884044150204505,duration=2347488,event=check_unsupported[0Ktravis_time:start:15672a04[0Ktravis_fold:start:system_info[0K[33;1mBuild system information[0m
Build language: node_js
Build group: stable
Build dist: xenial
Build id: 646276437
Job id: 646276438
Runtime kernel version: 4.15.0-1028-gcp
travis-build version: 08047b878
[34m[1mBuild image provisioning date and time[0m
Mon Mar 25 16:43:24 UTC 2019
[34m[1mOperating System Details[0m
Distributor ID:	Ubuntu
Description:	Ubuntu 16.04.6 LTS
Release:	16.04
Codename:	xenial
[34m[1mSystemd Version[0m
systemd 229
[34m[1mCookbooks Version[0m
42e42e4 https://github.com/travis-ci/travis-cookbooks/tree/42e42e4
[34m[1mgit version[0m
git version 2.21.0
[34m[1mbash version[0m
GNU bash, version 4.3.48(1)-release (x86_64-pc-linux-gnu)
[34m[1mgcc version[0m
gcc (Ubuntu 5.4.0-6ubuntu1~16.04.11) 5.4.0 20160609
[34m[1mdocker version[0m
Client:
 Version:           18.06.0-ce
 API version:       1.38
 Go version:        go1.10.3
 Git commit:        0ffa825
 Built:             Wed Jul 18 19:11:02 2018
 OS/Arch:           linux/amd64
 Experimental:      false

Server:
 Engine:
  Version:          18.06.0-ce
  API version:      1.38 (minimum version 1.12)
  Go version:       go1.10.3
  Git commit:       0ffa825
  Built:            Wed Jul 18 19:09:05 2018
  OS/Arch:          linux/amd64
  Experimental:     false
[34m[1mclang version[0m
clang version 7.0.0 (tags/RELEASE_700/final)
[34m[1mjq version[0m
jq-1.5
[34m[1mbats version[0m
Bats 0.4.0
[34m[1mshellcheck version[0m
0.6.0
[34m[1mshfmt version[0m
v2.6.3
[34m[1mccache version[0m
3.2.4
[34m[1mcmake version[0m
cmake version 3.12.4
[34m[1mheroku version[0m
heroku/7.22.7 linux-x64 node-v11.10.1
[34m[1mimagemagick version[0m
Version: ImageMagick 6.8.9-9 Q16 x86_64 2018-09-28 http://www.imagemagick.org
[34m[1mmd5deep version[0m
4.4
[34m[1mmercurial version[0m
version 4.8
[34m[1mmysql version[0m
mysql  Ver 14.14 Distrib 5.7.25, for Linux (x86_64) using  EditLine wrapper
[34m[1mopenssl version[0m
OpenSSL 1.0.2g  1 Mar 2016
[34m[1mpacker version[0m
1.3.3
[34m[1mpostgresql client version[0m
psql (PostgreSQL) 10.7 (Ubuntu 10.7-1.pgdg16.04+1)
[34m[1mragel version[0m
Ragel State Machine Compiler version 6.8 Feb 2013
[34m[1msudo version[0m
1.8.16
[34m[1mgzip version[0m
gzip 1.6
[34m[1mzip version[0m
Zip 3.0
[34m[1mvim version[0m
VIM - Vi IMproved 7.4 (2013 Aug 10, compiled Nov 24 2016 16:44:48)
[34m[1miptables version[0m
iptables v1.6.0
[34m[1mcurl version[0m
curl 7.47.0 (x86_64-pc-linux-gnu) libcurl/7.47.0 GnuTLS/3.4.10 zlib/1.2.8 libidn/1.32 librtmp/2.3
[34m[1mwget version[0m
GNU Wget 1.17.1 built on linux-gnu.
[34m[1mrsync version[0m
rsync  version 3.1.1  protocol version 31
[34m[1mgimme version[0m
v1.5.3
[34m[1mnvm version[0m
0.34.0
[34m[1mperlbrew version[0m
/home/travis/perl5/perlbrew/bin/perlbrew  - App::perlbrew/0.86
[34m[1mphpenv version[0m
rbenv 1.1.2
[34m[1mrvm version[0m
rvm 1.29.7 (latest) by Michal Papis, Piotr Kuczynski, Wayne E. Seguin [https://rvm.io]
[34m[1mdefault ruby version[0m
ruby 2.5.3p105 (2018-10-18 revision 65156) [x86_64-linux]
[34m[1mCouchDB version[0m
couchdb 1.6.1
[34m[1mElasticSearch version[0m
5.5.0
[34m[1mInstalled Firefox version[0m
firefox 63.0.1
[34m[1mMongoDB version[0m
MongoDB 4.0.7
[34m[1mPhantomJS version[0m
2.1.1
[34m[1mPre-installed PostgreSQL versions[0m
9.4.21
9.5.16
9.6.12
[34m[1mRedis version[0m
redis-server 5.0.4
[34m[1mPre-installed Go versions[0m
1.11.1
[34m[1mmvn version[0m
Apache Maven 3.6.0 (97c98ec64a1fdfee7767ce5ffb20918da4f719f3; 2018-10-24T18:41:47Z)
[34m[1mgradle version[0m
Gradle 4.10.2!
[34m[1mlein version[0m
Leiningen 2.9.1 on Java 11.0.2 OpenJDK 64-Bit Server VM
[34m[1mPre-installed Node.js versions[0m
v10.15.3
v11.0.0
v4.9.1
v6.17.0
v8.12.0
v8.15.1
v8.9
[34m[1mphpenv versions[0m
  system
  5.6
  5.6.40
  7.1
  7.1.27
  7.2
* 7.2.15 (set by /home/travis/.phpenv/version)
  hhvm
  hhvm-stable
[34m[1mcomposer --version[0m
Composer version 1.8.4 2019-02-11 10:52:10
[34m[1mPre-installed Ruby versions[0m
ruby-2.3.8
ruby-2.4.5
ruby-2.5.3
travis_fold:end:system_info[0K
travis_time:end:15672a04:start=1580884044152855155,finish=1580884044158643646,duration=5788491,event=show_system_info[0Ktravis_time:start:08f63d67[0Ktravis_time:end:08f63d67:start=1580884044161250254,finish=1580884044172846648,duration=11596394,event=rm_riak_source[0Ktravis_time:start:18f63258[0Ktravis_time:end:18f63258:start=1580884044175887773,finish=1580884044180964098,duration=5076325,event=fix_rwky_redis[0Ktravis_time:start:02e14dbc[0Ktravis_time:end:02e14dbc:start=1580884044186836089,finish=1580884044527744281,duration=340908192,event=wait_for_network[0Ktravis_time:start:15f18cc1[0Ktravis_time:end:15f18cc1:start=1580884044531335981,finish=1580884044734275022,duration=202939041,event=update_apt_keys[0Ktravis_time:start:1cc488b9[0Ktravis_time:end:1cc488b9:start=1580884044737174952,finish=1580884044791095785,duration=53920833,event=fix_hhvm_source[0Ktravis_time:start:024c948f[0Ktravis_time:end:024c948f:start=1580884044794354597,finish=1580884044796991087,duration=2636490,event=update_mongo_arch[0Ktravis_time:start:129af780[0Ktravis_time:end:129af780:start=1580884044799806370,finish=1580884044841603632,duration=41797262,event=fix_sudo_enabled_trusty[0Ktravis_time:start:2b05d1dd[0Ktravis_time:end:2b05d1dd:start=1580884044844843474,finish=1580884044847045925,duration=2202451,event=update_glibc[0Ktravis_time:start:37d8e708[0Ktravis_time:end:37d8e708:start=1580884044849923574,finish=1580884044857925959,duration=8002385,event=clean_up_path[0Ktravis_time:start:30c45435[0Ktravis_time:end:30c45435:start=1580884044860620111,finish=1580884044868427260,duration=7807149,event=fix_resolv_conf[0Ktravis_time:start:10da4848[0Ktravis_time:end:10da4848:start=1580884044871572900,finish=1580884044880129369,duration=8556469,event=fix_etc_hosts[0Ktravis_time:start:0c6dafac[0Ktravis_time:end:0c6dafac:start=1580884044882885380,finish=1580884044891801971,duration=8916591,event=fix_mvn_settings_xml[0Ktravis_time:start:01f9938e[0Ktravis_time:end:01f9938e:start=1580884044894676735,finish=1580884044903845402,duration=9168667,event=no_ipv6_localhost[0Ktravis_time:start:034489fb[0Ktravis_time:end:034489fb:start=1580884044906549772,finish=1580884044908670943,duration=2121171,event=fix_etc_mavenrc[0Ktravis_time:start:1045ddc8[0Ktravis_time:end:1045ddc8:start=1580884044911430678,finish=1580884044914542104,duration=3111426,event=fix_wwdr_certificate[0Ktravis_time:start:0df90476[0Ktravis_time:end:0df90476:start=1580884044917177768,finish=1580884044940664833,duration=23487065,event=put_localhost_first[0Ktravis_time:start:0c1281c4[0Ktravis_time:end:0c1281c4:start=1580884044943693691,finish=1580884044946682505,duration=2988814,event=home_paths[0Ktravis_time:start:011bfc26[0Ktravis_time:end:011bfc26:start=1580884044949737962,finish=1580884044962811225,duration=13073263,event=disable_initramfs[0Ktravis_time:start:06715222[0Ktravis_time:end:06715222:start=1580884044965767501,finish=1580884045284816542,duration=319049041,event=disable_ssh_roaming[0Ktravis_time:start:0f8facc3[0Ktravis_time:end:0f8facc3:start=1580884045287915434,finish=1580884045290135483,duration=2220049,event=debug_tools[0Ktravis_time:start:0e7094c0[0Ktravis_time:end:0e7094c0:start=1580884045293061683,finish=1580884045296053684,duration=2992001,event=uninstall_oclint[0Ktravis_time:start:12c7b5c1[0Ktravis_time:end:12c7b5c1:start=1580884045298964028,finish=1580884045301941969,duration=2977941,event=rvm_use[0Ktravis_time:start:0487f87b[0Ktravis_time:end:0487f87b:start=1580884045304652003,finish=1580884045311981068,duration=7329065,event=rm_etc_boto_cfg[0Ktravis_time:start:1dae44ef[0Ktravis_time:end:1dae44ef:start=1580884045314728572,finish=1580884045317330907,duration=2602335,event=rm_oraclejdk8_symlink[0Ktravis_time:start:1f8786a2[0Ktravis_time:end:1f8786a2:start=1580884045320037380,finish=1580884045420276688,duration=100239308,event=enable_i386[0Ktravis_time:start:04042de0[0Ktravis_time:end:04042de0:start=1580884045423442658,finish=1580884045429770312,duration=6327654,event=update_rubygems[0Ktravis_time:start:0ce69bf6[0Ktravis_time:end:0ce69bf6:start=1580884045432613568,finish=1580884046206130983,duration=773517415,event=ensure_path_components[0Ktravis_time:start:35b89cce[0Ktravis_time:end:35b89cce:start=1580884046209203108,finish=1580884046211300796,duration=2097688,event=redefine_curl[0Ktravis_time:start:2a305d89[0Ktravis_time:end:2a305d89:start=1580884046214021229,finish=1580884046216002823,duration=1981594,event=nonblock_pipe[0Ktravis_time:start:0c9b1749[0Ktravis_time:end:0c9b1749:start=1580884046218717840,finish=1580884052250266407,duration=6031548567,event=apt_get_update[0Ktravis_time:start:1031b818[0Ktravis_time:end:1031b818:start=1580884052253396039,finish=1580884052255713427,duration=2317388,event=deprecate_xcode_64[0Ktravis_time:start:07e9f8ac[0Ktravis_time:end:07e9f8ac:start=1580884052258486761,finish=1580884054615273840,duration=2356787079,event=update_heroku[0Ktravis_time:start:00ccfa88[0Ktravis_time:end:00ccfa88:start=1580884054618186555,finish=1580884054620191557,duration=2005002,event=shell_session_update[0Ktravis_time:start:0e85c261[0Ktravis_fold:start:docker_mtu[0Ktravis_fold:end:docker_mtu[0Ktravis_time:end:0e85c261:start=1580884054622874532,finish=1580884056860427235,duration=2237552703,event=set_docker_mtu[0Ktravis_time:start:0d619e76[0Ktravis_fold:start:resolvconf[0Ktravis_fold:end:resolvconf[0Ktravis_time:end:0d619e76:start=1580884056865630881,finish=1580884056927604903,duration=61974022,event=resolvconf[0Ktravis_time:start:071df376[0Ktravis_time:end:071df376:start=1580884056931568231,finish=1580884057084309629,duration=152741398,event=maven_central_mirror[0Ktravis_time:start:079105cc[0Ktravis_time:end:079105cc:start=1580884057087738980,finish=1580884057180114128,duration=92375148,event=maven_https[0Ktravis_time:start:3643d244[0Ktravis_time:end:3643d244:start=1580884057183747757,finish=1580884057185904898,duration=2157141,event=fix_ps4[0Ktravis_fold:start:install_chrome[0K$ export CHROME_SOURCE_URL=https://dl.google.com/dl/linux/direct/google-chrome-stable_current_amd64.deb
[33;1mInstalling Google Chrome stable[0m
travis_time:start:0062dcd8[0K$ wget --no-verbose -O /tmp/$(basename $CHROME_SOURCE_URL) $CHROME_SOURCE_URL
2020-02-05 06:27:38 URL:https://dl.google.com/dl/linux/direct/google-chrome-stable_current_amd64.deb [63632782/63632782] -> "/tmp/google-chrome-stable_current_amd64.deb" [1]
travis_time:end:0062dcd8:start=1580884057232792312,finish=1580884058145357521,duration=912565209,event=prepare[0K(Reading database ... (Reading database ... 5%(Reading database ... 10%(Reading database ... 15%(Reading database ... 20%(Reading database ... 25%(Reading database ... 30%(Reading database ... 35%(Reading database ... 40%(Reading database ... 45%(Reading database ... 50%(Reading database ... 55%(Reading database ... 60%(Reading database ... 65%(Reading database ... 70%(Reading database ... 75%(Reading database ... 80%(Reading database ... 85%(Reading database ... 90%(Reading database ... 95%(Reading database ... 100%(Reading database ... 124189 files and directories currently installed.)
Preparing to unpack .../google-chrome-stable_current_amd64.deb ...
Unpacking google-chrome-stable (80.0.3987.87-1) over (73.0.3683.86-1) ...
Setting up google-chrome-stable (80.0.3987.87-1) ...
Processing triggers for mime-support (3.59ubuntu1) ...
Processing triggers for man-db (2.7.5-1) ...
travis_fold:end:install_chrome[0Ktravis_time:start:1297d828[0K
travis_fold:start:git.checkout[0Ktravis_time:start:0faf5e8e[0K$ git clone --depth=50 https://github.com/paypal/paypal-smart-payment-buttons.git paypal/paypal-smart-payment-buttons
Cloning into 'paypal/paypal-smart-payment-buttons'...
remote: Enumerating objects: 467, done.[K
remote: Counting objects:   0% (1/467)[Kremote: Counting objects:   1% (5/467)[Kremote: Counting objects:   2% (10/467)[Kremote: Counting objects:   3% (15/467)[Kremote: Counting objects:   4% (19/467)[Kremote: Counting objects:   5% (24/467)[Kremote: Counting objects:   6% (29/467)[Kremote: Counting objects:   7% (33/467)[Kremote: Counting objects:   8% (38/467)[Kremote: Counting objects:   9% (43/467)[Kremote: Counting objects:  10% (47/467)[Kremote: Counting objects:  11% (52/467)[Kremote: Counting objects:  12% (57/467)[Kremote: Counting objects:  13% (61/467)[Kremote: Counting objects:  14% (66/467)[Kremote: Counting objects:  15% (71/467)[Kremote: Counting objects:  16% (75/467)[Kremote: Counting objects:  17% (80/467)[Kremote: Counting objects:  18% (85/467)[Kremote: Counting objects:  19% (89/467)[Kremote: Counting objects:  20% (94/467)[Kremote: Counting objects:  21% (99/467)[Kremote: Counting objects:  22% (103/467)[Kremote: Counting objects:  23% (108/467)[Kremote: Counting objects:  24% (113/467)[Kremote: Counting objects:  25% (117/467)[Kremote: Counting objects:  26% (122/467)[Kremote: Counting objects:  27% (127/467)[Kremote: Counting objects:  28% (131/467)[Kremote: Counting objects:  29% (136/467)[Kremote: Counting objects:  30% (141/467)[Kremote: Counting objects:  31% (145/467)[Kremote: Counting objects:  32% (150/467)[Kremote: Counting objects:  33% (155/467)[Kremote: Counting objects:  34% (159/467)[Kremote: Counting objects:  35% (164/467)[Kremote: Counting objects:  36% (169/467)[Kremote: Counting objects:  37% (173/467)[Kremote: Counting objects:  38% (178/467)[Kremote: Counting objects:  39% (183/467)[Kremote: Counting objects:  40% (187/467)[Kremote: Counting objects:  41% (192/467)[Kremote: Counting objects:  42% (197/467)[Kremote: Counting objects:  43% (201/467)[Kremote: Counting objects:  44% (206/467)[Kremote: Counting objects:  45% (211/467)[Kremote: Counting objects:  46% (215/467)[Kremote: Counting objects:  47% (220/467)[Kremote: Counting objects:  48% (225/467)[Kremote: Counting objects:  49% (229/467)[Kremote: Counting objects:  50% (234/467)[Kremote: Counting objects:  51% (239/467)[Kremote: Counting objects:  52% (243/467)[Kremote: Counting objects:  53% (248/467)[Kremote: Counting objects:  54% (253/467)[Kremote: Counting objects:  55% (257/467)[Kremote: Counting objects:  56% (262/467)[Kremote: Counting objects:  57% (267/467)[Kremote: Counting objects:  58% (271/467)[Kremote: Counting objects:  59% (276/467)[Kremote: Counting objects:  60% (281/467)[Kremote: Counting objects:  61% (285/467)[Kremote: Counting objects:  62% (290/467)[Kremote: Counting objects:  63% (295/467)[Kremote: Counting objects:  64% (299/467)[Kremote: Counting objects:  65% (304/467)[Kremote: Counting objects:  66% (309/467)[Kremote: Counting objects:  67% (313/467)[Kremote: Counting objects:  68% (318/467)[Kremote: Counting objects:  69% (323/467)[Kremote: Counting objects:  70% (327/467)[Kremote: Counting objects:  71% (332/467)[Kremote: Counting objects:  72% (337/467)[Kremote: Counting objects:  73% (341/467)[Kremote: Counting objects:  74% (346/467)[Kremote: Counting objects:  75% (351/467)[Kremote: Counting objects:  76% (355/467)[Kremote: Counting objects:  77% (360/467)[Kremote: Counting objects:  78% (365/467)[Kremote: Counting objects:  79% (369/467)[Kremote: Counting objects:  80% (374/467)[Kremote: Counting objects:  81% (379/467)[Kremote: Counting objects:  82% (383/467)[Kremote: Counting objects:  83% (388/467)[Kremote: Counting objects:  84% (393/467)[Kremote: Counting objects:  85% (397/467)[Kremote: Counting objects:  86% (402/467)[Kremote: Counting objects:  87% (407/467)[Kremote: Counting objects:  88% (411/467)[Kremote: Counting objects:  89% (416/467)[Kremote: Counting objects:  90% (421/467)[Kremote: Counting objects:  91% (425/467)[Kremote: Counting objects:  92% (430/467)[Kremote: Counting objects:  93% (435/467)[Kremote: Counting objects:  94% (439/467)[Kremote: Counting objects:  95% (444/467)[Kremote: Counting objects:  96% (449/467)[Kremote: Counting objects:  97% (453/467)[Kremote: Counting objects:  98% (458/467)[Kremote: Counting objects:  99% (463/467)[Kremote: Counting objects: 100% (467/467)[Kremote: Counting objects: 100% (467/467), done.[K
remote: Compressing objects:   0% (1/367)[Kremote: Compressing objects:   1% (4/367)[Kremote: Compressing objects:   2% (8/367)[Kremote: Compressing objects:   3% (12/367)[Kremote: Compressing objects:   4% (15/367)[Kremote: Compressing objects:   5% (19/367)[Kremote: Compressing objects:   6% (23/367)[Kremote: Compressing objects:   7% (26/367)[Kremote: Compressing objects:   8% (30/367)[Kremote: Compressing objects:   9% (34/367)[Kremote: Compressing objects:  10% (37/367)[Kremote: Compressing objects:  11% (41/367)[Kremote: Compressing objects:  12% (45/367)[Kremote: Compressing objects:  13% (48/367)[Kremote: Compressing objects:  14% (52/367)[Kremote: Compressing objects:  15% (56/367)[Kremote: Compressing objects:  16% (59/367)[Kremote: Compressing objects:  17% (63/367)[Kremote: Compressing objects:  18% (67/367)[Kremote: Compressing objects:  19% (70/367)[Kremote: Compressing objects:  20% (74/367)[Kremote: Compressing objects:  21% (78/367)[Kremote: Compressing objects:  22% (81/367)[Kremote: Compressing objects:  23% (85/367)[Kremote: Compressing objects:  24% (89/367)[Kremote: Compressing objects:  25% (92/367)[Kremote: Compressing objects:  26% (96/367)[Kremote: Compressing objects:  27% (100/367)[Kremote: Compressing objects:  28% (103/367)[Kremote: Compressing objects:  29% (107/367)[Kremote: Compressing objects:  30% (111/367)[Kremote: Compressing objects:  31% (114/367)[Kremote: Compressing objects:  32% (118/367)[Kremote: Compressing objects:  33% (122/367)[Kremote: Compressing objects:  34% (125/367)[Kremote: Compressing objects:  35% (129/367)[Kremote: Compressing objects:  36% (133/367)[Kremote: Compressing objects:  37% (136/367)[Kremote: Compressing objects:  38% (140/367)[Kremote: Compressing objects:  39% (144/367)[Kremote: Compressing objects:  40% (147/367)[Kremote: Compressing objects:  41% (151/367)[Kremote: Compressing objects:  42% (155/367)[Kremote: Compressing objects:  43% (158/367)[Kremote: Compressing objects:  44% (162/367)[Kremote: Compressing objects:  45% (166/367)[Kremote: Compressing objects:  46% (169/367)[Kremote: Compressing objects:  47% (173/367)[Kremote: Compressing objects:  48% (177/367)[Kremote: Compressing objects:  49% (180/367)[Kremote: Compressing objects:  50% (184/367)[Kremote: Compressing objects:  51% (188/367)[Kremote: Compressing objects:  52% (191/367)[Kremote: Compressing objects:  53% (195/367)[Kremote: Compressing objects:  54% (199/367)[Kremote: Compressing objects:  55% (202/367)[Kremote: Compressing objects:  56% (206/367)[Kremote: Compressing objects:  57% (210/367)[Kremote: Compressing objects:  58% (213/367)[Kremote: Compressing objects:  59% (217/367)[Kremote: Compressing objects:  60% (221/367)[Kremote: Compressing objects:  61% (224/367)[Kremote: Compressing objects:  62% (228/367)[Kremote: Compressing objects:  63% (232/367)[Kremote: Compressing objects:  64% (235/367)[Kremote: Compressing objects:  65% (239/367)[Kremote: Compressing objects:  66% (243/367)[Kremote: Compressing objects:  67% (246/367)[Kremote: Compressing objects:  68% (250/367)[Kremote: Compressing objects:  69% (254/367)[Kremote: Compressing objects:  70% (257/367)[Kremote: Compressing objects:  71% (261/367)[Kremote: Compressing objects:  72% (265/367)[Kremote: Compressing objects:  73% (268/367)[Kremote: Compressing objects:  74% (272/367)[Kremote: Compressing objects:  75% (276/367)[Kremote: Compressing objects:  76% (279/367)[Kremote: Compressing objects:  77% (283/367)[Kremote: Compressing objects:  78% (287/367)[Kremote: Compressing objects:  79% (290/367)[Kremote: Compressing objects:  80% (294/367)[Kremote: Compressing objects:  81% (298/367)[Kremote: Compressing objects:  82% (301/367)[Kremote: Compressing objects:  83% (305/367)[Kremote: Compressing objects:  84% (309/367)[Kremote: Compressing objects:  85% (312/367)[Kremote: Compressing objects:  86% (316/367)[Kremote: Compressing objects:  87% (320/367)[Kremote: Compressing objects:  88% (323/367)[Kremote: Compressing objects:  89% (327/367)[Kremote: Compressing objects:  90% (331/367)[Kremote: Compressing objects:  91% (334/367)[Kremote: Compressing objects:  92% (338/367)[Kremote: Compressing objects:  93% (342/367)[Kremote: Compressing objects:  94% (345/367)[Kremote: Compressing objects:  95% (349/367)[Kremote: Compressing objects:  96% (353/367)[Kremote: Compressing objects:  97% (356/367)[Kremote: Compressing objects:  98% (360/367)[Kremote: Compressing objects:  99% (364/367)[Kremote: Compressing objects: 100% (367/367)[Kremote: Compressing objects: 100% (367/367), done.[K
Receiving objects:   0% (1/467)   Receiving objects:   1% (5/467)   Receiving objects:   2% (10/467)   Receiving objects:   3% (15/467)   Receiving objects:   4% (19/467)   Receiving objects:   5% (24/467)   Receiving objects:   6% (29/467)   Receiving objects:   7% (33/467)   Receiving objects:   8% (38/467)   Receiving objects:   9% (43/467)   Receiving objects:  10% (47/467)   Receiving objects:  11% (52/467)   Receiving objects:  12% (57/467)   Receiving objects:  13% (61/467)   Receiving objects:  14% (66/467)   Receiving objects:  15% (71/467)   Receiving objects:  16% (75/467)   Receiving objects:  17% (80/467)   Receiving objects:  18% (85/467)   Receiving objects:  19% (89/467)   Receiving objects:  20% (94/467)   Receiving objects:  21% (99/467)   Receiving objects:  22% (103/467)   Receiving objects:  23% (108/467)   Receiving objects:  24% (113/467)   Receiving objects:  25% (117/467)   Receiving objects:  26% (122/467)   Receiving objects:  27% (127/467)   Receiving objects:  28% (131/467)   Receiving objects:  29% (136/467)   Receiving objects:  30% (141/467)   Receiving objects:  31% (145/467)   Receiving objects:  32% (150/467)   Receiving objects:  33% (155/467)   Receiving objects:  34% (159/467)   Receiving objects:  35% (164/467)   Receiving objects:  36% (169/467)   Receiving objects:  37% (173/467)   Receiving objects:  38% (178/467)   Receiving objects:  39% (183/467)   Receiving objects:  40% (187/467)   Receiving objects:  41% (192/467)   Receiving objects:  42% (197/467)   Receiving objects:  43% (201/467)   Receiving objects:  44% (206/467)   Receiving objects:  45% (211/467)   Receiving objects:  46% (215/467)   Receiving objects:  47% (220/467)   Receiving objects:  48% (225/467)   Receiving objects:  49% (229/467)   Receiving objects:  50% (234/467)   Receiving objects:  51% (239/467)   Receiving objects:  52% (243/467)   Receiving objects:  53% (248/467)   Receiving objects:  54% (253/467)   Receiving objects:  55% (257/467)   Receiving objects:  56% (262/467)   Receiving objects:  57% (267/467)   Receiving objects:  58% (271/467)   Receiving objects:  59% (276/467)   Receiving objects:  60% (281/467)   Receiving objects:  61% (285/467)   Receiving objects:  62% (290/467)   Receiving objects:  63% (295/467)   Receiving objects:  64% (299/467)   Receiving objects:  65% (304/467)   Receiving objects:  66% (309/467)   Receiving objects:  67% (313/467)   Receiving objects:  68% (318/467)   Receiving objects:  69% (323/467)   Receiving objects:  70% (327/467)   Receiving objects:  71% (332/467)   Receiving objects:  72% (337/467)   Receiving objects:  73% (341/467)   Receiving objects:  74% (346/467)   Receiving objects:  75% (351/467)   Receiving objects:  76% (355/467)   Receiving objects:  77% (360/467)   Receiving objects:  78% (365/467)   Receiving objects:  79% (369/467)   Receiving objects:  80% (374/467)   Receiving objects:  81% (379/467)   Receiving objects:  82% (383/467)   remote: Total 467 (delta 266), reused 232 (delta 95), pack-reused 0[K
Receiving objects:  83% (388/467)   Receiving objects:  84% (393/467)   Receiving objects:  85% (397/467)   Receiving objects:  86% (402/467)   Receiving objects:  87% (407/467)   Receiving objects:  88% (411/467)   Receiving objects:  89% (416/467)   Receiving objects:  90% (421/467)   Receiving objects:  91% (425/467)   Receiving objects:  92% (430/467)   Receiving objects:  93% (435/467)   Receiving objects:  94% (439/467)   Receiving objects:  95% (444/467)   Receiving objects:  96% (449/467)   Receiving objects:  97% (453/467)   Receiving objects:  98% (458/467)   Receiving objects:  99% (463/467)   Receiving objects: 100% (467/467)   Receiving objects: 100% (467/467), 712.77 KiB | 6.48 MiB/s, done.
Resolving deltas:   0% (0/266)   Resolving deltas:   9% (26/266)   Resolving deltas:  15% (40/266)   Resolving deltas:  19% (53/266)   Resolving deltas:  35% (95/266)   Resolving deltas:  37% (99/266)   Resolving deltas:  40% (107/266)   Resolving deltas:  41% (110/266)   Resolving deltas:  42% (114/266)   Resolving deltas:  43% (115/266)   Resolving deltas:  46% (125/266)   Resolving deltas:  47% (126/266)   Resolving deltas:  49% (131/266)   Resolving deltas:  61% (164/266)   Resolving deltas:  67% (180/266)   Resolving deltas:  72% (194/266)   Resolving deltas:  73% (195/266)   Resolving deltas:  74% (197/266)   Resolving deltas:  75% (200/266)   Resolving deltas:  76% (203/266)   Resolving deltas:  77% (205/266)   Resolving deltas:  78% (208/266)   Resolving deltas:  79% (211/266)   Resolving deltas:  80% (213/266)   Resolving deltas:  85% (227/266)   Resolving deltas:  86% (230/266)   Resolving deltas:  87% (232/266)   Resolving deltas:  91% (244/266)   Resolving deltas:  93% (249/266)   Resolving deltas: 100% (266/266)   Resolving deltas: 100% (266/266), done.
travis_time:end:0faf5e8e:start=1580884065796009057,finish=1580884067019224569,duration=1223215512,event=checkout[0K$ cd paypal/paypal-smart-payment-buttons
travis_time:start:030742b3[0K$ git fetch origin +refs/pull/25/merge:
remote: Enumerating objects: 169, done.[K
remote: Counting objects:   1% (1/89)[Kremote: Counting objects:   2% (2/89)[Kremote: Counting objects:   3% (3/89)[Kremote: Counting objects:   4% (4/89)[Kremote: Counting objects:   5% (5/89)[Kremote: Counting objects:   6% (6/89)[Kremote: Counting objects:   7% (7/89)[Kremote: Counting objects:   8% (8/89)[Kremote: Counting objects:  10% (9/89)[Kremote: Counting objects:  11% (10/89)[Kremote: Counting objects:  12% (11/89)[Kremote: Counting objects:  13% (12/89)[Kremote: Counting objects:  14% (13/89)[Kremote: Counting objects:  15% (14/89)[Kremote: Counting objects:  16% (15/89)[Kremote: Counting objects:  17% (16/89)[Kremote: Counting objects:  19% (17/89)[Kremote: Counting objects:  20% (18/89)[Kremote: Counting objects:  21% (19/89)[Kremote: Counting objects:  22% (20/89)[Kremote: Counting objects:  23% (21/89)[Kremote: Counting objects:  24% (22/89)[Kremote: Counting objects:  25% (23/89)[Kremote: Counting objects:  26% (24/89)[Kremote: Counting objects:  28% (25/89)[Kremote: Counting objects:  29% (26/89)[Kremote: Counting objects:  30% (27/89)[Kremote: Counting objects:  31% (28/89)[Kremote: Counting objects:  32% (29/89)[Kremote: Counting objects:  33% (30/89)[Kremote: Counting objects:  34% (31/89)[Kremote: Counting objects:  35% (32/89)[Kremote: Counting objects:  37% (33/89)[Kremote: Counting objects:  38% (34/89)[Kremote: Counting objects:  39% (35/89)[Kremote: Counting objects:  40% (36/89)[Kremote: Counting objects:  41% (37/89)[Kremote: Counting objects:  42% (38/89)[Kremote: Counting objects:  43% (39/89)[Kremote: Counting objects:  44% (40/89)[Kremote: Counting objects:  46% (41/89)[Kremote: Counting objects:  47% (42/89)[Kremote: Counting objects:  48% (43/89)[Kremote: Counting objects:  49% (44/89)[Kremote: Counting objects:  50% (45/89)[Kremote: Counting objects:  51% (46/89)[Kremote: Counting objects:  52% (47/89)[Kremote: Counting objects:  53% (48/89)[Kremote: Counting objects:  55% (49/89)[Kremote: Counting objects:  56% (50/89)[Kremote: Counting objects:  57% (51/89)[Kremote: Counting objects:  58% (52/89)[Kremote: Counting objects:  59% (53/89)[Kremote: Counting objects:  60% (54/89)[Kremote: Counting objects:  61% (55/89)[Kremote: Counting objects:  62% (56/89)[Kremote: Counting objects:  64% (57/89)[Kremote: Counting objects:  65% (58/89)[Kremote: Counting objects:  66% (59/89)[Kremote: Counting objects:  67% (60/89)[Kremote: Counting objects:  68% (61/89)[Kremote: Counting objects:  69% (62/89)[Kremote: Counting objects:  70% (63/89)[Kremote: Counting objects:  71% (64/89)[Kremote: Counting objects:  73% (65/89)[Kremote: Counting objects:  74% (66/89)[Kremote: Counting objects:  75% (67/89)[Kremote: Counting objects:  76% (68/89)[Kremote: Counting objects:  77% (69/89)[Kremote: Counting objects:  78% (70/89)[Kremote: Counting objects:  79% (71/89)[Kremote: Counting objects:  80% (72/89)[Kremote: Counting objects:  82% (73/89)[Kremote: Counting objects:  83% (74/89)[Kremote: Counting objects:  84% (75/89)[Kremote: Counting objects:  85% (76/89)[Kremote: Counting objects:  86% (77/89)[Kremote: Counting objects:  87% (78/89)[Kremote: Counting objects:  88% (79/89)[Kremote: Counting objects:  89% (80/89)[Kremote: Counting objects:  91% (81/89)[Kremote: Counting objects:  92% (82/89)[Kremote: Counting objects:  93% (83/89)[Kremote: Counting objects:  94% (84/89)[Kremote: Counting objects:  95% (85/89)[Kremote: Counting objects:  96% (86/89)[Kremote: Counting objects:  97% (87/89)[Kremote: Counting objects:  98% (88/89)[Kremote: Counting objects: 100% (89/89)[Kremote: Counting objects: 100% (89/89), done.[K
remote: Compressing objects:   3% (1/32)[Kremote: Compressing objects:   6% (2/32)[Kremote: Compressing objects:   9% (3/32)[Kremote: Compressing objects:  12% (4/32)[Kremote: Compressing objects:  15% (5/32)[Kremote: Compressing objects:  18% (6/32)[Kremote: Compressing objects:  21% (7/32)[Kremote: Compressing objects:  25% (8/32)[Kremote: Compressing objects:  28% (9/32)[Kremote: Compressing objects:  31% (10/32)[Kremote: Compressing objects:  34% (11/32)[Kremote: Compressing objects:  37% (12/32)[Kremote: Compressing objects:  40% (13/32)[Kremote: Compressing objects:  43% (14/32)[Kremote: Compressing objects:  46% (15/32)[Kremote: Compressing objects:  50% (16/32)[Kremote: Compressing objects:  53% (17/32)[Kremote: Compressing objects:  56% (18/32)[Kremote: Compressing objects:  59% (19/32)[Kremote: Compressing objects:  62% (20/32)[Kremote: Compressing objects:  65% (21/32)[Kremote: Compressing objects:  68% (22/32)[Kremote: Compressing objects:  71% (23/32)[Kremote: Compressing objects:  75% (24/32)[Kremote: Compressing objects:  78% (25/32)[Kremote: Compressing objects:  81% (26/32)[Kremote: Compressing objects:  84% (27/32)[Kremote: Compressing objects:  87% (28/32)[Kremote: Compressing objects:  90% (29/32)[Kremote: Compressing objects:  93% (30/32)[Kremote: Compressing objects:  96% (31/32)[Kremote: Compressing objects: 100% (32/32)[Kremote: Compressing objects: 100% (32/32), done.[K
remote: Total 49 (delta 18), reused 45 (delta 15), pack-reused 0[K
Unpacking objects:   2% (1/49)   Unpacking objects:   4% (2/49)   Unpacking objects:   6% (3/49)   Unpacking objects:   8% (4/49)   Unpacking objects:  10% (5/49)   Unpacking objects:  12% (6/49)   Unpacking objects:  14% (7/49)   Unpacking objects:  16% (8/49)   Unpacking objects:  18% (9/49)   Unpacking objects:  20% (10/49)   Unpacking objects:  22% (11/49)   Unpacking objects:  24% (12/49)   Unpacking objects:  26% (13/49)   Unpacking objects:  28% (14/49)   Unpacking objects:  30% (15/49)   Unpacking objects:  32% (16/49)   Unpacking objects:  34% (17/49)   Unpacking objects:  36% (18/49)   Unpacking objects:  38% (19/49)   Unpacking objects:  40% (20/49)   Unpacking objects:  42% (21/49)   Unpacking objects:  44% (22/49)   Unpacking objects:  46% (23/49)   Unpacking objects:  48% (24/49)   Unpacking objects:  51% (25/49)   Unpacking objects:  53% (26/49)   Unpacking objects:  55% (27/49)   Unpacking objects:  57% (28/49)   Unpacking objects:  59% (29/49)   Unpacking objects:  61% (30/49)   Unpacking objects:  63% (31/49)   Unpacking objects:  65% (32/49)   Unpacking objects:  67% (33/49)   Unpacking objects:  69% (34/49)   Unpacking objects:  71% (35/49)   Unpacking objects:  73% (36/49)   Unpacking objects:  75% (37/49)   Unpacking objects:  77% (38/49)   Unpacking objects:  79% (39/49)   Unpacking objects:  81% (40/49)   Unpacking objects:  83% (41/49)   Unpacking objects:  85% (42/49)   Unpacking objects:  87% (43/49)   Unpacking objects:  89% (44/49)   Unpacking objects:  91% (45/49)   Unpacking objects:  93% (46/49)   Unpacking objects:  95% (47/49)   Unpacking objects:  97% (48/49)   Unpacking objects: 100% (49/49)   Unpacking objects: 100% (49/49), done.
From https://github.com/paypal/paypal-smart-payment-buttons
 * branch            refs/pull/25/merge -> FETCH_HEAD
travis_time:end:030742b3:start=1580884067023081639,finish=1580884067650961330,duration=627879691,event=checkout[0K$ git checkout -qf FETCH_HEAD
travis_fold:end:git.checkout[0K
travis_time:end:030742b3:start=1580884067023081639,finish=1580884067670458056,duration=647376417,event=checkout[0Ktravis_time:start:090a4da2[0Ktravis_time:end:090a4da2:start=1580884067673381155,finish=1580884067678922695,duration=5541540,event=env[0Ktravis_fold:start:nvm.install[0Ktravis_time:start:05477508[0K$ nvm install 10
Downloading and installing node v10.18.1...
Downloading https://nodejs.org/dist/v10.18.1/node-v10.18.1-linux-x64.tar.xz...
Computing checksum with sha256sum
Checksums matched!
Now using node v10.18.1 (npm v6.13.4)
travis_time:end:05477508:start=1580884068554898107,finish=1580884071396471017,duration=2841572910,event=setup[0Ktravis_fold:end:nvm.install[0K
$ node --version
v10.18.1
$ npm --version
6.13.4
$ nvm --version
0.35.2

travis_fold:start:install.npm[0Ktravis_time:start:066e8b18[0K$ npm install 
[37;40mnpm[0m [0m[30;43mWARN[0m [0m[35mdeprecated[0m core-js@2.6.11: core-js@<3 is no longer maintained and not recommended for usage due to the number of issues. Please, upgrade your dependencies to the actual version of core-js@3.
[0m[37;40mnpm[0m [0m[30;43mWARN[0m [0m[35mdeprecated[0m istanbul@0.4.5: This module is no longer maintained, try this instead:
[0m[37;40mnpm[0m [0m[30;43mWARN[0m [0m[35mdeprecated[0m   npm i nyc
[0m[37;40mnpm[0m [0m[30;43mWARN[0m [0m[35mdeprecated[0m Visit https://istanbul.js.org/integrations for other alternatives.
[0m[37;40mnpm[0m [0m[30;43mWARN[0m [0m[35mdeprecated[0m hawk@3.1.3: This module moved to @hapi/hawk. Please make sure to switch over as this distribution is no longer supported and may contain bugs and critical security issues.
[0m[37;40mnpm[0m [0m[30;43mWARN[0m [0m[35mdeprecated[0m hoek@2.16.3: This version has been deprecated in accordance with the hapi support policy (hapi.im/support). Please upgrade to the latest version to get the best features, bug fixes, and security patches. If you are unable to upgrade at this time, paid support is available for older versions (hapi.im/commercial).
[0m[37;40mnpm[0m [0m[30;43mWARN[0m [0m[35mdeprecated[0m boom@2.10.1: This version has been deprecated in accordance with the hapi support policy (hapi.im/support). Please upgrade to the latest version to get the best features, bug fixes, and security patches. If you are unable to upgrade at this time, paid support is available for older versions (hapi.im/commercial).
[0m[37;40mnpm[0m [0m[30;43mWARN[0m [0m[35mdeprecated[0m cryptiles@2.0.5: This version has been deprecated in accordance with the hapi support policy (hapi.im/support). Please upgrade to the latest version to get the best features, bug fixes, and security patches. If you are unable to upgrade at this time, paid support is available for older versions (hapi.im/commercial).
[0m[37;40mnpm[0m [0m[30;43mWARN[0m [0m[35mdeprecated[0m sntp@1.0.9: This module moved to @hapi/sntp. Please make sure to switch over as this distribution is no longer supported and may contain bugs and critical security issues.
[0m[37;40mnpm[0m [0m[30;43mWARN[0m [0m[35mdeprecated[0m left-pad@1.3.0: use String.prototype.padStart()
[0m[37;40mnpm[0m [0m[30;43mWARN[0m [0m[35mdeprecated[0m socks@1.1.10: If using 2.x branch, please upgrade to at least 2.1.6 to avoid a serious bug with socket data flow and an import issue introduced in 2.1.0
[0m
> core-js@2.6.11 postinstall /home/travis/build/paypal/paypal-smart-payment-buttons/node_modules/@babel/polyfill/node_modules/core-js
> node -e "try{require('./postinstall')}catch(e){}"


> core-js@2.6.11 postinstall /home/travis/build/paypal/paypal-smart-payment-buttons/node_modules/babel-runtime/node_modules/core-js
> node -e "try{require('./postinstall')}catch(e){}"


> core-js@3.6.4 postinstall /home/travis/build/paypal/paypal-smart-payment-buttons/node_modules/core-js
> node -e "try{require('./postinstall')}catch(e){}"


> ejs@2.7.4 postinstall /home/travis/build/paypal/paypal-smart-payment-buttons/node_modules/ejs
> node ./postinstall.js


> preact@10.0.0-rc.1 postinstall /home/travis/build/paypal/paypal-smart-payment-buttons/node_modules/preact
> node -e "console.log('\u001b[35m\u001b[1mLove Preact? You can now donate to our open collective:\u001b[22m\u001b[39m\n > \u001b[34mhttps://opencollective.com/preact/donate\u001b[0m')"

[35m[1mLove Preact? You can now donate to our open collective:[22m[39m
 > [34mhttps://opencollective.com/preact/donate[0m
[37;40mnpm[0m [0m[30;43mWARN[0m [0m[35mprepublish-on-install[0m As of npm@5, `prepublish` scripts are deprecated.
[0m[37;40mnpm[0m [0m[30;43mWARN[0m [0m[35mprepublish-on-install[0m Use `prepare` for build steps and `prepublishOnly` for upload-only.
[0m[37;40mnpm[0m [0m[30;43mWARN[0m [0m[35mprepublish-on-install[0m See the deprecation note in `npm help scripts` for more information.
[0m
> @paypal/smart-payment-buttons@2.0.193 prepublish /home/travis/build/paypal/paypal-smart-payment-buttons
> in-publish && npm run babel || not-in-publish

[37;40mnpm[0m [0m[30;43mWARN[0m[35m[0m karma-sinon-chai@2.0.2 requires a peer of chai@>=3.5.0 but none is installed. You must install peer dependencies yourself.
[0m[37;40mnpm[0m [0m[30;43mWARN[0m[35m[0m karma-sinon-chai@2.0.2 requires a peer of sinon@>=2.1.0 but none is installed. You must install peer dependencies yourself.
[0m[37;40mnpm[0m [0m[30;43mWARN[0m[35m[0m karma-sinon-chai@2.0.2 requires a peer of sinon-chai@>=2.9.0 but none is installed. You must install peer dependencies yourself.
[0m[37;40mnpm[0m [0m[30;43mWARN[0m[35m[0m @paypal/smart-payment-buttons@2.0.193 license should be a valid SPDX license expression
[0m[37;40mnpm[0m [0m[30;43mWARN[0m [0m[35moptional[0m SKIPPING OPTIONAL DEPENDENCY: fsevents@1.2.11 (node_modules/fsevents):
[0m[37;40mnpm[0m [0m[30;43mWARN[0m [0m[35mnotsup[0m SKIPPING OPTIONAL DEPENDENCY: Unsupported platform for fsevents@1.2.11: wanted {"os":"darwin","arch":"any"} (current: {"os":"linux","arch":"x64"})
[0m[37;40mnpm[0m [0m[30;43mWARN[0m [0m[35moptional[0m SKIPPING OPTIONAL DEPENDENCY: fsevents@2.1.2 (node_modules/mocha/node_modules/fsevents):
[0m[37;40mnpm[0m [0m[30;43mWARN[0m [0m[35mnotsup[0m SKIPPING OPTIONAL DEPENDENCY: Unsupported platform for fsevents@2.1.2: wanted {"os":"darwin","arch":"any"} (current: {"os":"linux","arch":"x64"})
[0m[37;40mnpm[0m [0m[30;43mWARN[0m [0m[35moptional[0m SKIPPING OPTIONAL DEPENDENCY: fsevents@2.1.2 (node_modules/karma/node_modules/fsevents):
[0m[37;40mnpm[0m [0m[30;43mWARN[0m [0m[35mnotsup[0m SKIPPING OPTIONAL DEPENDENCY: Unsupported platform for fsevents@2.1.2: wanted {"os":"darwin","arch":"any"} (current: {"os":"linux","arch":"x64"})
[0m
added 2838 packages from 2461 contributors and audited 924332 packages in 55.465s

42 packages are looking for funding
  run `npm fund` for details

found [91m52[0m vulnerabilities (8 [1mlow[0m, 25 [93mmoderate[0m, 19 [91mhigh[0m)
  run `npm audit fix` to fix them, or `npm audit` for details
travis_time:end:066e8b18:start=1580884072593843796,finish=1580884129689467526,duration=57095623730,event=install[0Ktravis_fold:end:install.npm[0K
travis_time:start:14e8bb7a[0K$ npm run test

> @paypal/smart-payment-buttons@2.0.193 test /home/travis/build/paypal/paypal-smart-payment-buttons
> if [ ! $SKIP_TEST ]; then npm run lint && npm run flow-typed && npm run flow check && npm run karma && npm run jest; fi;


> @paypal/smart-payment-buttons@2.0.193 lint /home/travis/build/paypal/paypal-smart-payment-buttons
> eslint --ext .js --ext .jsx src/ server/ test/ *.js

[0m[0m
[0m[4m/home/travis/build/paypal/paypal-smart-payment-buttons/src/wallet/config.js[24m[0m
[0m   [2m1:1[22m   [31merror[39m  Flow file annotation is missing                [2mflowtype/require-valid-file-annotation[22m[0m
[0m   [2m1:23[22m  [31merror[39m  Expected space(s) before "from"                [2mkeyword-spacing[22m[0m
[0m  [2m31:3[22m   [31merror[39m  Newline required at end of file but not found  [2meol-last[22m[0m
[0m[0m
[0m[4m/home/travis/build/paypal/paypal-smart-payment-buttons/src/wallet/constants/class.js[24m[0m
[0m   [2m6:18[22m  [31merror[39m  Missing space before value for key 'WALLET_MENU'               [2mkey-spacing[22m[0m
[0m   [2m7:18[22m  [31merror[39m  Missing space before value for key 'WALLET_ITEM'               [2mkey-spacing[22m[0m
[0m   [2m9:31[22m  [31merror[39m  Missing space before value for key 'WALLET_FI_ICON_CONTAINER'  [2mkey-spacing[22m[0m
[0m  [2m10:21[22m  [31merror[39m  Missing space before value for key 'WALLET_FI_ICON'            [2mkey-spacing[22m[0m
[0m  [2m12:21[22m  [31merror[39m  Missing space before value for key 'WALLET_FI_NAME'            [2mkey-spacing[22m[0m
[0m  [2m13:24[22m  [31merror[39m  Missing space before value for key 'WALLET_FI_DETAILS'         [2mkey-spacing[22m[0m
[0m  [2m15:14[22m  [31merror[39m  Missing space before value for key 'FI_TYPE'                   [2mkey-spacing[22m[0m
[0m[0m
[0m[4m/home/travis/build/paypal/paypal-smart-payment-buttons/src/wallet/item.jsx[24m[0m
[0m   [2m4:1[22m    [31merror[39m  There should be at least one empty line between import groups                                    [2mimport/order[22m[0m
[0m   [2m4:13[22m   [31merror[39m  'render' is defined but never used                                                               [2mno-unused-vars[22m[0m
[0m   [2m7:24[22m   [31merror[39m  'fundingOption' is missing in props validation                                                   [2mreact/prop-types[22m[0m
[0m   [2m7:39[22m   [31merror[39m  'selectWalletItemHandler' is missing in props validation                                         [2mreact/prop-types[22m[0m
[0m   [2m7:64[22m   [31merror[39m  'listOpen' is missing in props validation                                                        [2mreact/prop-types[22m[0m
[0m   [2m7:74[22m   [31merror[39m  'listOpenHandler' is missing in props validation                                                 [2mreact/prop-types[22m[0m
[0m  [2m12:13[22m   [31merror[39m  'fundingOption.fundingInstrument' is missing in props validation                                 [2mreact/prop-types[22m[0m
[0m  [2m14:70[22m   [31merror[39m  'fundingOption.fundingInstrument.image' is missing in props validation                           [2mreact/prop-types[22m[0m
[0m  [2m14:76[22m   [31merror[39m  Operator '&&' must be spaced                                                                     [2mspace-infix-ops[22m[0m
[0m  [2m14:96[22m   [31merror[39m  'fundingOption.fundingInstrument.image' is missing in props validation                           [2mreact/prop-types[22m[0m
[0m  [2m14:102[22m  [31merror[39m  'fundingOption.fundingInstrument.image.url' is missing in props validation                       [2mreact/prop-types[22m[0m
[0m  [2m14:127[22m  [31merror[39m  'fundingOption.fundingInstrument.image' is missing in props validation                           [2mreact/prop-types[22m[0m
[0m  [2m14:133[22m  [31merror[39m  'fundingOption.fundingInstrument.image.url' is missing in props validation                       [2mreact/prop-types[22m[0m
[0m  [2m14:137[22m  [31merror[39m  'fundingOption.fundingInstrument.image.url.href' is missing in props validation                  [2mreact/prop-types[22m[0m
[0m  [2m15:71[22m   [31merror[39m  'fundingOption.fundingInstrument.issuerProductDescription' is missing in props validation        [2mreact/prop-types[22m[0m
[0m  [2m16:70[22m   [31merror[39m  'fundingOption.fundingInstrument.instrumentSubType' is missing in props validation               [2mreact/prop-types[22m[0m
[0m  [2m17:63[22m   [31merror[39m  'fundingOption.fundingInstrument.lastDigits' is missing in props validation                      [2mreact/prop-types[22m[0m
[0m  [2m19:5[22m    [31merror[39m  Expected space(s) after "return"                                                                 [2mkeyword-spacing[22m[0m
[0m  [2m20:9[22m    [31merror[39m  Fragments should contain more than one child - otherwise, thereâ€˜s no need for a Fragment at all  [2mreact/jsx-no-useless-fragment[22m[0m
[0m  [2m21:87[22m   [31merror[39m  A space is required before '}'                                                                   [2mreact/jsx-curly-spacing[22m[0m
[0m  [2m23:82[22m   [31merror[39m  A space is required before closing bracket                                                       [2mreact/jsx-tag-spacing[22m[0m
[0m  [2m35:2[22m    [31merror[39m  Newline required at end of file but not found                                                    [2meol-last[22m[0m
[0m[0m
[0m[4m/home/travis/build/paypal/paypal-smart-payment-buttons/src/wallet/style.jsx[24m[0m
[0m   [2m4:1[22m   [31merror[39m  There should be at least one empty line between import groups  [2mimport/order[22m[0m
[0m   [2m4:13[22m  [31merror[39m  'render' is defined but never used                             [2mno-unused-vars[22m[0m
[0m   [2m4:26[22m  [31merror[39m  'Node' is defined but never used                               [2mno-unused-vars[22m[0m
[0m   [2m8:8[22m   [31merror[39m  Missing return type annotation                                 [2mflowtype/require-return-type[22m[0m
[0m   [2m8:25[22m  [31merror[39m  'style' is missing in props validation                         [2mreact/prop-types[22m[0m
[0m   [2m8:32[22m  [31merror[39m  'cspNonce' is missing in props validation                      [2mreact/prop-types[22m[0m
[0m   [2m9:13[22m  [31merror[39m  'style.height' is missing in props validation                  [2mreact/prop-types[22m[0m
[0m  [2m17:2[22m   [31merror[39m  Newline required at end of file but not found                  [2meol-last[22m[0m
[0m[0m
[0m[4m/home/travis/build/paypal/paypal-smart-payment-buttons/src/wallet/wallet.jsx[24m[0m
[0m   [2m5:1[22m   [31merror[39m  There should be at least one empty line between import groups  [2mimport/order[22m[0m
[0m   [2m5:20[22m  [31merror[39m  'useEffect' is defined but never used                          [2mno-unused-vars[22m[0m
[0m   [2m8:1[22m   [31merror[39m  There should be at least one empty line between import groups  [2mimport/order[22m[0m
[0m   [2m9:1[22m   [31merror[39m  `../lib` import should occur before import of `./constants`    [2mimport/order[22m[0m
[0m  [2m13:23[22m  [31merror[39m  'object' is not defined                                        [2mno-undef[22m[0m
[0m  [2m14:13[22m  [31merror[39m  'object' is not defined                                        [2mno-undef[22m[0m
[0m  [2m19:5[22m   [31merror[39m  Unexpected 'todo' comment                                      [2mno-warning-comments[22m[0m
[0m  [2m29:17[22m  [31merror[39m  Prop `style` is forbidden on Components                        [2mreact/forbid-component-props[22m[0m
[0m  [2m33:27[22m  [31merror[39m  Property should be placed on a new line                        [2mreact/jsx-first-prop-new-line[22m[0m
[0m  [2m34:1[22m   [31merror[39m  Expected indentation of 24 spaces but found 26                 [2mindent[22m[0m
[0m  [2m34:27[22m  [31merror[39m  Expected indentation of 24 space characters but found 26       [2mreact/jsx-indent-props[22m[0m
[0m  [2m34:80[22m  [31merror[39m  A space is required before closing bracket                     [2mreact/jsx-tag-spacing[22m[0m
[0m  [2m41:43[22m  [31merror[39m  Property should be placed on a new line                        [2mreact/jsx-first-prop-new-line[22m[0m
[0m  [2m42:1[22m   [31merror[39m  Expected indentation of 40 spaces but found 42                 [2mindent[22m[0m
[0m  [2m42:43[22m  [31merror[39m  Expected indentation of 40 space characters but found 42       [2mreact/jsx-indent-props[22m[0m
[0m  [2m42:96[22m  [31merror[39m  A space is required before closing bracket                     [2mreact/jsx-tag-spacing[22m[0m
[0m  [2m54:78[22m  [31merror[39m  Prop `style` is forbidden on Components                        [2mreact/forbid-component-props[22m[0m
[0m  [2m54:93[22m  [31merror[39m  A space is required before closing bracket                     [2mreact/jsx-tag-spacing[22m[0m
[0m  [2m55:2[22m   [31merror[39m  Newline required at end of file but not found                  [2meol-last[22m[0m
[0m[0m
[0m[4m/home/travis/build/paypal/paypal-smart-payment-buttons/server/components/index.js[24m[0m
[0m  [2m5:26[22m  [31merror[39m  Newline required at end of file but not found  [2meol-last[22m[0m
[0m[0m
[0m[4m/home/travis/build/paypal/paypal-smart-payment-buttons/server/components/wallet/middleware.js[24m[0m
[0m   [2m3:8[22m    [31merror[39m  Using exported name 'render' as identifier for default export    [2mimport/no-named-as-default[22m[0m
[0m   [2m5:1[22m    [31merror[39m  There should be at least one empty line between import groups    [2mimport/order[22m[0m
[0m   [2m5:10[22m   [31merror[39m  'clientErrorResponse' is defined but never used                  [2mno-unused-vars[22m[0m
[0m   [2m5:45[22m   [31merror[39m  'allowFrame' is defined but never used                           [2mno-unused-vars[22m[0m
[0m   [2m5:57[22m   [31merror[39m  'defaultLogger' is defined but never used                        [2mno-unused-vars[22m[0m
[0m   [2m5:102[22m  [31merror[39m  'ExpressMiddleware' is defined but never used                    [2mno-unused-vars[22m[0m
[0m   [2m5:140[22m  [31merror[39m  'GraphQL' is defined but never used                              [2mno-unused-vars[22m[0m
[0m   [2m6:1[22m    [31merror[39m  There should be at least one empty line between import groups    [2mimport/order[22m[0m
[0m   [2m7:1[22m    [31merror[39m  There should be at least one empty line between import groups    [2mimport/order[22m[0m
[0m   [2m7:1[22m    [31merror[39m  `../../service` import should occur before import of `./params`  [2mimport/order[22m[0m
[0m   [2m8:10[22m   [31merror[39m  'EVENT' is defined but never used                                [2mno-unused-vars[22m[0m
[0m  [2m11:8[22m    [31merror[39m  Missing return type annotation                                   [2mflowtype/require-return-type[22m[0m
[0m  [2m12:82[22m   [31merror[39m  'sdkMeta' is defined but never used                              [2mno-unused-vars[22m[0m
[0m  [2m18:17[22m   [31merror[39m  'clientID' is assigned a value but never used                    [2mno-unused-vars[22m[0m
[0m  [2m34:29[22m   [31merror[39m  Strings must use singlequote                                     [2mquotes[22m[0m
[0m  [2m36:15[22m   [31merror[39m  'spb' is assigned a value but never used                         [2mno-unused-vars[22m[0m
[0m  [2m39:31[22m   [31merror[39m  Expected space or tab after '//' in comment                      [2mspaced-comment[22m[0m
[0m  [2m55:7[22m    [31merror[39m  Missing semicolon                                                [2msemi[22m[0m
[0m[0m
[0m[4m/home/travis/build/paypal/paypal-smart-payment-buttons/server/components/wallet/params.js[24m[0m
[0m   [2m3:10[22m  [31merror[39m  'ENV' is defined but never used              [2mno-unused-vars[22m[0m
[0m   [2m5:15[22m  [31merror[39m  'ExpressRequest' is defined but never used   [2mno-unused-vars[22m[0m
[0m   [2m5:31[22m  [31merror[39m  'ExpressResponse' is defined but never used  [2mno-unused-vars[22m[0m
[0m   [2m5:48[22m  [31merror[39m  'LocaleType' is defined but never used       [2mno-unused-vars[22m[0m
[0m   [2m7:1[22m   [31merror[39m  Missing return type annotation               [2mflowtype/require-return-type[22m[0m
[0m  [2m18:8[22m   [31merror[39m  Missing return type annotation               [2mflowtype/require-return-type[22m[0m
[0m[0m
[0m[4m/home/travis/build/paypal/paypal-smart-payment-buttons/server/components/wallet/script.js[24m[0m
[0m   [2m8:10[22m  [31merror[39m  'WALLET_CLIENT_JS' is defined but never used                     [2mno-unused-vars[22m[0m
[0m   [2m8:28[22m  [31merror[39m  'WALLET_CLIENT_MIN_JS' is defined but never used                 [2mno-unused-vars[22m[0m
[0m  [2m10:10[22m  [31merror[39m  'getPayPalSmartPaymentButtonsWatcher' is defined but never used  [2mno-unused-vars[22m[0m
[0m  [2m19:52[22m  [31merror[39m  'logBuffer' is assigned a value but never used                   [2mno-unused-vars[22m[0m
[0m  [2m19:63[22m  [31merror[39m  'cache' is assigned a value but never used                       [2mno-unused-vars[22m[0m
[0m  [2m19:70[22m  [31merror[39m  'debug' is assigned a value but never used                       [2mno-unused-vars[22m[0m
[0m[0m
[0m[4m/home/travis/build/paypal/paypal-smart-payment-buttons/server/service/checkoutSession.js[24m[0m
[0m    [2m2:31[22m  [31merror[39m  'LoggerType' is defined but never used                              [2mno-unused-vars[22m[0m
[0m   [2m21:1[22m   [31merror[39m  Expected this semicolon to be at the end of the previous line       [2msemi-style[22m[0m
[0m  [2m123:8[22m   [31merror[39m  Missing return type annotation                                      [2mflowtype/require-return-type[22m[0m
[0m  [2m134:9[22m   [31merror[39m  Unexpected console statement                                        [2mno-console[22m[0m
[0m  [2m134:21[22m  [31merror[39m  Do not use leading/trailing space between `console.log` parameters  [2municorn/no-console-spaces[22m[0m
[0m  [2m139:9[22m   [31merror[39m  Unexpected console statement                                        [2mno-console[22m[0m
[0m  [2m139:21[22m  [31merror[39m  Do not use leading/trailing space between `console.log` parameters  [2municorn/no-console-spaces[22m[0m
[0m  [2m141:9[22m   [31merror[39m  Unexpected 'todo' comment                                           [2mno-warning-comments[22m[0m
[0m[0m
[0m[31m[1mâœ– 98 problems (98 errors, 0 warnings)[22m[39m[0m
[0m[31m[1m[22m[39m[31m[1m  43 errors and 0 warnings potentially fixable with the `--fix` option.[22m[39m[0m
[0m[31m[1m[22m[39m[0m
[37;40mnpm[0m [0m[31;40mERR![0m [0m[35mcode[0m ELIFECYCLE
[0m[37;40mnpm[0m [0m[31;40mERR![0m [0m[35merrno[0m 1
[0m[37;40mnpm[0m [0m[31;40mERR![0m[35m[0m @paypal/smart-payment-buttons@2.0.193 lint: `eslint --ext .js --ext .jsx src/ server/ test/ *.js`
[0m[37;40mnpm[0m [0m[31;40mERR![0m[35m[0m Exit status 1
[0m[37;40mnpm[0m [0m[31;40mERR![0m[35m[0m 
[0m[37;40mnpm[0m [0m[31;40mERR![0m[35m[0m Failed at the @paypal/smart-payment-buttons@2.0.193 lint script.
[0m[37;40mnpm[0m [0m[31;40mERR![0m[35m[0m This is probably not a problem with npm. There is likely additional logging output above.
[0m
[37;40mnpm[0m [0m[31;40mERR![0m[35m[0m A complete log of this run can be found in:
[0m[37;40mnpm[0m [0m[31;40mERR![0m[35m[0m     /home/travis/.npm/_logs/2020-02-05T06_29_02_863Z-debug.log
[0m[37;40mnpm[0m [0m[31;40mERR![0m [0m[35mcode[0m ELIFECYCLE
[0m[37;40mnpm[0m [0m[31;40mERR![0m [0m[35merrno[0m 1
[0m[37;40mnpm[0m [0m[31;40mERR![0m[35m[0m @paypal/smart-payment-buttons@2.0.193 test: `if [ ! $SKIP_TEST ]; then npm run lint && npm run flow-typed && npm run flow check && npm run karma && npm run jest; fi;`
[0m[37;40mnpm[0m [0m[31;40mERR![0m[35m[0m Exit status 1
[0m[37;40mnpm[0m [0m[31;40mERR![0m[35m[0m 
[0m[37;40mnpm[0m [0m[31;40mERR![0m[35m[0m Failed at the @paypal/smart-payment-buttons@2.0.193 test script.
[0m[37;40mnpm[0m [0m[31;40mERR![0m[35m[0m This is probably not a problem with npm. There is likely additional logging output above.
[0m
[37;40mnpm[0m [0m[31;40mERR![0m[35m[0m A complete log of this run can be found in:
[0m[37;40mnpm[0m [0m[31;40mERR![0m[35m[0m     /home/travis/.npm/_logs/2020-02-05T06_29_02_877Z-debug.log
[0mtravis_time:end:14e8bb7a:start=1580884129693395878,finish=1580884142887600720,duration=13194204842,event=script[0K[31;1mThe command "npm run test" exited with 1.[0m


Done. Your build exited with 1.
