travis_fold:start:worker_info[0K[33;1mWorker information[0m
hostname: e711d58e-1414-4649-ad7c-ce9693071a62@1.worker-org-676f4fdd9b-b9scj.gce-production-2
version: v6.2.8 https://github.com/travis-ci/worker/tree/6d3048d96b26562be21fa1a8b8144f4c4cecd083
instance: travis-job-73ba37ef-bc6b-47d6-882d-6495bed3f7a9 travis-ci-sardonyx-xenial-1553530528-f909ac5 (via amqp)
startup: 6.137547005s
travis_fold:end:worker_info[0Ktravis_time:start:1dad4644[0Ktravis_time:end:1dad4644:start=1581363446768883139,finish=1581363446897520982,duration=128637843,event=no_world_writable_dirs[0Ktravis_time:start:372aaad2[0Ktravis_time:end:372aaad2:start=1581363446899900868,finish=1581363446902502400,duration=2601532,event=setup_filter[0Ktravis_time:start:232e310a[0Ktravis_time:end:232e310a:start=1581363446906217988,finish=1581363446912616442,duration=6398454,event=agent[0Ktravis_time:start:111527b2[0Ktravis_time:end:111527b2:start=1581363446914962525,finish=1581363446916578097,duration=1615572,event=check_unsupported[0Ktravis_time:start:0397a772[0Ktravis_fold:start:system_info[0K[33;1mBuild system information[0m
Build language: node_js
Build group: stable
Build dist: xenial
Build id: 648570138
Job id: 648570139
Runtime kernel version: 4.15.0-1028-gcp
travis-build version: 08047b878
[34m[1mBuild image provisioning date and time[0m
Mon Mar 25 16:43:24 UTC 2019
[34m[1mOperating System Details[0m
Distributor ID:	Ubuntu
Description:	Ubuntu 16.04.6 LTS
Release:	16.04
Codename:	xenial
[34m[1mSystemd Version[0m
systemd 229
[34m[1mCookbooks Version[0m
42e42e4 https://github.com/travis-ci/travis-cookbooks/tree/42e42e4
[34m[1mgit version[0m
git version 2.21.0
[34m[1mbash version[0m
GNU bash, version 4.3.48(1)-release (x86_64-pc-linux-gnu)
[34m[1mgcc version[0m
gcc (Ubuntu 5.4.0-6ubuntu1~16.04.11) 5.4.0 20160609
[34m[1mdocker version[0m
Client:
 Version:           18.06.0-ce
 API version:       1.38
 Go version:        go1.10.3
 Git commit:        0ffa825
 Built:             Wed Jul 18 19:11:02 2018
 OS/Arch:           linux/amd64
 Experimental:      false

Server:
 Engine:
  Version:          18.06.0-ce
  API version:      1.38 (minimum version 1.12)
  Go version:       go1.10.3
  Git commit:       0ffa825
  Built:            Wed Jul 18 19:09:05 2018
  OS/Arch:          linux/amd64
  Experimental:     false
[34m[1mclang version[0m
clang version 7.0.0 (tags/RELEASE_700/final)
[34m[1mjq version[0m
jq-1.5
[34m[1mbats version[0m
Bats 0.4.0
[34m[1mshellcheck version[0m
0.6.0
[34m[1mshfmt version[0m
v2.6.3
[34m[1mccache version[0m
3.2.4
[34m[1mcmake version[0m
cmake version 3.12.4
[34m[1mheroku version[0m
heroku/7.22.7 linux-x64 node-v11.10.1
[34m[1mimagemagick version[0m
Version: ImageMagick 6.8.9-9 Q16 x86_64 2018-09-28 http://www.imagemagick.org
[34m[1mmd5deep version[0m
4.4
[34m[1mmercurial version[0m
version 4.8
[34m[1mmysql version[0m
mysql  Ver 14.14 Distrib 5.7.25, for Linux (x86_64) using  EditLine wrapper
[34m[1mopenssl version[0m
OpenSSL 1.0.2g  1 Mar 2016
[34m[1mpacker version[0m
1.3.3
[34m[1mpostgresql client version[0m
psql (PostgreSQL) 10.7 (Ubuntu 10.7-1.pgdg16.04+1)
[34m[1mragel version[0m
Ragel State Machine Compiler version 6.8 Feb 2013
[34m[1msudo version[0m
1.8.16
[34m[1mgzip version[0m
gzip 1.6
[34m[1mzip version[0m
Zip 3.0
[34m[1mvim version[0m
VIM - Vi IMproved 7.4 (2013 Aug 10, compiled Nov 24 2016 16:44:48)
[34m[1miptables version[0m
iptables v1.6.0
[34m[1mcurl version[0m
curl 7.47.0 (x86_64-pc-linux-gnu) libcurl/7.47.0 GnuTLS/3.4.10 zlib/1.2.8 libidn/1.32 librtmp/2.3
[34m[1mwget version[0m
GNU Wget 1.17.1 built on linux-gnu.
[34m[1mrsync version[0m
rsync  version 3.1.1  protocol version 31
[34m[1mgimme version[0m
v1.5.3
[34m[1mnvm version[0m
0.34.0
[34m[1mperlbrew version[0m
/home/travis/perl5/perlbrew/bin/perlbrew  - App::perlbrew/0.86
[34m[1mphpenv version[0m
rbenv 1.1.2
[34m[1mrvm version[0m
rvm 1.29.7 (latest) by Michal Papis, Piotr Kuczynski, Wayne E. Seguin [https://rvm.io]
[34m[1mdefault ruby version[0m
ruby 2.5.3p105 (2018-10-18 revision 65156) [x86_64-linux]
[34m[1mCouchDB version[0m
couchdb 1.6.1
[34m[1mElasticSearch version[0m
5.5.0
[34m[1mInstalled Firefox version[0m
firefox 63.0.1
[34m[1mMongoDB version[0m
MongoDB 4.0.7
[34m[1mPhantomJS version[0m
2.1.1
[34m[1mPre-installed PostgreSQL versions[0m
9.4.21
9.5.16
9.6.12
[34m[1mRedis version[0m
redis-server 5.0.4
[34m[1mPre-installed Go versions[0m
1.11.1
[34m[1mmvn version[0m
Apache Maven 3.6.0 (97c98ec64a1fdfee7767ce5ffb20918da4f719f3; 2018-10-24T18:41:47Z)
[34m[1mgradle version[0m
Gradle 4.10.2!
[34m[1mlein version[0m
Leiningen 2.9.1 on Java 11.0.2 OpenJDK 64-Bit Server VM
[34m[1mPre-installed Node.js versions[0m
v10.15.3
v11.0.0
v4.9.1
v6.17.0
v8.12.0
v8.15.1
v8.9
[34m[1mphpenv versions[0m
  system
  5.6
  5.6.40
  7.1
  7.1.27
  7.2
* 7.2.15 (set by /home/travis/.phpenv/version)
  hhvm
  hhvm-stable
[34m[1mcomposer --version[0m
Composer version 1.8.4 2019-02-11 10:52:10
[34m[1mPre-installed Ruby versions[0m
ruby-2.3.8
ruby-2.4.5
ruby-2.5.3
travis_fold:end:system_info[0K
travis_time:end:0397a772:start=1581363446918929134,finish=1581363446923455143,duration=4526009,event=show_system_info[0Ktravis_time:start:1933e618[0Ktravis_time:end:1933e618:start=1581363446925919627,finish=1581363446938351516,duration=12431889,event=rm_riak_source[0Ktravis_time:start:2b903a8e[0Ktravis_time:end:2b903a8e:start=1581363446943248236,finish=1581363446949002867,duration=5754631,event=fix_rwky_redis[0Ktravis_time:start:0ff6ca2a[0Ktravis_time:end:0ff6ca2a:start=1581363446952685033,finish=1581363447288531335,duration=335846302,event=wait_for_network[0Ktravis_time:start:0613a124[0Ktravis_time:end:0613a124:start=1581363447293065894,finish=1581363447466693975,duration=173628081,event=update_apt_keys[0Ktravis_time:start:23d6d496[0Ktravis_time:end:23d6d496:start=1581363447473285892,finish=1581363447522996363,duration=49710471,event=fix_hhvm_source[0Ktravis_time:start:0bc99f22[0Ktravis_time:end:0bc99f22:start=1581363447526767427,finish=1581363447529717373,duration=2949946,event=update_mongo_arch[0Ktravis_time:start:0a5018cf[0Ktravis_time:end:0a5018cf:start=1581363447535749969,finish=1581363447573687969,duration=37938000,event=fix_sudo_enabled_trusty[0Ktravis_time:start:0124c9c0[0Ktravis_time:end:0124c9c0:start=1581363447578678879,finish=1581363447580757553,duration=2078674,event=update_glibc[0Ktravis_time:start:00d3b819[0Ktravis_time:end:00d3b819:start=1581363447586729647,finish=1581363447594283466,duration=7553819,event=clean_up_path[0Ktravis_time:start:3331c914[0Ktravis_time:end:3331c914:start=1581363447597296890,finish=1581363447604256837,duration=6959947,event=fix_resolv_conf[0Ktravis_time:start:31b418b6[0Ktravis_time:end:31b418b6:start=1581363447607140943,finish=1581363447615351198,duration=8210255,event=fix_etc_hosts[0Ktravis_time:start:0b74ae2c[0Ktravis_time:end:0b74ae2c:start=1581363447618286763,finish=1581363447625652004,duration=7365241,event=fix_mvn_settings_xml[0Ktravis_time:start:00847d39[0Ktravis_time:end:00847d39:start=1581363447628889015,finish=1581363447637678012,duration=8788997,event=no_ipv6_localhost[0Ktravis_time:start:17ef90bd[0Ktravis_time:end:17ef90bd:start=1581363447641029580,finish=1581363447643017015,duration=1987435,event=fix_etc_mavenrc[0Ktravis_time:start:00c57d20[0Ktravis_time:end:00c57d20:start=1581363447647144246,finish=1581363447650843125,duration=3698879,event=fix_wwdr_certificate[0Ktravis_time:start:1bc385c5[0Ktravis_time:end:1bc385c5:start=1581363447655663111,finish=1581363447677360218,duration=21697107,event=put_localhost_first[0Ktravis_time:start:0f298824[0Ktravis_time:end:0f298824:start=1581363447680868840,finish=1581363447683372547,duration=2503707,event=home_paths[0Ktravis_time:start:03860b3c[0Ktravis_time:end:03860b3c:start=1581363447686585778,finish=1581363447698101019,duration=11515241,event=disable_initramfs[0Ktravis_time:start:2117723c[0Ktravis_time:end:2117723c:start=1581363447701498257,finish=1581363447923519677,duration=222021420,event=disable_ssh_roaming[0Ktravis_time:start:11e4dee0[0Ktravis_time:end:11e4dee0:start=1581363447927874574,finish=1581363447930086463,duration=2211889,event=debug_tools[0Ktravis_time:start:1342d168[0Ktravis_time:end:1342d168:start=1581363447935945004,finish=1581363447939751214,duration=3806210,event=uninstall_oclint[0Ktravis_time:start:11fcb0b6[0Ktravis_time:end:11fcb0b6:start=1581363447945416554,finish=1581363447948014557,duration=2598003,event=rvm_use[0Ktravis_time:start:0752a2a8[0Ktravis_time:end:0752a2a8:start=1581363447951643765,finish=1581363447958937667,duration=7293902,event=rm_etc_boto_cfg[0Ktravis_time:start:11f96c98[0Ktravis_time:end:11f96c98:start=1581363447962617925,finish=1581363447964964709,duration=2346784,event=rm_oraclejdk8_symlink[0Ktravis_time:start:00b44914[0Ktravis_time:end:00b44914:start=1581363447968244972,finish=1581363448051585938,duration=83340966,event=enable_i386[0Ktravis_time:start:2b8ce382[0Ktravis_time:end:2b8ce382:start=1581363448055737866,finish=1581363448061292755,duration=5554889,event=update_rubygems[0Ktravis_time:start:15fea4d3[0Ktravis_time:end:15fea4d3:start=1581363448064843437,finish=1581363448811406459,duration=746563022,event=ensure_path_components[0Ktravis_time:start:13837a74[0Ktravis_time:end:13837a74:start=1581363448819867687,finish=1581363448823264136,duration=3396449,event=redefine_curl[0Ktravis_time:start:0f041b9e[0Ktravis_time:end:0f041b9e:start=1581363448829774446,finish=1581363448906277161,duration=76502715,event=nonblock_pipe[0Ktravis_time:start:1552cab2[0Ktravis_time:end:1552cab2:start=1581363448910678184,finish=1581363454942779160,duration=6032100976,event=apt_get_update[0Ktravis_time:start:143adeef[0Ktravis_time:end:143adeef:start=1581363454947482013,finish=1581363454949618869,duration=2136856,event=deprecate_xcode_64[0Ktravis_time:start:03265a40[0Ktravis_time:end:03265a40:start=1581363454954177220,finish=1581363457307747791,duration=2353570571,event=update_heroku[0Ktravis_time:start:0ea8b3b9[0Ktravis_time:end:0ea8b3b9:start=1581363457311513676,finish=1581363457314206998,duration=2693322,event=shell_session_update[0Ktravis_time:start:01cc424a[0Ktravis_fold:start:docker_mtu[0Ktravis_fold:end:docker_mtu[0Ktravis_time:end:01cc424a:start=1581363457319493725,finish=1581363459490769090,duration=2171275365,event=set_docker_mtu[0Ktravis_time:start:277fc719[0Ktravis_fold:start:resolvconf[0Ktravis_fold:end:resolvconf[0Ktravis_time:end:277fc719:start=1581363459497705878,finish=1581363459554869592,duration=57163714,event=resolvconf[0Ktravis_time:start:0380ee6a[0Ktravis_time:end:0380ee6a:start=1581363459562532324,finish=1581363459702383332,duration=139851008,event=maven_central_mirror[0Ktravis_time:start:112e4afd[0Ktravis_time:end:112e4afd:start=1581363459708740737,finish=1581363459800639068,duration=91898331,event=maven_https[0Ktravis_time:start:0d822f9b[0Ktravis_time:end:0d822f9b:start=1581363459804631574,finish=1581363459807502493,duration=2870919,event=fix_ps4[0Ktravis_fold:start:hosts.before[0K
## Managed by Chef on packer-5c98fea1-aa3f-407c-10e9-32c3c213ffca.c.eco-emissary-99515.internal :heart_eyes_cat:
## cookbook:: travis_build_environment
##     file:: templates/default/etc/cloud/templates/hosts.tmpl.erb

127.0.1.1 travis-job-73ba37ef-bc6b-47d6-882d-6495bed3f7a9 travis-job-73ba37ef-bc6b-47d6-882d-6495bed3f7a9 ip4-loopback xenial64

127.0.0.1 localhost nettuno travis vagrant travis-job-73ba37ef-bc6b-47d6-882d-6495bed3f7a9 

travis_fold:end:hosts.before[0Ktravis_fold:start:hosts[0Ktravis_fold:end:hosts[0Ktravis_fold:start:hosts.after[0K
## Managed by Chef on packer-5c98fea1-aa3f-407c-10e9-32c3c213ffca.c.eco-emissary-99515.internal :heart_eyes_cat:
## cookbook:: travis_build_environment
##     file:: templates/default/etc/cloud/templates/hosts.tmpl.erb

127.0.1.1 travis-job-73ba37ef-bc6b-47d6-882d-6495bed3f7a9 travis-job-73ba37ef-bc6b-47d6-882d-6495bed3f7a9 ip4-loopback xenial64

127.0.0.1 localhost nettuno travis vagrant travis-job-73ba37ef-bc6b-47d6-882d-6495bed3f7a9  localhost.paypal.com

travis_fold:end:hosts.after[0Ktravis_time:start:3abfb7de[0K
travis_fold:start:git.checkout[0Ktravis_time:start:12972de4[0K$ git clone --depth=50 --branch=modal-apply-now https://github.com/paypal/paypal-messaging-components.git paypal/paypal-messaging-components
Cloning into 'paypal/paypal-messaging-components'...
travis_time:end:12972de4:start=1581363459846970382,finish=1581363460816821158,duration=969850776,event=checkout[0K$ cd paypal/paypal-messaging-components
$ git checkout -qf 0f376ba034c722dc88f07547062ad67d3da0f941
travis_fold:end:git.checkout[0K
travis_time:end:12972de4:start=1581363459846970382,finish=1581363460890875163,duration=1043904781,event=checkout[0Ktravis_time:start:0be45fce[0K
[33;1mSetting environment variables from repository settings[0m
$ export NPM_EMAIL=[secure]
$ export GH_TOKEN=[secure]
$ export NPM_TOKEN=[secure]
$ export PR_COMMENT_TOKEN=[secure]

[33;1mSetting environment variables from .travis.yml[0m
$ export DIRTY_SNAPSHOTS=0

travis_time:end:0be45fce:start=1581363460894917122,finish=1581363460902579056,duration=7661934,event=env[0Ktravis_fold:start:nvm.install[0Ktravis_time:start:02c7b544[0K$ nvm install 10
Downloading and installing node v10.19.0...
Downloading https://nodejs.org/dist/v10.19.0/node-v10.19.0-linux-x64.tar.xz...
Computing checksum with sha256sum
Checksums matched!
Now using node v10.19.0 (npm v6.13.4)
travis_time:end:02c7b544:start=1581363461583686623,finish=1581363464419862120,duration=2836175497,event=setup[0Ktravis_fold:end:nvm.install[0K
$ node --version
v10.19.0
$ npm --version
6.13.4
$ nvm --version
0.35.2

travis_fold:start:before_install[0Ktravis_time:start:03b4740c[0K$ npm i -g npm@6
/home/travis/.nvm/versions/node/v10.19.0/bin/npm -> /home/travis/.nvm/versions/node/v10.19.0/lib/node_modules/npm/bin/npm-cli.js
/home/travis/.nvm/versions/node/v10.19.0/bin/npx -> /home/travis/.nvm/versions/node/v10.19.0/lib/node_modules/npm/bin/npx-cli.js
+ npm@6.13.7
added 7 packages from 3 contributors, removed 3 packages and updated 12 packages in 5.183s
travis_time:end:03b4740c:start=1581363465350325738,finish=1581363470944151382,duration=5593825644,event=before_install[0Ktravis_fold:end:before_install[0Ktravis_fold:start:install.npm[0Ktravis_time:start:0b01bc31[0K$ npm install 

> @paypal/messaging-components@1.6.1 preinstall /home/travis/build/paypal/paypal-messaging-components
> rm -rf node_modules

npm WARN deprecated core-js@2.6.11: core-js@<3 is no longer maintained and not recommended for usage due to the number of issues. Please, upgrade your dependencies to the actual version of core-js@3.
npm WARN deprecated istanbul@0.4.5: This module is no longer maintained, try this instead:
npm WARN deprecated   npm i nyc
npm WARN deprecated Visit https://istanbul.js.org/integrations for other alternatives.
npm WARN deprecated hawk@3.1.3: This module moved to @hapi/hawk. Please make sure to switch over as this distribution is no longer supported and may contain bugs and critical security issues.
npm WARN deprecated boom@2.10.1: This version has been deprecated in accordance with the hapi support policy (hapi.im/support). Please upgrade to the latest version to get the best features, bug fixes, and security patches. If you are unable to upgrade at this time, paid support is available for older versions (hapi.im/commercial).
npm WARN deprecated sntp@1.0.9: This module moved to @hapi/sntp. Please make sure to switch over as this distribution is no longer supported and may contain bugs and critical security issues.
npm WARN deprecated hoek@2.16.3: This version has been deprecated in accordance with the hapi support policy (hapi.im/support). Please upgrade to the latest version to get the best features, bug fixes, and security patches. If you are unable to upgrade at this time, paid support is available for older versions (hapi.im/commercial).
npm WARN deprecated cryptiles@2.0.5: This version has been deprecated in accordance with the hapi support policy (hapi.im/support). Please upgrade to the latest version to get the best features, bug fixes, and security patches. If you are unable to upgrade at this time, paid support is available for older versions (hapi.im/commercial).
npm WARN deprecated left-pad@1.3.0: use String.prototype.padStart()
npm WARN deprecated socks@1.1.10: If using 2.x branch, please upgrade to at least 2.1.6 to avoid a serious bug with socket data flow and an import issue introduced in 2.1.0

> husky@2.7.0 install /home/travis/build/paypal/paypal-messaging-components/node_modules/husky
> node husky install

husky > Setting up git hooks
CI detected, skipping Git hooks installation.

> puppeteer@2.1.1 install /home/travis/build/paypal/paypal-messaging-components/node_modules/puppeteer
> node install.js


Chromium downloaded to /home/travis/build/paypal/paypal-messaging-components/node_modules/puppeteer/.local-chromium/linux-722234

> core-js@2.6.11 postinstall /home/travis/build/paypal/paypal-messaging-components/node_modules/@babel/polyfill/node_modules/core-js
> node -e "try{require('./postinstall')}catch(e){}"


> core-js@2.6.11 postinstall /home/travis/build/paypal/paypal-messaging-components/node_modules/babel-runtime/node_modules/core-js
> node -e "try{require('./postinstall')}catch(e){}"


> core-js@3.6.4 postinstall /home/travis/build/paypal/paypal-messaging-components/node_modules/core-js
> node -e "try{require('./postinstall')}catch(e){}"


> ejs@2.7.4 postinstall /home/travis/build/paypal/paypal-messaging-components/node_modules/ejs
> node ./postinstall.js


> core-js@2.6.11 postinstall /home/travis/build/paypal/paypal-messaging-components/node_modules/wait-on/node_modules/core-js
> node -e "try{require('./postinstall')}catch(e){}"


> core-js-pure@3.6.4 postinstall /home/travis/build/paypal/paypal-messaging-components/node_modules/core-js-pure
> node -e "try{require('./postinstall')}catch(e){}"

npm WARN @semantic-release/changelog@3.0.6 requires a peer of semantic-release@>=15.8.0 <16.0.0 || >=16.0.0-beta <17.0.0 but none is installed. You must install peer dependencies yourself.
npm WARN @semantic-release/exec@3.3.8 requires a peer of semantic-release@>=15.9.0 <16.0.0 but none is installed. You must install peer dependencies yourself.
npm WARN @semantic-release/git@7.0.18 requires a peer of semantic-release@>=15.4.0 <16.0.0 but none is installed. You must install peer dependencies yourself.
npm WARN jest-image-snapshot@2.12.0 requires a peer of jest@>=20 <=24 but none is installed. You must install peer dependencies yourself.
npm WARN karma-sinon-chai@2.0.2 requires a peer of chai@>=3.5.0 but none is installed. You must install peer dependencies yourself.
npm WARN karma-sinon-chai@2.0.2 requires a peer of sinon@>=2.1.0 but none is installed. You must install peer dependencies yourself.
npm WARN karma-sinon-chai@2.0.2 requires a peer of sinon-chai@>=2.9.0 but none is installed. You must install peer dependencies yourself.
npm WARN @typescript-eslint/parser@1.13.0 requires a peer of eslint@^5.0.0 but none is installed. You must install peer dependencies yourself.
npm WARN @paypal/messaging-components@1.6.1 No license field.
npm WARN optional SKIPPING OPTIONAL DEPENDENCY: fsevents@1.2.11 (node_modules/jest-runtime/node_modules/fsevents):
npm WARN notsup SKIPPING OPTIONAL DEPENDENCY: Unsupported platform for fsevents@1.2.11: wanted {"os":"darwin","arch":"any"} (current: {"os":"linux","arch":"x64"})
npm WARN optional SKIPPING OPTIONAL DEPENDENCY: fsevents@1.2.11 (node_modules/jest-runner/node_modules/fsevents):
npm WARN notsup SKIPPING OPTIONAL DEPENDENCY: Unsupported platform for fsevents@1.2.11: wanted {"os":"darwin","arch":"any"} (current: {"os":"linux","arch":"x64"})
npm WARN optional SKIPPING OPTIONAL DEPENDENCY: fsevents@1.2.11 (node_modules/jest-config/node_modules/fsevents):
npm WARN notsup SKIPPING OPTIONAL DEPENDENCY: Unsupported platform for fsevents@1.2.11: wanted {"os":"darwin","arch":"any"} (current: {"os":"linux","arch":"x64"})
npm WARN optional SKIPPING OPTIONAL DEPENDENCY: fsevents@1.2.11 (node_modules/grumbler-scripts/node_modules/fsevents):
npm WARN notsup SKIPPING OPTIONAL DEPENDENCY: Unsupported platform for fsevents@1.2.11: wanted {"os":"darwin","arch":"any"} (current: {"os":"linux","arch":"x64"})
npm WARN optional SKIPPING OPTIONAL DEPENDENCY: fsevents@1.2.11 (node_modules/chokidar/node_modules/fsevents):
npm WARN notsup SKIPPING OPTIONAL DEPENDENCY: Unsupported platform for fsevents@1.2.11: wanted {"os":"darwin","arch":"any"} (current: {"os":"linux","arch":"x64"})
npm WARN optional SKIPPING OPTIONAL DEPENDENCY: fsevents@1.2.11 (node_modules/@jest/test-sequencer/node_modules/fsevents):
npm WARN notsup SKIPPING OPTIONAL DEPENDENCY: Unsupported platform for fsevents@1.2.11: wanted {"os":"darwin","arch":"any"} (current: {"os":"linux","arch":"x64"})
npm WARN optional SKIPPING OPTIONAL DEPENDENCY: fsevents@1.2.11 (node_modules/@jest/reporters/node_modules/fsevents):
npm WARN notsup SKIPPING OPTIONAL DEPENDENCY: Unsupported platform for fsevents@1.2.11: wanted {"os":"darwin","arch":"any"} (current: {"os":"linux","arch":"x64"})
npm WARN optional SKIPPING OPTIONAL DEPENDENCY: fsevents@1.2.11 (node_modules/@jest/environment/node_modules/fsevents):
npm WARN notsup SKIPPING OPTIONAL DEPENDENCY: Unsupported platform for fsevents@1.2.11: wanted {"os":"darwin","arch":"any"} (current: {"os":"linux","arch":"x64"})
npm WARN optional SKIPPING OPTIONAL DEPENDENCY: fsevents@1.2.11 (node_modules/@jest/core/node_modules/fsevents):
npm WARN notsup SKIPPING OPTIONAL DEPENDENCY: Unsupported platform for fsevents@1.2.11: wanted {"os":"darwin","arch":"any"} (current: {"os":"linux","arch":"x64"})
npm WARN optional SKIPPING OPTIONAL DEPENDENCY: fsevents@2.1.2 (node_modules/fsevents):
npm WARN notsup SKIPPING OPTIONAL DEPENDENCY: Unsupported platform for fsevents@2.1.2: wanted {"os":"darwin","arch":"any"} (current: {"os":"linux","arch":"x64"})

added 3075 packages from 2350 contributors and audited 2139713 packages in 67.302s

46 packages are looking for funding
  run `npm fund` for details

found 52 vulnerabilities (8 low, 25 moderate, 19 high)
  run `npm audit fix` to fix them, or `npm audit` for details
travis_time:end:0b01bc31:start=1581363471124165468,finish=1581363540401022411,duration=69276856943,event=install[0Ktravis_fold:end:install.npm[0K
travis_fold:start:before_script.1[0Ktravis_time:start:21194080[0K$ npm run dev:snapshot &
travis_time:end:21194080:start=1581363540406132335,finish=1581363540411828540,duration=5696205,event=before_script[0Ktravis_fold:end:before_script.1[0Ktravis_fold:start:before_script.2[0Ktravis_time:start:16dfd890[0K$ sleep 20

> @paypal/messaging-components@1.6.1 dev:snapshot /home/travis/build/paypal/paypal-messaging-components
> webpack-dev-server --config webpack.config.snapshot.js --env.TARGET=standalone --env.NODE_ENV=local

[34mâ„¹[39m [90mï½¢wdsï½£[39m: Project is running at http://localhost.paypal.com:8080/
[34mâ„¹[39m [90mï½¢wdsï½£[39m: webpack output is served from /
[34mâ„¹[39m [90mï½¢wdsï½£[39m: Content not from webpack is served from ./tests/functional/content
travis_time:end:16dfd890:start=1581363540432555199,finish=1581363560442381899,duration=20009826700,event=before_script[0Ktravis_fold:end:before_script.2[0Ktravis_time:start:0992e740[0K$ npm run lint

> @paypal/messaging-components@1.6.1 lint /home/travis/build/paypal/paypal-messaging-components
> eslint . --ext .js,.jsx

Warning: React version was set to "detect" in eslint-plugin-react settings, but the "react" package is not installed. Assuming latest React version for linting.
[34mâ„¹[39m [90mï½¢wdmï½£[39m: Hash: 1ad0b7f1be815ca82332
Version: webpack 4.41.5
Time: 36529ms
Built at: 02/10/2020 7:39:38 PM
                   Asset      Size     Chunks             Chunk Names
             merchant.js  2.58 MiB   merchant  [emitted]  merchant
 merchant.js.LICENSE.txt  51 bytes             [emitted]  
            messaging.js  2.53 MiB  messaging  [emitted]  messaging
messaging.js.LICENSE.txt  51 bytes             [emitted]  
Entrypoint messaging = messaging.js
Entrypoint merchant = merchant.js
[0] multi (webpack)-dev-server/client?http://localhost.paypal.com:8080 ./src/index.js 40 bytes {messaging} [built]
    ModuleConcatenation bailout: Module is not an ECMAScript module
[1] multi (webpack)-dev-server/client?http://localhost.paypal.com:8080 ./src/legacy/index.js 40 bytes {merchant} [built]
    ModuleConcatenation bailout: Module is not an ECMAScript module
[./node_modules/@babel/runtime/helpers/esm/extends.js] 397 bytes {messaging} {merchant} [built]
[./node_modules/core-js-pure/stable/array/from.js] 70 bytes {messaging} {merchant} [built]
    ModuleConcatenation bailout: Module is not an ECMAScript module
[./node_modules/core-js-pure/stable/object/entries.js] 74 bytes {messaging} {merchant} [built]
    ModuleConcatenation bailout: Module is not an ECMAScript module
[./node_modules/core-js-pure/stable/string/starts-with.js] 78 bytes {messaging} {merchant} [built]
    ModuleConcatenation bailout: Module is not an ECMAScript module
[./node_modules/webpack-dev-server/client/index.js?http://localhost.paypal.com:8080] (webpack)-dev-server/client?http://localhost.paypal.com:8080 4.29 KiB {messaging} {merchant} [built]
    ModuleConcatenation bailout: Module is not an ECMAScript module
[./node_modules/webpack-dev-server/client/overlay.js] (webpack)-dev-server/client/overlay.js 3.51 KiB {messaging} {merchant} [built]
    ModuleConcatenation bailout: Module is not an ECMAScript module
[./node_modules/webpack-dev-server/client/socket.js] (webpack)-dev-server/client/socket.js 1.53 KiB {messaging} {merchant} [built]
    ModuleConcatenation bailout: Module is not an ECMAScript module
[./node_modules/webpack-dev-server/client/utils/createSocketUrl.js] (webpack)-dev-server/client/utils/createSocketUrl.js 2.91 KiB {messaging} {merchant} [built]
    ModuleConcatenation bailout: Module is not an ECMAScript module
[./node_modules/webpack-dev-server/client/utils/log.js] (webpack)-dev-server/client/utils/log.js 964 bytes {messaging} {merchant} [built]
    ModuleConcatenation bailout: Module is not an ECMAScript module
[./node_modules/webpack-dev-server/client/utils/reloadApp.js] (webpack)-dev-server/client/utils/reloadApp.js 1.59 KiB {messaging} {merchant} [built]
    ModuleConcatenation bailout: Module is not an ECMAScript module
[./node_modules/webpack-dev-server/client/utils/sendMessage.js] (webpack)-dev-server/client/utils/sendMessage.js 402 bytes {messaging} {merchant} [built]
    ModuleConcatenation bailout: Module is not an ECMAScript module
[./src/index.js] 161 bytes {messaging} [built]
    ModuleConcatenation bailout: Module is referenced from these modules with unsupported syntax: multi (webpack)-dev-server/client?http://localhost.paypal.com:8080 ./src/index.js (referenced with single entry)
[./src/legacy/index.js] ./src/legacy/index.js + 2 modules 17.4 KiB {merchant} [built]
    ModuleConcatenation bailout: Cannot concat with ./node_modules/@babel/runtime/helpers/esm/extends.js
    ModuleConcatenation bailout: Cannot concat with ./node_modules/core-js-pure/stable/array/find.js (<- Module is not an ECMAScript module)
    ModuleConcatenation bailout: Cannot concat with ./node_modules/core-js-pure/stable/array/from.js (<- Module is not an ECMAScript module)
    ModuleConcatenation bailout: Cannot concat with ./node_modules/core-js-pure/stable/array/includes.js (<- Module is not an ECMAScript module)
    ModuleConcatenation bailout: Cannot concat with ./node_modules/core-js-pure/stable/object/entries.js (<- Module is not an ECMAScript module)
    ModuleConcatenation bailout: Cannot concat with ./node_modules/core-js-pure/stable/string/starts-with.js (<- Module is not an ECMAScript module)
    ModuleConcatenation bailout: Cannot concat with ./src/interface/messages.js
    ModuleConcatenation bailout: Cannot concat with ./src/messages/services/logger/index.js
    ModuleConcatenation bailout: Cannot concat with ./src/utils/index.js
    | ./src/legacy/index.js 10.2 KiB [built]
    |     ModuleConcatenation bailout: Module is referenced from these modules with unsupported syntax: multi (webpack)-dev-server/client?http://localhost.paypal.com:8080 ./src/legacy/index.js (referenced with single entry)
    | ./src/legacy/toNewPipeline.js 4.02 KiB [built]
    | ./src/legacy/map.js 3.14 KiB [built]
    + 154 hidden modules
[34mâ„¹[39m [90mï½¢wdmï½£[39m: Compiled successfully.

/home/travis/build/paypal/paypal-messaging-components/src/messages/models/Banner/index.js
  167:17  warning  Unexpected console statement  no-console
  178:17  warning  Unexpected console statement  no-console

/home/travis/build/paypal/paypal-messaging-components/src/messages/services/logger/index.js
  118:17  warning  Unexpected console statement  no-console
  125:9   warning  Unexpected console statement  no-console

/home/travis/build/paypal/paypal-messaging-components/utils/devServerProxy.js
  147:31  warning  Unexpected console statement  no-console

âœ– 5 problems (0 errors, 5 warnings)

travis_time:end:0992e740:start=1581363560450537745,finish=1581363580532133332,duration=20081595587,event=script[0K[32;1mThe command "npm run lint" exited with 0.[0m
travis_time:start:0bcabc40[0K$ npm run test

> @paypal/messaging-components@1.6.1 test /home/travis/build/paypal/paypal-messaging-components
> jest

PASS tests/unit/spec/src/messages/models/Container/events.test.js
PASS tests/unit/spec/src/utils/index.test.js
PASS tests/unit/spec/src/messages/models/Container/setSize.test.js
PASS tests/unit/spec/src/messages/models/Container/stats.test.js
PASS tests/unit/spec/src/messages/models/Banner/validateOptions.test.js
PASS tests/unit/spec/src/messages/models/Banner/index.test.js
PASS tests/unit/spec/src/messages/models/Container/insertMarkup.test.js
PASS tests/unit/spec/src/messages/models/Container/index.test.js
PASS tests/unit/spec/src/modal/lib/hooks/helpers.test.js
PASS tests/unit/spec/src/modal/lib/hooks/transitionState.test.js
PASS tests/unit/spec/src/messages/components/Modal/index.test.js
PASS tests/unit/spec/src/modal/lib/transition.test.js
PASS tests/unit/spec/src/modal/lib/hooks/calculator.test.js

Test Suites: 13 passed, 13 total
Tests:       6 todo, 49 passed, 55 total
Snapshots:   0 total
Time:        6.552s
Ran all test suites.
travis_time:end:0bcabc40:start=1581363580536636377,finish=1581363588077665767,duration=7541029390,event=script[0K[32;1mThe command "npm run test" exited with 0.[0m
travis_time:start:0820c402[0K$ ./scripts/snapshot-tests/run-tests.sh

> @paypal/messaging-components@1.6.1 test:func /home/travis/build/paypal/paypal-messaging-components
> jest --projects tests/functional

PASS tests/functional/spec/US/text.test.js (108.398s)
PASS tests/functional/spec/DE/text.test.js (40.738s)
PASS tests/functional/spec/US/flex.test.js (118.808s)
PASS tests/functional/spec/DE/flex.test.js (52.417s)
PASS tests/functional/spec/US/legacy.test.js (35.809s)
{ HTTPError: Response code 403 (Forbidden)
    at EventEmitter.emitter.on (/home/travis/build/paypal/paypal-messaging-components/node_modules/got/source/as-promise.js:74:19)
    at process._tickCallback (internal/process/next_tick.js:68:7)
  name: 'HTTPError',
  host: 'www.paypal.com',
  hostname: 'www.paypal.com',
  method: 'GET',
  path:
   '/imadserver/upstream?pub_id=6QXSKQZUKASMW&dimensions=x215x80&currency_code=USD&format=HTML&presentation_types=HTML&ch=UPSTREAM&call=__PP.c6940038165950846000',
  socketPath: undefined,
  protocol: 'https:',
  url:
   'https://www.paypal.com/imadserver/upstream?pub_id=6QXSKQZUKASMW&dimensions=x215x80&currency_code=USD&format=HTML&presentation_types=HTML&ch=UPSTREAM&call=__PP.c6940038165950846000',
  gotOptions:
   { path:
      '/imadserver/upstream?pub_id=6QXSKQZUKASMW&dimensions=x215x80&currency_code=USD&format=HTML&presentation_types=HTML&ch=UPSTREAM&call=__PP.c6940038165950846000',
     protocol: 'https:',
     slashes: true,
     auth: null,
     host: 'www.paypal.com',
     port: null,
     hostname: 'www.paypal.com',
     hash: null,
     search:
      '?pub_id=6QXSKQZUKASMW&dimensions=x215x80&currency_code=USD&format=HTML&presentation_types=HTML&ch=UPSTREAM&call=__PP.c6940038165950846000',
     pathname: '/imadserver/upstream',
     href:
      'https://www.paypal.com/imadserver/upstream?pub_id=6QXSKQZUKASMW&dimensions=x215x80&currency_code=USD&format=HTML&presentation_types=HTML&ch=UPSTREAM&call=__PP.c6940038165950846000',
     retry:
      { retries: [Function],
        methods: [Set],
        statusCodes: [Set],
        errorCodes: [Set] },
     headers:
      { 'user-agent': 'got/9.6.0 (https://github.com/sindresorhus/got)',
        'accept-encoding': 'gzip, deflate' },
     hooks:
      { beforeRequest: [],
        beforeRedirect: [],
        beforeRetry: [],
        afterResponse: [],
        beforeError: [],
        init: [] },
     decompress: true,
     throwHttpErrors: true,
     followRedirect: true,
     stream: false,
     form: false,
     json: false,
     cache: false,
     useElectronNet: false,
     method: 'GET' },
  statusCode: 403,
  statusMessage: 'Forbidden',
  headers:
   { server: 'BigIP',
     'content-length': '0',
     dc: 'phx-origin-www-2.paypal.com',
     'x-edgeconnect-midmile-rtt': '56',
     'x-edgeconnect-origin-mex-latency': '12',
     date: 'Mon, 10 Feb 2020 19:45:46 GMT',
     connection: 'close',
     'set-cookie':
      [ 'akavpau_ppsd=1581364546~id=36c7f99c4b96efce6fb974c8f71acfd4; Domain=www.paypal.com; Path=/; HttpOnly; Secure; SameSite=None' ],
     'strict-transport-security': 'max-age=63072000' },
  body: '' }
FAIL tests/functional/spec/US/custom.test.js
  â— US > custom â€º 

    Error: Request failed

      at XMLHttpRequest.m.ZalgoPromise.c.onreadystatechange (../../http:/localhost.paypal.com:8080/messaging.js:12864:31)
      at runBannerTest (spec/createBannerTest.js:60:9)
      at Suite.Object.<anonymous>.describe (spec/US/custom.test.js:12:5)

  â— US > custom â€º 

    Expected image to match or be a close match to snapshot but was 1.1225% different from snapshot (1347 differing pixels).
    [1m[31mSee diff for details:[39m[22m [31mtests/functional/snapshots/US/6QXSKQZUKASMW/custom/__diff_output__/-600-diff.png[39m

      77 | 
      78 |             const customSnapshotIdentifier = `${testNameParts.pop()}-${viewport.width}`;
    > 79 |             expect(image).toMatchImageSnapshot({
         |                           ^
      80 |                 customSnapshotsDir: ['./tests/functional/snapshots', ...testNameParts].join('/'),
      81 |                 customSnapshotIdentifier
      82 |             });

      at Object.test (spec/createBannerTest.js:79:27)

 â€º 1 snapshot failed.
Snapshot Summary
 â€º 1 snapshot failed from 1 test suite. Inspect your code changes or run `npm run test:func -- -u` to update them.

Test Suites: 1 failed, 5 passed, 6 total
Tests:       2 failed, 399 passed, 401 total
Snapshots:   1 failed, 401 passed, 402 total
Time:        358.587s
Ran all test suites.
npm ERR! code ELIFECYCLE
npm ERR! errno 1
npm ERR! @paypal/messaging-components@1.6.1 test:func: `jest --projects tests/functional`
npm ERR! Exit status 1
npm ERR! 
npm ERR! Failed at the @paypal/messaging-components@1.6.1 test:func script.
npm ERR! This is probably not a problem with npm. There is likely additional logging output above.

npm ERR! A complete log of this run can be found in:
npm ERR!     /home/travis/.npm/_logs/2020-02-10T19_45_48_004Z-debug.log
travis_time:end:0820c402:start=1581363588084030412,finish=1581363948023477882,duration=359939447470,event=script[0K[31;1mThe command "./scripts/snapshot-tests/run-tests.sh" exited with 1.[0m


Done. Your build exited with 1.
/home/travis/.travis/functions: line 536:  4403 Terminated              npm run dev:snapshot
