travis_fold:start:worker_info[0K[33;1mWorker information[0m
hostname: 42da430e-93ac-416f-ab6f-cb3375ee52e8@1.worker-org-689d9fcfd5-xsqnt.gce-production-1
version: v6.2.8 https://github.com/travis-ci/worker/tree/6d3048d96b26562be21fa1a8b8144f4c4cecd083
instance: travis-job-a129cfbf-09e0-4fd0-995b-57cedd23fde5 travis-ci-sardonyx-xenial-1553530528-f909ac5 (via amqp)
startup: 5.969779035s
travis_fold:end:worker_info[0Ktravis_time:start:0db4a014[0Ktravis_time:end:0db4a014:start=1586984773438685191,finish=1586984773577033849,duration=138348658,event=no_world_writable_dirs[0Ktravis_time:start:08ea8354[0Ktravis_time:end:08ea8354:start=1586984773580164902,finish=1586984773587786088,duration=7621186,event=agent[0Ktravis_time:start:22231ab8[0Ktravis_time:end:22231ab8:start=1586984773590580154,finish=1586984773592815231,duration=2235077,event=check_unsupported[0Ktravis_time:start:14270bec[0Ktravis_fold:start:system_info[0K[33;1mBuild system information[0m
Build language: node_js
Build dist: xenial
Build id: 675485562
Job id: 675485563
Runtime kernel version: 4.15.0-1028-gcp
travis-build version: dddf3090e
[34m[1mBuild image provisioning date and time[0m
Mon Mar 25 16:43:24 UTC 2019
[34m[1mOperating System Details[0m
Distributor ID:	Ubuntu
Description:	Ubuntu 16.04.6 LTS
Release:	16.04
Codename:	xenial
[34m[1mSystemd Version[0m
systemd 229
[34m[1mCookbooks Version[0m
42e42e4 https://github.com/travis-ci/travis-cookbooks/tree/42e42e4
[34m[1mgit version[0m
git version 2.21.0
[34m[1mbash version[0m
GNU bash, version 4.3.48(1)-release (x86_64-pc-linux-gnu)
[34m[1mgcc version[0m
gcc (Ubuntu 5.4.0-6ubuntu1~16.04.11) 5.4.0 20160609
[34m[1mdocker version[0m
Client:
 Version:           18.06.0-ce
 API version:       1.38
 Go version:        go1.10.3
 Git commit:        0ffa825
 Built:             Wed Jul 18 19:11:02 2018
 OS/Arch:           linux/amd64
 Experimental:      false

Server:
 Engine:
  Version:          18.06.0-ce
  API version:      1.38 (minimum version 1.12)
  Go version:       go1.10.3
  Git commit:       0ffa825
  Built:            Wed Jul 18 19:09:05 2018
  OS/Arch:          linux/amd64
  Experimental:     false
[34m[1mclang version[0m
clang version 7.0.0 (tags/RELEASE_700/final)
[34m[1mjq version[0m
jq-1.5
[34m[1mbats version[0m
Bats 0.4.0
[34m[1mshellcheck version[0m
0.6.0
[34m[1mshfmt version[0m
v2.6.3
[34m[1mccache version[0m
3.2.4
[34m[1mcmake version[0m
cmake version 3.12.4
[34m[1mheroku version[0m
heroku/7.22.7 linux-x64 node-v11.10.1
[34m[1mimagemagick version[0m
Version: ImageMagick 6.8.9-9 Q16 x86_64 2018-09-28 http://www.imagemagick.org
[34m[1mmd5deep version[0m
4.4
[34m[1mmercurial version[0m
version 4.8
[34m[1mmysql version[0m
mysql  Ver 14.14 Distrib 5.7.25, for Linux (x86_64) using  EditLine wrapper
[34m[1mopenssl version[0m
OpenSSL 1.0.2g  1 Mar 2016
[34m[1mpacker version[0m
1.3.3
[34m[1mpostgresql client version[0m
psql (PostgreSQL) 10.7 (Ubuntu 10.7-1.pgdg16.04+1)
[34m[1mragel version[0m
Ragel State Machine Compiler version 6.8 Feb 2013
[34m[1msudo version[0m
1.8.16
[34m[1mgzip version[0m
gzip 1.6
[34m[1mzip version[0m
Zip 3.0
[34m[1mvim version[0m
VIM - Vi IMproved 7.4 (2013 Aug 10, compiled Nov 24 2016 16:44:48)
[34m[1miptables version[0m
iptables v1.6.0
[34m[1mcurl version[0m
curl 7.47.0 (x86_64-pc-linux-gnu) libcurl/7.47.0 GnuTLS/3.4.10 zlib/1.2.8 libidn/1.32 librtmp/2.3
[34m[1mwget version[0m
GNU Wget 1.17.1 built on linux-gnu.
[34m[1mrsync version[0m
rsync  version 3.1.1  protocol version 31
[34m[1mgimme version[0m
v1.5.3
[34m[1mnvm version[0m
0.34.0
[34m[1mperlbrew version[0m
/home/travis/perl5/perlbrew/bin/perlbrew  - App::perlbrew/0.86
[34m[1mphpenv version[0m
rbenv 1.1.2
[34m[1mrvm version[0m
rvm 1.29.7 (latest) by Michal Papis, Piotr Kuczynski, Wayne E. Seguin [https://rvm.io]
[34m[1mdefault ruby version[0m
ruby 2.5.3p105 (2018-10-18 revision 65156) [x86_64-linux]
[34m[1mCouchDB version[0m
couchdb 1.6.1
[34m[1mElasticSearch version[0m
5.5.0
[34m[1mInstalled Firefox version[0m
firefox 63.0.1
[34m[1mMongoDB version[0m
MongoDB 4.0.7
[34m[1mPhantomJS version[0m
2.1.1
[34m[1mPre-installed PostgreSQL versions[0m
9.4.21
9.5.16
9.6.12
[34m[1mRedis version[0m
redis-server 5.0.4
[34m[1mPre-installed Go versions[0m
1.11.1
[34m[1mmvn version[0m
Apache Maven 3.6.0 (97c98ec64a1fdfee7767ce5ffb20918da4f719f3; 2018-10-24T18:41:47Z)
[34m[1mgradle version[0m
Gradle 4.10.2!
[34m[1mlein version[0m
Leiningen 2.9.1 on Java 11.0.2 OpenJDK 64-Bit Server VM
[34m[1mPre-installed Node.js versions[0m
v10.15.3
v11.0.0
v4.9.1
v6.17.0
v8.12.0
v8.15.1
v8.9
[34m[1mphpenv versions[0m
  system
  5.6
  5.6.40
  7.1
  7.1.27
  7.2
* 7.2.15 (set by /home/travis/.phpenv/version)
  hhvm
  hhvm-stable
[34m[1mcomposer --version[0m
Composer version 1.8.4 2019-02-11 10:52:10
[34m[1mPre-installed Ruby versions[0m
ruby-2.3.8
ruby-2.4.5
ruby-2.5.3
travis_fold:end:system_info[0K
travis_time:end:14270bec:start=1586984773595467535,finish=1586984773601182134,duration=5714599,event=show_system_info[0Ktravis_time:start:1d8c0236[0Ktravis_time:end:1d8c0236:start=1586984773604448737,finish=1586984773616856574,duration=12407837,event=rm_riak_source[0Ktravis_time:start:0b11fafd[0Ktravis_time:end:0b11fafd:start=1586984773620395358,finish=1586984773628606425,duration=8211067,event=fix_rwky_redis[0Ktravis_time:start:0025341f[0Ktravis_time:end:0025341f:start=1586984773632353434,finish=1586984774367437615,duration=735084181,event=wait_for_network[0Ktravis_time:start:11c4beb6[0Ktravis_time:end:11c4beb6:start=1586984774370699467,finish=1586984774559045652,duration=188346185,event=update_apt_keys[0Ktravis_time:start:1419ede4[0Ktravis_time:end:1419ede4:start=1586984774562252648,finish=1586984774613256013,duration=51003365,event=fix_hhvm_source[0Ktravis_time:start:06885e90[0Ktravis_time:end:06885e90:start=1586984774616587761,finish=1586984774619339369,duration=2751608,event=update_mongo_arch[0Ktravis_time:start:0ee31295[0Ktravis_time:end:0ee31295:start=1586984774622357581,finish=1586984774662576129,duration=40218548,event=fix_sudo_enabled_trusty[0Ktravis_time:start:037a1069[0Ktravis_time:end:037a1069:start=1586984774665866928,finish=1586984774668429435,duration=2562507,event=update_glibc[0Ktravis_time:start:18ee4aae[0Ktravis_time:end:18ee4aae:start=1586984774671331860,finish=1586984774678554282,duration=7222422,event=clean_up_path[0Ktravis_time:start:0577090c[0Ktravis_time:end:0577090c:start=1586984774681334777,finish=1586984774688828744,duration=7493967,event=fix_resolv_conf[0Ktravis_time:start:144b12c5[0Ktravis_time:end:144b12c5:start=1586984774691437926,finish=1586984774699802914,duration=8364988,event=fix_etc_hosts[0Ktravis_time:start:00e52164[0Ktravis_time:end:00e52164:start=1586984774702636696,finish=1586984774711947021,duration=9310325,event=fix_mvn_settings_xml[0Ktravis_time:start:0245630a[0Ktravis_time:end:0245630a:start=1586984774714804657,finish=1586984774723494416,duration=8689759,event=no_ipv6_localhost[0Ktravis_time:start:38fc2bc4[0Ktravis_time:end:38fc2bc4:start=1586984774726221027,finish=1586984774728310330,duration=2089303,event=fix_etc_mavenrc[0Ktravis_time:start:00240a3b[0Ktravis_time:end:00240a3b:start=1586984774730998460,finish=1586984774733893199,duration=2894739,event=fix_wwdr_certificate[0Ktravis_time:start:01a8d37a[0Ktravis_time:end:01a8d37a:start=1586984774736570232,finish=1586984774758639803,duration=22069571,event=put_localhost_first[0Ktravis_time:start:038172b4[0Ktravis_time:end:038172b4:start=1586984774761524960,finish=1586984774764152021,duration=2627061,event=home_paths[0Ktravis_time:start:205305a8[0Ktravis_time:end:205305a8:start=1586984774766935782,finish=1586984774778313542,duration=11377760,event=disable_initramfs[0Ktravis_time:start:04968108[0Ktravis_time:end:04968108:start=1586984774781085998,finish=1586984775041589207,duration=260503209,event=disable_ssh_roaming[0Ktravis_time:start:013b2e59[0Ktravis_time:end:013b2e59:start=1586984775044393465,finish=1586984775046460732,duration=2067267,event=debug_tools[0Ktravis_time:start:22ad3270[0Ktravis_time:end:22ad3270:start=1586984775049177777,finish=1586984775051846302,duration=2668525,event=uninstall_oclint[0Ktravis_time:start:1b4fc0b8[0Ktravis_time:end:1b4fc0b8:start=1586984775054586972,finish=1586984775057287658,duration=2700686,event=rvm_use[0Ktravis_time:start:0b10a9da[0Ktravis_time:end:0b10a9da:start=1586984775059870024,finish=1586984775066991734,duration=7121710,event=rm_etc_boto_cfg[0Ktravis_time:start:00114142[0Ktravis_time:end:00114142:start=1586984775069545491,finish=1586984775072094518,duration=2549027,event=rm_oraclejdk8_symlink[0Ktravis_time:start:0b45425c[0Ktravis_time:end:0b45425c:start=1586984775074880939,finish=1586984775170972483,duration=96091544,event=enable_i386[0Ktravis_time:start:312355c2[0Ktravis_time:end:312355c2:start=1586984775174085519,finish=1586984775180968441,duration=6882922,event=update_rubygems[0Ktravis_time:start:1e60d1af[0Ktravis_time:end:1e60d1af:start=1586984775184252428,finish=1586984775968892848,duration=784640420,event=ensure_path_components[0Ktravis_time:start:031dc8e6[0Ktravis_time:end:031dc8e6:start=1586984775972172624,finish=1586984775974472507,duration=2299883,event=redefine_curl[0Ktravis_time:start:02f98440[0Ktravis_time:end:02f98440:start=1586984775977308390,finish=1586984775979421989,duration=2113599,event=nonblock_pipe[0Ktravis_time:start:2600fa75[0Ktravis_time:end:2600fa75:start=1586984775982127638,finish=1586984782014828880,duration=6032701242,event=apt_get_update[0Ktravis_time:start:1f5cd2b1[0Ktravis_time:end:1f5cd2b1:start=1586984782018226214,finish=1586984782020368943,duration=2142729,event=deprecate_xcode_64[0Ktravis_time:start:0e4d9b34[0Ktravis_time:end:0e4d9b34:start=1586984782023194102,finish=1586984784435833584,duration=2412639482,event=update_heroku[0Ktravis_time:start:1a1be48e[0Ktravis_time:end:1a1be48e:start=1586984784438950825,finish=1586984784441087724,duration=2136899,event=shell_session_update[0Ktravis_time:start:0a7b992d[0Ktravis_fold:start:docker_mtu[0Ktravis_fold:end:docker_mtu[0Ktravis_time:end:0a7b992d:start=1586984784443868110,finish=1586984786694352699,duration=2250484589,event=set_docker_mtu[0Ktravis_time:start:093ca062[0Ktravis_fold:start:resolvconf[0Ktravis_fold:end:resolvconf[0Ktravis_time:end:093ca062:start=1586984786697905535,finish=1586984786763260974,duration=65355439,event=resolvconf[0Ktravis_time:start:12228a00[0Ktravis_time:end:12228a00:start=1586984786767912913,finish=1586984786894576687,duration=126663774,event=maven_central_mirror[0Ktravis_time:start:13ba8b88[0Ktravis_time:end:13ba8b88:start=1586984786897874914,finish=1586984786989854772,duration=91979858,event=maven_https[0Ktravis_time:start:096b1e94[0Ktravis_time:end:096b1e94:start=1586984786993404022,finish=1586984786995643487,duration=2239465,event=fix_ps4[0Ktravis_fold:start:install_chrome[0K$ export CHROME_SOURCE_URL=https://dl.google.com/dl/linux/direct/google-chrome-stable_current_amd64.deb
[33;1mInstalling Google Chrome stable[0m
travis_time:start:05472708[0K$ wget --no-verbose -O /tmp/$(basename $CHROME_SOURCE_URL) $CHROME_SOURCE_URL
2020-04-15 21:06:28 URL:https://dl.google.com/dl/linux/direct/google-chrome-stable_current_amd64.deb [67103130/67103130] -> "/tmp/google-chrome-stable_current_amd64.deb" [1]
travis_time:end:05472708:start=1586984787041324307,finish=1586984788272167000,duration=1230842693,event=prepare[0K(Reading database ... (Reading database ... 5%(Reading database ... 10%(Reading database ... 15%(Reading database ... 20%(Reading database ... 25%(Reading database ... 30%(Reading database ... 35%(Reading database ... 40%(Reading database ... 45%(Reading database ... 50%(Reading database ... 55%(Reading database ... 60%(Reading database ... 65%(Reading database ... 70%(Reading database ... 75%(Reading database ... 80%(Reading database ... 85%(Reading database ... 90%(Reading database ... 95%(Reading database ... 100%(Reading database ... 124189 files and directories currently installed.)
Preparing to unpack .../google-chrome-stable_current_amd64.deb ...
Unpacking google-chrome-stable (81.0.4044.113-1) over (73.0.3683.86-1) ...
Setting up google-chrome-stable (81.0.4044.113-1) ...
Processing triggers for mime-support (3.59ubuntu1) ...
Processing triggers for man-db (2.7.5-1) ...
travis_fold:end:install_chrome[0Ktravis_time:start:1844e572[0K
travis_fold:start:git.checkout[0Ktravis_time:start:0bbaeca5[0K$ git clone --depth=50 --branch=master https://github.com/paypal/paypal-smart-payment-buttons.git paypal/paypal-smart-payment-buttons
Cloning into 'paypal/paypal-smart-payment-buttons'...
remote: Enumerating objects: 544, done.[K
remote: Counting objects:   0% (1/544)[Kremote: Counting objects:   1% (6/544)[Kremote: Counting objects:   2% (11/544)[Kremote: Counting objects:   3% (17/544)[Kremote: Counting objects:   4% (22/544)[Kremote: Counting objects:   5% (28/544)[Kremote: Counting objects:   6% (33/544)[Kremote: Counting objects:   7% (39/544)[Kremote: Counting objects:   8% (44/544)[Kremote: Counting objects:   9% (49/544)[Kremote: Counting objects:  10% (55/544)[Kremote: Counting objects:  11% (60/544)[Kremote: Counting objects:  12% (66/544)[Kremote: Counting objects:  13% (71/544)[Kremote: Counting objects:  14% (77/544)[Kremote: Counting objects:  15% (82/544)[Kremote: Counting objects:  16% (88/544)[Kremote: Counting objects:  17% (93/544)[Kremote: Counting objects:  18% (98/544)[Kremote: Counting objects:  19% (104/544)[Kremote: Counting objects:  20% (109/544)[Kremote: Counting objects:  21% (115/544)[Kremote: Counting objects:  22% (120/544)[Kremote: Counting objects:  23% (126/544)[Kremote: Counting objects:  24% (131/544)[Kremote: Counting objects:  25% (136/544)[Kremote: Counting objects:  26% (142/544)[Kremote: Counting objects:  27% (147/544)[Kremote: Counting objects:  28% (153/544)[Kremote: Counting objects:  29% (158/544)[Kremote: Counting objects:  30% (164/544)[Kremote: Counting objects:  31% (169/544)[Kremote: Counting objects:  32% (175/544)[Kremote: Counting objects:  33% (180/544)[Kremote: Counting objects:  34% (185/544)[Kremote: Counting objects:  35% (191/544)[Kremote: Counting objects:  36% (196/544)[Kremote: Counting objects:  37% (202/544)[Kremote: Counting objects:  38% (207/544)[Kremote: Counting objects:  39% (213/544)[Kremote: Counting objects:  40% (218/544)[Kremote: Counting objects:  41% (224/544)[Kremote: Counting objects:  42% (229/544)[Kremote: Counting objects:  43% (234/544)[Kremote: Counting objects:  44% (240/544)[Kremote: Counting objects:  45% (245/544)[Kremote: Counting objects:  46% (251/544)[Kremote: Counting objects:  47% (256/544)[Kremote: Counting objects:  48% (262/544)[Kremote: Counting objects:  49% (267/544)[Kremote: Counting objects:  50% (272/544)[Kremote: Counting objects:  51% (278/544)[Kremote: Counting objects:  52% (283/544)[Kremote: Counting objects:  53% (289/544)[Kremote: Counting objects:  54% (294/544)[Kremote: Counting objects:  55% (300/544)[Kremote: Counting objects:  56% (305/544)[Kremote: Counting objects:  57% (311/544)[Kremote: Counting objects:  58% (316/544)[Kremote: Counting objects:  59% (321/544)[Kremote: Counting objects:  60% (327/544)[Kremote: Counting objects:  61% (332/544)[Kremote: Counting objects:  62% (338/544)[Kremote: Counting objects:  63% (343/544)[Kremote: Counting objects:  64% (349/544)[Kremote: Counting objects:  65% (354/544)[Kremote: Counting objects:  66% (360/544)[Kremote: Counting objects:  67% (365/544)[Kremote: Counting objects:  68% (370/544)[Kremote: Counting objects:  69% (376/544)[Kremote: Counting objects:  70% (381/544)[Kremote: Counting objects:  71% (387/544)[Kremote: Counting objects:  72% (392/544)[Kremote: Counting objects:  73% (398/544)[Kremote: Counting objects:  74% (403/544)[Kremote: Counting objects:  75% (408/544)[Kremote: Counting objects:  76% (414/544)[Kremote: Counting objects:  77% (419/544)[Kremote: Counting objects:  78% (425/544)[Kremote: Counting objects:  79% (430/544)[Kremote: Counting objects:  80% (436/544)[Kremote: Counting objects:  81% (441/544)[Kremote: Counting objects:  82% (447/544)[Kremote: Counting objects:  83% (452/544)[Kremote: Counting objects:  84% (457/544)[Kremote: Counting objects:  85% (463/544)[Kremote: Counting objects:  86% (468/544)[Kremote: Counting objects:  87% (474/544)[Kremote: Counting objects:  88% (479/544)[Kremote: Counting objects:  89% (485/544)[Kremote: Counting objects:  90% (490/544)[Kremote: Counting objects:  91% (496/544)[Kremote: Counting objects:  92% (501/544)[Kremote: Counting objects:  93% (506/544)[Kremote: Counting objects:  94% (512/544)[Kremote: Counting objects:  95% (517/544)[Kremote: Counting objects:  96% (523/544)[Kremote: Counting objects:  97% (528/544)[Kremote: Counting objects:  98% (534/544)[Kremote: Counting objects:  99% (539/544)[Kremote: Counting objects: 100% (544/544)[Kremote: Counting objects: 100% (544/544), done.[K
remote: Compressing objects:   0% (1/421)[Kremote: Compressing objects:   1% (5/421)[Kremote: Compressing objects:   2% (9/421)[Kremote: Compressing objects:   3% (13/421)[Kremote: Compressing objects:   4% (17/421)[Kremote: Compressing objects:   5% (22/421)[Kremote: Compressing objects:   6% (26/421)[Kremote: Compressing objects:   7% (30/421)[Kremote: Compressing objects:   8% (34/421)[Kremote: Compressing objects:   9% (38/421)[Kremote: Compressing objects:  10% (43/421)[Kremote: Compressing objects:  11% (47/421)[Kremote: Compressing objects:  12% (51/421)[Kremote: Compressing objects:  13% (55/421)[Kremote: Compressing objects:  14% (59/421)[Kremote: Compressing objects:  15% (64/421)[Kremote: Compressing objects:  16% (68/421)[Kremote: Compressing objects:  17% (72/421)[Kremote: Compressing objects:  18% (76/421)[Kremote: Compressing objects:  19% (80/421)[Kremote: Compressing objects:  20% (85/421)[Kremote: Compressing objects:  21% (89/421)[Kremote: Compressing objects:  22% (93/421)[Kremote: Compressing objects:  23% (97/421)[Kremote: Compressing objects:  24% (102/421)[Kremote: Compressing objects:  25% (106/421)[Kremote: Compressing objects:  26% (110/421)[Kremote: Compressing objects:  27% (114/421)[Kremote: Compressing objects:  28% (118/421)[Kremote: Compressing objects:  29% (123/421)[Kremote: Compressing objects:  30% (127/421)[Kremote: Compressing objects:  31% (131/421)[Kremote: Compressing objects:  32% (135/421)[Kremote: Compressing objects:  33% (139/421)[Kremote: Compressing objects:  34% (144/421)[Kremote: Compressing objects:  35% (148/421)[Kremote: Compressing objects:  36% (152/421)[Kremote: Compressing objects:  37% (156/421)[Kremote: Compressing objects:  38% (160/421)[Kremote: Compressing objects:  39% (165/421)[Kremote: Compressing objects:  40% (169/421)[Kremote: Compressing objects:  41% (173/421)[Kremote: Compressing objects:  42% (177/421)[Kremote: Compressing objects:  43% (182/421)[Kremote: Compressing objects:  44% (186/421)[Kremote: Compressing objects:  45% (190/421)[Kremote: Compressing objects:  46% (194/421)[Kremote: Compressing objects:  47% (198/421)[Kremote: Compressing objects:  48% (203/421)[Kremote: Compressing objects:  49% (207/421)[Kremote: Compressing objects:  50% (211/421)[Kremote: Compressing objects:  51% (215/421)[Kremote: Compressing objects:  52% (219/421)[Kremote: Compressing objects:  53% (224/421)[Kremote: Compressing objects:  54% (228/421)[Kremote: Compressing objects:  55% (232/421)[Kremote: Compressing objects:  56% (236/421)[Kremote: Compressing objects:  57% (240/421)[Kremote: Compressing objects:  58% (245/421)[Kremote: Compressing objects:  59% (249/421)[Kremote: Compressing objects:  60% (253/421)[Kremote: Compressing objects:  61% (257/421)[Kremote: Compressing objects:  62% (262/421)[Kremote: Compressing objects:  63% (266/421)[Kremote: Compressing objects:  64% (270/421)[Kremote: Compressing objects:  65% (274/421)[Kremote: Compressing objects:  66% (278/421)[Kremote: Compressing objects:  67% (283/421)[Kremote: Compressing objects:  68% (287/421)[Kremote: Compressing objects:  69% (291/421)[Kremote: Compressing objects:  70% (295/421)[Kremote: Compressing objects:  71% (299/421)[Kremote: Compressing objects:  72% (304/421)[Kremote: Compressing objects:  73% (308/421)[Kremote: Compressing objects:  74% (312/421)[Kremote: Compressing objects:  75% (316/421)[Kremote: Compressing objects:  76% (320/421)[Kremote: Compressing objects:  77% (325/421)[Kremote: Compressing objects:  78% (329/421)[Kremote: Compressing objects:  79% (333/421)[Kremote: Compressing objects:  80% (337/421)[Kremote: Compressing objects:  81% (342/421)[Kremote: Compressing objects:  82% (346/421)[Kremote: Compressing objects:  83% (350/421)[Kremote: Compressing objects:  84% (354/421)[Kremote: Compressing objects:  85% (358/421)[Kremote: Compressing objects:  86% (363/421)[Kremote: Compressing objects:  87% (367/421)[Kremote: Compressing objects:  88% (371/421)[Kremote: Compressing objects:  89% (375/421)[Kremote: Compressing objects:  90% (379/421)[Kremote: Compressing objects:  91% (384/421)[Kremote: Compressing objects:  92% (388/421)[Kremote: Compressing objects:  93% (392/421)[Kremote: Compressing objects:  94% (396/421)[Kremote: Compressing objects:  95% (400/421)[Kremote: Compressing objects:  96% (405/421)[Kremote: Compressing objects:  97% (409/421)[Kremote: Compressing objects:  98% (413/421)[Kremote: Compressing objects:  99% (417/421)[Kremote: Compressing objects: 100% (421/421)[Kremote: Compressing objects: 100% (421/421), done.[K
Receiving objects:   0% (1/544)   Receiving objects:   1% (6/544)   Receiving objects:   2% (11/544)   Receiving objects:   3% (17/544)   Receiving objects:   4% (22/544)   Receiving objects:   5% (28/544)   Receiving objects:   6% (33/544)   Receiving objects:   7% (39/544)   Receiving objects:   8% (44/544)   Receiving objects:   9% (49/544)   Receiving objects:  10% (55/544)   Receiving objects:  11% (60/544)   Receiving objects:  12% (66/544)   Receiving objects:  13% (71/544)   Receiving objects:  14% (77/544)   Receiving objects:  15% (82/544)   Receiving objects:  16% (88/544)   Receiving objects:  17% (93/544)   Receiving objects:  18% (98/544)   Receiving objects:  19% (104/544)   Receiving objects:  20% (109/544)   Receiving objects:  21% (115/544)   Receiving objects:  22% (120/544)   Receiving objects:  23% (126/544)   Receiving objects:  24% (131/544)   Receiving objects:  25% (136/544)   Receiving objects:  26% (142/544)   Receiving objects:  27% (147/544)   Receiving objects:  28% (153/544)   Receiving objects:  29% (158/544)   Receiving objects:  30% (164/544)   Receiving objects:  31% (169/544)   Receiving objects:  32% (175/544)   Receiving objects:  33% (180/544)   Receiving objects:  34% (185/544)   Receiving objects:  35% (191/544)   Receiving objects:  36% (196/544)   Receiving objects:  37% (202/544)   Receiving objects:  38% (207/544)   Receiving objects:  39% (213/544)   Receiving objects:  40% (218/544)   Receiving objects:  41% (224/544)   Receiving objects:  42% (229/544)   Receiving objects:  43% (234/544)   Receiving objects:  44% (240/544)   Receiving objects:  45% (245/544)   Receiving objects:  46% (251/544)   Receiving objects:  47% (256/544)   Receiving objects:  48% (262/544)   Receiving objects:  49% (267/544)   Receiving objects:  50% (272/544)   Receiving objects:  51% (278/544)   Receiving objects:  52% (283/544)   Receiving objects:  53% (289/544)   Receiving objects:  54% (294/544)   Receiving objects:  55% (300/544)   Receiving objects:  56% (305/544)   Receiving objects:  57% (311/544)   Receiving objects:  58% (316/544)   Receiving objects:  59% (321/544)   Receiving objects:  60% (327/544)   Receiving objects:  61% (332/544)   Receiving objects:  62% (338/544)   Receiving objects:  63% (343/544)   Receiving objects:  64% (349/544)   Receiving objects:  65% (354/544)   Receiving objects:  66% (360/544)   Receiving objects:  67% (365/544)   Receiving objects:  68% (370/544)   Receiving objects:  69% (376/544)   Receiving objects:  70% (381/544)   Receiving objects:  71% (387/544)   Receiving objects:  72% (392/544)   Receiving objects:  73% (398/544)   Receiving objects:  74% (403/544)   Receiving objects:  75% (408/544)   Receiving objects:  76% (414/544)   Receiving objects:  77% (419/544)   Receiving objects:  78% (425/544)   Receiving objects:  79% (430/544)   Receiving objects:  80% (436/544)   Receiving objects:  81% (441/544)   Receiving objects:  82% (447/544)   remote: Total 544 (delta 304), reused 285 (delta 115), pack-reused 0[K
Receiving objects:  83% (452/544)   Receiving objects:  84% (457/544)   Receiving objects:  85% (463/544)   Receiving objects:  86% (468/544)   Receiving objects:  87% (474/544)   Receiving objects:  88% (479/544)   Receiving objects:  89% (485/544)   Receiving objects:  90% (490/544)   Receiving objects:  91% (496/544)   Receiving objects:  92% (501/544)   Receiving objects:  93% (506/544)   Receiving objects:  94% (512/544)   Receiving objects:  95% (517/544)   Receiving objects:  96% (523/544)   Receiving objects:  97% (528/544)   Receiving objects:  98% (534/544)   Receiving objects:  99% (539/544)   Receiving objects: 100% (544/544)   Receiving objects: 100% (544/544), 936.88 KiB | 9.10 MiB/s, done.
Resolving deltas:   0% (0/304)   Resolving deltas:   4% (13/304)   Resolving deltas:   7% (23/304)   Resolving deltas:   9% (28/304)   Resolving deltas:  10% (32/304)   Resolving deltas:  26% (81/304)   Resolving deltas:  27% (83/304)   Resolving deltas:  28% (87/304)   Resolving deltas:  29% (90/304)   Resolving deltas:  31% (95/304)   Resolving deltas:  32% (98/304)   Resolving deltas:  33% (101/304)   Resolving deltas:  37% (115/304)   Resolving deltas:  38% (116/304)   Resolving deltas:  40% (124/304)   Resolving deltas:  49% (149/304)   Resolving deltas:  54% (165/304)   Resolving deltas:  55% (170/304)   Resolving deltas:  57% (175/304)   Resolving deltas:  62% (191/304)   Resolving deltas:  63% (194/304)   Resolving deltas:  64% (196/304)   Resolving deltas:  65% (198/304)   Resolving deltas:  66% (202/304)   Resolving deltas:  67% (204/304)   Resolving deltas:  68% (208/304)   Resolving deltas:  69% (210/304)   Resolving deltas:  71% (217/304)   Resolving deltas:  72% (219/304)   Resolving deltas:  75% (228/304)   Resolving deltas:  76% (232/304)   Resolving deltas:  77% (235/304)   Resolving deltas:  78% (240/304)   Resolving deltas:  79% (241/304)   Resolving deltas:  80% (244/304)   Resolving deltas:  81% (247/304)   Resolving deltas:  82% (250/304)   Resolving deltas:  83% (253/304)   Resolving deltas:  84% (256/304)   Resolving deltas:  85% (260/304)   Resolving deltas:  86% (262/304)   Resolving deltas:  88% (268/304)   Resolving deltas: 100% (304/304)   Resolving deltas: 100% (304/304), done.
travis_time:end:0bbaeca5:start=1586984796262184166,finish=1586984797669527661,duration=1407343495,event=checkout[0K$ cd paypal/paypal-smart-payment-buttons
$ git checkout -qf e72f6cbd4be3fde14b1399a50c4bacfdad7bb519
travis_fold:end:git.checkout[0K
travis_time:end:0bbaeca5:start=1586984796262184166,finish=1586984797700316963,duration=1438132797,event=checkout[0Ktravis_time:start:157e7e8c[0Ktravis_time:end:157e7e8c:start=1586984797703832491,finish=1586984797709986923,duration=6154432,event=env[0Ktravis_fold:start:nvm.install[0Ktravis_time:start:1beb821c[0K$ nvm install 10
Downloading and installing node v10.20.1...
Downloading https://nodejs.org/dist/v10.20.1/node-v10.20.1-linux-x64.tar.xz...
Computing checksum with sha256sum
Checksums matched!
Now using node v10.20.1 (npm v6.14.4)
travis_time:end:1beb821c:start=1586984798646517218,finish=1586984801507394853,duration=2860877635,event=setup[0Ktravis_fold:end:nvm.install[0K
$ node --version
v10.20.1
$ npm --version
6.14.4
$ nvm --version
0.35.3

travis_fold:start:install.npm[0Ktravis_time:start:004e0aa7[0K$ npm install 
[37;40mnpm[0m [0m[30;43mWARN[0m [0m[35mdeprecated[0m core-js@2.6.11: core-js@<3 is no longer maintained and not recommended for usage due to the number of issues. Please, upgrade your dependencies to the actual version of core-js@3.
[0m[37;40mnpm[0m [0m[30;43mWARN[0m [0m[35mdeprecated[0m request@2.88.2: request has been deprecated, see https://github.com/request/request/issues/3142
[0m[37;40mnpm[0m [0m[30;43mWARN[0m [0m[35mdeprecated[0m mkdirp@0.5.3: Legacy versions of mkdirp are no longer supported. Please update to mkdirp 1.x. (Note that the API surface has changed to use Promises in 1.x.)
[0m[37;40mnpm[0m [0m[30;43mWARN[0m [0m[35mdeprecated[0m request@2.81.0: request has been deprecated, see https://github.com/request/request/issues/3142
[0m[37;40mnpm[0m [0m[30;43mWARN[0m [0m[35mdeprecated[0m hawk@3.1.3: This module moved to @hapi/hawk. Please make sure to switch over as this distribution is no longer supported and may contain bugs and critical security issues.
[0m[37;40mnpm[0m [0m[30;43mWARN[0m [0m[35mdeprecated[0m boom@2.10.1: This version has been deprecated in accordance with the hapi support policy (hapi.im/support). Please upgrade to the latest version to get the best features, bug fixes, and security patches. If you are unable to upgrade at this time, paid support is available for older versions (hapi.im/commercial).
[0m[37;40mnpm[0m [0m[30;43mWARN[0m [0m[35mdeprecated[0m sntp@1.0.9: This module moved to @hapi/sntp. Please make sure to switch over as this distribution is no longer supported and may contain bugs and critical security issues.
[0m[37;40mnpm[0m [0m[30;43mWARN[0m [0m[35mdeprecated[0m cryptiles@2.0.5: This version has been deprecated in accordance with the hapi support policy (hapi.im/support). Please upgrade to the latest version to get the best features, bug fixes, and security patches. If you are unable to upgrade at this time, paid support is available for older versions (hapi.im/commercial).
[0m[37;40mnpm[0m [0m[30;43mWARN[0m [0m[35mdeprecated[0m hoek@2.16.3: This version has been deprecated in accordance with the hapi support policy (hapi.im/support). Please upgrade to the latest version to get the best features, bug fixes, and security patches. If you are unable to upgrade at this time, paid support is available for older versions (hapi.im/commercial).
[0m[37;40mnpm[0m [0m[30;43mWARN[0m [0m[35mdeprecated[0m left-pad@1.3.0: use String.prototype.padStart()
[0m[37;40mnpm[0m [0m[30;43mWARN[0m [0m[35mdeprecated[0m socks@1.1.10: If using 2.x branch, please upgrade to at least 2.1.6 to avoid a serious bug with socket data flow and an import issue introduced in 2.1.0
[0m
> node-sass@4.13.1 install /home/travis/build/paypal/paypal-smart-payment-buttons/node_modules/node-sass
> node scripts/install.js

Downloading binary from https://github.com/sass/node-sass/releases/download/v4.13.1/linux-x64-64_binding.node
Download complete
Binary saved to /home/travis/build/paypal/paypal-smart-payment-buttons/node_modules/node-sass/vendor/linux-x64-64/binding.node
Caching binary to /home/travis/.npm/node-sass/4.13.1/linux-x64-64_binding.node

> core-js@2.6.11 postinstall /home/travis/build/paypal/paypal-smart-payment-buttons/node_modules/@babel/polyfill/node_modules/core-js
> node -e "try{require('./postinstall')}catch(e){}"


> core-js@2.6.11 postinstall /home/travis/build/paypal/paypal-smart-payment-buttons/node_modules/babel-runtime/node_modules/core-js
> node -e "try{require('./postinstall')}catch(e){}"


> core-js@3.6.5 postinstall /home/travis/build/paypal/paypal-smart-payment-buttons/node_modules/core-js
> node -e "try{require('./postinstall')}catch(e){}"


> core-js-pure@3.6.5 postinstall /home/travis/build/paypal/paypal-smart-payment-buttons/node_modules/core-js-pure
> node -e "try{require('./postinstall')}catch(e){}"


> ejs@2.7.4 postinstall /home/travis/build/paypal/paypal-smart-payment-buttons/node_modules/ejs
> node ./postinstall.js


> node-sass@4.13.1 postinstall /home/travis/build/paypal/paypal-smart-payment-buttons/node_modules/node-sass
> node scripts/build.js

Binary found at /home/travis/build/paypal/paypal-smart-payment-buttons/node_modules/node-sass/vendor/linux-x64-64/binding.node
Testing binary
Binary is fine
[37;40mnpm[0m [0m[30;43mWARN[0m [0m[35mprepublish-on-install[0m As of npm@5, `prepublish` scripts are deprecated.
[0m[37;40mnpm[0m [0m[30;43mWARN[0m [0m[35mprepublish-on-install[0m Use `prepare` for build steps and `prepublishOnly` for upload-only.
[0m[37;40mnpm[0m [0m[30;43mWARN[0m [0m[35mprepublish-on-install[0m See the deprecation note in `npm help scripts` for more information.
[0m
> @paypal/smart-payment-buttons@2.0.228 prepublish /home/travis/build/paypal/paypal-smart-payment-buttons
> in-publish && npm run babel || not-in-publish

[37;40mnpm[0m [0m[30;43mWARN[0m [0m[35moptional[0m SKIPPING OPTIONAL DEPENDENCY: fsevents@^1.2.7 (node_modules/chokidar/node_modules/fsevents):
[0m[37;40mnpm[0m [0m[30;43mWARN[0m [0m[35mnotsup[0m SKIPPING OPTIONAL DEPENDENCY: Unsupported platform for fsevents@1.2.12: wanted {"os":"darwin","arch":"any"} (current: {"os":"linux","arch":"x64"})
[0m[37;40mnpm[0m [0m[30;43mWARN[0m [0m[35moptional[0m SKIPPING OPTIONAL DEPENDENCY: fsevents@~2.1.2 (node_modules/karma/node_modules/chokidar/node_modules/fsevents):
[0m[37;40mnpm[0m [0m[30;43mWARN[0m [0m[35mnotsup[0m SKIPPING OPTIONAL DEPENDENCY: Unsupported platform for fsevents@2.1.2: wanted {"os":"darwin","arch":"any"} (current: {"os":"linux","arch":"x64"})
[0m[37;40mnpm[0m [0m[30;43mWARN[0m [0m[35moptional[0m SKIPPING OPTIONAL DEPENDENCY: fsevents@~2.1.1 (node_modules/mocha/node_modules/chokidar/node_modules/fsevents):
[0m[37;40mnpm[0m [0m[30;43mWARN[0m [0m[35mnotsup[0m SKIPPING OPTIONAL DEPENDENCY: Unsupported platform for fsevents@2.1.2: wanted {"os":"darwin","arch":"any"} (current: {"os":"linux","arch":"x64"})
[0m[37;40mnpm[0m [0m[30;43mWARN[0m[35m[0m karma-sinon-chai@2.0.2 requires a peer of chai@>=3.5.0 but none is installed. You must install peer dependencies yourself.
[0m[37;40mnpm[0m [0m[30;43mWARN[0m[35m[0m karma-sinon-chai@2.0.2 requires a peer of sinon@>=2.1.0 but none is installed. You must install peer dependencies yourself.
[0m[37;40mnpm[0m [0m[30;43mWARN[0m[35m[0m karma-sinon-chai@2.0.2 requires a peer of sinon-chai@>=2.9.0 but none is installed. You must install peer dependencies yourself.
[0m[37;40mnpm[0m [0m[30;43mWARN[0m[35m[0m @paypal/smart-payment-buttons@2.0.228 license should be a valid SPDX license expression
[0m[37;40mnpm[0m [0m[30;43mWARN[0m [0m[35moptional[0m SKIPPING OPTIONAL DEPENDENCY: abbrev@1.1.1 (node_modules/fsevents/node_modules/abbrev):
[0m[37;40mnpm[0m [0m[30;43mWARN[0m [0m[35menoent[0m SKIPPING OPTIONAL DEPENDENCY: ENOENT: no such file or directory, rename '/home/travis/build/paypal/paypal-smart-payment-buttons/node_modules/fsevents/node_modules/abbrev' -> '/home/travis/build/paypal/paypal-smart-payment-buttons/node_modules/fsevents/node_modules/.abbrev.DELETE'
[0m[37;40mnpm[0m [0m[30;43mWARN[0m [0m[35moptional[0m SKIPPING OPTIONAL DEPENDENCY: ansi-regex@2.1.1 (node_modules/fsevents/node_modules/ansi-regex):
[0m[37;40mnpm[0m [0m[30;43mWARN[0m [0m[35menoent[0m SKIPPING OPTIONAL DEPENDENCY: ENOENT: no such file or directory, rename '/home/travis/build/paypal/paypal-smart-payment-buttons/node_modules/fsevents/node_modules/ansi-regex' -> '/home/travis/build/paypal/paypal-smart-payment-buttons/node_modules/fsevents/node_modules/.ansi-regex.DELETE'
[0m[37;40mnpm[0m [0m[30;43mWARN[0m [0m[35moptional[0m SKIPPING OPTIONAL DEPENDENCY: aproba@1.2.0 (node_modules/fsevents/node_modules/aproba):
[0m[37;40mnpm[0m [0m[30;43mWARN[0m [0m[35menoent[0m SKIPPING OPTIONAL DEPENDENCY: ENOENT: no such file or directory, rename '/home/travis/build/paypal/paypal-smart-payment-buttons/node_modules/fsevents/node_modules/aproba' -> '/home/travis/build/paypal/paypal-smart-payment-buttons/node_modules/fsevents/node_modules/.aproba.DELETE'
[0m[37;40mnpm[0m [0m[30;43mWARN[0m [0m[35moptional[0m SKIPPING OPTIONAL DEPENDENCY: balanced-match@1.0.0 (node_modules/fsevents/node_modules/balanced-match):
[0m[37;40mnpm[0m [0m[30;43mWARN[0m [0m[35menoent[0m SKIPPING OPTIONAL DEPENDENCY: ENOENT: no such file or directory, rename '/home/travis/build/paypal/paypal-smart-payment-buttons/node_modules/fsevents/node_modules/balanced-match' -> '/home/travis/build/paypal/paypal-smart-payment-buttons/node_modules/fsevents/node_modules/.balanced-match.DELETE'
[0m[37;40mnpm[0m [0m[30;43mWARN[0m [0m[35moptional[0m SKIPPING OPTIONAL DEPENDENCY: chownr@1.1.4 (node_modules/fsevents/node_modules/chownr):
[0m[37;40mnpm[0m [0m[30;43mWARN[0m [0m[35menoent[0m SKIPPING OPTIONAL DEPENDENCY: ENOENT: no such file or directory, rename '/home/travis/build/paypal/paypal-smart-payment-buttons/node_modules/fsevents/node_modules/chownr' -> '/home/travis/build/paypal/paypal-smart-payment-buttons/node_modules/fsevents/node_modules/.chownr.DELETE'
[0m[37;40mnpm[0m [0m[30;43mWARN[0m [0m[35moptional[0m SKIPPING OPTIONAL DEPENDENCY: code-point-at@1.1.0 (node_modules/fsevents/node_modules/code-point-at):
[0m[37;40mnpm[0m [0m[30;43mWARN[0m [0m[35menoent[0m SKIPPING OPTIONAL DEPENDENCY: ENOENT: no such file or directory, rename '/home/travis/build/paypal/paypal-smart-payment-buttons/node_modules/fsevents/node_modules/code-point-at' -> '/home/travis/build/paypal/paypal-smart-payment-buttons/node_modules/fsevents/node_modules/.code-point-at.DELETE'
[0m[37;40mnpm[0m [0m[30;43mWARN[0m [0m[35moptional[0m SKIPPING OPTIONAL DEPENDENCY: concat-map@0.0.1 (node_modules/fsevents/node_modules/concat-map):
[0m[37;40mnpm[0m [0m[30;43mWARN[0m [0m[35menoent[0m SKIPPING OPTIONAL DEPENDENCY: ENOENT: no such file or directory, rename '/home/travis/build/paypal/paypal-smart-payment-buttons/node_modules/fsevents/node_modules/concat-map' -> '/home/travis/build/paypal/paypal-smart-payment-buttons/node_modules/fsevents/node_modules/.concat-map.DELETE'
[0m[37;40mnpm[0m [0m[30;43mWARN[0m [0m[35moptional[0m SKIPPING OPTIONAL DEPENDENCY: console-control-strings@1.1.0 (node_modules/fsevents/node_modules/console-control-strings):
[0m[37;40mnpm[0m [0m[30;43mWARN[0m [0m[35menoent[0m SKIPPING OPTIONAL DEPENDENCY: ENOENT: no such file or directory, rename '/home/travis/build/paypal/paypal-smart-payment-buttons/node_modules/fsevents/node_modules/console-control-strings' -> '/home/travis/build/paypal/paypal-smart-payment-buttons/node_modules/fsevents/node_modules/.console-control-strings.DELETE'
[0m[37;40mnpm[0m [0m[30;43mWARN[0m [0m[35moptional[0m SKIPPING OPTIONAL DEPENDENCY: core-util-is@1.0.2 (node_modules/fsevents/node_modules/core-util-is):
[0m[37;40mnpm[0m [0m[30;43mWARN[0m [0m[35menoent[0m SKIPPING OPTIONAL DEPENDENCY: ENOENT: no such file or directory, rename '/home/travis/build/paypal/paypal-smart-payment-buttons/node_modules/fsevents/node_modules/core-util-is' -> '/home/travis/build/paypal/paypal-smart-payment-buttons/node_modules/fsevents/node_modules/.core-util-is.DELETE'
[0m[37;40mnpm[0m [0m[30;43mWARN[0m [0m[35moptional[0m SKIPPING OPTIONAL DEPENDENCY: deep-extend@0.6.0 (node_modules/fsevents/node_modules/deep-extend):
[0m[37;40mnpm[0m [0m[30;43mWARN[0m [0m[35menoent[0m SKIPPING OPTIONAL DEPENDENCY: ENOENT: no such file or directory, rename '/home/travis/build/paypal/paypal-smart-payment-buttons/node_modules/fsevents/node_modules/deep-extend' -> '/home/travis/build/paypal/paypal-smart-payment-buttons/node_modules/fsevents/node_modules/.deep-extend.DELETE'
[0m[37;40mnpm[0m [0m[30;43mWARN[0m [0m[35moptional[0m SKIPPING OPTIONAL DEPENDENCY: delegates@1.0.0 (node_modules/fsevents/node_modules/delegates):
[0m[37;40mnpm[0m [0m[30;43mWARN[0m [0m[35menoent[0m SKIPPING OPTIONAL DEPENDENCY: ENOENT: no such file or directory, rename '/home/travis/build/paypal/paypal-smart-payment-buttons/node_modules/fsevents/node_modules/delegates' -> '/home/travis/build/paypal/paypal-smart-payment-buttons/node_modules/fsevents/node_modules/.delegates.DELETE'
[0m[37;40mnpm[0m [0m[30;43mWARN[0m [0m[35moptional[0m SKIPPING OPTIONAL DEPENDENCY: detect-libc@1.0.3 (node_modules/fsevents/node_modules/detect-libc):
[0m[37;40mnpm[0m [0m[30;43mWARN[0m [0m[35menoent[0m SKIPPING OPTIONAL DEPENDENCY: ENOENT: no such file or directory, rename '/home/travis/build/paypal/paypal-smart-payment-buttons/node_modules/fsevents/node_modules/detect-libc' -> '/home/travis/build/paypal/paypal-smart-payment-buttons/node_modules/fsevents/node_modules/.detect-libc.DELETE'
[0m[37;40mnpm[0m [0m[30;43mWARN[0m [0m[35moptional[0m SKIPPING OPTIONAL DEPENDENCY: fs.realpath@1.0.0 (node_modules/fsevents/node_modules/fs.realpath):
[0m[37;40mnpm[0m [0m[30;43mWARN[0m [0m[35menoent[0m SKIPPING OPTIONAL DEPENDENCY: ENOENT: no such file or directory, rename '/home/travis/build/paypal/paypal-smart-payment-buttons/node_modules/fsevents/node_modules/fs.realpath' -> '/home/travis/build/paypal/paypal-smart-payment-buttons/node_modules/fsevents/node_modules/.fs.realpath.DELETE'
[0m[37;40mnpm[0m [0m[30;43mWARN[0m [0m[35moptional[0m SKIPPING OPTIONAL DEPENDENCY: has-unicode@2.0.1 (node_modules/fsevents/node_modules/has-unicode):
[0m[37;40mnpm[0m [0m[30;43mWARN[0m [0m[35menoent[0m SKIPPING OPTIONAL DEPENDENCY: ENOENT: no such file or directory, rename '/home/travis/build/paypal/paypal-smart-payment-buttons/node_modules/fsevents/node_modules/has-unicode' -> '/home/travis/build/paypal/paypal-smart-payment-buttons/node_modules/fsevents/node_modules/.has-unicode.DELETE'
[0m[37;40mnpm[0m [0m[30;43mWARN[0m [0m[35moptional[0m SKIPPING OPTIONAL DEPENDENCY: inherits@2.0.4 (node_modules/fsevents/node_modules/inherits):
[0m[37;40mnpm[0m [0m[30;43mWARN[0m [0m[35menoent[0m SKIPPING OPTIONAL DEPENDENCY: ENOENT: no such file or directory, rename '/home/travis/build/paypal/paypal-smart-payment-buttons/node_modules/fsevents/node_modules/inherits' -> '/home/travis/build/paypal/paypal-smart-payment-buttons/node_modules/fsevents/node_modules/.inherits.DELETE'
[0m[37;40mnpm[0m [0m[30;43mWARN[0m [0m[35moptional[0m SKIPPING OPTIONAL DEPENDENCY: ini@1.3.5 (node_modules/fsevents/node_modules/ini):
[0m[37;40mnpm[0m [0m[30;43mWARN[0m [0m[35menoent[0m SKIPPING OPTIONAL DEPENDENCY: ENOENT: no such file or directory, rename '/home/travis/build/paypal/paypal-smart-payment-buttons/node_modules/fsevents/node_modules/ini' -> '/home/travis/build/paypal/paypal-smart-payment-buttons/node_modules/fsevents/node_modules/.ini.DELETE'
[0m[37;40mnpm[0m [0m[30;43mWARN[0m [0m[35moptional[0m SKIPPING OPTIONAL DEPENDENCY: isarray@1.0.0 (node_modules/fsevents/node_modules/isarray):
[0m[37;40mnpm[0m [0m[30;43mWARN[0m [0m[35menoent[0m SKIPPING OPTIONAL DEPENDENCY: ENOENT: no such file or directory, rename '/home/travis/build/paypal/paypal-smart-payment-buttons/node_modules/fsevents/node_modules/isarray' -> '/home/travis/build/paypal/paypal-smart-payment-buttons/node_modules/fsevents/node_modules/.isarray.DELETE'
[0m[37;40mnpm[0m [0m[30;43mWARN[0m [0m[35moptional[0m SKIPPING OPTIONAL DEPENDENCY: minimist@1.2.5 (node_modules/fsevents/node_modules/minimist):
[0m[37;40mnpm[0m [0m[30;43mWARN[0m [0m[35menoent[0m SKIPPING OPTIONAL DEPENDENCY: ENOENT: no such file or directory, rename '/home/travis/build/paypal/paypal-smart-payment-buttons/node_modules/fsevents/node_modules/minimist' -> '/home/travis/build/paypal/paypal-smart-payment-buttons/node_modules/fsevents/node_modules/.minimist.DELETE'
[0m[37;40mnpm[0m [0m[30;43mWARN[0m [0m[35moptional[0m SKIPPING OPTIONAL DEPENDENCY: ms@2.1.2 (node_modules/fsevents/node_modules/ms):
[0m[37;40mnpm[0m [0m[30;43mWARN[0m [0m[35menoent[0m SKIPPING OPTIONAL DEPENDENCY: ENOENT: no such file or directory, rename '/home/travis/build/paypal/paypal-smart-payment-buttons/node_modules/fsevents/node_modules/ms' -> '/home/travis/build/paypal/paypal-smart-payment-buttons/node_modules/fsevents/node_modules/.ms.DELETE'
[0m[37;40mnpm[0m [0m[30;43mWARN[0m [0m[35moptional[0m SKIPPING OPTIONAL DEPENDENCY: npm-normalize-package-bin@1.0.1 (node_modules/fsevents/node_modules/npm-normalize-package-bin):
[0m[37;40mnpm[0m [0m[30;43mWARN[0m [0m[35menoent[0m SKIPPING OPTIONAL DEPENDENCY: ENOENT: no such file or directory, rename '/home/travis/build/paypal/paypal-smart-payment-buttons/node_modules/fsevents/node_modules/npm-normalize-package-bin' -> '/home/travis/build/paypal/paypal-smart-payment-buttons/node_modules/fsevents/node_modules/.npm-normalize-package-bin.DELETE'
[0m[37;40mnpm[0m [0m[30;43mWARN[0m [0m[35moptional[0m SKIPPING OPTIONAL DEPENDENCY: number-is-nan@1.0.1 (node_modules/fsevents/node_modules/number-is-nan):
[0m[37;40mnpm[0m [0m[30;43mWARN[0m [0m[35menoent[0m SKIPPING OPTIONAL DEPENDENCY: ENOENT: no such file or directory, rename '/home/travis/build/paypal/paypal-smart-payment-buttons/node_modules/fsevents/node_modules/number-is-nan' -> '/home/travis/build/paypal/paypal-smart-payment-buttons/node_modules/fsevents/node_modules/.number-is-nan.DELETE'
[0m[37;40mnpm[0m [0m[30;43mWARN[0m [0m[35moptional[0m SKIPPING OPTIONAL DEPENDENCY: object-assign@4.1.1 (node_modules/fsevents/node_modules/object-assign):
[0m[37;40mnpm[0m [0m[30;43mWARN[0m [0m[35menoent[0m SKIPPING OPTIONAL DEPENDENCY: ENOENT: no such file or directory, rename '/home/travis/build/paypal/paypal-smart-payment-buttons/node_modules/fsevents/node_modules/object-assign' -> '/home/travis/build/paypal/paypal-smart-payment-buttons/node_modules/fsevents/node_modules/.object-assign.DELETE'
[0m[37;40mnpm[0m [0m[30;43mWARN[0m [0m[35moptional[0m SKIPPING OPTIONAL DEPENDENCY: os-homedir@1.0.2 (node_modules/fsevents/node_modules/os-homedir):
[0m[37;40mnpm[0m [0m[30;43mWARN[0m [0m[35menoent[0m SKIPPING OPTIONAL DEPENDENCY: ENOENT: no such file or directory, rename '/home/travis/build/paypal/paypal-smart-payment-buttons/node_modules/fsevents/node_modules/os-homedir' -> '/home/travis/build/paypal/paypal-smart-payment-buttons/node_modules/fsevents/node_modules/.os-homedir.DELETE'
[0m[37;40mnpm[0m [0m[30;43mWARN[0m [0m[35moptional[0m SKIPPING OPTIONAL DEPENDENCY: os-tmpdir@1.0.2 (node_modules/fsevents/node_modules/os-tmpdir):
[0m[37;40mnpm[0m [0m[30;43mWARN[0m [0m[35menoent[0m SKIPPING OPTIONAL DEPENDENCY: ENOENT: no such file or directory, rename '/home/travis/build/paypal/paypal-smart-payment-buttons/node_modules/fsevents/node_modules/os-tmpdir' -> '/home/travis/build/paypal/paypal-smart-payment-buttons/node_modules/fsevents/node_modules/.os-tmpdir.DELETE'
[0m[37;40mnpm[0m [0m[30;43mWARN[0m [0m[35moptional[0m SKIPPING OPTIONAL DEPENDENCY: path-is-absolute@1.0.1 (node_modules/fsevents/node_modules/path-is-absolute):
[0m[37;40mnpm[0m [0m[30;43mWARN[0m [0m[35menoent[0m SKIPPING OPTIONAL DEPENDENCY: ENOENT: no such file or directory, rename '/home/travis/build/paypal/paypal-smart-payment-buttons/node_modules/fsevents/node_modules/path-is-absolute' -> '/home/travis/build/paypal/paypal-smart-payment-buttons/node_modules/fsevents/node_modules/.path-is-absolute.DELETE'
[0m[37;40mnpm[0m [0m[30;43mWARN[0m [0m[35moptional[0m SKIPPING OPTIONAL DEPENDENCY: process-nextick-args@2.0.1 (node_modules/fsevents/node_modules/process-nextick-args):
[0m[37;40mnpm[0m [0m[30;43mWARN[0m [0m[35menoent[0m SKIPPING OPTIONAL DEPENDENCY: ENOENT: no such file or directory, rename '/home/travis/build/paypal/paypal-smart-payment-buttons/node_modules/fsevents/node_modules/process-nextick-args' -> '/home/travis/build/paypal/paypal-smart-payment-buttons/node_modules/fsevents/node_modules/.process-nextick-args.DELETE'
[0m[37;40mnpm[0m [0m[30;43mWARN[0m [0m[35moptional[0m SKIPPING OPTIONAL DEPENDENCY: safe-buffer@5.1.2 (node_modules/fsevents/node_modules/safe-buffer):
[0m[37;40mnpm[0m [0m[30;43mWARN[0m [0m[35menoent[0m SKIPPING OPTIONAL DEPENDENCY: ENOENT: no such file or directory, rename '/home/travis/build/paypal/paypal-smart-payment-buttons/node_modules/fsevents/node_modules/safe-buffer' -> '/home/travis/build/paypal/paypal-smart-payment-buttons/node_modules/fsevents/node_modules/.safe-buffer.DELETE'
[0m[37;40mnpm[0m [0m[30;43mWARN[0m [0m[35moptional[0m SKIPPING OPTIONAL DEPENDENCY: safer-buffer@2.1.2 (node_modules/fsevents/node_modules/safer-buffer):
[0m[37;40mnpm[0m [0m[30;43mWARN[0m [0m[35menoent[0m SKIPPING OPTIONAL DEPENDENCY: ENOENT: no such file or directory, rename '/home/travis/build/paypal/paypal-smart-payment-buttons/node_modules/fsevents/node_modules/safer-buffer' -> '/home/travis/build/paypal/paypal-smart-payment-buttons/node_modules/fsevents/node_modules/.safer-buffer.DELETE'
[0m[37;40mnpm[0m [0m[30;43mWARN[0m [0m[35moptional[0m SKIPPING OPTIONAL DEPENDENCY: sax@1.2.4 (node_modules/fsevents/node_modules/sax):
[0m[37;40mnpm[0m [0m[30;43mWARN[0m [0m[35menoent[0m SKIPPING OPTIONAL DEPENDENCY: ENOENT: no such file or directory, rename '/home/travis/build/paypal/paypal-smart-payment-buttons/node_modules/fsevents/node_modules/sax' -> '/home/travis/build/paypal/paypal-smart-payment-buttons/node_modules/fsevents/node_modules/.sax.DELETE'
[0m[37;40mnpm[0m [0m[30;43mWARN[0m [0m[35moptional[0m SKIPPING OPTIONAL DEPENDENCY: semver@5.7.1 (node_modules/fsevents/node_modules/semver):
[0m[37;40mnpm[0m [0m[30;43mWARN[0m [0m[35menoent[0m SKIPPING OPTIONAL DEPENDENCY: ENOENT: no such file or directory, rename '/home/travis/build/paypal/paypal-smart-payment-buttons/node_modules/fsevents/node_modules/semver' -> '/home/travis/build/paypal/paypal-smart-payment-buttons/node_modules/fsevents/node_modules/.semver.DELETE'
[0m[37;40mnpm[0m [0m[30;43mWARN[0m [0m[35moptional[0m SKIPPING OPTIONAL DEPENDENCY: set-blocking@2.0.0 (node_modules/fsevents/node_modules/set-blocking):
[0m[37;40mnpm[0m [0m[30;43mWARN[0m [0m[35menoent[0m SKIPPING OPTIONAL DEPENDENCY: ENOENT: no such file or directory, rename '/home/travis/build/paypal/paypal-smart-payment-buttons/node_modules/fsevents/node_modules/set-blocking' -> '/home/travis/build/paypal/paypal-smart-payment-buttons/node_modules/fsevents/node_modules/.set-blocking.DELETE'
[0m[37;40mnpm[0m [0m[30;43mWARN[0m [0m[35moptional[0m SKIPPING OPTIONAL DEPENDENCY: signal-exit@3.0.2 (node_modules/fsevents/node_modules/signal-exit):
[0m[37;40mnpm[0m [0m[30;43mWARN[0m [0m[35menoent[0m SKIPPING OPTIONAL DEPENDENCY: ENOENT: no such file or directory, rename '/home/travis/build/paypal/paypal-smart-payment-buttons/node_modules/fsevents/node_modules/signal-exit' -> '/home/travis/build/paypal/paypal-smart-payment-buttons/node_modules/fsevents/node_modules/.signal-exit.DELETE'
[0m[37;40mnpm[0m [0m[30;43mWARN[0m [0m[35moptional[0m SKIPPING OPTIONAL DEPENDENCY: strip-json-comments@2.0.1 (node_modules/fsevents/node_modules/strip-json-comments):
[0m[37;40mnpm[0m [0m[30;43mWARN[0m [0m[35menoent[0m SKIPPING OPTIONAL DEPENDENCY: ENOENT: no such file or directory, rename '/home/travis/build/paypal/paypal-smart-payment-buttons/node_modules/fsevents/node_modules/strip-json-comments' -> '/home/travis/build/paypal/paypal-smart-payment-buttons/node_modules/fsevents/node_modules/.strip-json-comments.DELETE'
[0m[37;40mnpm[0m [0m[30;43mWARN[0m [0m[35moptional[0m SKIPPING OPTIONAL DEPENDENCY: util-deprecate@1.0.2 (node_modules/fsevents/node_modules/util-deprecate):
[0m[37;40mnpm[0m [0m[30;43mWARN[0m [0m[35menoent[0m SKIPPING OPTIONAL DEPENDENCY: ENOENT: no such file or directory, rename '/home/travis/build/paypal/paypal-smart-payment-buttons/node_modules/fsevents/node_modules/util-deprecate' -> '/home/travis/build/paypal/paypal-smart-payment-buttons/node_modules/fsevents/node_modules/.util-deprecate.DELETE'
[0m[37;40mnpm[0m [0m[30;43mWARN[0m [0m[35moptional[0m SKIPPING OPTIONAL DEPENDENCY: wrappy@1.0.2 (node_modules/fsevents/node_modules/wrappy):
[0m[37;40mnpm[0m [0m[30;43mWARN[0m [0m[35menoent[0m SKIPPING OPTIONAL DEPENDENCY: ENOENT: no such file or directory, rename '/home/travis/build/paypal/paypal-smart-payment-buttons/node_modules/fsevents/node_modules/wrappy' -> '/home/travis/build/paypal/paypal-smart-payment-buttons/node_modules/fsevents/node_modules/.wrappy.DELETE'
[0m[37;40mnpm[0m [0m[30;43mWARN[0m [0m[35moptional[0m SKIPPING OPTIONAL DEPENDENCY: yallist@3.1.1 (node_modules/fsevents/node_modules/yallist):
[0m[37;40mnpm[0m [0m[30;43mWARN[0m [0m[35menoent[0m SKIPPING OPTIONAL DEPENDENCY: ENOENT: no such file or directory, rename '/home/travis/build/paypal/paypal-smart-payment-buttons/node_modules/fsevents/node_modules/yallist' -> '/home/travis/build/paypal/paypal-smart-payment-buttons/node_modules/fsevents/node_modules/.yallist.DELETE'
[0m
added 2961 packages from 2408 contributors and audited 937313 packages in 57.612s

62 packages are looking for funding
  run `npm fund` for details

found [91m78[0m vulnerabilities (34 [1mlow[0m, 25 [93mmoderate[0m, 19 [91mhigh[0m)
  run `npm audit fix` to fix them, or `npm audit` for details
travis_time:end:004e0aa7:start=1586984802743416297,finish=1586984862036933510,duration=59293517213,event=install[0Ktravis_fold:end:install.npm[0K
travis_time:start:00c2278e[0K$ npm run test

> @paypal/smart-payment-buttons@2.0.228 test /home/travis/build/paypal/paypal-smart-payment-buttons
> if [ ! $SKIP_TEST ]; then npm run lint && npm run flow-typed && npm run flow check && npm run karma && npm run jest; fi;


> @paypal/smart-payment-buttons@2.0.228 lint /home/travis/build/paypal/paypal-smart-payment-buttons
> eslint --ext .js --ext .jsx src/ server/ test/ *.js


> @paypal/smart-payment-buttons@2.0.228 flow-typed /home/travis/build/paypal/paypal-smart-payment-buttons
> rm -rf ./flow-typed && flow-typed install --ignoreDeps peer && flow-typed install jest@22 mocha@4 && flow-typed install express@4.16 && sed -i -e 's/http$IncomingMessage,/http$IncomingMessage<>,/g' ./flow-typed/npm/express_v4.16.x.js

[@octokit/rest] `const Octokit = require("@octokit/rest")` is deprecated. Use `const { Octokit } = require("@octokit/rest")` instead
• Found 22 dependencies in package.json to install libdefs for. Searching...
• flow-typed cache not found, fetching from GitHub...
• Installing 2 libDefs...
[1m  • express_v4.16.x.js[22m
[1m    └> [32m./flow-typed/npm/express_v4.16.x.js[39m[22m
express
/home/travis/build/paypal/paypal-smart-payment-buttons/flow-typed/npm
[1m  • flow-bin_v0.x.x.js[22m
[1m    └> [32m./flow-typed/npm/flow-bin_v0.x.x.js[39m[22m
flow-bin
/home/travis/build/paypal/paypal-smart-payment-buttons/flow-typed/npm
• Generating stubs for untyped dependencies...
[1m  • babel-core@^7.0.0-bridge.0[22m
[1m    └> [31mflow-typed/npm/babel-core_vx.x.x.js[39m[22m
[1m  • preact-render-to-string@^5.1.4[22m
[1m    └> [31mflow-typed/npm/preact-render-to-string_vx.x.x.js[39m[22m
[1m  • sync-browser-mocks@^2.0.1[22m
[1m    └> [31mflow-typed/npm/sync-browser-mocks_vx.x.x.js[39m[22m
[1m  • strict-merge@^1.0.1[22m
[1m    └> [31mflow-typed/npm/strict-merge_vx.x.x.js[39m[22m
[1m  • @paypal/sdk-client@^4.0.112[22m
[1m    └> [31mflow-typed/npm/@paypal/sdk-client_vx.x.x.js[39m[22m
[1m  • grumbler-scripts@^3.0.18[22m
[1m    └> [31mflow-typed/npm/grumbler-scripts_vx.x.x.js[39m[22m
[1m  • @paypal/common-components@^1.0.5[22m
[1m    └> [31mflow-typed/npm/@paypal/common-components_vx.x.x.js[39m[22m
[1m  • belter@^1.0.19[22m
[1m    └> [31mflow-typed/npm/belter_vx.x.x.js[39m[22m
[1m  • grabthar@^3[22m
[1m    └> [31mflow-typed/npm/grabthar_vx.x.x.js[39m[22m
[1m  • beaver-logger@^4.0.12[22m
[1m    └> [31mflow-typed/npm/beaver-logger_vx.x.x.js[39m[22m
[1m  • @paypal/sdk-constants@^1.0.45[22m
[1m    └> [31mflow-typed/npm/@paypal/sdk-constants_vx.x.x.js[39m[22m
[1m  • preact@^10[22m
[1m    └> [31mflow-typed/npm/preact_vx.x.x.js[39m[22m
[1m  • typed-graphqlify@^2.2.3[22m
[1m    └> [31mflow-typed/npm/typed-graphqlify_vx.x.x.js[39m[22m
[1m  • webpack-mem-compile@^1.0.2[22m
[1m    └> [31mflow-typed/npm/webpack-mem-compile_vx.x.x.js[39m[22m
[1m  • jsx-pragmatic@^2[22m
[1m    └> [31mflow-typed/npm/jsx-pragmatic_vx.x.x.js[39m[22m
[1m  • @paypal/checkout-components@^5.0.30[22m
[1m    └> [31mflow-typed/npm/@paypal/checkout-components_vx.x.x.js[39m[22m
[1m  • @paypal/sdk-logos@^1.0.17[22m
[1m    └> [31mflow-typed/npm/@paypal/sdk-logos_vx.x.x.js[39m[22m
[31m[39m
[31m!! No flow@v0.110.1-compatible libdefs found in flow-typed for the above untyped dependencies !![39m

We've generated `any`-typed stubs for these packages, but consider submitting 
libdefs for them to [1mhttps://github.com/flowtype/flow-typed/[22m

[@octokit/rest] `const Octokit = require("@octokit/rest")` is deprecated. Use `const { Octokit } = require("@octokit/rest")` instead
• Searching for 2 libdefs...
• Installing 2 libDefs...
[1m  • jest_v22.x.x.js[22m
[1m    └> [32m./flow-typed/npm/jest_v22.x.x.js[39m[22m
jest
/home/travis/build/paypal/paypal-smart-payment-buttons/flow-typed/npm
[1m  • mocha_v4.x.x.js[22m
[1m    └> [32m./flow-typed/npm/mocha_v4.x.x.js[39m[22m
mocha
/home/travis/build/paypal/paypal-smart-payment-buttons/flow-typed/npm
[@octokit/rest] `const Octokit = require("@octokit/rest")` is deprecated. Use `const { Octokit } = require("@octokit/rest")` instead
• Searching for 1 libdefs...
• Installing 1 libDefs...
[1m  • express_v4.16.x.js[22m
[1m    └> [32m./flow-typed/npm/express_v4.16.x.js[39m[22m
express
/home/travis/build/paypal/paypal-smart-payment-buttons/flow-typed/npm

> @paypal/smart-payment-buttons@2.0.228 flow /home/travis/build/paypal/paypal-smart-payment-buttons
> flow "check"

Found 0 errors

> @paypal/smart-payment-buttons@2.0.228 karma /home/travis/build/paypal/paypal-smart-payment-buttons
> cross-env NODE_ENV=test babel-node --plugins=transform-es2015-modules-commonjs ./node_modules/.bin/karma start

[33m15 04 2020 21:08:34.605:WARN [filelist]: [39mPattern "/home/travis/build/paypal/paypal-smart-payment-buttons/test/**/*.jsx" does not match any file.
[33m15 04 2020 21:08:34.607:WARN [filelist]: [39mPattern "/home/travis/build/paypal/paypal-smart-payment-buttons/test/**/*.htm" does not match any file.
[34mℹ[39m [90m｢wdm｣[39m: Hash: aa9fc76249a00ac0899d
Version: webpack 4.42.1
Time: 26351ms
Built at: 04/15/2020 9:09:15 PM
               Asset      Size             Chunks             Chunk Names
             main.js  2.24 MiB               main  [emitted]  main
test/declarations.js  2.82 KiB  test/declarations  [emitted]  test/declarations
       test/index.js  2.76 MiB         test/index  [emitted]  test/index
Entrypoint main = main.js
Entrypoint test/index = test/index.js
Entrypoint test/declarations = test/declarations.js
[./node_modules/@babel/runtime/helpers/esm/extends.js] 397 bytes {main} {test/index} [built]
[./node_modules/@paypal/sdk-constants/dist/paypal-sdk-constants.js] 31.9 KiB {test/index} [built]
[./node_modules/@paypal/sdk-constants/index.js] 112 bytes {test/index} [built]
[./node_modules/@paypal/sdk-constants/src/index.js] ./node_modules/@paypal/sdk-constants/src/index.js + 8 modules 16.5 KiB {main} {test/index} [built]
    | ./node_modules/@paypal/sdk-constants/src/index.js 206 bytes [built]
    | ./node_modules/@paypal/sdk-constants/src/locale.js 10.4 KiB [built]
    | ./node_modules/@paypal/sdk-constants/src/params.js 1.24 KiB [built]
    | ./node_modules/@paypal/sdk-constants/src/env.js 122 bytes [built]
    | ./node_modules/@paypal/sdk-constants/src/fpti.js 1.74 KiB [built]
    | ./node_modules/@paypal/sdk-constants/src/order.js 1.61 KiB [built]
    | ./node_modules/@paypal/sdk-constants/src/platform.js 67 bytes [built]
    | ./node_modules/@paypal/sdk-constants/src/funding.js 622 bytes [built]
    | ./node_modules/@paypal/sdk-constants/src/defaults.js 537 bytes [built]
[./node_modules/belter/src/index.js] ./node_modules/belter/src/index.js + 16 modules 72 KiB {main} {test/index} [built]
    | ./node_modules/belter/src/index.js 281 bytes [built]
    | ./node_modules/belter/src/device.js 3.86 KiB [built]
    | ./node_modules/belter/src/util.js 24.3 KiB [built]
    | ./node_modules/belter/src/dom.js 23.5 KiB [built]
    | ./node_modules/belter/src/storage.js 2.39 KiB [built]
    | ./node_modules/belter/src/experiment.js 3.01 KiB [built]
    | ./node_modules/belter/src/global.js 554 bytes [built]
    | ./node_modules/belter/src/http.js 4.07 KiB [built]
    | ./node_modules/belter/src/types.js 89 bytes [built]
    | ./node_modules/belter/src/decorators.js 320 bytes [built]
    | ./node_modules/belter/src/css.js 981 bytes [built]
    | ./node_modules/belter/src/test.js 3.21 KiB [built]
    | ./node_modules/cross-domain-safe-weakmap/src/index.js 62 bytes [built]
    | ./node_modules/belter/src/constants.js 52 bytes [built]
    | ./node_modules/cross-domain-safe-weakmap/src/weakmap.js 4.55 KiB [built]
    |     + 2 hidden modules
[./node_modules/cross-domain-utils/src/index.js] ./node_modules/cross-domain-utils/src/index.js + 4 modules 18.9 KiB {main} {test/index} [built]
    | ./node_modules/cross-domain-utils/src/index.js 78 bytes [built]
    | ./node_modules/cross-domain-utils/src/constants.js 172 bytes [built]
    | ./node_modules/cross-domain-utils/src/utils.js 18.4 KiB [built]
    | ./node_modules/cross-domain-utils/src/types.js 89 bytes [built]
    | ./node_modules/cross-domain-utils/src/util.js 180 bytes [built]
[./node_modules/zalgo-promise/dist/zalgo-promise.js] 16.7 KiB {test/index} [built]
[./node_modules/zalgo-promise/index.js] 96 bytes {test/index} [built]
[./node_modules/zalgo-promise/src/index.js] ./node_modules/zalgo-promise/src/index.js + 4 modules 11.9 KiB {main} {test/index} [built]
    | ./node_modules/zalgo-promise/src/index.js 41 bytes [built]
    | ./node_modules/zalgo-promise/src/promise.js 9.72 KiB [built]
    | ./node_modules/zalgo-promise/src/utils.js 832 bytes [built]
    | ./node_modules/zalgo-promise/src/exceptions.js 833 bytes [built]
    | ./node_modules/zalgo-promise/src/flush.js 480 bytes [built]
[./src/api/index.js] ./src/api/index.js + 6 modules 224 KiB {main} {test/index} [built]
    | ./src/api/index.js 1020 bytes [built]
    | ./src/api/api.js 20.2 KiB [built]
    | ./src/api/auth.js 12.9 KiB [built]
    | ./src/api/order.js 36.3 KiB [built]
    | ./src/api/payment.js 21 KiB [built]
    | ./src/api/subscription.js 16.2 KiB [built]
    | ./src/api/socket.js 116 KiB [built]
[./src/constants.js] 7.8 KiB {main} {test/index} [built]
[./src/index.js] ./src/index.js + 52 modules 760 KiB {main} {test/index} [built]
    | ./src/index.js 910 bytes [built]
    | ./src/button/index.js 925 bytes [built]
    | ./src/menu/index.js 894 bytes [built]
    | ./src/button/props.js 23.1 KiB [built]
    | ./src/button/button.js 27.2 KiB [built]
    | ./src/menu/page.jsx 12.5 KiB [built]
    | ./src/props/onInit.js 10.2 KiB [built]
    | ./src/props/createOrder.js 53.3 KiB [built]
    | ./src/props/onApprove.js 59.2 KiB [built]
    | ./src/props/onCancel.js 11.5 KiB [built]
    | ./src/props/onShippingChange.js 12.1 KiB [built]
    | ./src/props/onClick.js 8.98 KiB [built]
    | ./src/props/createBillingAgreement.js 7.5 KiB [built]
    | ./src/props/createSubscription.js 9.99 KiB [built]
    | ./src/button/dom.js 5.14 KiB [built]
    |     + 38 hidden modules
[./src/lib/index.js] ./src/lib/index.js + 6 modules 20.5 KiB {main} {test/index} [built]
    | ./src/lib/index.js 941 bytes [built]
    | ./src/lib/logger.js 9.62 KiB [built]
    | ./src/lib/dom.js 3.59 KiB [built]
    | ./node_modules/beaver-logger/src/index.js 54 bytes [built]
    | ./node_modules/beaver-logger/src/constants.js 137 bytes [built]
    | ./node_modules/beaver-logger/src/logger.js 5.8 KiB [built]
    | ./node_modules/beaver-logger/src/config.js 321 bytes [built]
[./test/declarations.js] 0 bytes {test/declarations} [built]
[./test/index.js] ./test/index.js + 21 modules 349 KiB {test/index} [built]
    | ./test/index.js 18 bytes [built]
    | ./test/client/index.js 390 bytes [built]
    | ./test/client/mocks.js 41.8 KiB [built]
    | ./test/client/happy.js 34.8 KiB [built]
    | ./test/client/actions.js 38.8 KiB [built]
    | ./test/client/auth.js 3.01 KiB [built]
    | ./test/client/contingency.js 19.2 KiB [built]
    | ./test/client/funding.js 2.62 KiB [built]
    | ./test/client/wallet.js 13.8 KiB [built]
    | ./test/client/error.js 3.6 KiB [built]
    | ./test/client/eligibility.js 1.18 KiB [built]
    | ./test/client/validation.js 12.3 KiB [built]
    | ./test/client/prerender.js 9.47 KiB [built]
    | ./test/client/vault.js 25.1 KiB [built]
    | ./test/client/clientConfig.js 9.83 KiB [built]
    |     + 7 hidden modules
    + 2 hidden modules
[34mℹ[39m [90m���wdm｣[39m: Compiled successfully.

  happy cases
    [32m✓ [39mshould render a button with createOrder, click the button, and render checkout
    [32m✓ [39mshould render a button, click the button, and render checkout, then pass onApprove callback to the parent with a paymentID
    [32m✓ [39mshould render a button with createBillingAgreement, click the button, and render checkout
    [32m✓ [39mshould render a button with createSubscription, click the button, and render checkout
    [32m✓ [39mshould render a button, press enter on the button, and render checkout
    [32m✓ [39mshould render a button, click the button, and call onClick
    [32m✓ [39mshould render a button, press enter on the button, and call onClick
    [32m✓ [39mshould render a button, click the button, and render checkout, then call onCancel
    [32m✓ [39mshould render a button, click the button, and render checkout, onApprove, restart and call onApprove again
    [32m✓ [39mshould render a button with onClick, click the button, and render checkout, onApprove, restart and call onApprove again
    [32m✓ [39mshould not error out if server-passed merchant id is different to payee
    [32m✓ [39mshould not error out if no merchant-id is passed in xprops

  actions cases
    [32m✓ [39mshould render a button, click the button, and render checkout, then pass onApprove callback to the parent with actions.order.create
    [32m✓ [39mshould render a button, click the button, and render checkout, then pass onApprove callback to the parent with actions.order.get
    [32m✓ [39mshould render a button, click the button, and render checkout, then pass onApprove callback to the parent with actions.order.capture
    [32m✓ [39mshould render a button, click the button, and render checkout, then pass onApprove callback to the parent with actions.order.authorize
    [32m✓ [39mshould render a button, click the button, and render checkout, then pass onShippingChange callback to the parent with actions.order.patch
    [32m✓ [39mshould render a button, click the button, and render checkout, then pass onApprove callback to the parent with actions.order.patch
    [32m✓ [39mshould render a subscription button, click the button, and render checkout, then pass onApprove callback to the parent with actions.subscription.create
    [32m✓ [39mshould render a revise subscription button, click the button, and render checkout, then pass onApprove callback to the parent with actions.subscription.revise
    [32m✓ [39mshould throw an erro on click the button if payees don't match
    [32m✓ [39mshould render a button, click the button, and render checkout, then pass onApprove callback to the parent with actions.order.authorize for MSP

  auth cases
    [32m✓ [39mshould render a button, call onAuth, and pass the access token to order get

  contingency cases
    [32m✓ [39mshould render a button, click the button, and render checkout, then pass onApprove callback to the parent with actions.order.capture and auto restart with INSTRUMENT_DECLINED
    [32m✓ [39mshould render a button, click the button, and render checkout, then pass onApprove callback to the parent with actions.order.capture and auto restart with PAYER_ACTION_REQUIRED
    [32m✓ [39mshould render a button, click the button, and render checkout, then pass onApprove callback to the parent with actions.order.authorize and auto restart with INSTRUMENT_DECLINED
    [32m✓ [39mshould render a button, click the button, and render checkout, then pass onApprove callback to the parent with actions.order.authorize and auto restart with PAYER_ACTION_REQUIRED

  funding source cases
    [32m✓ [39mshould render a button, click the button, and render checkout with paypal funding source
    [32m✓ [39mshould render a button, click the button, and render checkout with venmo funding source

  wallet cases
    [31m✗ [39m[31mshould pay with a wallet instrument with no shipping required[39m
	Error: No payee found in transaction. Expected 8929eceb4f_mje6mdk6mje
	    at test/index.js:52046:71
	    at ZalgoPromise._proto.dispatch (test/index.js:5072:56)
	    at ZalgoPromise._proto.then (test/index.js:5108:26)
	    at zalgo_promise_src.ZalgoPromise.try.zalgo_promise_src.ZalgoPromise.hash.then.zalgo_promise_src.ZalgoPromise.try.then.then.env (test/index.js:52012:110)
	    at test/index.js:52099:54
	    at ZalgoPromise._proto.dispatch (test/index.js:5072:56)
	    at ZalgoPromise._proto.resolve (test/index.js:5024:26)
	    at ZalgoPromise._proto.dispatch (test/index.js:5089:61)
	    at ZalgoPromise._proto.resolve (test/index.js:5024:26)
	    at test/index.js:5063:47


HeadlessChrome 81.0.4044 (Linux 0.0.0): Executed 30 of 100[31m (1 FAILED)[39m (4.852 secs / 4.564 secs)
[31mTOTAL: 1 FAILED, 29 SUCCESS[39m


[31m1) should pay with a wallet instrument with no shipping required
[39m[31m     wallet cases
[39m     [90mError: No payee found in transaction. Expected 8929eceb4f_mje6mdk6mje
    at test/index.js:52046:71
    at ZalgoPromise._proto.dispatch (test/index.js:5072:56)
    at ZalgoPromise._proto.then (test/index.js:5108:26)
    at zalgo_promise_src.ZalgoPromise.try.zalgo_promise_src.ZalgoPromise.hash.then.zalgo_promise_src.ZalgoPromise.try.then.then.env (test/index.js:52012:110)
    at test/index.js:52099:54
    at ZalgoPromise._proto.dispatch (test/index.js:5072:56)
    at ZalgoPromise._proto.resolve (test/index.js:5024:26)
    at ZalgoPromise._proto.dispatch (test/index.js:5089:61)
    at ZalgoPromise._proto.resolve (test/index.js:5024:26)
    at test/index.js:5063:47
[39m

-------------------|---------|----------|---------|---------|-------------------
File               | % Stmts | % Branch | % Funcs | % Lines | Uncovered Line #s 
-------------------|---------|----------|---------|---------|-------------------
[31;1mAll files         [0m | [31;1m  40.21[0m | [31;1m   32.56[0m | [31;1m  40.79[0m | [31;1m   40.6[0m | [31;1m                 [0m 
[32;1m src              [0m | [32;1m    100[0m | [32;1m     100[0m | [32;1m    100[0m | [32;1m    100[0m | [33;1m                 [0m 
[32;1m  config.js       [0m | [32;1m    100[0m | [32;1m     100[0m | [32;1m    100[0m | [32;1m    100[0m | [33;1m                 [0m 
[32;1m  constants.js    [0m | [32;1m    100[0m | [32;1m     100[0m | [32;1m    100[0m | [32;1m    100[0m | [33;1m                 [0m 
  index.js         |       0 |        0 |       0 |       0 | [31;1m                 [0m 
[31;1m src/api          [0m | [31;1m  19.44[0m | [31;1m   17.99[0m | [31;1m  23.42[0m | [31;1m  19.62[0m | [31;1m                 [0m 
[33;1m  api.js          [0m | [33;1m     75[0m | [33;1m   60.87[0m | [32;1m    100[0m | [33;1m     75[0m | [31;1m...0,74,97-98,102[0m 
[31;1m  auth.js         [0m | [31;1m      0[0m | [31;1m       0[0m | [31;1m      0[0m | [31;1m      0[0m | [31;1m13-99            [0m 
  index.js         |       0 |        0 |       0 |       0 | [31;1m                 [0m 
[33;1m  order.js        [0m | [33;1m  65.63[0m | [31;1m   36.67[0m | [33;1m  77.78[0m | [33;1m  65.63[0m | [31;1m...82-205,232-252[0m 
[31;1m  payment.js      [0m | [31;1m      0[0m | [31;1m       0[0m | [31;1m      0[0m | [31;1m      0[0m | [31;1m32-115           [0m 
[31;1m  socket.js       [0m | [31;1m   1.51[0m | [31;1m       0[0m | [31;1m      0[0m | [31;1m   1.52[0m | [31;1m91-419,464-566   [0m 
[33;1m  subscription.js [0m | [33;1m  70.83[0m | [33;1m   56.25[0m | [32;1m    100[0m | [33;1m  70.83[0m | [31;1m...58,68,72,76,92[0m 
[33;1m src/button       [0m | [33;1m  75.21[0m | [33;1m   58.93[0m | [32;1m  89.09[0m | [33;1m  75.54[0m | [31;1m                 [0m 
[33;1m  button.js       [0m | [33;1m  79.63[0m | [31;1m   42.86[0m | [32;1m    100[0m | [33;1m  79.63[0m | [31;1m...,92-93,133-144[0m 
[32;1m  dom.js          [0m | [32;1m    100[0m | [32;1m     100[0m | [32;1m    100[0m | [32;1m    100[0m | [33;1m                 [0m 
  index.js         |       0 |        0 |       0 |       0 | [31;1m                 [0m 
[32;1m  logger.js       [0m | [32;1m  94.74[0m | [33;1m   57.14[0m | [32;1m    100[0m | [32;1m  94.74[0m | [31;1m51               [0m 
[31;1m  menu.js         [0m | [31;1m  18.92[0m | [31;1m   13.79[0m | [31;1m  16.67[0m | [31;1m  19.44[0m | [31;1m44-117           [0m 
[32;1m  orders.js       [0m | [32;1m  86.67[0m | [33;1m   70.59[0m | [32;1m    100[0m | [32;1m  86.67[0m | [31;1m...,87,93,101-102[0m 
[32;1m  pay.js          [0m | [32;1m  86.49[0m | [33;1m   78.26[0m | [32;1m  92.86[0m | [32;1m  86.49[0m | [31;1m40,45,48,85,94   [0m 
[32;1m  props.js        [0m | [32;1m  83.87[0m | [33;1m   63.64[0m | [32;1m    100[0m | [32;1m  83.87[0m | [31;1m...78,184,188,192[0m 
[32;1m  remember.js     [0m | [32;1m    100[0m | [32;1m     100[0m | [32;1m    100[0m | [32;1m    100[0m | [33;1m                 [0m 
[31;1m src/lib          [0m | [31;1m  30.36[0m | [31;1m      30[0m | [31;1m     36[0m | [31;1m  31.48[0m | [31;1m                 [0m 
[32;1m  dom.js          [0m | [32;1m    100[0m | [33;1m      75[0m | [32;1m    100[0m | [32;1m    100[0m | [33;1m7                [0m 
  index.js         |       0 |        0 |       0 |       0 | [31;1m                 [0m 
[33;1m  logger.js       [0m | [33;1m     75[0m | [33;1m      75[0m | [32;1m  83.33[0m | [33;1m     75[0m | [31;1m66-76            [0m 
[31;1m  util.js         [0m | [31;1m     10[0m | [31;1m       0[0m | [31;1m  16.67[0m | [31;1m  10.53[0m | [31;1m17-32,38,42-94   [0m 
[31;1m src/menu         [0m | [31;1m   1.96[0m | [31;1m       0[0m | [31;1m      0[0m | [31;1m      2[0m | [31;1m                 [0m 
[31;1m  hooks.js        [0m | [31;1m      0[0m | [31;1m       0[0m | [31;1m      0[0m | [31;1m      0[0m | [31;1m6-22             [0m 
  index.js         |       0 |        0 |       0 |       0 | [31;1m                 [0m 
[31;1m  interface.js    [0m | [31;1m      0[0m | [31;1m       0[0m | [31;1m      0[0m | [31;1m      0[0m | [31;1m32-62            [0m 
[31;1m  menu.jsx        [0m | [31;1m      0[0m | [31;1m       0[0m | [31;1m      0[0m | [31;1m      0[0m | [31;1m28-85            [0m 
[31;1m  page.jsx        [0m | [31;1m   5.56[0m | [31;1m       0[0m | [31;1m      0[0m | [31;1m   5.56[0m | [31;1m21-83            [0m 
[31;1m src/payment-flows[0m | [31;1m  30.24[0m | [31;1m   24.81[0m | [31;1m  29.38[0m | [31;1m  30.28[0m | [31;1m                 [0m 
[31;1m  card-fields.js  [0m | [31;1m  17.33[0m | [31;1m   16.67[0m | [31;1m   4.76[0m | [31;1m  17.33[0m | [31;1m...,81-99,103-184[0m 
[33;1m  checkout.js     [0m | [33;1m  74.23[0m | [31;1m   44.59[0m | [32;1m     90[0m | [33;1m  74.23[0m | [31;1m...37,180-181,260[0m 
[31;1m  honey.js        [0m | [31;1m  30.43[0m | [31;1m       0[0m | [31;1m  33.33[0m | [31;1m  30.43[0m | [31;1m27,31-61,73-77   [0m 
  index.js         |       0 |        0 |       0 |       0 | [31;1m                 [0m 
[31;1m  native.js       [0m | [31;1m   6.73[0m | [31;1m    5.06[0m | [31;1m   1.41[0m | [31;1m   6.79[0m | [31;1m...01,113,120-528[0m 
[31;1m  popup-bridge.js [0m | [31;1m  43.75[0m | [31;1m      25[0m | [33;1m  55.56[0m | [31;1m  43.75[0m | [31;1m41,48-89         [0m 
[32;1m  types.js        [0m | [32;1m    100[0m | [32;1m     100[0m | [32;1m    100[0m | [32;1m    100[0m | [33;1m                 [0m 
[31;1m  vault-capture.js[0m | [31;1m  15.52[0m | [31;1m   17.24[0m | [31;1m  13.04[0m | [31;1m  15.79[0m | [31;1m34,41-152        [0m 
[33;1m  ...et-capture.js[0m | [33;1m  66.67[0m | [31;1m   46.88[0m | [33;1m  76.47[0m | [33;1m  66.13[0m | [31;1m...15,125,132-133[0m 
[33;1m src/props        [0m | [33;1m  57.76[0m | [31;1m   38.71[0m | [33;1m  64.52[0m | [33;1m  59.29[0m | [31;1m                 [0m 
[32;1m  ...gAgreement.js[0m | [32;1m   87.5[0m | [32;1m   83.33[0m | [32;1m    100[0m | [32;1m   87.5[0m | [31;1m32               [0m 
[33;1m  createOrder.js  [0m | [33;1m  53.52[0m | [31;1m   32.43[0m | [32;1m  83.33[0m | [33;1m  53.52[0m | [31;1m...71,184,197,201[0m 
[32;1m  ...bscription.js[0m | [32;1m  91.67[0m | [32;1m   83.33[0m | [32;1m    100[0m | [32;1m  91.67[0m | [31;1m49               [0m 
[31;1m  getPageUrl.js   [0m | [31;1m      0[0m | [32;1m     100[0m | [31;1m      0[0m | [31;1m      0[0m | [31;1m8                [0m 
[32;1m  ...opupBridge.js[0m | [32;1m    100[0m | [32;1m     100[0m | [32;1m    100[0m | [32;1m    100[0m | [33;1m                 [0m 
  index.js         |       0 |        0 |       0 |       0 | [31;1m                 [0m 
[33;1m  onApprove.js    [0m | [33;1m  51.85[0m | [31;1m   35.85[0m | [33;1m  53.33[0m | [33;1m   52.5[0m | [31;1m...42,248,267-270[0m 
[31;1m  onCancel.js     [0m | [31;1m  43.75[0m | [31;1m       0[0m | [33;1m  71.43[0m | [31;1m  43.75[0m | [31;1m31-42,72         [0m 
[33;1m  onClick.js      [0m | [33;1m  66.67[0m | [32;1m     100[0m | [33;1m  55.56[0m | [32;1m     80[0m | [31;1m29-30            [0m 
[31;1m  onError.js      [0m | [31;1m      0[0m | [32;1m     100[0m | [31;1m      0[0m | [31;1m      0[0m | [31;1m9                [0m 
[33;1m  onInit.js       [0m | [33;1m  64.29[0m | [33;1m      50[0m | [33;1m  54.55[0m | [33;1m     75[0m | [31;1m23-24,40         [0m 
[33;1m  ...pingChange.js[0m | [33;1m  78.57[0m | [32;1m      80[0m | [33;1m  66.67[0m | [32;1m  84.62[0m | [31;1m43,49            [0m 
[31;1m  ...berFunding.js[0m | [31;1m      0[0m | [32;1m     100[0m | [31;1m      0[0m | [31;1m      0[0m | [31;1m9                [0m 
[32;1m src/ui           [0m | [32;1m    100[0m | [32;1m     100[0m | [32;1m    100[0m | [32;1m    100[0m | [33;1m                 [0m 
  index.js         |       0 |        0 |       0 |       0 | [31;1m                 [0m 
[32;1m  popup.jsx       [0m | [32;1m    100[0m | [32;1m     100[0m | [32;1m    100[0m | [32;1m    100[0m | [33;1m                 [0m 
-------------------|---------|----------|---------|---------|-------------------
[37;40mnpm[0m [0m[31;40mERR![0m [0m[35mcode[0m ELIFECYCLE
[0m[37;40mnpm[0m [0m[31;40mERR![0m [0m[35merrno[0m 1
[0m[37;40mnpm[0m [0m[31;40mERR![0m[35m[0m @paypal/smart-payment-buttons@2.0.228 karma: `cross-env NODE_ENV=test babel-node --plugins=transform-es2015-modules-commonjs ./node_modules/.bin/karma start`
[0m[37;40mnpm[0m [0m[31;40mERR![0m[35m[0m Exit status 1
[0m[37;40mnpm[0m [0m[31;40mERR![0m[35m[0m 
[0m[37;40mnpm[0m [0m[31;40mERR![0m[35m[0m Failed at the @paypal/smart-payment-buttons@2.0.228 karma script.
[0m[37;40mnpm[0m [0m[31;40mERR![0m[35m[0m This is probably not a problem with npm. There is likely additional logging output above.
[0m
[37;40mnpm[0m [0m[31;40mERR![0m[35m[0m A complete log of this run can be found in:
[0m[37;40mnpm[0m [0m[31;40mERR![0m[35m[0m     /home/travis/.npm/_logs/2020-04-15T21_09_21_850Z-debug.log
[0m[37;40mnpm[0m [0m[31;40mERR![0m [0m[35mcode[0m ELIFECYCLE
[0m[37;40mnpm[0m [0m[31;40mERR![0m [0m[35merrno[0m 1
[0m[37;40mnpm[0m [0m[31;40mERR![0m[35m[0m @paypal/smart-payment-buttons@2.0.228 test: `if [ ! $SKIP_TEST ]; then npm run lint && npm run flow-typed && npm run flow check && npm run karma && npm run jest; fi;`
[0m[37;40mnpm[0m [0m[31;40mERR![0m[35m[0m Exit status 1
[0m[37;40mnpm[0m [0m[31;40mERR![0m[35m[0m 
[0m[37;40mnpm[0m [0m[31;40mERR![0m[35m[0m Failed at the @paypal/smart-payment-buttons@2.0.228 test script.
[0m[37;40mnpm[0m [0m[31;40mERR![0m[35m[0m This is probably not a problem with npm. There is likely additional logging output above.
[0m
[37;40mnpm[0m [0m[31;40mERR![0m[35m[0m A complete log of this run can be found in:
[0m[37;40mnpm[0m [0m[31;40mERR![0m[35m[0m     /home/travis/.npm/_logs/2020-04-15T21_09_21_864Z-debug.log
[0mtravis_time:end:00c2278e:start=1586984862041242552,finish=1586984961875137774,duration=99833895222,event=script[0K[31;1mThe command "npm run test" exited with 1.[0m


Done. Your build exited with 1.
