travis_fold:start:worker_info[0K[33;1mWorker information[0m
hostname: f21d2fe1-638c-4c09-bf20-075133baf548@1.worker-org-676f4fdd9b-4gdgp.gce-production-2
version: v6.2.8 https://github.com/travis-ci/worker/tree/6d3048d96b26562be21fa1a8b8144f4c4cecd083
instance: travis-job-1d432296-2c7e-4b8d-a5a0-154521b2294c travis-ci-sardonyx-xenial-1553530528-f909ac5 (via amqp)
startup: 6.232792542s
travis_fold:end:worker_info[0Ktravis_time:start:1f59f02d[0Ktravis_time:end:1f59f02d:start=1587059420631960428,finish=1587059420780594009,duration=148633581,event=no_world_writable_dirs[0Ktravis_time:start:2d2a07ac[0Ktravis_time:end:2d2a07ac:start=1587059420783487301,finish=1587059420786446776,duration=2959475,event=setup_filter[0Ktravis_time:start:184044a7[0Ktravis_time:end:184044a7:start=1587059420792320894,finish=1587059420800804886,duration=8483992,event=agent[0Ktravis_time:start:10772298[0Ktravis_time:end:10772298:start=1587059420803419974,finish=1587059420805210449,duration=1790475,event=check_unsupported[0Ktravis_time:start:00e6cb8c[0Ktravis_fold:start:system_info[0K[33;1mBuild system information[0m
Build language: node_js
Build dist: xenial
Build id: 675853142
Job id: 675853143
Runtime kernel version: 4.15.0-1028-gcp
travis-build version: dddf3090e
[34m[1mBuild image provisioning date and time[0m
Mon Mar 25 16:43:24 UTC 2019
[34m[1mOperating System Details[0m
Distributor ID:	Ubuntu
Description:	Ubuntu 16.04.6 LTS
Release:	16.04
Codename:	xenial
[34m[1mSystemd Version[0m
systemd 229
[34m[1mCookbooks Version[0m
42e42e4 https://github.com/travis-ci/travis-cookbooks/tree/42e42e4
[34m[1mgit version[0m
git version 2.21.0
[34m[1mbash version[0m
GNU bash, version 4.3.48(1)-release (x86_64-pc-linux-gnu)
[34m[1mgcc version[0m
gcc (Ubuntu 5.4.0-6ubuntu1~16.04.11) 5.4.0 20160609
[34m[1mdocker version[0m
Client:
 Version:           18.06.0-ce
 API version:       1.38
 Go version:        go1.10.3
 Git commit:        0ffa825
 Built:             Wed Jul 18 19:11:02 2018
 OS/Arch:           linux/amd64
 Experimental:      false

Server:
 Engine:
  Version:          18.06.0-ce
  API version:      1.38 (minimum version 1.12)
  Go version:       go1.10.3
  Git commit:       0ffa825
  Built:            Wed Jul 18 19:09:05 2018
  OS/Arch:          linux/amd64
  Experimental:     false
[34m[1mclang version[0m
clang version 7.0.0 (tags/RELEASE_700/final)
[34m[1mjq version[0m
jq-1.5
[34m[1mbats version[0m
Bats 0.4.0
[34m[1mshellcheck version[0m
0.6.0
[34m[1mshfmt version[0m
v2.6.3
[34m[1mccache version[0m
3.2.4
[34m[1mcmake version[0m
cmake version 3.12.4
[34m[1mheroku version[0m
heroku/7.22.7 linux-x64 node-v11.10.1
[34m[1mimagemagick version[0m
Version: ImageMagick 6.8.9-9 Q16 x86_64 2018-09-28 http://www.imagemagick.org
[34m[1mmd5deep version[0m
4.4
[34m[1mmercurial version[0m
version 4.8
[34m[1mmysql version[0m
mysql  Ver 14.14 Distrib 5.7.25, for Linux (x86_64) using  EditLine wrapper
[34m[1mopenssl version[0m
OpenSSL 1.0.2g  1 Mar 2016
[34m[1mpacker version[0m
1.3.3
[34m[1mpostgresql client version[0m
psql (PostgreSQL) 10.7 (Ubuntu 10.7-1.pgdg16.04+1)
[34m[1mragel version[0m
Ragel State Machine Compiler version 6.8 Feb 2013
[34m[1msudo version[0m
1.8.16
[34m[1mgzip version[0m
gzip 1.6
[34m[1mzip version[0m
Zip 3.0
[34m[1mvim version[0m
VIM - Vi IMproved 7.4 (2013 Aug 10, compiled Nov 24 2016 16:44:48)
[34m[1miptables version[0m
iptables v1.6.0
[34m[1mcurl version[0m
curl 7.47.0 (x86_64-pc-linux-gnu) libcurl/7.47.0 GnuTLS/3.4.10 zlib/1.2.8 libidn/1.32 librtmp/2.3
[34m[1mwget version[0m
GNU Wget 1.17.1 built on linux-gnu.
[34m[1mrsync version[0m
rsync  version 3.1.1  protocol version 31
[34m[1mgimme version[0m
v1.5.3
[34m[1mnvm version[0m
0.34.0
[34m[1mperlbrew version[0m
/home/travis/perl5/perlbrew/bin/perlbrew  - App::perlbrew/0.86
[34m[1mphpenv version[0m
rbenv 1.1.2
[34m[1mrvm version[0m
rvm 1.29.7 (latest) by Michal Papis, Piotr Kuczynski, Wayne E. Seguin [https://rvm.io]
[34m[1mdefault ruby version[0m
ruby 2.5.3p105 (2018-10-18 revision 65156) [x86_64-linux]
[34m[1mCouchDB version[0m
couchdb 1.6.1
[34m[1mElasticSearch version[0m
5.5.0
[34m[1mInstalled Firefox version[0m
firefox 63.0.1
[34m[1mMongoDB version[0m
MongoDB 4.0.7
[34m[1mPhantomJS version[0m
2.1.1
[34m[1mPre-installed PostgreSQL versions[0m
9.4.21
9.5.16
9.6.12
[34m[1mRedis version[0m
redis-server 5.0.4
[34m[1mPre-installed Go versions[0m
1.11.1
[34m[1mmvn version[0m
Apache Maven 3.6.0 (97c98ec64a1fdfee7767ce5ffb20918da4f719f3; 2018-10-24T18:41:47Z)
[34m[1mgradle version[0m
Gradle 4.10.2!
[34m[1mlein version[0m
Leiningen 2.9.1 on Java 11.0.2 OpenJDK 64-Bit Server VM
[34m[1mPre-installed Node.js versions[0m
v10.15.3
v11.0.0
v4.9.1
v6.17.0
v8.12.0
v8.15.1
v8.9
[34m[1mphpenv versions[0m
  system
  5.6
  5.6.40
  7.1
  7.1.27
  7.2
* 7.2.15 (set by /home/travis/.phpenv/version)
  hhvm
  hhvm-stable
[34m[1mcomposer --version[0m
Composer version 1.8.4 2019-02-11 10:52:10
[34m[1mPre-installed Ruby versions[0m
ruby-2.3.8
ruby-2.4.5
ruby-2.5.3
travis_fold:end:system_info[0K
travis_time:end:00e6cb8c:start=1587059420807829352,finish=1587059420812658936,duration=4829584,event=show_system_info[0Ktravis_time:start:1b2fe1da[0Ktravis_time:end:1b2fe1da:start=1587059420815301199,finish=1587059420826723690,duration=11422491,event=rm_riak_source[0Ktravis_time:start:0fa0adc1[0Ktravis_time:end:0fa0adc1:start=1587059420831171698,finish=1587059420835973374,duration=4801676,event=fix_rwky_redis[0Ktravis_time:start:0c518b9e[0Ktravis_time:end:0c518b9e:start=1587059420839032643,finish=1587059421585132702,duration=746100059,event=wait_for_network[0Ktravis_time:start:07fe9691[0Ktravis_time:end:07fe9691:start=1587059421589769885,finish=1587059421800570754,duration=210800869,event=update_apt_keys[0Ktravis_time:start:24859d04[0Ktravis_time:end:24859d04:start=1587059421806049604,finish=1587059421859618403,duration=53568799,event=fix_hhvm_source[0Ktravis_time:start:0d81deb9[0Ktravis_time:end:0d81deb9:start=1587059421863447059,finish=1587059421866054069,duration=2607010,event=update_mongo_arch[0Ktravis_time:start:2cc59f4b[0Ktravis_time:end:2cc59f4b:start=1587059421869729220,finish=1587059421911607417,duration=41878197,event=fix_sudo_enabled_trusty[0Ktravis_time:start:0e561455[0Ktravis_time:end:0e561455:start=1587059421915421599,finish=1587059421917493595,duration=2071996,event=update_glibc[0Ktravis_time:start:0baa7c39[0Ktravis_time:end:0baa7c39:start=1587059421921095170,finish=1587059421929237363,duration=8142193,event=clean_up_path[0Ktravis_time:start:09d1686c[0Ktravis_time:end:09d1686c:start=1587059421932915388,finish=1587059421940980982,duration=8065594,event=fix_resolv_conf[0Ktravis_time:start:0ed3c0cf[0Ktravis_time:end:0ed3c0cf:start=1587059421944388953,finish=1587059421953667447,duration=9278494,event=fix_etc_hosts[0Ktravis_time:start:07365c7b[0Ktravis_time:end:07365c7b:start=1587059421957992817,finish=1587059421967895925,duration=9903108,event=fix_mvn_settings_xml[0Ktravis_time:start:03ada090[0Ktravis_time:end:03ada090:start=1587059421972475073,finish=1587059421982437730,duration=9962657,event=no_ipv6_localhost[0Ktravis_time:start:18c60582[0Ktravis_time:end:18c60582:start=1587059421986645043,finish=1587059421989213417,duration=2568374,event=fix_etc_mavenrc[0Ktravis_time:start:09bdbd1e[0Ktravis_time:end:09bdbd1e:start=1587059421994058551,finish=1587059421997270788,duration=3212237,event=fix_wwdr_certificate[0Ktravis_time:start:2afef2a4[0Ktravis_time:end:2afef2a4:start=1587059422001682402,finish=1587059422024731660,duration=23049258,event=put_localhost_first[0Ktravis_time:start:07c561f0[0Ktravis_time:end:07c561f0:start=1587059422028635447,finish=1587059422031391660,duration=2756213,event=home_paths[0Ktravis_time:start:0b00a0f0[0Ktravis_time:end:0b00a0f0:start=1587059422035238740,finish=1587059422047894988,duration=12656248,event=disable_initramfs[0Ktravis_time:start:29ae2a5b[0Ktravis_time:end:29ae2a5b:start=1587059422051835345,finish=1587059422384790988,duration=332955643,event=disable_ssh_roaming[0Ktravis_time:start:087a0b6c[0Ktravis_time:end:087a0b6c:start=1587059422389196692,finish=1587059422392021116,duration=2824424,event=debug_tools[0Ktravis_time:start:069523e0[0Ktravis_time:end:069523e0:start=1587059422395352919,finish=1587059422398316863,duration=2963944,event=uninstall_oclint[0Ktravis_time:start:23f9924d[0Ktravis_time:end:23f9924d:start=1587059422401904512,finish=1587059422405297704,duration=3393192,event=rvm_use[0Ktravis_time:start:016b4de4[0Ktravis_time:end:016b4de4:start=1587059422409319940,finish=1587059422416863571,duration=7543631,event=rm_etc_boto_cfg[0Ktravis_time:start:01472592[0Ktravis_time:end:01472592:start=1587059422420640283,finish=1587059422423357197,duration=2716914,event=rm_oraclejdk8_symlink[0Ktravis_time:start:04ad844d[0Ktravis_time:end:04ad844d:start=1587059422428474192,finish=1587059422524828159,duration=96353967,event=enable_i386[0Ktravis_time:start:24537237[0Ktravis_time:end:24537237:start=1587059422528866332,finish=1587059422536513608,duration=7647276,event=update_rubygems[0Ktravis_time:start:04983254[0Ktravis_time:end:04983254:start=1587059422540425584,finish=1587059423342989479,duration=802563895,event=ensure_path_components[0Ktravis_time:start:065bc8af[0Ktravis_time:end:065bc8af:start=1587059423347441795,finish=1587059423350143860,duration=2702065,event=redefine_curl[0Ktravis_time:start:0a8d77a6[0Ktravis_time:end:0a8d77a6:start=1587059423353286462,finish=1587059423447927020,duration=94640558,event=nonblock_pipe[0Ktravis_time:start:016f05e8[0Ktravis_time:end:016f05e8:start=1587059423451649956,finish=1587059429484092556,duration=6032442600,event=apt_get_update[0Ktravis_time:start:105aa9a0[0Ktravis_time:end:105aa9a0:start=1587059429488692894,finish=1587059429490882621,duration=2189727,event=deprecate_xcode_64[0Ktravis_time:start:10375248[0Ktravis_time:end:10375248:start=1587059429494512162,finish=1587059432038006361,duration=2543494199,event=update_heroku[0Ktravis_time:start:049c8588[0Ktravis_time:end:049c8588:start=1587059432041785404,finish=1587059432044422247,duration=2636843,event=shell_session_update[0Ktravis_time:start:007d48a0[0Ktravis_fold:start:docker_mtu[0Ktravis_fold:end:docker_mtu[0Ktravis_time:end:007d48a0:start=1587059432048802449,finish=1587059434245816075,duration=2197013626,event=set_docker_mtu[0Ktravis_time:start:05346fa0[0Ktravis_fold:start:resolvconf[0Ktravis_fold:end:resolvconf[0Ktravis_time:end:05346fa0:start=1587059434250153936,finish=1587059434313754598,duration=63600662,event=resolvconf[0Ktravis_time:start:02f210fa[0Ktravis_time:end:02f210fa:start=1587059434318669427,finish=1587059434467832896,duration=149163469,event=maven_central_mirror[0Ktravis_time:start:03d066c5[0Ktravis_time:end:03d066c5:start=1587059434472469094,finish=1587059434568398540,duration=95929446,event=maven_https[0Ktravis_time:start:000e6318[0Ktravis_time:end:000e6318:start=1587059434572595604,finish=1587059434574881898,duration=2286294,event=fix_ps4[0Ktravis_fold:start:hosts.before[0K
## Managed by Chef on packer-5c98fea1-aa3f-407c-10e9-32c3c213ffca.c.eco-emissary-99515.internal :heart_eyes_cat:
## cookbook:: travis_build_environment
##     file:: templates/default/etc/cloud/templates/hosts.tmpl.erb

127.0.1.1 travis-job-1d432296-2c7e-4b8d-a5a0-154521b2294c travis-job-1d432296-2c7e-4b8d-a5a0-154521b2294c ip4-loopback xenial64

127.0.0.1 localhost nettuno travis vagrant travis-job-1d432296-2c7e-4b8d-a5a0-154521b2294c 

travis_fold:end:hosts.before[0Ktravis_fold:start:hosts[0Ktravis_fold:end:hosts[0Ktravis_fold:start:hosts.after[0K
## Managed by Chef on packer-5c98fea1-aa3f-407c-10e9-32c3c213ffca.c.eco-emissary-99515.internal :heart_eyes_cat:
## cookbook:: travis_build_environment
##     file:: templates/default/etc/cloud/templates/hosts.tmpl.erb

127.0.1.1 travis-job-1d432296-2c7e-4b8d-a5a0-154521b2294c travis-job-1d432296-2c7e-4b8d-a5a0-154521b2294c ip4-loopback xenial64

127.0.0.1 localhost nettuno travis vagrant travis-job-1d432296-2c7e-4b8d-a5a0-154521b2294c  localhost.paypal.com

travis_fold:end:hosts.after[0Ktravis_time:start:02b561a4[0K
travis_fold:start:git.checkout[0Ktravis_time:start:08d937c8[0K$ git clone --depth=50 --branch=release https://github.com/paypal/paypal-messaging-components.git paypal/paypal-messaging-components
Cloning into 'paypal/paypal-messaging-components'...
travis_time:end:08d937c8:start=1587059434605621635,finish=1587059436285587424,duration=1679965789,event=checkout[0K$ cd paypal/paypal-messaging-components
$ git checkout -qf 5439422fbb8ef2df82a37da1d08494123c642c9e
travis_fold:end:git.checkout[0K
travis_time:end:08d937c8:start=1587059434605621635,finish=1587059436398107740,duration=1792486105,event=checkout[0Ktravis_time:start:01436583[0K
[33;1mSetting environment variables from repository settings[0m
$ export NPM_EMAIL=[secure]
$ export GH_TOKEN=[secure]
$ export NPM_TOKEN=[secure]
$ export PR_COMMENT_TOKEN=[secure]

[33;1mSetting environment variables from .travis.yml[0m
$ export DIRTY_SNAPSHOTS=0

travis_time:end:01436583:start=1587059436401855032,finish=1587059436411156588,duration=9301556,event=env[0Ktravis_fold:start:nvm.install[0Ktravis_time:start:002827c0[0K$ nvm install 10
Downloading and installing node v10.20.1...
Downloading https://nodejs.org/dist/v10.20.1/node-v10.20.1-linux-x64.tar.xz...
Computing checksum with sha256sum
Checksums matched!
Now using node v10.20.1 (npm v6.14.4)
travis_time:end:002827c0:start=1587059437050358497,finish=1587059440052226216,duration=3001867719,event=setup[0Ktravis_fold:end:nvm.install[0K
$ node --version
v10.20.1
$ npm --version
6.14.4
$ nvm --version
0.35.3

travis_fold:start:before_install[0Ktravis_time:start:100044ae[0K$ npm i -g npm@6
/home/travis/.nvm/versions/node/v10.20.1/bin/npm -> /home/travis/.nvm/versions/node/v10.20.1/lib/node_modules/npm/bin/npm-cli.js
/home/travis/.nvm/versions/node/v10.20.1/bin/npx -> /home/travis/.nvm/versions/node/v10.20.1/lib/node_modules/npm/bin/npx-cli.js
+ npm@6.14.4
updated 1 package in 5.569s
travis_time:end:100044ae:start=1587059441080152900,finish=1587059447080857433,duration=6000704533,event=before_install[0Ktravis_fold:end:before_install[0Ktravis_fold:start:install.npm[0Ktravis_time:start:23535c21[0K$ npm install 

> @paypal/messaging-components@1.8.0 preinstall /home/travis/build/paypal/paypal-messaging-components
> rm -rf node_modules

npm WARN deprecated request@2.88.2: request has been deprecated, see https://github.com/request/request/issues/3142
npm WARN deprecated core-js@2.6.11: core-js@<3 is no longer maintained and not recommended for usage due to the number of issues. Please, upgrade your dependencies to the actual version of core-js@3.
npm WARN deprecated mkdirp@0.5.3: Legacy versions of mkdirp are no longer supported. Please update to mkdirp 1.x. (Note that the API surface has changed to use Promises in 1.x.)
npm WARN deprecated request@2.81.0: request has been deprecated, see https://github.com/request/request/issues/3142
npm WARN deprecated hawk@3.1.3: This module moved to @hapi/hawk. Please make sure to switch over as this distribution is no longer supported and may contain bugs and critical security issues.
npm WARN deprecated boom@2.10.1: This version has been deprecated in accordance with the hapi support policy (hapi.im/support). Please upgrade to the latest version to get the best features, bug fixes, and security patches. If you are unable to upgrade at this time, paid support is available for older versions (hapi.im/commercial).
npm WARN deprecated hoek@2.16.3: This version has been deprecated in accordance with the hapi support policy (hapi.im/support). Please upgrade to the latest version to get the best features, bug fixes, and security patches. If you are unable to upgrade at this time, paid support is available for older versions (hapi.im/commercial).
npm WARN deprecated cryptiles@2.0.5: This version has been deprecated in accordance with the hapi support policy (hapi.im/support). Please upgrade to the latest version to get the best features, bug fixes, and security patches. If you are unable to upgrade at this time, paid support is available for older versions (hapi.im/commercial).
npm WARN deprecated sntp@1.0.9: This module moved to @hapi/sntp. Please make sure to switch over as this distribution is no longer supported and may contain bugs and critical security issues.
npm WARN deprecated left-pad@1.3.0: use String.prototype.padStart()
npm WARN deprecated socks@1.1.10: If using 2.x branch, please upgrade to at least 2.1.6 to avoid a serious bug with socket data flow and an import issue introduced in 2.1.0

> node-sass@4.13.1 install /home/travis/build/paypal/paypal-messaging-components/node_modules/node-sass
> node scripts/install.js

Downloading binary from https://github.com/sass/node-sass/releases/download/v4.13.1/linux-x64-64_binding.node
Download complete
Binary saved to /home/travis/build/paypal/paypal-messaging-components/node_modules/node-sass/vendor/linux-x64-64/binding.node
Caching binary to /home/travis/.npm/node-sass/4.13.1/linux-x64-64_binding.node

> husky@2.7.0 install /home/travis/build/paypal/paypal-messaging-components/node_modules/husky
> node husky install

husky > Setting up git hooks
CI detected, skipping Git hooks installation.

> puppeteer@2.1.1 install /home/travis/build/paypal/paypal-messaging-components/node_modules/puppeteer
> node install.js


Chromium downloaded to /home/travis/build/paypal/paypal-messaging-components/node_modules/puppeteer/.local-chromium/linux-722234

> core-js@2.6.11 postinstall /home/travis/build/paypal/paypal-messaging-components/node_modules/@babel/polyfill/node_modules/core-js
> node -e "try{require('./postinstall')}catch(e){}"


> core-js@2.6.11 postinstall /home/travis/build/paypal/paypal-messaging-components/node_modules/babel-runtime/node_modules/core-js
> node -e "try{require('./postinstall')}catch(e){}"


> core-js@3.6.5 postinstall /home/travis/build/paypal/paypal-messaging-components/node_modules/core-js
> node -e "try{require('./postinstall')}catch(e){}"


> core-js-pure@3.6.5 postinstall /home/travis/build/paypal/paypal-messaging-components/node_modules/core-js-pure
> node -e "try{require('./postinstall')}catch(e){}"


> ejs@2.7.4 postinstall /home/travis/build/paypal/paypal-messaging-components/node_modules/ejs
> node ./postinstall.js


> core-js@2.6.11 postinstall /home/travis/build/paypal/paypal-messaging-components/node_modules/wait-on/node_modules/core-js
> node -e "try{require('./postinstall')}catch(e){}"


> node-sass@4.13.1 postinstall /home/travis/build/paypal/paypal-messaging-components/node_modules/node-sass
> node scripts/build.js

Binary found at /home/travis/build/paypal/paypal-messaging-components/node_modules/node-sass/vendor/linux-x64-64/binding.node
Testing binary
Binary is fine
npm WARN optional SKIPPING OPTIONAL DEPENDENCY: fsevents@^2.1.2 (node_modules/jest-haste-map/node_modules/fsevents):
npm WARN notsup SKIPPING OPTIONAL DEPENDENCY: Unsupported platform for fsevents@2.1.2: wanted {"os":"darwin","arch":"any"} (current: {"os":"linux","arch":"x64"})
npm WARN optional SKIPPING OPTIONAL DEPENDENCY: fsevents@^1.2.7 (node_modules/chokidar/node_modules/fsevents):
npm WARN notsup SKIPPING OPTIONAL DEPENDENCY: Unsupported platform for fsevents@1.2.12: wanted {"os":"darwin","arch":"any"} (current: {"os":"linux","arch":"x64"})
npm WARN optional SKIPPING OPTIONAL DEPENDENCY: fsevents@^1.2.7 (node_modules/grumbler-scripts/node_modules/jest-haste-map/node_modules/fsevents):
npm WARN notsup SKIPPING OPTIONAL DEPENDENCY: Unsupported platform for fsevents@1.2.12: wanted {"os":"darwin","arch":"any"} (current: {"os":"linux","arch":"x64"})
npm WARN optional SKIPPING OPTIONAL DEPENDENCY: fsevents@^1.2.7 (node_modules/@jest/environment/node_modules/jest-haste-map/node_modules/fsevents):
npm WARN notsup SKIPPING OPTIONAL DEPENDENCY: Unsupported platform for fsevents@1.2.12: wanted {"os":"darwin","arch":"any"} (current: {"os":"linux","arch":"x64"})
npm WARN optional SKIPPING OPTIONAL DEPENDENCY: fsevents@^1.2.7 (node_modules/@jest/reporters/node_modules/jest-haste-map/node_modules/fsevents):
npm WARN notsup SKIPPING OPTIONAL DEPENDENCY: Unsupported platform for fsevents@1.2.12: wanted {"os":"darwin","arch":"any"} (current: {"os":"linux","arch":"x64"})
npm WARN optional SKIPPING OPTIONAL DEPENDENCY: fsevents@^1.2.7 (node_modules/jest-runtime/node_modules/jest-haste-map/node_modules/fsevents):
npm WARN notsup SKIPPING OPTIONAL DEPENDENCY: Unsupported platform for fsevents@1.2.12: wanted {"os":"darwin","arch":"any"} (current: {"os":"linux","arch":"x64"})
npm WARN optional SKIPPING OPTIONAL DEPENDENCY: fsevents@^1.2.7 (node_modules/@jest/test-sequencer/node_modules/jest-haste-map/node_modules/fsevents):
npm WARN notsup SKIPPING OPTIONAL DEPENDENCY: Unsupported platform for fsevents@1.2.12: wanted {"os":"darwin","arch":"any"} (current: {"os":"linux","arch":"x64"})
npm WARN optional SKIPPING OPTIONAL DEPENDENCY: fsevents@^1.2.7 (node_modules/jest-runner/node_modules/jest-haste-map/node_modules/fsevents):
npm WARN notsup SKIPPING OPTIONAL DEPENDENCY: Unsupported platform for fsevents@1.2.12: wanted {"os":"darwin","arch":"any"} (current: {"os":"linux","arch":"x64"})
npm WARN optional SKIPPING OPTIONAL DEPENDENCY: fsevents@^1.2.7 (node_modules/jest-config/node_modules/jest-haste-map/node_modules/fsevents):
npm WARN notsup SKIPPING OPTIONAL DEPENDENCY: Unsupported platform for fsevents@1.2.12: wanted {"os":"darwin","arch":"any"} (current: {"os":"linux","arch":"x64"})
npm WARN optional SKIPPING OPTIONAL DEPENDENCY: fsevents@^1.2.7 (node_modules/@jest/core/node_modules/jest-haste-map/node_modules/fsevents):
npm WARN notsup SKIPPING OPTIONAL DEPENDENCY: Unsupported platform for fsevents@1.2.12: wanted {"os":"darwin","arch":"any"} (current: {"os":"linux","arch":"x64"})
npm WARN @semantic-release/changelog@3.0.6 requires a peer of semantic-release@>=15.8.0 <16.0.0 || >=16.0.0-beta <17.0.0 but none is installed. You must install peer dependencies yourself.
npm WARN @semantic-release/exec@3.3.8 requires a peer of semantic-release@>=15.9.0 <16.0.0 but none is installed. You must install peer dependencies yourself.
npm WARN @semantic-release/git@7.0.18 requires a peer of semantic-release@>=15.4.0 <16.0.0 but none is installed. You must install peer dependencies yourself.
npm WARN jest-image-snapshot@2.12.0 requires a peer of jest@>=20 <=24 but none is installed. You must install peer dependencies yourself.
npm WARN karma-sinon-chai@2.0.2 requires a peer of chai@>=3.5.0 but none is installed. You must install peer dependencies yourself.
npm WARN karma-sinon-chai@2.0.2 requires a peer of sinon@>=2.1.0 but none is installed. You must install peer dependencies yourself.
npm WARN karma-sinon-chai@2.0.2 requires a peer of sinon-chai@>=2.9.0 but none is installed. You must install peer dependencies yourself.
npm WARN @typescript-eslint/parser@1.13.0 requires a peer of eslint@^5.0.0 but none is installed. You must install peer dependencies yourself.
npm WARN @paypal/messaging-components@1.8.0 No license field.
npm WARN optional SKIPPING OPTIONAL DEPENDENCY: abbrev@1.1.1 (node_modules/@jest/core/node_modules/fsevents/node_modules/abbrev):
npm WARN enoent SKIPPING OPTIONAL DEPENDENCY: ENOENT: no such file or directory, rename '/home/travis/build/paypal/paypal-messaging-components/node_modules/@jest/core/node_modules/fsevents/node_modules/abbrev' -> '/home/travis/build/paypal/paypal-messaging-components/node_modules/@jest/core/node_modules/fsevents/node_modules/.abbrev.DELETE'
npm WARN optional SKIPPING OPTIONAL DEPENDENCY: ansi-regex@2.1.1 (node_modules/@jest/core/node_modules/fsevents/node_modules/ansi-regex):
npm WARN enoent SKIPPING OPTIONAL DEPENDENCY: ENOENT: no such file or directory, rename '/home/travis/build/paypal/paypal-messaging-components/node_modules/@jest/core/node_modules/fsevents/node_modules/ansi-regex' -> '/home/travis/build/paypal/paypal-messaging-components/node_modules/@jest/core/node_modules/fsevents/node_modules/.ansi-regex.DELETE'
npm WARN optional SKIPPING OPTIONAL DEPENDENCY: aproba@1.2.0 (node_modules/@jest/core/node_modules/fsevents/node_modules/aproba):
npm WARN enoent SKIPPING OPTIONAL DEPENDENCY: ENOENT: no such file or directory, rename '/home/travis/build/paypal/paypal-messaging-components/node_modules/@jest/core/node_modules/fsevents/node_modules/aproba' -> '/home/travis/build/paypal/paypal-messaging-components/node_modules/@jest/core/node_modules/fsevents/node_modules/.aproba.DELETE'
npm WARN optional SKIPPING OPTIONAL DEPENDENCY: balanced-match@1.0.0 (node_modules/@jest/core/node_modules/fsevents/node_modules/balanced-match):
npm WARN enoent SKIPPING OPTIONAL DEPENDENCY: ENOENT: no such file or directory, rename '/home/travis/build/paypal/paypal-messaging-components/node_modules/@jest/core/node_modules/fsevents/node_modules/balanced-match' -> '/home/travis/build/paypal/paypal-messaging-components/node_modules/@jest/core/node_modules/fsevents/node_modules/.balanced-match.DELETE'
npm WARN optional SKIPPING OPTIONAL DEPENDENCY: chownr@1.1.4 (node_modules/@jest/core/node_modules/fsevents/node_modules/chownr):
npm WARN enoent SKIPPING OPTIONAL DEPENDENCY: ENOENT: no such file or directory, rename '/home/travis/build/paypal/paypal-messaging-components/node_modules/@jest/core/node_modules/fsevents/node_modules/chownr' -> '/home/travis/build/paypal/paypal-messaging-components/node_modules/@jest/core/node_modules/fsevents/node_modules/.chownr.DELETE'
npm WARN optional SKIPPING OPTIONAL DEPENDENCY: code-point-at@1.1.0 (node_modules/@jest/core/node_modules/fsevents/node_modules/code-point-at):
npm WARN enoent SKIPPING OPTIONAL DEPENDENCY: ENOENT: no such file or directory, rename '/home/travis/build/paypal/paypal-messaging-components/node_modules/@jest/core/node_modules/fsevents/node_modules/code-point-at' -> '/home/travis/build/paypal/paypal-messaging-components/node_modules/@jest/core/node_modules/fsevents/node_modules/.code-point-at.DELETE'
npm WARN optional SKIPPING OPTIONAL DEPENDENCY: concat-map@0.0.1 (node_modules/@jest/core/node_modules/fsevents/node_modules/concat-map):
npm WARN enoent SKIPPING OPTIONAL DEPENDENCY: ENOENT: no such file or directory, rename '/home/travis/build/paypal/paypal-messaging-components/node_modules/@jest/core/node_modules/fsevents/node_modules/concat-map' -> '/home/travis/build/paypal/paypal-messaging-components/node_modules/@jest/core/node_modules/fsevents/node_modules/.concat-map.DELETE'
npm WARN optional SKIPPING OPTIONAL DEPENDENCY: console-control-strings@1.1.0 (node_modules/@jest/core/node_modules/fsevents/node_modules/console-control-strings):
npm WARN enoent SKIPPING OPTIONAL DEPENDENCY: ENOENT: no such file or directory, rename '/home/travis/build/paypal/paypal-messaging-components/node_modules/@jest/core/node_modules/fsevents/node_modules/console-control-strings' -> '/home/travis/build/paypal/paypal-messaging-components/node_modules/@jest/core/node_modules/fsevents/node_modules/.console-control-strings.DELETE'
npm WARN optional SKIPPING OPTIONAL DEPENDENCY: core-util-is@1.0.2 (node_modules/@jest/core/node_modules/fsevents/node_modules/core-util-is):
npm WARN enoent SKIPPING OPTIONAL DEPENDENCY: ENOENT: no such file or directory, rename '/home/travis/build/paypal/paypal-messaging-components/node_modules/@jest/core/node_modules/fsevents/node_modules/core-util-is' -> '/home/travis/build/paypal/paypal-messaging-components/node_modules/@jest/core/node_modules/fsevents/node_modules/.core-util-is.DELETE'
npm WARN optional SKIPPING OPTIONAL DEPENDENCY: deep-extend@0.6.0 (node_modules/@jest/core/node_modules/fsevents/node_modules/deep-extend):
npm WARN enoent SKIPPING OPTIONAL DEPENDENCY: ENOENT: no such file or directory, rename '/home/travis/build/paypal/paypal-messaging-components/node_modules/@jest/core/node_modules/fsevents/node_modules/deep-extend' -> '/home/travis/build/paypal/paypal-messaging-components/node_modules/@jest/core/node_modules/fsevents/node_modules/.deep-extend.DELETE'
npm WARN optional SKIPPING OPTIONAL DEPENDENCY: delegates@1.0.0 (node_modules/@jest/core/node_modules/fsevents/node_modules/delegates):
npm WARN enoent SKIPPING OPTIONAL DEPENDENCY: ENOENT: no such file or directory, rename '/home/travis/build/paypal/paypal-messaging-components/node_modules/@jest/core/node_modules/fsevents/node_modules/delegates' -> '/home/travis/build/paypal/paypal-messaging-components/node_modules/@jest/core/node_modules/fsevents/node_modules/.delegates.DELETE'
npm WARN optional SKIPPING OPTIONAL DEPENDENCY: detect-libc@1.0.3 (node_modules/@jest/core/node_modules/fsevents/node_modules/detect-libc):
npm WARN enoent SKIPPING OPTIONAL DEPENDENCY: ENOENT: no such file or directory, rename '/home/travis/build/paypal/paypal-messaging-components/node_modules/@jest/core/node_modules/fsevents/node_modules/detect-libc' -> '/home/travis/build/paypal/paypal-messaging-components/node_modules/@jest/core/node_modules/fsevents/node_modules/.detect-libc.DELETE'
npm WARN optional SKIPPING OPTIONAL DEPENDENCY: fs.realpath@1.0.0 (node_modules/@jest/core/node_modules/fsevents/node_modules/fs.realpath):
npm WARN enoent SKIPPING OPTIONAL DEPENDENCY: ENOENT: no such file or directory, rename '/home/travis/build/paypal/paypal-messaging-components/node_modules/@jest/core/node_modules/fsevents/node_modules/fs.realpath' -> '/home/travis/build/paypal/paypal-messaging-components/node_modules/@jest/core/node_modules/fsevents/node_modules/.fs.realpath.DELETE'
npm WARN optional SKIPPING OPTIONAL DEPENDENCY: has-unicode@2.0.1 (node_modules/@jest/core/node_modules/fsevents/node_modules/has-unicode):
npm WARN enoent SKIPPING OPTIONAL DEPENDENCY: ENOENT: no such file or directory, rename '/home/travis/build/paypal/paypal-messaging-components/node_modules/@jest/core/node_modules/fsevents/node_modules/has-unicode' -> '/home/travis/build/paypal/paypal-messaging-components/node_modules/@jest/core/node_modules/fsevents/node_modules/.has-unicode.DELETE'
npm WARN optional SKIPPING OPTIONAL DEPENDENCY: inherits@2.0.4 (node_modules/@jest/core/node_modules/fsevents/node_modules/inherits):
npm WARN enoent SKIPPING OPTIONAL DEPENDENCY: ENOENT: no such file or directory, rename '/home/travis/build/paypal/paypal-messaging-components/node_modules/@jest/core/node_modules/fsevents/node_modules/inherits' -> '/home/travis/build/paypal/paypal-messaging-components/node_modules/@jest/core/node_modules/fsevents/node_modules/.inherits.DELETE'
npm WARN optional SKIPPING OPTIONAL DEPENDENCY: ini@1.3.5 (node_modules/@jest/core/node_modules/fsevents/node_modules/ini):
npm WARN enoent SKIPPING OPTIONAL DEPENDENCY: ENOENT: no such file or directory, rename '/home/travis/build/paypal/paypal-messaging-components/node_modules/@jest/core/node_modules/fsevents/node_modules/ini' -> '/home/travis/build/paypal/paypal-messaging-components/node_modules/@jest/core/node_modules/fsevents/node_modules/.ini.DELETE'
npm WARN optional SKIPPING OPTIONAL DEPENDENCY: isarray@1.0.0 (node_modules/@jest/core/node_modules/fsevents/node_modules/isarray):
npm WARN enoent SKIPPING OPTIONAL DEPENDENCY: ENOENT: no such file or directory, rename '/home/travis/build/paypal/paypal-messaging-components/node_modules/@jest/core/node_modules/fsevents/node_modules/isarray' -> '/home/travis/build/paypal/paypal-messaging-components/node_modules/@jest/core/node_modules/fsevents/node_modules/.isarray.DELETE'
npm WARN optional SKIPPING OPTIONAL DEPENDENCY: minimist@1.2.5 (node_modules/@jest/core/node_modules/fsevents/node_modules/minimist):
npm WARN enoent SKIPPING OPTIONAL DEPENDENCY: ENOENT: no such file or directory, rename '/home/travis/build/paypal/paypal-messaging-components/node_modules/@jest/core/node_modules/fsevents/node_modules/minimist' -> '/home/travis/build/paypal/paypal-messaging-components/node_modules/@jest/core/node_modules/fsevents/node_modules/.minimist.DELETE'
npm WARN optional SKIPPING OPTIONAL DEPENDENCY: ms@2.1.2 (node_modules/@jest/core/node_modules/fsevents/node_modules/ms):
npm WARN enoent SKIPPING OPTIONAL DEPENDENCY: ENOENT: no such file or directory, rename '/home/travis/build/paypal/paypal-messaging-components/node_modules/@jest/core/node_modules/fsevents/node_modules/ms' -> '/home/travis/build/paypal/paypal-messaging-components/node_modules/@jest/core/node_modules/fsevents/node_modules/.ms.DELETE'
npm WARN optional SKIPPING OPTIONAL DEPENDENCY: npm-normalize-package-bin@1.0.1 (node_modules/@jest/core/node_modules/fsevents/node_modules/npm-normalize-package-bin):
npm WARN enoent SKIPPING OPTIONAL DEPENDENCY: ENOENT: no such file or directory, rename '/home/travis/build/paypal/paypal-messaging-components/node_modules/@jest/core/node_modules/fsevents/node_modules/npm-normalize-package-bin' -> '/home/travis/build/paypal/paypal-messaging-components/node_modules/@jest/core/node_modules/fsevents/node_modules/.npm-normalize-package-bin.DELETE'
npm WARN optional SKIPPING OPTIONAL DEPENDENCY: number-is-nan@1.0.1 (node_modules/@jest/core/node_modules/fsevents/node_modules/number-is-nan):
npm WARN enoent SKIPPING OPTIONAL DEPENDENCY: ENOENT: no such file or directory, rename '/home/travis/build/paypal/paypal-messaging-components/node_modules/@jest/core/node_modules/fsevents/node_modules/number-is-nan' -> '/home/travis/build/paypal/paypal-messaging-components/node_modules/@jest/core/node_modules/fsevents/node_modules/.number-is-nan.DELETE'
npm WARN optional SKIPPING OPTIONAL DEPENDENCY: object-assign@4.1.1 (node_modules/@jest/core/node_modules/fsevents/node_modules/object-assign):
npm WARN enoent SKIPPING OPTIONAL DEPENDENCY: ENOENT: no such file or directory, rename '/home/travis/build/paypal/paypal-messaging-components/node_modules/@jest/core/node_modules/fsevents/node_modules/object-assign' -> '/home/travis/build/paypal/paypal-messaging-components/node_modules/@jest/core/node_modules/fsevents/node_modules/.object-assign.DELETE'
npm WARN optional SKIPPING OPTIONAL DEPENDENCY: os-homedir@1.0.2 (node_modules/@jest/core/node_modules/fsevents/node_modules/os-homedir):
npm WARN enoent SKIPPING OPTIONAL DEPENDENCY: ENOENT: no such file or directory, rename '/home/travis/build/paypal/paypal-messaging-components/node_modules/@jest/core/node_modules/fsevents/node_modules/os-homedir' -> '/home/travis/build/paypal/paypal-messaging-components/node_modules/@jest/core/node_modules/fsevents/node_modules/.os-homedir.DELETE'
npm WARN optional SKIPPING OPTIONAL DEPENDENCY: os-tmpdir@1.0.2 (node_modules/@jest/core/node_modules/fsevents/node_modules/os-tmpdir):
npm WARN enoent SKIPPING OPTIONAL DEPENDENCY: ENOENT: no such file or directory, rename '/home/travis/build/paypal/paypal-messaging-components/node_modules/@jest/core/node_modules/fsevents/node_modules/os-tmpdir' -> '/home/travis/build/paypal/paypal-messaging-components/node_modules/@jest/core/node_modules/fsevents/node_modules/.os-tmpdir.DELETE'
npm WARN optional SKIPPING OPTIONAL DEPENDENCY: path-is-absolute@1.0.1 (node_modules/@jest/core/node_modules/fsevents/node_modules/path-is-absolute):
npm WARN enoent SKIPPING OPTIONAL DEPENDENCY: ENOENT: no such file or directory, rename '/home/travis/build/paypal/paypal-messaging-components/node_modules/@jest/core/node_modules/fsevents/node_modules/path-is-absolute' -> '/home/travis/build/paypal/paypal-messaging-components/node_modules/@jest/core/node_modules/fsevents/node_modules/.path-is-absolute.DELETE'
npm WARN optional SKIPPING OPTIONAL DEPENDENCY: process-nextick-args@2.0.1 (node_modules/@jest/core/node_modules/fsevents/node_modules/process-nextick-args):
npm WARN enoent SKIPPING OPTIONAL DEPENDENCY: ENOENT: no such file or directory, rename '/home/travis/build/paypal/paypal-messaging-components/node_modules/@jest/core/node_modules/fsevents/node_modules/process-nextick-args' -> '/home/travis/build/paypal/paypal-messaging-components/node_modules/@jest/core/node_modules/fsevents/node_modules/.process-nextick-args.DELETE'
npm WARN optional SKIPPING OPTIONAL DEPENDENCY: safe-buffer@5.1.2 (node_modules/@jest/core/node_modules/fsevents/node_modules/safe-buffer):
npm WARN enoent SKIPPING OPTIONAL DEPENDENCY: ENOENT: no such file or directory, rename '/home/travis/build/paypal/paypal-messaging-components/node_modules/@jest/core/node_modules/fsevents/node_modules/safe-buffer' -> '/home/travis/build/paypal/paypal-messaging-components/node_modules/@jest/core/node_modules/fsevents/node_modules/.safe-buffer.DELETE'
npm WARN optional SKIPPING OPTIONAL DEPENDENCY: safer-buffer@2.1.2 (node_modules/@jest/core/node_modules/fsevents/node_modules/safer-buffer):
npm WARN enoent SKIPPING OPTIONAL DEPENDENCY: ENOENT: no such file or directory, rename '/home/travis/build/paypal/paypal-messaging-components/node_modules/@jest/core/node_modules/fsevents/node_modules/safer-buffer' -> '/home/travis/build/paypal/paypal-messaging-components/node_modules/@jest/core/node_modules/fsevents/node_modules/.safer-buffer.DELETE'
npm WARN optional SKIPPING OPTIONAL DEPENDENCY: sax@1.2.4 (node_modules/@jest/core/node_modules/fsevents/node_modules/sax):
npm WARN enoent SKIPPING OPTIONAL DEPENDENCY: ENOENT: no such file or directory, rename '/home/travis/build/paypal/paypal-messaging-components/node_modules/@jest/core/node_modules/fsevents/node_modules/sax' -> '/home/travis/build/paypal/paypal-messaging-components/node_modules/@jest/core/node_modules/fsevents/node_modules/.sax.DELETE'
npm WARN optional SKIPPING OPTIONAL DEPENDENCY: semver@5.7.1 (node_modules/@jest/core/node_modules/fsevents/node_modules/semver):
npm WARN enoent SKIPPING OPTIONAL DEPENDENCY: ENOENT: no such file or directory, rename '/home/travis/build/paypal/paypal-messaging-components/node_modules/@jest/core/node_modules/fsevents/node_modules/semver' -> '/home/travis/build/paypal/paypal-messaging-components/node_modules/@jest/core/node_modules/fsevents/node_modules/.semver.DELETE'
npm WARN optional SKIPPING OPTIONAL DEPENDENCY: set-blocking@2.0.0 (node_modules/@jest/core/node_modules/fsevents/node_modules/set-blocking):
npm WARN enoent SKIPPING OPTIONAL DEPENDENCY: ENOENT: no such file or directory, rename '/home/travis/build/paypal/paypal-messaging-components/node_modules/@jest/core/node_modules/fsevents/node_modules/set-blocking' -> '/home/travis/build/paypal/paypal-messaging-components/node_modules/@jest/core/node_modules/fsevents/node_modules/.set-blocking.DELETE'
npm WARN optional SKIPPING OPTIONAL DEPENDENCY: signal-exit@3.0.2 (node_modules/@jest/core/node_modules/fsevents/node_modules/signal-exit):
npm WARN enoent SKIPPING OPTIONAL DEPENDENCY: ENOENT: no such file or directory, rename '/home/travis/build/paypal/paypal-messaging-components/node_modules/@jest/core/node_modules/fsevents/node_modules/signal-exit' -> '/home/travis/build/paypal/paypal-messaging-components/node_modules/@jest/core/node_modules/fsevents/node_modules/.signal-exit.DELETE'
npm WARN optional SKIPPING OPTIONAL DEPENDENCY: strip-json-comments@2.0.1 (node_modules/@jest/core/node_modules/fsevents/node_modules/strip-json-comments):
npm WARN enoent SKIPPING OPTIONAL DEPENDENCY: ENOENT: no such file or directory, rename '/home/travis/build/paypal/paypal-messaging-components/node_modules/@jest/core/node_modules/fsevents/node_modules/strip-json-comments' -> '/home/travis/build/paypal/paypal-messaging-components/node_modules/@jest/core/node_modules/fsevents/node_modules/.strip-json-comments.DELETE'
npm WARN optional SKIPPING OPTIONAL DEPENDENCY: util-deprecate@1.0.2 (node_modules/@jest/core/node_modules/fsevents/node_modules/util-deprecate):
npm WARN enoent SKIPPING OPTIONAL DEPENDENCY: ENOENT: no such file or directory, rename '/home/travis/build/paypal/paypal-messaging-components/node_modules/@jest/core/node_modules/fsevents/node_modules/util-deprecate' -> '/home/travis/build/paypal/paypal-messaging-components/node_modules/@jest/core/node_modules/fsevents/node_modules/.util-deprecate.DELETE'
npm WARN optional SKIPPING OPTIONAL DEPENDENCY: wrappy@1.0.2 (node_modules/@jest/core/node_modules/fsevents/node_modules/wrappy):
npm WARN enoent SKIPPING OPTIONAL DEPENDENCY: ENOENT: no such file or directory, rename '/home/travis/build/paypal/paypal-messaging-components/node_modules/@jest/core/node_modules/fsevents/node_modules/wrappy' -> '/home/travis/build/paypal/paypal-messaging-components/node_modules/@jest/core/node_modules/fsevents/node_modules/.wrappy.DELETE'
npm WARN optional SKIPPING OPTIONAL DEPENDENCY: yallist@3.1.1 (node_modules/@jest/core/node_modules/fsevents/node_modules/yallist):
npm WARN enoent SKIPPING OPTIONAL DEPENDENCY: ENOENT: no such file or directory, rename '/home/travis/build/paypal/paypal-messaging-components/node_modules/@jest/core/node_modules/fsevents/node_modules/yallist' -> '/home/travis/build/paypal/paypal-messaging-components/node_modules/@jest/core/node_modules/fsevents/node_modules/.yallist.DELETE'
npm WARN optional SKIPPING OPTIONAL DEPENDENCY: abbrev@1.1.1 (node_modules/@jest/environment/node_modules/fsevents/node_modules/abbrev):
npm WARN enoent SKIPPING OPTIONAL DEPENDENCY: ENOENT: no such file or directory, rename '/home/travis/build/paypal/paypal-messaging-components/node_modules/@jest/environment/node_modules/fsevents/node_modules/abbrev' -> '/home/travis/build/paypal/paypal-messaging-components/node_modules/@jest/environment/node_modules/fsevents/node_modules/.abbrev.DELETE'
npm WARN optional SKIPPING OPTIONAL DEPENDENCY: ansi-regex@2.1.1 (node_modules/@jest/environment/node_modules/fsevents/node_modules/ansi-regex):
npm WARN enoent SKIPPING OPTIONAL DEPENDENCY: ENOENT: no such file or directory, rename '/home/travis/build/paypal/paypal-messaging-components/node_modules/@jest/environment/node_modules/fsevents/node_modules/ansi-regex' -> '/home/travis/build/paypal/paypal-messaging-components/node_modules/@jest/environment/node_modules/fsevents/node_modules/.ansi-regex.DELETE'
npm WARN optional SKIPPING OPTIONAL DEPENDENCY: aproba@1.2.0 (node_modules/@jest/environment/node_modules/fsevents/node_modules/aproba):
npm WARN enoent SKIPPING OPTIONAL DEPENDENCY: ENOENT: no such file or directory, rename '/home/travis/build/paypal/paypal-messaging-components/node_modules/@jest/environment/node_modules/fsevents/node_modules/aproba' -> '/home/travis/build/paypal/paypal-messaging-components/node_modules/@jest/environment/node_modules/fsevents/node_modules/.aproba.DELETE'
npm WARN optional SKIPPING OPTIONAL DEPENDENCY: balanced-match@1.0.0 (node_modules/@jest/environment/node_modules/fsevents/node_modules/balanced-match):
npm WARN enoent SKIPPING OPTIONAL DEPENDENCY: ENOENT: no such file or directory, rename '/home/travis/build/paypal/paypal-messaging-components/node_modules/@jest/environment/node_modules/fsevents/node_modules/balanced-match' -> '/home/travis/build/paypal/paypal-messaging-components/node_modules/@jest/environment/node_modules/fsevents/node_modules/.balanced-match.DELETE'
npm WARN optional SKIPPING OPTIONAL DEPENDENCY: chownr@1.1.4 (node_modules/@jest/environment/node_modules/fsevents/node_modules/chownr):
npm WARN enoent SKIPPING OPTIONAL DEPENDENCY: ENOENT: no such file or directory, rename '/home/travis/build/paypal/paypal-messaging-components/node_modules/@jest/environment/node_modules/fsevents/node_modules/chownr' -> '/home/travis/build/paypal/paypal-messaging-components/node_modules/@jest/environment/node_modules/fsevents/node_modules/.chownr.DELETE'
npm WARN optional SKIPPING OPTIONAL DEPENDENCY: code-point-at@1.1.0 (node_modules/@jest/environment/node_modules/fsevents/node_modules/code-point-at):
npm WARN enoent SKIPPING OPTIONAL DEPENDENCY: ENOENT: no such file or directory, rename '/home/travis/build/paypal/paypal-messaging-components/node_modules/@jest/environment/node_modules/fsevents/node_modules/code-point-at' -> '/home/travis/build/paypal/paypal-messaging-components/node_modules/@jest/environment/node_modules/fsevents/node_modules/.code-point-at.DELETE'
npm WARN optional SKIPPING OPTIONAL DEPENDENCY: concat-map@0.0.1 (node_modules/@jest/environment/node_modules/fsevents/node_modules/concat-map):
npm WARN enoent SKIPPING OPTIONAL DEPENDENCY: ENOENT: no such file or directory, rename '/home/travis/build/paypal/paypal-messaging-components/node_modules/@jest/environment/node_modules/fsevents/node_modules/concat-map' -> '/home/travis/build/paypal/paypal-messaging-components/node_modules/@jest/environment/node_modules/fsevents/node_modules/.concat-map.DELETE'
npm WARN optional SKIPPING OPTIONAL DEPENDENCY: console-control-strings@1.1.0 (node_modules/@jest/environment/node_modules/fsevents/node_modules/console-control-strings):
npm WARN enoent SKIPPING OPTIONAL DEPENDENCY: ENOENT: no such file or directory, rename '/home/travis/build/paypal/paypal-messaging-components/node_modules/@jest/environment/node_modules/fsevents/node_modules/console-control-strings' -> '/home/travis/build/paypal/paypal-messaging-components/node_modules/@jest/environment/node_modules/fsevents/node_modules/.console-control-strings.DELETE'
npm WARN optional SKIPPING OPTIONAL DEPENDENCY: core-util-is@1.0.2 (node_modules/@jest/environment/node_modules/fsevents/node_modules/core-util-is):
npm WARN enoent SKIPPING OPTIONAL DEPENDENCY: ENOENT: no such file or directory, rename '/home/travis/build/paypal/paypal-messaging-components/node_modules/@jest/environment/node_modules/fsevents/node_modules/core-util-is' -> '/home/travis/build/paypal/paypal-messaging-components/node_modules/@jest/environment/node_modules/fsevents/node_modules/.core-util-is.DELETE'
npm WARN optional SKIPPING OPTIONAL DEPENDENCY: deep-extend@0.6.0 (node_modules/@jest/environment/node_modules/fsevents/node_modules/deep-extend):
npm WARN enoent SKIPPING OPTIONAL DEPENDENCY: ENOENT: no such file or directory, rename '/home/travis/build/paypal/paypal-messaging-components/node_modules/@jest/environment/node_modules/fsevents/node_modules/deep-extend' -> '/home/travis/build/paypal/paypal-messaging-components/node_modules/@jest/environment/node_modules/fsevents/node_modules/.deep-extend.DELETE'
npm WARN optional SKIPPING OPTIONAL DEPENDENCY: delegates@1.0.0 (node_modules/@jest/environment/node_modules/fsevents/node_modules/delegates):
npm WARN enoent SKIPPING OPTIONAL DEPENDENCY: ENOENT: no such file or directory, rename '/home/travis/build/paypal/paypal-messaging-components/node_modules/@jest/environment/node_modules/fsevents/node_modules/delegates' -> '/home/travis/build/paypal/paypal-messaging-components/node_modules/@jest/environment/node_modules/fsevents/node_modules/.delegates.DELETE'
npm WARN optional SKIPPING OPTIONAL DEPENDENCY: detect-libc@1.0.3 (node_modules/@jest/environment/node_modules/fsevents/node_modules/detect-libc):
npm WARN enoent SKIPPING OPTIONAL DEPENDENCY: ENOENT: no such file or directory, rename '/home/travis/build/paypal/paypal-messaging-components/node_modules/@jest/environment/node_modules/fsevents/node_modules/detect-libc' -> '/home/travis/build/paypal/paypal-messaging-components/node_modules/@jest/environment/node_modules/fsevents/node_modules/.detect-libc.DELETE'
npm WARN optional SKIPPING OPTIONAL DEPENDENCY: fs.realpath@1.0.0 (node_modules/@jest/environment/node_modules/fsevents/node_modules/fs.realpath):
npm WARN enoent SKIPPING OPTIONAL DEPENDENCY: ENOENT: no such file or directory, rename '/home/travis/build/paypal/paypal-messaging-components/node_modules/@jest/environment/node_modules/fsevents/node_modules/fs.realpath' -> '/home/travis/build/paypal/paypal-messaging-components/node_modules/@jest/environment/node_modules/fsevents/node_modules/.fs.realpath.DELETE'
npm WARN optional SKIPPING OPTIONAL DEPENDENCY: has-unicode@2.0.1 (node_modules/@jest/environment/node_modules/fsevents/node_modules/has-unicode):
npm WARN enoent SKIPPING OPTIONAL DEPENDENCY: ENOENT: no such file or directory, rename '/home/travis/build/paypal/paypal-messaging-components/node_modules/@jest/environment/node_modules/fsevents/node_modules/has-unicode' -> '/home/travis/build/paypal/paypal-messaging-components/node_modules/@jest/environment/node_modules/fsevents/node_modules/.has-unicode.DELETE'
npm WARN optional SKIPPING OPTIONAL DEPENDENCY: inherits@2.0.4 (node_modules/@jest/environment/node_modules/fsevents/node_modules/inherits):
npm WARN enoent SKIPPING OPTIONAL DEPENDENCY: ENOENT: no such file or directory, rename '/home/travis/build/paypal/paypal-messaging-components/node_modules/@jest/environment/node_modules/fsevents/node_modules/inherits' -> '/home/travis/build/paypal/paypal-messaging-components/node_modules/@jest/environment/node_modules/fsevents/node_modules/.inherits.DELETE'
npm WARN optional SKIPPING OPTIONAL DEPENDENCY: ini@1.3.5 (node_modules/@jest/environment/node_modules/fsevents/node_modules/ini):
npm WARN enoent SKIPPING OPTIONAL DEPENDENCY: ENOENT: no such file or directory, rename '/home/travis/build/paypal/paypal-messaging-components/node_modules/@jest/environment/node_modules/fsevents/node_modules/ini' -> '/home/travis/build/paypal/paypal-messaging-components/node_modules/@jest/environment/node_modules/fsevents/node_modules/.ini.DELETE'
npm WARN optional SKIPPING OPTIONAL DEPENDENCY: isarray@1.0.0 (node_modules/@jest/environment/node_modules/fsevents/node_modules/isarray):
npm WARN enoent SKIPPING OPTIONAL DEPENDENCY: ENOENT: no such file or directory, rename '/home/travis/build/paypal/paypal-messaging-components/node_modules/@jest/environment/node_modules/fsevents/node_modules/isarray' -> '/home/travis/build/paypal/paypal-messaging-components/node_modules/@jest/environment/node_modules/fsevents/node_modules/.isarray.DELETE'
npm WARN optional SKIPPING OPTIONAL DEPENDENCY: minimist@1.2.5 (node_modules/@jest/environment/node_modules/fsevents/node_modules/minimist):
npm WARN enoent SKIPPING OPTIONAL DEPENDENCY: ENOENT: no such file or directory, rename '/home/travis/build/paypal/paypal-messaging-components/node_modules/@jest/environment/node_modules/fsevents/node_modules/minimist' -> '/home/travis/build/paypal/paypal-messaging-components/node_modules/@jest/environment/node_modules/fsevents/node_modules/.minimist.DELETE'
npm WARN optional SKIPPING OPTIONAL DEPENDENCY: ms@2.1.2 (node_modules/@jest/environment/node_modules/fsevents/node_modules/ms):
npm WARN enoent SKIPPING OPTIONAL DEPENDENCY: ENOENT: no such file or directory, rename '/home/travis/build/paypal/paypal-messaging-components/node_modules/@jest/environment/node_modules/fsevents/node_modules/ms' -> '/home/travis/build/paypal/paypal-messaging-components/node_modules/@jest/environment/node_modules/fsevents/node_modules/.ms.DELETE'
npm WARN optional SKIPPING OPTIONAL DEPENDENCY: npm-normalize-package-bin@1.0.1 (node_modules/@jest/environment/node_modules/fsevents/node_modules/npm-normalize-package-bin):
npm WARN enoent SKIPPING OPTIONAL DEPENDENCY: ENOENT: no such file or directory, rename '/home/travis/build/paypal/paypal-messaging-components/node_modules/@jest/environment/node_modules/fsevents/node_modules/npm-normalize-package-bin' -> '/home/travis/build/paypal/paypal-messaging-components/node_modules/@jest/environment/node_modules/fsevents/node_modules/.npm-normalize-package-bin.DELETE'
npm WARN optional SKIPPING OPTIONAL DEPENDENCY: number-is-nan@1.0.1 (node_modules/@jest/environment/node_modules/fsevents/node_modules/number-is-nan):
npm WARN enoent SKIPPING OPTIONAL DEPENDENCY: ENOENT: no such file or directory, rename '/home/travis/build/paypal/paypal-messaging-components/node_modules/@jest/environment/node_modules/fsevents/node_modules/number-is-nan' -> '/home/travis/build/paypal/paypal-messaging-components/node_modules/@jest/environment/node_modules/fsevents/node_modules/.number-is-nan.DELETE'
npm WARN optional SKIPPING OPTIONAL DEPENDENCY: object-assign@4.1.1 (node_modules/@jest/environment/node_modules/fsevents/node_modules/object-assign):
npm WARN enoent SKIPPING OPTIONAL DEPENDENCY: ENOENT: no such file or directory, rename '/home/travis/build/paypal/paypal-messaging-components/node_modules/@jest/environment/node_modules/fsevents/node_modules/object-assign' -> '/home/travis/build/paypal/paypal-messaging-components/node_modules/@jest/environment/node_modules/fsevents/node_modules/.object-assign.DELETE'
npm WARN optional SKIPPING OPTIONAL DEPENDENCY: os-homedir@1.0.2 (node_modules/@jest/environment/node_modules/fsevents/node_modules/os-homedir):
npm WARN enoent SKIPPING OPTIONAL DEPENDENCY: ENOENT: no such file or directory, rename '/home/travis/build/paypal/paypal-messaging-components/node_modules/@jest/environment/node_modules/fsevents/node_modules/os-homedir' -> '/home/travis/build/paypal/paypal-messaging-components/node_modules/@jest/environment/node_modules/fsevents/node_modules/.os-homedir.DELETE'
npm WARN optional SKIPPING OPTIONAL DEPENDENCY: os-tmpdir@1.0.2 (node_modules/@jest/environment/node_modules/fsevents/node_modules/os-tmpdir):
npm WARN enoent SKIPPING OPTIONAL DEPENDENCY: ENOENT: no such file or directory, rename '/home/travis/build/paypal/paypal-messaging-components/node_modules/@jest/environment/node_modules/fsevents/node_modules/os-tmpdir' -> '/home/travis/build/paypal/paypal-messaging-components/node_modules/@jest/environment/node_modules/fsevents/node_modules/.os-tmpdir.DELETE'
npm WARN optional SKIPPING OPTIONAL DEPENDENCY: path-is-absolute@1.0.1 (node_modules/@jest/environment/node_modules/fsevents/node_modules/path-is-absolute):
npm WARN enoent SKIPPING OPTIONAL DEPENDENCY: ENOENT: no such file or directory, rename '/home/travis/build/paypal/paypal-messaging-components/node_modules/@jest/environment/node_modules/fsevents/node_modules/path-is-absolute' -> '/home/travis/build/paypal/paypal-messaging-components/node_modules/@jest/environment/node_modules/fsevents/node_modules/.path-is-absolute.DELETE'
npm WARN optional SKIPPING OPTIONAL DEPENDENCY: process-nextick-args@2.0.1 (node_modules/@jest/environment/node_modules/fsevents/node_modules/process-nextick-args):
npm WARN enoent SKIPPING OPTIONAL DEPENDENCY: ENOENT: no such file or directory, rename '/home/travis/build/paypal/paypal-messaging-components/node_modules/@jest/environment/node_modules/fsevents/node_modules/process-nextick-args' -> '/home/travis/build/paypal/paypal-messaging-components/node_modules/@jest/environment/node_modules/fsevents/node_modules/.process-nextick-args.DELETE'
npm WARN optional SKIPPING OPTIONAL DEPENDENCY: safe-buffer@5.1.2 (node_modules/@jest/environment/node_modules/fsevents/node_modules/safe-buffer):
npm WARN enoent SKIPPING OPTIONAL DEPENDENCY: ENOENT: no such file or directory, rename '/home/travis/build/paypal/paypal-messaging-components/node_modules/@jest/environment/node_modules/fsevents/node_modules/safe-buffer' -> '/home/travis/build/paypal/paypal-messaging-components/node_modules/@jest/environment/node_modules/fsevents/node_modules/.safe-buffer.DELETE'
npm WARN optional SKIPPING OPTIONAL DEPENDENCY: safer-buffer@2.1.2 (node_modules/@jest/environment/node_modules/fsevents/node_modules/safer-buffer):
npm WARN enoent SKIPPING OPTIONAL DEPENDENCY: ENOENT: no such file or directory, rename '/home/travis/build/paypal/paypal-messaging-components/node_modules/@jest/environment/node_modules/fsevents/node_modules/safer-buffer' -> '/home/travis/build/paypal/paypal-messaging-components/node_modules/@jest/environment/node_modules/fsevents/node_modules/.safer-buffer.DELETE'
npm WARN optional SKIPPING OPTIONAL DEPENDENCY: sax@1.2.4 (node_modules/@jest/environment/node_modules/fsevents/node_modules/sax):
npm WARN enoent SKIPPING OPTIONAL DEPENDENCY: ENOENT: no such file or directory, rename '/home/travis/build/paypal/paypal-messaging-components/node_modules/@jest/environment/node_modules/fsevents/node_modules/sax' -> '/home/travis/build/paypal/paypal-messaging-components/node_modules/@jest/environment/node_modules/fsevents/node_modules/.sax.DELETE'
npm WARN optional SKIPPING OPTIONAL DEPENDENCY: semver@5.7.1 (node_modules/@jest/environment/node_modules/fsevents/node_modules/semver):
npm WARN enoent SKIPPING OPTIONAL DEPENDENCY: ENOENT: no such file or directory, rename '/home/travis/build/paypal/paypal-messaging-components/node_modules/@jest/environment/node_modules/fsevents/node_modules/semver' -> '/home/travis/build/paypal/paypal-messaging-components/node_modules/@jest/environment/node_modules/fsevents/node_modules/.semver.DELETE'
npm WARN optional SKIPPING OPTIONAL DEPENDENCY: set-blocking@2.0.0 (node_modules/@jest/environment/node_modules/fsevents/node_modules/set-blocking):
npm WARN enoent SKIPPING OPTIONAL DEPENDENCY: ENOENT: no such file or directory, rename '/home/travis/build/paypal/paypal-messaging-components/node_modules/@jest/environment/node_modules/fsevents/node_modules/set-blocking' -> '/home/travis/build/paypal/paypal-messaging-components/node_modules/@jest/environment/node_modules/fsevents/node_modules/.set-blocking.DELETE'
npm WARN optional SKIPPING OPTIONAL DEPENDENCY: signal-exit@3.0.2 (node_modules/@jest/environment/node_modules/fsevents/node_modules/signal-exit):
npm WARN enoent SKIPPING OPTIONAL DEPENDENCY: ENOENT: no such file or directory, rename '/home/travis/build/paypal/paypal-messaging-components/node_modules/@jest/environment/node_modules/fsevents/node_modules/signal-exit' -> '/home/travis/build/paypal/paypal-messaging-components/node_modules/@jest/environment/node_modules/fsevents/node_modules/.signal-exit.DELETE'
npm WARN optional SKIPPING OPTIONAL DEPENDENCY: strip-json-comments@2.0.1 (node_modules/@jest/environment/node_modules/fsevents/node_modules/strip-json-comments):
npm WARN enoent SKIPPING OPTIONAL DEPENDENCY: ENOENT: no such file or directory, rename '/home/travis/build/paypal/paypal-messaging-components/node_modules/@jest/environment/node_modules/fsevents/node_modules/strip-json-comments' -> '/home/travis/build/paypal/paypal-messaging-components/node_modules/@jest/environment/node_modules/fsevents/node_modules/.strip-json-comments.DELETE'
npm WARN optional SKIPPING OPTIONAL DEPENDENCY: util-deprecate@1.0.2 (node_modules/@jest/environment/node_modules/fsevents/node_modules/util-deprecate):
npm WARN enoent SKIPPING OPTIONAL DEPENDENCY: ENOENT: no such file or directory, rename '/home/travis/build/paypal/paypal-messaging-components/node_modules/@jest/environment/node_modules/fsevents/node_modules/util-deprecate' -> '/home/travis/build/paypal/paypal-messaging-components/node_modules/@jest/environment/node_modules/fsevents/node_modules/.util-deprecate.DELETE'
npm WARN optional SKIPPING OPTIONAL DEPENDENCY: wrappy@1.0.2 (node_modules/@jest/environment/node_modules/fsevents/node_modules/wrappy):
npm WARN enoent SKIPPING OPTIONAL DEPENDENCY: ENOENT: no such file or directory, rename '/home/travis/build/paypal/paypal-messaging-components/node_modules/@jest/environment/node_modules/fsevents/node_modules/wrappy' -> '/home/travis/build/paypal/paypal-messaging-components/node_modules/@jest/environment/node_modules/fsevents/node_modules/.wrappy.DELETE'
npm WARN optional SKIPPING OPTIONAL DEPENDENCY: yallist@3.1.1 (node_modules/@jest/environment/node_modules/fsevents/node_modules/yallist):
npm WARN enoent SKIPPING OPTIONAL DEPENDENCY: ENOENT: no such file or directory, rename '/home/travis/build/paypal/paypal-messaging-components/node_modules/@jest/environment/node_modules/fsevents/node_modules/yallist' -> '/home/travis/build/paypal/paypal-messaging-components/node_modules/@jest/environment/node_modules/fsevents/node_modules/.yallist.DELETE'
npm WARN optional SKIPPING OPTIONAL DEPENDENCY: abbrev@1.1.1 (node_modules/@jest/reporters/node_modules/fsevents/node_modules/abbrev):
npm WARN enoent SKIPPING OPTIONAL DEPENDENCY: ENOENT: no such file or directory, rename '/home/travis/build/paypal/paypal-messaging-components/node_modules/@jest/reporters/node_modules/fsevents/node_modules/abbrev' -> '/home/travis/build/paypal/paypal-messaging-components/node_modules/@jest/reporters/node_modules/fsevents/node_modules/.abbrev.DELETE'
npm WARN optional SKIPPING OPTIONAL DEPENDENCY: ansi-regex@2.1.1 (node_modules/@jest/reporters/node_modules/fsevents/node_modules/ansi-regex):
npm WARN enoent SKIPPING OPTIONAL DEPENDENCY: ENOENT: no such file or directory, rename '/home/travis/build/paypal/paypal-messaging-components/node_modules/@jest/reporters/node_modules/fsevents/node_modules/ansi-regex' -> '/home/travis/build/paypal/paypal-messaging-components/node_modules/@jest/reporters/node_modules/fsevents/node_modules/.ansi-regex.DELETE'
npm WARN optional SKIPPING OPTIONAL DEPENDENCY: aproba@1.2.0 (node_modules/@jest/reporters/node_modules/fsevents/node_modules/aproba):
npm WARN enoent SKIPPING OPTIONAL DEPENDENCY: ENOENT: no such file or directory, rename '/home/travis/build/paypal/paypal-messaging-components/node_modules/@jest/reporters/node_modules/fsevents/node_modules/aproba' -> '/home/travis/build/paypal/paypal-messaging-components/node_modules/@jest/reporters/node_modules/fsevents/node_modules/.aproba.DELETE'
npm WARN optional SKIPPING OPTIONAL DEPENDENCY: balanced-match@1.0.0 (node_modules/@jest/reporters/node_modules/fsevents/node_modules/balanced-match):
npm WARN enoent SKIPPING OPTIONAL DEPENDENCY: ENOENT: no such file or directory, rename '/home/travis/build/paypal/paypal-messaging-components/node_modules/@jest/reporters/node_modules/fsevents/node_modules/balanced-match' -> '/home/travis/build/paypal/paypal-messaging-components/node_modules/@jest/reporters/node_modules/fsevents/node_modules/.balanced-match.DELETE'
npm WARN optional SKIPPING OPTIONAL DEPENDENCY: chownr@1.1.4 (node_modules/@jest/reporters/node_modules/fsevents/node_modules/chownr):
npm WARN enoent SKIPPING OPTIONAL DEPENDENCY: ENOENT: no such file or directory, rename '/home/travis/build/paypal/paypal-messaging-components/node_modules/@jest/reporters/node_modules/fsevents/node_modules/chownr' -> '/home/travis/build/paypal/paypal-messaging-components/node_modules/@jest/reporters/node_modules/fsevents/node_modules/.chownr.DELETE'
npm WARN optional SKIPPING OPTIONAL DEPENDENCY: code-point-at@1.1.0 (node_modules/@jest/reporters/node_modules/fsevents/node_modules/code-point-at):
npm WARN enoent SKIPPING OPTIONAL DEPENDENCY: ENOENT: no such file or directory, rename '/home/travis/build/paypal/paypal-messaging-components/node_modules/@jest/reporters/node_modules/fsevents/node_modules/code-point-at' -> '/home/travis/build/paypal/paypal-messaging-components/node_modules/@jest/reporters/node_modules/fsevents/node_modules/.code-point-at.DELETE'
npm WARN optional SKIPPING OPTIONAL DEPENDENCY: concat-map@0.0.1 (node_modules/@jest/reporters/node_modules/fsevents/node_modules/concat-map):
npm WARN enoent SKIPPING OPTIONAL DEPENDENCY: ENOENT: no such file or directory, rename '/home/travis/build/paypal/paypal-messaging-components/node_modules/@jest/reporters/node_modules/fsevents/node_modules/concat-map' -> '/home/travis/build/paypal/paypal-messaging-components/node_modules/@jest/reporters/node_modules/fsevents/node_modules/.concat-map.DELETE'
npm WARN optional SKIPPING OPTIONAL DEPENDENCY: console-control-strings@1.1.0 (node_modules/@jest/reporters/node_modules/fsevents/node_modules/console-control-strings):
npm WARN enoent SKIPPING OPTIONAL DEPENDENCY: ENOENT: no such file or directory, rename '/home/travis/build/paypal/paypal-messaging-components/node_modules/@jest/reporters/node_modules/fsevents/node_modules/console-control-strings' -> '/home/travis/build/paypal/paypal-messaging-components/node_modules/@jest/reporters/node_modules/fsevents/node_modules/.console-control-strings.DELETE'
npm WARN optional SKIPPING OPTIONAL DEPENDENCY: core-util-is@1.0.2 (node_modules/@jest/reporters/node_modules/fsevents/node_modules/core-util-is):
npm WARN enoent SKIPPING OPTIONAL DEPENDENCY: ENOENT: no such file or directory, rename '/home/travis/build/paypal/paypal-messaging-components/node_modules/@jest/reporters/node_modules/fsevents/node_modules/core-util-is' -> '/home/travis/build/paypal/paypal-messaging-components/node_modules/@jest/reporters/node_modules/fsevents/node_modules/.core-util-is.DELETE'
npm WARN optional SKIPPING OPTIONAL DEPENDENCY: deep-extend@0.6.0 (node_modules/@jest/reporters/node_modules/fsevents/node_modules/deep-extend):
npm WARN enoent SKIPPING OPTIONAL DEPENDENCY: ENOENT: no such file or directory, rename '/home/travis/build/paypal/paypal-messaging-components/node_modules/@jest/reporters/node_modules/fsevents/node_modules/deep-extend' -> '/home/travis/build/paypal/paypal-messaging-components/node_modules/@jest/reporters/node_modules/fsevents/node_modules/.deep-extend.DELETE'
npm WARN optional SKIPPING OPTIONAL DEPENDENCY: delegates@1.0.0 (node_modules/@jest/reporters/node_modules/fsevents/node_modules/delegates):
npm WARN enoent SKIPPING OPTIONAL DEPENDENCY: ENOENT: no such file or directory, rename '/home/travis/build/paypal/paypal-messaging-components/node_modules/@jest/reporters/node_modules/fsevents/node_modules/delegates' -> '/home/travis/build/paypal/paypal-messaging-components/node_modules/@jest/reporters/node_modules/fsevents/node_modules/.delegates.DELETE'
npm WARN optional SKIPPING OPTIONAL DEPENDENCY: detect-libc@1.0.3 (node_modules/@jest/reporters/node_modules/fsevents/node_modules/detect-libc):
npm WARN enoent SKIPPING OPTIONAL DEPENDENCY: ENOENT: no such file or directory, rename '/home/travis/build/paypal/paypal-messaging-components/node_modules/@jest/reporters/node_modules/fsevents/node_modules/detect-libc' -> '/home/travis/build/paypal/paypal-messaging-components/node_modules/@jest/reporters/node_modules/fsevents/node_modules/.detect-libc.DELETE'
npm WARN optional SKIPPING OPTIONAL DEPENDENCY: fs.realpath@1.0.0 (node_modules/@jest/reporters/node_modules/fsevents/node_modules/fs.realpath):
npm WARN enoent SKIPPING OPTIONAL DEPENDENCY: ENOENT: no such file or directory, rename '/home/travis/build/paypal/paypal-messaging-components/node_modules/@jest/reporters/node_modules/fsevents/node_modules/fs.realpath' -> '/home/travis/build/paypal/paypal-messaging-components/node_modules/@jest/reporters/node_modules/fsevents/node_modules/.fs.realpath.DELETE'
npm WARN optional SKIPPING OPTIONAL DEPENDENCY: has-unicode@2.0.1 (node_modules/@jest/reporters/node_modules/fsevents/node_modules/has-unicode):
npm WARN enoent SKIPPING OPTIONAL DEPENDENCY: ENOENT: no such file or directory, rename '/home/travis/build/paypal/paypal-messaging-components/node_modules/@jest/reporters/node_modules/fsevents/node_modules/has-unicode' -> '/home/travis/build/paypal/paypal-messaging-components/node_modules/@jest/reporters/node_modules/fsevents/node_modules/.has-unicode.DELETE'
npm WARN optional SKIPPING OPTIONAL DEPENDENCY: inherits@2.0.4 (node_modules/@jest/reporters/node_modules/fsevents/node_modules/inherits):
npm WARN enoent SKIPPING OPTIONAL DEPENDENCY: ENOENT: no such file or directory, rename '/home/travis/build/paypal/paypal-messaging-components/node_modules/@jest/reporters/node_modules/fsevents/node_modules/inherits' -> '/home/travis/build/paypal/paypal-messaging-components/node_modules/@jest/reporters/node_modules/fsevents/node_modules/.inherits.DELETE'
npm WARN optional SKIPPING OPTIONAL DEPENDENCY: ini@1.3.5 (node_modules/@jest/reporters/node_modules/fsevents/node_modules/ini):
npm WARN enoent SKIPPING OPTIONAL DEPENDENCY: ENOENT: no such file or directory, rename '/home/travis/build/paypal/paypal-messaging-components/node_modules/@jest/reporters/node_modules/fsevents/node_modules/ini' -> '/home/travis/build/paypal/paypal-messaging-components/node_modules/@jest/reporters/node_modules/fsevents/node_modules/.ini.DELETE'
npm WARN optional SKIPPING OPTIONAL DEPENDENCY: isarray@1.0.0 (node_modules/@jest/reporters/node_modules/fsevents/node_modules/isarray):
npm WARN enoent SKIPPING OPTIONAL DEPENDENCY: ENOENT: no such file or directory, rename '/home/travis/build/paypal/paypal-messaging-components/node_modules/@jest/reporters/node_modules/fsevents/node_modules/isarray' -> '/home/travis/build/paypal/paypal-messaging-components/node_modules/@jest/reporters/node_modules/fsevents/node_modules/.isarray.DELETE'
npm WARN optional SKIPPING OPTIONAL DEPENDENCY: minimist@1.2.5 (node_modules/@jest/reporters/node_modules/fsevents/node_modules/minimist):
npm WARN enoent SKIPPING OPTIONAL DEPENDENCY: ENOENT: no such file or directory, rename '/home/travis/build/paypal/paypal-messaging-components/node_modules/@jest/reporters/node_modules/fsevents/node_modules/minimist' -> '/home/travis/build/paypal/paypal-messaging-components/node_modules/@jest/reporters/node_modules/fsevents/node_modules/.minimist.DELETE'
npm WARN optional SKIPPING OPTIONAL DEPENDENCY: ms@2.1.2 (node_modules/@jest/reporters/node_modules/fsevents/node_modules/ms):
npm WARN enoent SKIPPING OPTIONAL DEPENDENCY: ENOENT: no such file or directory, rename '/home/travis/build/paypal/paypal-messaging-components/node_modules/@jest/reporters/node_modules/fsevents/node_modules/ms' -> '/home/travis/build/paypal/paypal-messaging-components/node_modules/@jest/reporters/node_modules/fsevents/node_modules/.ms.DELETE'
npm WARN optional SKIPPING OPTIONAL DEPENDENCY: npm-normalize-package-bin@1.0.1 (node_modules/@jest/reporters/node_modules/fsevents/node_modules/npm-normalize-package-bin):
npm WARN enoent SKIPPING OPTIONAL DEPENDENCY: ENOENT: no such file or directory, rename '/home/travis/build/paypal/paypal-messaging-components/node_modules/@jest/reporters/node_modules/fsevents/node_modules/npm-normalize-package-bin' -> '/home/travis/build/paypal/paypal-messaging-components/node_modules/@jest/reporters/node_modules/fsevents/node_modules/.npm-normalize-package-bin.DELETE'
npm WARN optional SKIPPING OPTIONAL DEPENDENCY: number-is-nan@1.0.1 (node_modules/@jest/reporters/node_modules/fsevents/node_modules/number-is-nan):
npm WARN enoent SKIPPING OPTIONAL DEPENDENCY: ENOENT: no such file or directory, rename '/home/travis/build/paypal/paypal-messaging-components/node_modules/@jest/reporters/node_modules/fsevents/node_modules/number-is-nan' -> '/home/travis/build/paypal/paypal-messaging-components/node_modules/@jest/reporters/node_modules/fsevents/node_modules/.number-is-nan.DELETE'
npm WARN optional SKIPPING OPTIONAL DEPENDENCY: object-assign@4.1.1 (node_modules/@jest/reporters/node_modules/fsevents/node_modules/object-assign):
npm WARN enoent SKIPPING OPTIONAL DEPENDENCY: ENOENT: no such file or directory, rename '/home/travis/build/paypal/paypal-messaging-components/node_modules/@jest/reporters/node_modules/fsevents/node_modules/object-assign' -> '/home/travis/build/paypal/paypal-messaging-components/node_modules/@jest/reporters/node_modules/fsevents/node_modules/.object-assign.DELETE'
npm WARN optional SKIPPING OPTIONAL DEPENDENCY: os-homedir@1.0.2 (node_modules/@jest/reporters/node_modules/fsevents/node_modules/os-homedir):
npm WARN enoent SKIPPING OPTIONAL DEPENDENCY: ENOENT: no such file or directory, rename '/home/travis/build/paypal/paypal-messaging-components/node_modules/@jest/reporters/node_modules/fsevents/node_modules/os-homedir' -> '/home/travis/build/paypal/paypal-messaging-components/node_modules/@jest/reporters/node_modules/fsevents/node_modules/.os-homedir.DELETE'
npm WARN optional SKIPPING OPTIONAL DEPENDENCY: os-tmpdir@1.0.2 (node_modules/@jest/reporters/node_modules/fsevents/node_modules/os-tmpdir):
npm WARN enoent SKIPPING OPTIONAL DEPENDENCY: ENOENT: no such file or directory, rename '/home/travis/build/paypal/paypal-messaging-components/node_modules/@jest/reporters/node_modules/fsevents/node_modules/os-tmpdir' -> '/home/travis/build/paypal/paypal-messaging-components/node_modules/@jest/reporters/node_modules/fsevents/node_modules/.os-tmpdir.DELETE'
npm WARN optional SKIPPING OPTIONAL DEPENDENCY: path-is-absolute@1.0.1 (node_modules/@jest/reporters/node_modules/fsevents/node_modules/path-is-absolute):
npm WARN enoent SKIPPING OPTIONAL DEPENDENCY: ENOENT: no such file or directory, rename '/home/travis/build/paypal/paypal-messaging-components/node_modules/@jest/reporters/node_modules/fsevents/node_modules/path-is-absolute' -> '/home/travis/build/paypal/paypal-messaging-components/node_modules/@jest/reporters/node_modules/fsevents/node_modules/.path-is-absolute.DELETE'
npm WARN optional SKIPPING OPTIONAL DEPENDENCY: process-nextick-args@2.0.1 (node_modules/@jest/reporters/node_modules/fsevents/node_modules/process-nextick-args):
npm WARN enoent SKIPPING OPTIONAL DEPENDENCY: ENOENT: no such file or directory, rename '/home/travis/build/paypal/paypal-messaging-components/node_modules/@jest/reporters/node_modules/fsevents/node_modules/process-nextick-args' -> '/home/travis/build/paypal/paypal-messaging-components/node_modules/@jest/reporters/node_modules/fsevents/node_modules/.process-nextick-args.DELETE'
npm WARN optional SKIPPING OPTIONAL DEPENDENCY: safe-buffer@5.1.2 (node_modules/@jest/reporters/node_modules/fsevents/node_modules/safe-buffer):
npm WARN enoent SKIPPING OPTIONAL DEPENDENCY: ENOENT: no such file or directory, rename '/home/travis/build/paypal/paypal-messaging-components/node_modules/@jest/reporters/node_modules/fsevents/node_modules/safe-buffer' -> '/home/travis/build/paypal/paypal-messaging-components/node_modules/@jest/reporters/node_modules/fsevents/node_modules/.safe-buffer.DELETE'
npm WARN optional SKIPPING OPTIONAL DEPENDENCY: safer-buffer@2.1.2 (node_modules/@jest/reporters/node_modules/fsevents/node_modules/safer-buffer):
npm WARN enoent SKIPPING OPTIONAL DEPENDENCY: ENOENT: no such file or directory, rename '/home/travis/build/paypal/paypal-messaging-components/node_modules/@jest/reporters/node_modules/fsevents/node_modules/safer-buffer' -> '/home/travis/build/paypal/paypal-messaging-components/node_modules/@jest/reporters/node_modules/fsevents/node_modules/.safer-buffer.DELETE'
npm WARN optional SKIPPING OPTIONAL DEPENDENCY: sax@1.2.4 (node_modules/@jest/reporters/node_modules/fsevents/node_modules/sax):
npm WARN enoent SKIPPING OPTIONAL DEPENDENCY: ENOENT: no such file or directory, rename '/home/travis/build/paypal/paypal-messaging-components/node_modules/@jest/reporters/node_modules/fsevents/node_modules/sax' -> '/home/travis/build/paypal/paypal-messaging-components/node_modules/@jest/reporters/node_modules/fsevents/node_modules/.sax.DELETE'
npm WARN optional SKIPPING OPTIONAL DEPENDENCY: semver@5.7.1 (node_modules/@jest/reporters/node_modules/fsevents/node_modules/semver):
npm WARN enoent SKIPPING OPTIONAL DEPENDENCY: ENOENT: no such file or directory, rename '/home/travis/build/paypal/paypal-messaging-components/node_modules/@jest/reporters/node_modules/fsevents/node_modules/semver' -> '/home/travis/build/paypal/paypal-messaging-components/node_modules/@jest/reporters/node_modules/fsevents/node_modules/.semver.DELETE'
npm WARN optional SKIPPING OPTIONAL DEPENDENCY: set-blocking@2.0.0 (node_modules/@jest/reporters/node_modules/fsevents/node_modules/set-blocking):
npm WARN enoent SKIPPING OPTIONAL DEPENDENCY: ENOENT: no such file or directory, rename '/home/travis/build/paypal/paypal-messaging-components/node_modules/@jest/reporters/node_modules/fsevents/node_modules/set-blocking' -> '/home/travis/build/paypal/paypal-messaging-components/node_modules/@jest/reporters/node_modules/fsevents/node_modules/.set-blocking.DELETE'
npm WARN optional SKIPPING OPTIONAL DEPENDENCY: signal-exit@3.0.2 (node_modules/@jest/reporters/node_modules/fsevents/node_modules/signal-exit):
npm WARN enoent SKIPPING OPTIONAL DEPENDENCY: ENOENT: no such file or directory, rename '/home/travis/build/paypal/paypal-messaging-components/node_modules/@jest/reporters/node_modules/fsevents/node_modules/signal-exit' -> '/home/travis/build/paypal/paypal-messaging-components/node_modules/@jest/reporters/node_modules/fsevents/node_modules/.signal-exit.DELETE'
npm WARN optional SKIPPING OPTIONAL DEPENDENCY: strip-json-comments@2.0.1 (node_modules/@jest/reporters/node_modules/fsevents/node_modules/strip-json-comments):
npm WARN enoent SKIPPING OPTIONAL DEPENDENCY: ENOENT: no such file or directory, rename '/home/travis/build/paypal/paypal-messaging-components/node_modules/@jest/reporters/node_modules/fsevents/node_modules/strip-json-comments' -> '/home/travis/build/paypal/paypal-messaging-components/node_modules/@jest/reporters/node_modules/fsevents/node_modules/.strip-json-comments.DELETE'
npm WARN optional SKIPPING OPTIONAL DEPENDENCY: util-deprecate@1.0.2 (node_modules/@jest/reporters/node_modules/fsevents/node_modules/util-deprecate):
npm WARN enoent SKIPPING OPTIONAL DEPENDENCY: ENOENT: no such file or directory, rename '/home/travis/build/paypal/paypal-messaging-components/node_modules/@jest/reporters/node_modules/fsevents/node_modules/util-deprecate' -> '/home/travis/build/paypal/paypal-messaging-components/node_modules/@jest/reporters/node_modules/fsevents/node_modules/.util-deprecate.DELETE'
npm WARN optional SKIPPING OPTIONAL DEPENDENCY: wrappy@1.0.2 (node_modules/@jest/reporters/node_modules/fsevents/node_modules/wrappy):
npm WARN enoent SKIPPING OPTIONAL DEPENDENCY: ENOENT: no such file or directory, rename '/home/travis/build/paypal/paypal-messaging-components/node_modules/@jest/reporters/node_modules/fsevents/node_modules/wrappy' -> '/home/travis/build/paypal/paypal-messaging-components/node_modules/@jest/reporters/node_modules/fsevents/node_modules/.wrappy.DELETE'
npm WARN optional SKIPPING OPTIONAL DEPENDENCY: yallist@3.1.1 (node_modules/@jest/reporters/node_modules/fsevents/node_modules/yallist):
npm WARN enoent SKIPPING OPTIONAL DEPENDENCY: ENOENT: no such file or directory, rename '/home/travis/build/paypal/paypal-messaging-components/node_modules/@jest/reporters/node_modules/fsevents/node_modules/yallist' -> '/home/travis/build/paypal/paypal-messaging-components/node_modules/@jest/reporters/node_modules/fsevents/node_modules/.yallist.DELETE'
npm WARN optional SKIPPING OPTIONAL DEPENDENCY: abbrev@1.1.1 (node_modules/@jest/test-sequencer/node_modules/fsevents/node_modules/abbrev):
npm WARN enoent SKIPPING OPTIONAL DEPENDENCY: ENOENT: no such file or directory, rename '/home/travis/build/paypal/paypal-messaging-components/node_modules/@jest/test-sequencer/node_modules/fsevents/node_modules/abbrev' -> '/home/travis/build/paypal/paypal-messaging-components/node_modules/@jest/test-sequencer/node_modules/fsevents/node_modules/.abbrev.DELETE'
npm WARN optional SKIPPING OPTIONAL DEPENDENCY: ansi-regex@2.1.1 (node_modules/@jest/test-sequencer/node_modules/fsevents/node_modules/ansi-regex):
npm WARN enoent SKIPPING OPTIONAL DEPENDENCY: ENOENT: no such file or directory, rename '/home/travis/build/paypal/paypal-messaging-components/node_modules/@jest/test-sequencer/node_modules/fsevents/node_modules/ansi-regex' -> '/home/travis/build/paypal/paypal-messaging-components/node_modules/@jest/test-sequencer/node_modules/fsevents/node_modules/.ansi-regex.DELETE'
npm WARN optional SKIPPING OPTIONAL DEPENDENCY: aproba@1.2.0 (node_modules/@jest/test-sequencer/node_modules/fsevents/node_modules/aproba):
npm WARN enoent SKIPPING OPTIONAL DEPENDENCY: ENOENT: no such file or directory, rename '/home/travis/build/paypal/paypal-messaging-components/node_modules/@jest/test-sequencer/node_modules/fsevents/node_modules/aproba' -> '/home/travis/build/paypal/paypal-messaging-components/node_modules/@jest/test-sequencer/node_modules/fsevents/node_modules/.aproba.DELETE'
npm WARN optional SKIPPING OPTIONAL DEPENDENCY: balanced-match@1.0.0 (node_modules/@jest/test-sequencer/node_modules/fsevents/node_modules/balanced-match):
npm WARN enoent SKIPPING OPTIONAL DEPENDENCY: ENOENT: no such file or directory, rename '/home/travis/build/paypal/paypal-messaging-components/node_modules/@jest/test-sequencer/node_modules/fsevents/node_modules/balanced-match' -> '/home/travis/build/paypal/paypal-messaging-components/node_modules/@jest/test-sequencer/node_modules/fsevents/node_modules/.balanced-match.DELETE'
npm WARN optional SKIPPING OPTIONAL DEPENDENCY: chownr@1.1.4 (node_modules/@jest/test-sequencer/node_modules/fsevents/node_modules/chownr):
npm WARN enoent SKIPPING OPTIONAL DEPENDENCY: ENOENT: no such file or directory, rename '/home/travis/build/paypal/paypal-messaging-components/node_modules/@jest/test-sequencer/node_modules/fsevents/node_modules/chownr' -> '/home/travis/build/paypal/paypal-messaging-components/node_modules/@jest/test-sequencer/node_modules/fsevents/node_modules/.chownr.DELETE'
npm WARN optional SKIPPING OPTIONAL DEPENDENCY: code-point-at@1.1.0 (node_modules/@jest/test-sequencer/node_modules/fsevents/node_modules/code-point-at):
npm WARN enoent SKIPPING OPTIONAL DEPENDENCY: ENOENT: no such file or directory, rename '/home/travis/build/paypal/paypal-messaging-components/node_modules/@jest/test-sequencer/node_modules/fsevents/node_modules/code-point-at' -> '/home/travis/build/paypal/paypal-messaging-components/node_modules/@jest/test-sequencer/node_modules/fsevents/node_modules/.code-point-at.DELETE'
npm WARN optional SKIPPING OPTIONAL DEPENDENCY: concat-map@0.0.1 (node_modules/@jest/test-sequencer/node_modules/fsevents/node_modules/concat-map):
npm WARN enoent SKIPPING OPTIONAL DEPENDENCY: ENOENT: no such file or directory, rename '/home/travis/build/paypal/paypal-messaging-components/node_modules/@jest/test-sequencer/node_modules/fsevents/node_modules/concat-map' -> '/home/travis/build/paypal/paypal-messaging-components/node_modules/@jest/test-sequencer/node_modules/fsevents/node_modules/.concat-map.DELETE'
npm WARN optional SKIPPING OPTIONAL DEPENDENCY: console-control-strings@1.1.0 (node_modules/@jest/test-sequencer/node_modules/fsevents/node_modules/console-control-strings):
npm WARN enoent SKIPPING OPTIONAL DEPENDENCY: ENOENT: no such file or directory, rename '/home/travis/build/paypal/paypal-messaging-components/node_modules/@jest/test-sequencer/node_modules/fsevents/node_modules/console-control-strings' -> '/home/travis/build/paypal/paypal-messaging-components/node_modules/@jest/test-sequencer/node_modules/fsevents/node_modules/.console-control-strings.DELETE'
npm WARN optional SKIPPING OPTIONAL DEPENDENCY: core-util-is@1.0.2 (node_modules/@jest/test-sequencer/node_modules/fsevents/node_modules/core-util-is):
npm WARN enoent SKIPPING OPTIONAL DEPENDENCY: ENOENT: no such file or directory, rename '/home/travis/build/paypal/paypal-messaging-components/node_modules/@jest/test-sequencer/node_modules/fsevents/node_modules/core-util-is' -> '/home/travis/build/paypal/paypal-messaging-components/node_modules/@jest/test-sequencer/node_modules/fsevents/node_modules/.core-util-is.DELETE'
npm WARN optional SKIPPING OPTIONAL DEPENDENCY: deep-extend@0.6.0 (node_modules/@jest/test-sequencer/node_modules/fsevents/node_modules/deep-extend):
npm WARN enoent SKIPPING OPTIONAL DEPENDENCY: ENOENT: no such file or directory, rename '/home/travis/build/paypal/paypal-messaging-components/node_modules/@jest/test-sequencer/node_modules/fsevents/node_modules/deep-extend' -> '/home/travis/build/paypal/paypal-messaging-components/node_modules/@jest/test-sequencer/node_modules/fsevents/node_modules/.deep-extend.DELETE'
npm WARN optional SKIPPING OPTIONAL DEPENDENCY: delegates@1.0.0 (node_modules/@jest/test-sequencer/node_modules/fsevents/node_modules/delegates):
npm WARN enoent SKIPPING OPTIONAL DEPENDENCY: ENOENT: no such file or directory, rename '/home/travis/build/paypal/paypal-messaging-components/node_modules/@jest/test-sequencer/node_modules/fsevents/node_modules/delegates' -> '/home/travis/build/paypal/paypal-messaging-components/node_modules/@jest/test-sequencer/node_modules/fsevents/node_modules/.delegates.DELETE'
npm WARN optionaladded 3220 packages from 2298 contributors and audited 1198590 packages in 72.73s

63 packages are looking for funding
  run `npm fund` for details

found 78 vulnerabilities (34 low, 25 moderate, 19 high)
  run `npm audit fix` to fix them, or `npm audit` for details
 SKIPPING OPTIONAL DEPENDENCY: detect-libc@1.0.3 (node_modules/@jest/test-sequencer/node_modules/fsevents/node_modules/detect-libc):
npm WARN enoent SKIPPING OPTIONAL DEPENDENCY: ENOENT: no such file or directory, rename '/home/travis/build/paypal/paypal-messaging-components/node_modules/@jest/test-sequencer/node_modules/fsevents/node_modules/detect-libc' -> '/home/travis/build/paypal/paypal-messaging-components/node_modules/@jest/test-sequencer/node_modules/fsevents/node_modules/.detect-libc.DELETE'
npm WARN optional SKIPPING OPTIONAL DEPENDENCY: fs.realpath@1.0.0 (node_modules/@jest/test-sequencer/node_modules/fsevents/node_modules/fs.realpath):
npm WARN enoent SKIPPING OPTIONAL DEPENDENCY: ENOENT: no such file or directory, rename '/home/travis/build/paypal/paypal-messaging-components/node_modules/@jest/test-sequencer/node_modules/fsevents/node_modules/fs.realpath' -> '/home/travis/build/paypal/paypal-messaging-components/node_modules/@jest/test-sequencer/node_modules/fsevents/node_modules/.fs.realpath.DELETE'
npm WARN optional SKIPPING OPTIONAL DEPENDENCY: has-unicode@2.0.1 (node_modules/@jest/test-sequencer/node_modules/fsevents/node_modules/has-unicode):
npm WARN enoent SKIPPING OPTIONAL DEPENDENCY: ENOENT: no such file or directory, rename '/home/travis/build/paypal/paypal-messaging-components/node_modules/@jest/test-sequencer/node_modules/fsevents/node_modules/has-unicode' -> '/home/travis/build/paypal/paypal-messaging-components/node_modules/@jest/test-sequencer/node_modules/fsevents/node_modules/.has-unicode.DELETE'
npm WARN optional SKIPPING OPTIONAL DEPENDENCY: inherits@2.0.4 (node_modules/@jest/test-sequencer/node_modules/fsevents/node_modules/inherits):
npm WARN enoent SKIPPING OPTIONAL DEPENDENCY: ENOENT: no such file or directory, rename '/home/travis/build/paypal/paypal-messaging-components/node_modules/@jest/test-sequencer/node_modules/fsevents/node_modules/inherits' -> '/home/travis/build/paypal/paypal-messaging-components/node_modules/@jest/test-sequencer/node_modules/fsevents/node_modules/.inherits.DELETE'
npm WARN optional SKIPPING OPTIONAL DEPENDENCY: ini@1.3.5 (node_modules/@jest/test-sequencer/node_modules/fsevents/node_modules/ini):
npm WARN enoent SKIPPING OPTIONAL DEPENDENCY: ENOENT: no such file or directory, rename '/home/travis/build/paypal/paypal-messaging-components/node_modules/@jest/test-sequencer/node_modules/fsevents/node_modules/ini' -> '/home/travis/build/paypal/paypal-messaging-components/node_modules/@jest/test-sequencer/node_modules/fsevents/node_modules/.ini.DELETE'
npm WARN optional SKIPPING OPTIONAL DEPENDENCY: isarray@1.0.0 (node_modules/@jest/test-sequencer/node_modules/fsevents/node_modules/isarray):
npm WARN enoent SKIPPING OPTIONAL DEPENDENCY: ENOENT: no such file or directory, rename '/home/travis/build/paypal/paypal-messaging-components/node_modules/@jest/test-sequencer/node_modules/fsevents/node_modules/isarray' -> '/home/travis/build/paypal/paypal-messaging-components/node_modules/@jest/test-sequencer/node_modules/fsevents/node_modules/.isarray.DELETE'
npm WARN optional SKIPPING OPTIONAL DEPENDENCY: minimist@1.2.5 (node_modules/@jest/test-sequencer/node_modules/fsevents/node_modules/minimist):
npm WARN enoent SKIPPING OPTIONAL DEPENDENCY: ENOENT: no such file or directory, rename '/home/travis/build/paypal/paypal-messaging-components/node_modules/@jest/test-sequencer/node_modules/fsevents/node_modules/minimist' -> '/home/travis/build/paypal/paypal-messaging-components/node_modules/@jest/test-sequencer/node_modules/fsevents/node_modules/.minimist.DELETE'
npm WARN optional SKIPPING OPTIONAL DEPENDENCY: ms@2.1.2 (node_modules/@jest/test-sequencer/node_modules/fsevents/node_modules/ms):
npm WARN enoent SKIPPING OPTIONAL DEPENDENCY: ENOENT: no such file or directory, rename '/home/travis/build/paypal/paypal-messaging-components/node_modules/@jest/test-sequencer/node_modules/fsevents/node_modules/ms' -> '/home/travis/build/paypal/paypal-messaging-components/node_modules/@jest/test-sequencer/node_modules/fsevents/node_modules/.ms.DELETE'
npm WARN optional SKIPPING OPTIONAL DEPENDENCY: npm-normalize-package-bin@1.0.1 (node_modules/@jest/test-sequencer/node_modules/fsevents/node_modules/npm-normalize-package-bin):
npm WARN enoent SKIPPING OPTIONAL DEPENDENCY: ENOENT: no such file or directory, rename '/home/travis/build/paypal/paypal-messaging-components/node_modules/@jest/test-sequencer/node_modules/fsevents/node_modules/npm-normalize-package-bin' -> '/home/travis/build/paypal/paypal-messaging-components/node_modules/@jest/test-sequencer/node_modules/fsevents/node_modules/.npm-normalize-package-bin.DELETE'
npm WARN optional SKIPPING OPTIONAL DEPENDENCY: number-is-nan@1.0.1 (node_modules/@jest/test-sequencer/node_modules/fsevents/node_modules/number-is-nan):
npm WARN enoent SKIPPING OPTIONAL DEPENDENCY: ENOENT: no such file or directory, rename '/home/travis/build/paypal/paypal-messaging-components/node_modules/@jest/test-sequencer/node_modules/fsevents/node_modules/number-is-nan' -> '/home/travis/build/paypal/paypal-messaging-components/node_modules/@jest/test-sequencer/node_modules/fsevents/node_modules/.number-is-nan.DELETE'
npm WARN optional SKIPPING OPTIONAL DEPENDENCY: object-assign@4.1.1 (node_modules/@jest/test-sequencer/node_modules/fsevents/node_modules/object-assign):
npm WARN enoent SKIPPING OPTIONAL DEPENDENCY: ENOENT: no such file or directory, rename '/home/travis/build/paypal/paypal-messaging-components/node_modules/@jest/test-sequencer/node_modules/fsevents/node_modules/object-assign' -> '/home/travis/build/paypal/paypal-messaging-components/node_modules/@jest/test-sequencer/node_modules/fsevents/node_modules/.object-assign.DELETE'
npm WARN optional SKIPPING OPTIONAL DEPENDENCY: os-homedir@1.0.2 (node_modules/@jest/test-sequencer/node_modules/fsevents/node_modules/os-homedir):
npm WARN enoent SKIPPING OPTIONAL DEPENDENCY: ENOENT: no such file or directory, rename '/home/travis/build/paypal/paypal-messaging-components/node_modules/@jest/test-sequencer/node_modules/fsevents/node_modules/os-homedir' -> '/home/travis/build/paypal/paypal-messaging-components/node_modules/@jest/test-sequencer/node_modules/fsevents/node_modules/.os-homedir.DELETE'
npm WARN optional SKIPPING OPTIONAL DEPENDENCY: os-tmpdir@1.0.2 (node_modules/@jest/test-sequencer/node_modules/fsevents/node_modules/os-tmpdir):
npm WARN enoent SKIPPING OPTIONAL DEPENDENCY: ENOENT: no such file or directory, rename '/home/travis/build/paypal/paypal-messaging-components/node_modules/@jest/test-sequencer/node_modules/fsevents/node_modules/os-tmpdir' -> '/home/travis/build/paypal/paypal-messaging-components/node_modules/@jest/test-sequencer/node_modules/fsevents/node_modules/.os-tmpdir.DELETE'
npm WARN optional SKIPPING OPTIONAL DEPENDENCY: path-is-absolute@1.0.1 (node_modules/@jest/test-sequencer/node_modules/fsevents/node_modules/path-is-absolute):
npm WARN enoent SKIPPING OPTIONAL DEPENDENCY: ENOENT: no such file or directory, rename '/home/travis/build/paypal/paypal-messaging-components/node_modules/@jest/test-sequencer/node_modules/fsevents/node_modules/path-is-absolute' -> '/home/travis/build/paypal/paypal-messaging-components/node_modules/@jest/test-sequencer/node_modules/fsevents/node_modules/.path-is-absolute.DELETE'
npm WARN optional SKIPPING OPTIONAL DEPENDENCY: process-nextick-args@2.0.1 (node_modules/@jest/test-sequencer/node_modules/fsevents/node_modules/process-nextick-args):
npm WARN enoent SKIPPING OPTIONAL DEPENDENCY: ENOENT: no such file or directory, rename '/home/travis/build/paypal/paypal-messaging-components/node_modules/@jest/test-sequencer/node_modules/fsevents/node_modules/process-nextick-args' -> '/home/travis/build/paypal/paypal-messaging-components/node_modules/@jest/test-sequencer/node_modules/fsevents/node_modules/.process-nextick-args.DELETE'
npm WARN optional SKIPPING OPTIONAL DEPENDENCY: safe-buffer@5.1.2 (node_modules/@jest/test-sequencer/node_modules/fsevents/node_modules/safe-buffer):
npm WARN enoent SKIPPING OPTIONAL DEPENDENCY: ENOENT: no such file or directory, rename '/home/travis/build/paypal/paypal-messaging-components/node_modules/@jest/test-sequencer/node_modules/fsevents/node_modules/safe-buffer' -> '/home/travis/build/paypal/paypal-messaging-components/node_modules/@jest/test-sequencer/node_modules/fsevents/node_modules/.safe-buffer.DELETE'
npm WARN optional SKIPPING OPTIONAL DEPENDENCY: safer-buffer@2.1.2 (node_modules/@jest/test-sequencer/node_modules/fsevents/node_modules/safer-buffer):
npm WARN enoent SKIPPING OPTIONAL DEPENDENCY: ENOENT: no such file or directory, rename '/home/travis/build/paypal/paypal-messaging-components/node_modules/@jest/test-sequencer/node_modules/fsevents/node_modules/safer-buffer' -> '/home/travis/build/paypal/paypal-messaging-components/node_modules/@jest/test-sequencer/node_modules/fsevents/node_modules/.safer-buffer.DELETE'
npm WARN optional SKIPPING OPTIONAL DEPENDENCY: sax@1.2.4 (node_modules/@jest/test-sequencer/node_modules/fsevents/node_modules/sax):
npm WARN enoent SKIPPING OPTIONAL DEPENDENCY: ENOENT: no such file or directory, rename '/home/travis/build/paypal/paypal-messaging-components/node_modules/@jest/test-sequencer/node_modules/fsevents/node_modules/sax' -> '/home/travis/build/paypal/paypal-messaging-components/node_modules/@jest/test-sequencer/node_modules/fsevents/node_modules/.sax.DELETE'
npm WARN optional SKIPPING OPTIONAL DEPENDENCY: semver@5.7.1 (node_modules/@jest/test-sequencer/node_modules/fsevents/node_modules/semver):
npm WARN enoent SKIPPING OPTIONAL DEPENDENCY: ENOENT: no such file or directory, rename '/home/travis/build/paypal/paypal-messaging-components/node_modules/@jest/test-sequencer/node_modules/fsevents/node_modules/semver' -> '/home/travis/build/paypal/paypal-messaging-components/node_modules/@jest/test-sequencer/node_modules/fsevents/node_modules/.semver.DELETE'
npm WARN optional SKIPPING OPTIONAL DEPENDENCY: set-blocking@2.0.0 (node_modules/@jest/test-sequencer/node_modules/fsevents/node_modules/set-blocking):
npm WARN enoent SKIPPING OPTIONAL DEPENDENCY: ENOENT: no such file or directory, rename '/home/travis/build/paypal/paypal-messaging-components/node_modules/@jest/test-sequencer/node_modules/fsevents/node_modules/set-blocking' -> '/home/travis/build/paypal/paypal-messaging-components/node_modules/@jest/test-sequencer/node_modules/fsevents/node_modules/.set-blocking.DELETE'
npm WARN optional SKIPPING OPTIONAL DEPENDENCY: signal-exit@3.0.2 (node_modules/@jest/test-sequencer/node_modules/fsevents/node_modules/signal-exit):
npm WARN enoent SKIPPING OPTIONAL DEPENDENCY: ENOENT: no such file or directory, rename '/home/travis/build/paypal/paypal-messaging-components/node_modules/@jest/test-sequencer/node_modules/fsevents/node_modules/signal-exit' -> '/home/travis/build/paypal/paypal-messaging-components/node_modules/@jest/test-sequencer/node_modules/fsevents/node_modules/.signal-exit.DELETE'
npm WARN optional SKIPPING OPTIONAL DEPENDENCY: strip-json-comments@2.0.1 (node_modules/@jest/test-sequencer/node_modules/fsevents/node_modules/strip-json-comments):
npm WARN enoent SKIPPING OPTIONAL DEPENDENCY: ENOENT: no such file or directory, rename '/home/travis/build/paypal/paypal-messaging-components/node_modules/@jest/test-sequencer/node_modules/fsevents/node_modules/strip-json-comments' -> '/home/travis/build/paypal/paypal-messaging-components/node_modules/@jest/test-sequencer/node_modules/fsevents/node_modules/.strip-json-comments.DELETE'
npm WARN optional SKIPPING OPTIONAL DEPENDENCY: util-deprecate@1.0.2 (node_modules/@jest/test-sequencer/node_modules/fsevents/node_modules/util-deprecate):
npm WARN enoent SKIPPING OPTIONAL DEPENDENCY: ENOENT: no such file or directory, rename '/home/travis/build/paypal/paypal-messaging-components/node_modules/@jest/test-sequencer/node_modules/fsevents/node_modules/util-deprecate' -> '/home/travis/build/paypal/paypal-messaging-components/node_modules/@jest/test-sequencer/node_modules/fsevents/node_modules/.util-deprecate.DELETE'
npm WARN optional SKIPPING OPTIONAL DEPENDENCY: wrappy@1.0.2 (node_modules/@jest/test-sequencer/node_modules/fsevents/node_modules/wrappy):
npm WARN enoent SKIPPING OPTIONAL DEPENDENCY: ENOENT: no such file or directory, rename '/home/travis/build/paypal/paypal-messaging-components/node_modules/@jest/test-sequencer/node_modules/fsevents/node_modules/wrappy' -> '/home/travis/build/paypal/paypal-messaging-components/node_modules/@jest/test-sequencer/node_modules/fsevents/node_modules/.wrappy.DELETE'
npm WARN optional SKIPPING OPTIONAL DEPENDENCY: yallist@3.1.1 (node_modules/@jest/test-sequencer/node_modules/fsevents/node_modules/yallist):
npm WARN enoent SKIPPING OPTIONAL DEPENDENCY: ENOENT: no such file or directory, rename '/home/travis/build/paypal/paypal-messaging-components/node_modules/@jest/test-sequencer/node_modules/fsevents/node_modules/yallist' -> '/home/travis/build/paypal/paypal-messaging-components/node_modules/@jest/test-sequencer/node_modules/fsevents/node_modules/.yallist.DELETE'
npm WARN optional SKIPPING OPTIONAL DEPENDENCY: abbrev@1.1.1 (node_modules/chokidar/node_modules/fsevents/node_modules/abbrev):
npm WARN enoent SKIPPING OPTIONAL DEPENDENCY: ENOENT: no such file or directory, rename '/home/travis/build/paypal/paypal-messaging-components/node_modules/chokidar/node_modules/fsevents/node_modules/abbrev' -> '/home/travis/build/paypal/paypal-messaging-components/node_modules/chokidar/node_modules/fsevents/node_modules/.abbrev.DELETE'
npm WARN optional SKIPPING OPTIONAL DEPENDENCY: ansi-regex@2.1.1 (node_modules/chokidar/node_modules/fsevents/node_modules/ansi-regex):
npm WARN enoent SKIPPING OPTIONAL DEPENDENCY: ENOENT: no such file or directory, rename '/home/travis/build/paypal/paypal-messaging-components/node_modules/chokidar/node_modules/fsevents/node_modules/ansi-regex' -> '/home/travis/build/paypal/paypal-messaging-components/node_modules/chokidar/node_modules/fsevents/node_modules/.ansi-regex.DELETE'
npm WARN optional SKIPPING OPTIONAL DEPENDENCY: aproba@1.2.0 (node_modules/chokidar/node_modules/fsevents/node_modules/aproba):
npm WARN enoent SKIPPING OPTIONAL DEPENDENCY: ENOENT: no such file or directory, rename '/home/travis/build/paypal/paypal-messaging-components/node_modules/chokidar/node_modules/fsevents/node_modules/aproba' -> '/home/travis/build/paypal/paypal-messaging-components/node_modules/chokidar/node_modules/fsevents/node_modules/.aproba.DELETE'
npm WARN optional SKIPPING OPTIONAL DEPENDENCY: balanced-match@1.0.0 (node_modules/chokidar/node_modules/fsevents/node_modules/balanced-match):
npm WARN enoent SKIPPING OPTIONAL DEPENDENCY: ENOENT: no such file or directory, rename '/home/travis/build/paypal/paypal-messaging-components/node_modules/chokidar/node_modules/fsevents/node_modules/balanced-match' -> '/home/travis/build/paypal/paypal-messaging-components/node_modules/chokidar/node_modules/fsevents/node_modules/.balanced-match.DELETE'
npm WARN optional SKIPPING OPTIONAL DEPENDENCY: chownr@1.1.4 (node_modules/chokidar/node_modules/fsevents/node_modules/chownr):
npm WARN enoent SKIPPING OPTIONAL DEPENDENCY: ENOENT: no such file or directory, rename '/home/travis/build/paypal/paypal-messaging-components/node_modules/chokidar/node_modules/fsevents/node_modules/chownr' -> '/home/travis/build/paypal/paypal-messaging-components/node_modules/chokidar/node_modules/fsevents/node_modules/.chownr.DELETE'
npm WARN optional SKIPPING OPTIONAL DEPENDENCY: code-point-at@1.1.0 (node_modules/chokidar/node_modules/fsevents/node_modules/code-point-at):
npm WARN enoent SKIPPING OPTIONAL DEPENDENCY: ENOENT: no such file or directory, rename '/home/travis/build/paypal/paypal-messaging-components/node_modules/chokidar/node_modules/fsevents/node_modules/code-point-at' -> '/home/travis/build/paypal/paypal-messaging-components/node_modules/chokidar/node_modules/fsevents/node_modules/.code-point-at.DELETE'
npm WARN optional SKIPPING OPTIONAL DEPENDENCY: concat-map@0.0.1 (node_modules/chokidar/node_modules/fsevents/node_modules/concat-map):
npm WARN enoent SKIPPING OPTIONAL DEPENDENCY: ENOENT: no such file or directory, rename '/home/travis/build/paypal/paypal-messaging-components/node_modules/chokidar/node_modules/fsevents/node_modules/concat-map' -> '/home/travis/build/paypal/paypal-messaging-components/node_modules/chokidar/node_modules/fsevents/node_modules/.concat-map.DELETE'
npm WARN optional SKIPPING OPTIONAL DEPENDENCY: console-control-strings@1.1.0 (node_modules/chokidar/node_modules/fsevents/node_modules/console-control-strings):
npm WARN enoent SKIPPING OPTIONAL DEPENDENCY: ENOENT: no such file or directory, rename '/home/travis/build/paypal/paypal-messaging-components/node_modules/chokidar/node_modules/fsevents/node_modules/console-control-strings' -> '/home/travis/build/paypal/paypal-messaging-components/node_modules/chokidar/node_modules/fsevents/node_modules/.console-control-strings.DELETE'
npm WARN optional SKIPPING OPTIONAL DEPENDENCY: core-util-is@1.0.2 (node_modules/chokidar/node_modules/fsevents/node_modules/core-util-is):
npm WARN enoent SKIPPING OPTIONAL DEPENDENCY: ENOENT: no such file or directory, rename '/home/travis/build/paypal/paypal-messaging-components/node_modules/chokidar/node_modules/fsevents/node_modules/core-util-is' -> '/home/travis/build/paypal/paypal-messaging-components/node_modules/chokidar/node_modules/fsevents/node_modules/.core-util-is.DELETE'
npm WARN optional SKIPPING OPTIONAL DEPENDENCY: deep-extend@0.6.0 (node_modules/chokidar/node_modules/fsevents/node_modules/deep-extend):
npm WARN enoent SKIPPING OPTIONAL DEPENDENCY: ENOENT: no such file or directory, rename '/home/travis/build/paypal/paypal-messaging-components/node_modules/chokidar/node_modules/fsevents/node_modules/deep-extend' -> '/home/travis/build/paypal/paypal-messaging-components/node_modules/chokidar/node_modules/fsevents/node_modules/.deep-extend.DELETE'
npm WARN optional SKIPPING OPTIONAL DEPENDENCY: delegates@1.0.0 (node_modules/chokidar/node_modules/fsevents/node_modules/delegates):
npm WARN enoent SKIPPING OPTIONAL DEPENDENCY: ENOENT: no such file or directory, rename '/home/travis/build/paypal/paypal-messaging-components/node_modules/chokidar/node_modules/fsevents/node_modules/delegates' -> '/home/travis/build/paypal/paypal-messaging-components/node_modules/chokidar/node_modules/fsevents/node_modules/.delegates.DELETE'
npm WARN optional SKIPPING OPTIONAL DEPENDENCY: detect-libc@1.0.3 (node_modules/chokidar/node_modules/fsevents/node_modules/detect-libc):
npm WARN enoent SKIPPING OPTIONAL DEPENDENCY: ENOENT: no such file or directory, rename '/home/travis/build/paypal/paypal-messaging-components/node_modules/chokidar/node_modules/fsevents/node_modules/detect-libc' -> '/home/travis/build/paypal/paypal-messaging-components/node_modules/chokidar/node_modules/fsevents/node_modules/.detect-libc.DELETE'
npm WARN optional SKIPPING OPTIONAL DEPENDENCY: fs.realpath@1.0.0 (node_modules/chokidar/node_modules/fsevents/node_modules/fs.realpath):
npm WARN enoent SKIPPING OPTIONAL DEPENDENCY: ENOENT: no such file or directory, rename '/home/travis/build/paypal/paypal-messaging-components/node_modules/chokidar/node_modules/fsevents/node_modules/fs.realpath' -> '/home/travis/build/paypal/paypal-messaging-components/node_modules/chokidar/node_modules/fsevents/node_modules/.fs.realpath.DELETE'
npm WARN optional SKIPPING OPTIONAL DEPENDENCY: has-unicode@2.0.1 (node_modules/chokidar/node_modules/fsevents/node_modules/has-unicode):
npm WARN enoent SKIPPING OPTIONAL DEPENDENCY: ENOENT: no such file or directory, rename '/home/travis/build/paypal/paypal-messaging-components/node_modules/chokidar/node_modules/fsevents/node_modules/has-unicode' -> '/home/travis/build/paypal/paypal-messaging-components/node_modules/chokidar/node_modules/fsevents/node_modules/.has-unicode.DELETE'
npm WARN optional SKIPPING OPTIONAL DEPENDENCY: inherits@2.0.4 (node_modules/chokidar/node_modules/fsevents/node_modules/inherits):
npm WARN enoent SKIPPING OPTIONAL DEPENDENCY: ENOENT: no such file or directory, rename '/home/travis/build/paypal/paypal-messaging-components/node_modules/chokidar/node_modules/fsevents/node_modules/inherits' -> '/home/travis/build/paypal/paypal-messaging-components/node_modules/chokidar/node_modules/fsevents/node_modules/.inherits.DELETE'
npm WARN optional SKIPPING OPTIONAL DEPENDENCY: ini@1.3.5 (node_modules/chokidar/node_modules/fsevents/node_modules/ini):
npm WARN enoent SKIPPING OPTIONAL DEPENDENCY: ENOENT: no such file or directory, rename '/home/travis/build/paypal/paypal-messaging-components/node_modules/chokidar/node_modules/fsevents/node_modules/ini' -> '/home/travis/build/paypal/paypal-messaging-components/node_modules/chokidar/node_modules/fsevents/node_modules/.ini.DELETE'
npm WARN optional SKIPPING OPTIONAL DEPENDENCY: isarray@1.0.0 (node_modules/chokidar/node_modules/fsevents/node_modules/isarray):
npm WARN enoent SKIPPING OPTIONAL DEPENDENCY: ENOENT: no such file or directory, rename '/home/travis/build/paypal/paypal-messaging-components/node_modules/chokidar/node_modules/fsevents/node_modules/isarray' -> '/home/travis/build/paypal/paypal-messaging-components/node_modules/chokidar/node_modules/fsevents/node_modules/.isarray.DELETE'
npm WARN optional SKIPPING OPTIONAL DEPENDENCY: minimist@1.2.5 (node_modules/chokidar/node_modules/fsevents/node_modules/minimist):
npm WARN enoent SKIPPING OPTIONAL DEPENDENCY: ENOENT: no such file or directory, rename '/home/travis/build/paypal/paypal-messaging-components/node_modules/chokidar/node_modules/fsevents/node_modules/minimist' -> '/home/travis/build/paypal/paypal-messaging-components/node_modules/chokidar/node_modules/fsevents/node_modules/.minimist.DELETE'
npm WARN optional SKIPPING OPTIONAL DEPENDENCY: ms@2.1.2 (node_modules/chokidar/node_modules/fsevents/node_modules/ms):
npm WARN enoent SKIPPING OPTIONAL DEPENDENCY: ENOENT: no such file or directory, rename '/home/travis/build/paypal/paypal-messaging-components/node_modules/chokidar/node_modules/fsevents/node_modules/ms' -> '/home/travis/build/paypal/paypal-messaging-components/node_modules/chokidar/node_modules/fsevents/node_modules/.ms.DELETE'
npm WARN optional SKIPPING OPTIONAL DEPENDENCY: npm-normalize-package-bin@1.0.1 (node_modules/chokidar/node_modules/fsevents/node_modules/npm-normalize-package-bin):
npm WARN enoent SKIPPING OPTIONAL DEPENDENCY: ENOENT: no such file or directory, rename '/home/travis/build/paypal/paypal-messaging-components/node_modules/chokidar/node_modules/fsevents/node_modules/npm-normalize-package-bin' -> '/home/travis/build/paypal/paypal-messaging-components/node_modules/chokidar/node_modules/fsevents/node_modules/.npm-normalize-package-bin.DELETE'
npm WARN optional SKIPPING OPTIONAL DEPENDENCY: number-is-nan@1.0.1 (node_modules/chokidar/node_modules/fsevents/node_modules/number-is-nan):
npm WARN enoent SKIPPING OPTIONAL DEPENDENCY: ENOENT: no such file or directory, rename '/home/travis/build/paypal/paypal-messaging-components/node_modules/chokidar/node_modules/fsevents/node_modules/number-is-nan' -> '/home/travis/build/paypal/paypal-messaging-components/node_modules/chokidar/node_modules/fsevents/node_modules/.number-is-nan.DELETE'
npm WARN optional SKIPPING OPTIONAL DEPENDENCY: object-assign@4.1.1 (node_modules/chokidar/node_modules/fsevents/node_modules/object-assign):
npm WARN enoent SKIPPING OPTIONAL DEPENDENCY: ENOENT: no such file or directory, rename '/home/travis/build/paypal/paypal-messaging-components/node_modules/chokidar/node_modules/fsevents/node_modules/object-assign' -> '/home/travis/build/paypal/paypal-messaging-components/node_modules/chokidar/node_modules/fsevents/node_modules/.object-assign.DELETE'
npm WARN optional SKIPPING OPTIONAL DEPENDENCY: os-homedir@1.0.2 (node_modules/chokidar/node_modules/fsevents/node_modules/os-homedir):
npm WARN enoent SKIPPING OPTIONAL DEPENDENCY: ENOENT: no such file or directory, rename '/home/travis/build/paypal/paypal-messaging-components/node_modules/chokidar/node_modules/fsevents/node_modules/os-homedir' -> '/home/travis/build/paypal/paypal-messaging-components/node_modules/chokidar/node_modules/fsevents/node_modules/.os-homedir.DELETE'
npm WARN optional SKIPPING OPTIONAL DEPENDENCY: os-tmpdir@1.0.2 (node_modules/chokidar/node_modules/fsevents/node_modules/os-tmpdir):
npm WARN enoent SKIPPING OPTIONAL DEPENDENCY: ENOENT: no such file or directory, rename '/home/travis/build/paypal/paypal-messaging-components/node_modules/chokidar/node_modules/fsevents/node_modules/os-tmpdir' -> '/home/travis/build/paypal/paypal-messaging-components/node_modules/chokidar/node_modules/fsevents/node_modules/.os-tmpdir.DELETE'
npm WARN optional SKIPPING OPTIONAL DEPENDENCY: path-is-absolute@1.0.1 (node_modules/chokidar/node_modules/fsevents/node_modules/path-is-absolute):
npm WARN enoent SKIPPING OPTIONAL DEPENDENCY: ENOENT: no such file or directory, rename '/home/travis/build/paypal/paypal-messaging-components/node_modules/chokidar/node_modules/fsevents/node_modules/path-is-absolute' -> '/home/travis/build/paypal/paypal-messaging-components/node_modules/chokidar/node_modules/fsevents/node_modules/.path-is-absolute.DELETE'
npm WARN optional SKIPPING OPTIONAL DEPENDENCY: process-nextick-args@2.0.1 (node_modules/chokidar/node_modules/fsevents/node_modules/process-nextick-args):
npm WARN enoent SKIPPING OPTIONAL DEPENDENCY: ENOENT: no such file or directory, rename '/home/travis/build/paypal/paypal-messaging-components/node_modules/chokidar/node_modules/fsevents/node_modules/process-nextick-args' -> '/home/travis/build/paypal/paypal-messaging-components/node_modules/chokidar/node_modules/fsevents/node_modules/.process-nextick-args.DELETE'
npm WARN optional SKIPPING OPTIONAL DEPENDENCY: safe-buffer@5.1.2 (node_modules/chokidar/node_modules/fsevents/node_modules/safe-buffer):
npm WARN enoent SKIPPING OPTIONAL DEPENDENCY: ENOENT: no such file or directory, rename '/home/travis/build/paypal/paypal-messaging-components/node_modules/chokidar/node_modules/fsevents/node_modules/safe-buffer' -> '/home/travis/build/paypal/paypal-messaging-components/node_modules/chokidar/node_modules/fsevents/node_modules/.safe-buffer.DELETE'
npm WARN optional SKIPPING OPTIONAL DEPENDENCY: safer-buffer@2.1.2 (node_modules/chokidar/node_modules/fsevents/node_modules/safer-buffer):
npm WARN enoent SKIPPING OPTIONAL DEPENDENCY: ENOENT: no such file or directory, rename '/home/travis/build/paypal/paypal-messaging-components/node_modules/chokidar/node_modules/fsevents/node_modules/safer-buffer' -> '/home/travis/build/paypal/paypal-messaging-components/node_modules/chokidar/node_modules/fsevents/node_modules/.safer-buffer.DELETE'
npm WARN optional SKIPPING OPTIONAL DEPENDENCY: sax@1.2.4 (node_modules/chokidar/node_modules/fsevents/node_modules/sax):
npm WARN enoent SKIPPING OPTIONAL DEPENDENCY: ENOENT: no such file or directory, rename '/home/travis/build/paypal/paypal-messaging-components/node_modules/chokidar/node_modules/fsevents/node_modules/sax' -> '/home/travis/build/paypal/paypal-messaging-components/node_modules/chokidar/node_modules/fsevents/node_modules/.sax.DELETE'
npm WARN optional SKIPPING OPTIONAL DEPENDENCY: semver@5.7.1 (node_modules/chokidar/node_modules/fsevents/node_modules/semver):
npm WARN enoent SKIPPING OPTIONAL DEPENDENCY: ENOENT: no such file or directory, rename '/home/travis/build/paypal/paypal-messaging-components/node_modules/chokidar/node_modules/fsevents/node_modules/semver' -> '/home/travis/build/paypal/paypal-messaging-components/node_modules/chokidar/node_modules/fsevents/node_modules/.semver.DELETE'
npm WARN optional SKIPPING OPTIONAL DEPENDENCY: set-blocking@2.0.0 (node_modules/chokidar/node_modules/fsevents/node_modules/set-blocking):
npm WARN enoent SKIPPING OPTIONAL DEPENDENCY: ENOENT: no such file or directory, rename '/home/travis/build/paypal/paypal-messaging-components/node_modules/chokidar/node_modules/fsevents/node_modules/set-blocking' -> '/home/travis/build/paypal/paypal-messaging-components/node_modules/chokidar/node_modules/fsevents/node_modules/.set-blocking.DELETE'
npm WARN optional SKIPPING OPTIONAL DEPENDENCY: signal-exit@3.0.2 (node_modules/chokidar/node_modules/fsevents/node_modules/signal-exit):
npm WARN enoent SKIPPING OPTIONAL DEPENDENCY: ENOENT: no such file or directory, rename '/home/travis/build/paypal/paypal-messaging-components/node_modules/chokidar/node_modules/fsevents/node_modules/signal-exit' -> '/home/travis/build/paypal/paypal-messaging-components/node_modules/chokidar/node_modules/fsevents/node_modules/.signal-exit.DELETE'
npm WARN optional SKIPPING OPTIONAL DEPENDENCY: strip-json-comments@2.0.1 (node_modules/chokidar/node_modules/fsevents/node_modules/strip-json-comments):
npm WARN enoent SKIPPING OPTIONAL DEPENDENCY: ENOENT: no such file or directory, rename '/home/travis/build/paypal/paypal-messaging-components/node_modules/chokidar/node_modules/fsevents/node_modules/strip-json-comments' -> '/home/travis/build/paypal/paypal-messaging-components/node_modules/chokidar/node_modules/fsevents/node_modules/.strip-json-comments.DELETE'
npm WARN optional SKIPPING OPTIONAL DEPENDENCY: util-deprecate@1.0.2 (node_modules/chokidar/node_modules/fsevents/node_modules/util-deprecate):
npm WARN enoent SKIPPING OPTIONAL DEPENDENCY: ENOENT: no such file or directory, rename '/home/travis/build/paypal/paypal-messaging-components/node_modules/chokidar/node_modules/fsevents/node_modules/util-deprecate' -> '/home/travis/build/paypal/paypal-messaging-components/node_modules/chokidar/node_modules/fsevents/node_modules/.util-deprecate.DELETE'
npm WARN optional SKIPPING OPTIONAL DEPENDENCY: wrappy@1.0.2 (node_modules/chokidar/node_modules/fsevents/node_modules/wrappy):
npm WARN enoent SKIPPING OPTIONAL DEPENDENCY: ENOENT: no such file or directory, rename '/home/travis/build/paypal/paypal-messaging-components/node_modules/chokidar/node_modules/fsevents/node_modules/wrappy' -> '/home/travis/build/paypal/paypal-messaging-components/node_modules/chokidar/node_modules/fsevents/node_modules/.wrappy.DELETE'
npm WARN optional SKIPPING OPTIONAL DEPENDENCY: yallist@3.1.1 (node_modules/chokidar/node_modules/fsevents/node_modules/yallist):
npm WARN enoent SKIPPING OPTIONAL DEPENDENCY: ENOENT: no such file or directory, rename '/home/travis/build/paypal/paypal-messaging-components/node_modules/chokidar/node_modules/fsevents/node_modules/yallist' -> '/home/travis/build/paypal/paypal-messaging-components/node_modules/chokidar/node_modules/fsevents/node_modules/.yallist.DELETE'
npm WARN optional SKIPPING OPTIONAL DEPENDENCY: abbrev@1.1.1 (node_modules/grumbler-scripts/node_modules/fsevents/node_modules/abbrev):
npm WARN enoent SKIPPING OPTIONAL DEPENDENCY: ENOENT: no such file or directory, rename '/home/travis/build/paypal/paypal-messaging-components/node_modules/grumbler-scripts/node_modules/fsevents/node_modules/abbrev' -> '/home/travis/build/paypal/paypal-messaging-components/node_modules/grumbler-scripts/node_modules/fsevents/node_modules/.abbrev.DELETE'
npm WARN optional SKIPPING OPTIONAL DEPENDENCY: ansi-regex@2.1.1 (node_modules/grumbler-scripts/node_modules/fsevents/node_modules/ansi-regex):
npm WARN enoent SKIPPING OPTIONAL DEPENDENCY: ENOENT: no such file or directory, rename '/home/travis/build/paypal/paypal-messaging-components/node_modules/grumbler-scripts/node_modules/fsevents/node_modules/ansi-regex' -> '/home/travis/build/paypal/paypal-messaging-components/node_modules/grumbler-scripts/node_modules/fsevents/node_modules/.ansi-regex.DELETE'
npm WARN optional SKIPPING OPTIONAL DEPENDENCY: aproba@1.2.0 (node_modules/grumbler-scripts/node_modules/fsevents/node_modules/aproba):
npm WARN enoent SKIPPING OPTIONAL DEPENDENCY: ENOENT: no such file or directory, rename '/home/travis/build/paypal/paypal-messaging-components/node_modules/grumbler-scripts/node_modules/fsevents/node_modules/aproba' -> '/home/travis/build/paypal/paypal-messaging-components/node_modules/grumbler-scripts/node_modules/fsevents/node_modules/.aproba.DELETE'
npm WARN optional SKIPPING OPTIONAL DEPENDENCY: balanced-match@1.0.0 (node_modules/grumbler-scripts/node_modules/fsevents/node_modules/balanced-match):
npm WARN enoent SKIPPING OPTIONAL DEPENDENCY: ENOENT: no such file or directory, rename '/home/travis/build/paypal/paypal-messaging-components/node_modules/grumbler-scripts/node_modules/fsevents/node_modules/balanced-match' -> '/home/travis/build/paypal/paypal-messaging-components/node_modules/grumbler-scripts/node_modules/fsevents/node_modules/.balanced-match.DELETE'
npm WARN optional SKIPPING OPTIONAL DEPENDENCY: chownr@1.1.4 (node_modules/grumbler-scripts/node_modules/fsevents/node_modules/chownr):
npm WARN enoent SKIPPING OPTIONAL DEPENDENCY: ENOENT: no such file or directory, rename '/home/travis/build/paypal/paypal-messaging-components/node_modules/grumbler-scripts/node_modules/fsevents/node_modules/chownr' -> '/home/travis/build/paypal/paypal-messaging-components/node_modules/grumbler-scripts/node_modules/fsevents/node_modules/.chownr.DELETE'
npm WARN optional SKIPPING OPTIONAL DEPENDENCY: code-point-at@1.1.0 (node_modules/grumbler-scripts/node_modules/fsevents/node_modules/code-point-at):
npm WARN enoent SKIPPING OPTIONAL DEPENDENCY: ENOENT: no such file or directory, rename '/home/travis/build/paypal/paypal-messaging-components/node_modules/grumbler-scripts/node_modules/fsevents/node_modules/code-point-at' -> '/home/travis/build/paypal/paypal-messaging-components/node_modules/grumbler-scripts/node_modules/fsevents/node_modules/.code-point-at.DELETE'
npm WARN optional SKIPPING OPTIONAL DEPENDENCY: concat-map@0.0.1 (node_modules/grumbler-scripts/node_modules/fsevents/node_modules/concat-map):
npm WARN enoent SKIPPING OPTIONAL DEPENDENCY: ENOENT: no such file or directory, rename '/home/travis/build/paypal/paypal-messaging-components/node_modules/grumbler-scripts/node_modules/fsevents/node_modules/concat-map' -> '/home/travis/build/paypal/paypal-messaging-components/node_modules/grumbler-scripts/node_modules/fsevents/node_modules/.concat-map.DELETE'
npm WARN optional SKIPPING OPTIONAL DEPENDENCY: console-control-strings@1.1.0 (node_modules/grumbler-scripts/node_modules/fsevents/node_modules/console-control-strings):
npm WARN enoent SKIPPING OPTIONAL DEPENDENCY: ENOENT: no such file or directory, rename '/home/travis/build/paypal/paypal-messaging-components/node_modules/grumbler-scripts/node_modules/fsevents/node_modules/console-control-strings' -> '/home/travis/build/paypal/paypal-messaging-components/node_modules/grumbler-scripts/node_modules/fsevents/node_modules/.console-control-strings.DELETE'
npm WARN optional SKIPPING OPTIONAL DEPENDENCY: core-util-is@1.0.2 (node_modules/grumbler-scripts/node_modules/fsevents/node_modules/core-util-is):
npm WARN enoent SKIPPING OPTIONAL DEPENDENCY: ENOENT: no such file or directory, rename '/home/travis/build/paypal/paypal-messaging-components/node_modules/grumbler-scripts/node_modules/fsevents/node_modules/core-util-is' -> '/home/travis/build/paypal/paypal-messaging-components/node_modules/grumbler-scripts/node_modules/fsevents/node_modules/.core-util-is.DELETE'
npm WARN optional SKIPPING OPTIONAL DEPENDENCY: deep-extend@0.6.0 (node_modules/grumbler-scripts/node_modules/fsevents/node_modules/deep-extend):
npm WARN enoent SKIPPING OPTIONAL DEPENDENCY: ENOENT: no such file or directory, rename '/home/travis/build/paypal/paypal-messaging-components/node_modules/grumbler-scripts/node_modules/fsevents/node_modules/deep-extend' -> '/home/travis/build/paypal/paypal-messaging-components/node_modules/grumbler-scripts/node_modules/fsevents/node_modules/.deep-extend.DELETE'
npm WARN optional SKIPPING OPTIONAL DEPENDENCY: delegates@1.0.0 (node_modules/grumbler-scripts/node_modules/fsevents/node_modules/delegates):
npm WARN enoent SKIPPING OPTIONAL DEPENDENCY: ENOENT: no such file or directory, rename '/home/travis/build/paypal/paypal-messaging-components/node_modules/grumbler-scripts/node_modules/fsevents/node_modules/delegates' -> '/home/travis/build/paypal/paypal-messaging-components/node_modules/grumbler-scripts/node_modules/fsevents/node_modules/.delegates.DELETE'
npm WARN optional SKIPPING OPTIONAL DEPENDENCY: detect-libc@1.0.3 (node_modules/grumbler-scripts/node_modules/fsevents/node_modules/detect-libc):
npm WARN enoent SKIPPING OPTIONAL DEPENDENCY: ENOENT: no such file or directory, rename '/home/travis/build/paypal/paypal-messaging-components/node_modules/grumbler-scripts/node_modules/fsevents/node_modules/detect-libc' -> '/home/travis/build/paypal/paypal-messaging-components/node_modules/grumbler-scripts/node_modules/fsevents/node_modules/.detect-libc.DELETE'
npm WARN optional SKIPPING OPTIONAL DEPENDENCY: fs.realpath@1.0.0 (node_modules/grumbler-scripts/node_modules/fsevents/node_modules/fs.realpath):
npm WARN enoent SKIPPING OPTIONAL DEPENDENCY: ENOENT: no such file or directory, rename '/home/travis/build/paypal/paypal-messaging-components/node_modules/grumbler-scripts/node_modules/fsevents/node_modules/fs.realpath' -> '/home/travis/build/paypal/paypal-messaging-components/node_modules/grumbler-scripts/node_modules/fsevents/node_modules/.fs.realpath.DELETE'
npm WARN optional SKIPPING OPTIONAL DEPENDENCY: has-unicode@2.0.1 (node_modules/grumbler-scripts/node_modules/fsevents/node_modules/has-unicode):
npm WARN enoent SKIPPING OPTIONAL DEPENDENCY: ENOENT: no such file or directory, rename '/home/travis/build/paypal/paypal-messaging-components/node_modules/grumbler-scripts/node_modules/fsevents/node_modules/has-unicode' -> '/home/travis/build/paypal/paypal-messaging-components/node_modules/grumbler-scripts/node_modules/fsevents/node_modules/.has-unicode.DELETE'
npm WARN optional SKIPPING OPTIONAL DEPENDENCY: inherits@2.0.4 (node_modules/grumbler-scripts/node_modules/fsevents/node_modules/inherits):
npm WARN enoent SKIPPING OPTIONAL DEPENDENCY: ENOENT: no such file or directory, rename '/home/travis/build/paypal/paypal-messaging-components/node_modules/grumbler-scripts/node_modules/fsevents/node_modules/inherits' -> '/home/travis/build/paypal/paypal-messaging-components/node_modules/grumbler-scripts/node_modules/fsevents/node_modules/.inherits.DELETE'
npm WARN optional SKIPPING OPTIONAL DEPENDENCY: ini@1.3.5 (node_modules/grumbler-scripts/node_modules/fsevents/node_modules/ini):
npm WARN enoent SKIPPING OPTIONAL DEPENDENCY: ENOENT: no such file or directory, rename '/home/travis/build/paypal/paypal-messaging-components/node_modules/grumbler-scripts/node_modules/fsevents/node_modules/ini' -> '/home/travis/build/paypal/paypal-messaging-components/node_modules/grumbler-scripts/node_modules/fsevents/node_modules/.ini.DELETE'
npm WARN optional SKIPPING OPTIONAL DEPENDENCY: isarray@1.0.0 (node_modules/grumbler-scripts/node_modules/fsevents/node_modules/isarray):
npm WARN enoent SKIPPING OPTIONAL DEPENDENCY: ENOENT: no such file or directory, rename '/home/travis/build/paypal/paypal-messaging-components/node_modules/grumbler-scripts/node_modules/fsevents/node_modules/isarray' -> '/home/travis/build/paypal/paypal-messaging-components/node_modules/grumbler-scripts/node_modules/fsevents/node_modules/.isarray.DELETE'
npm WARN optional SKIPPING OPTIONAL DEPENDENCY: minimist@1.2.5 (node_modules/grumbler-scripts/node_modules/fsevents/node_modules/minimist):
npm WARN enoent SKIPPING OPTIONAL DEPENDENCY: ENOENT: no such file or directory, rename '/home/travis/build/paypal/paypal-messaging-components/node_modules/grumbler-scripts/node_modules/fsevents/node_modules/minimist' -> '/home/travis/build/paypal/paypal-messaging-components/node_modules/grumbler-scripts/node_modules/fsevents/node_modules/.minimist.DELETE'
npm WARN optional SKIPPING OPTIONAL DEPENDENCY: ms@2.1.2 (node_modules/grumbler-scripts/node_modules/fsevents/node_modules/ms):
npm WARN enoent SKIPPING OPTIONAL DEPENDENCY: ENOENT: no such file or directory, rename '/home/travis/build/paypal/paypal-messaging-components/node_modules/grumbler-scripts/node_modules/fsevents/node_modules/ms' -> '/home/travis/build/paypal/paypal-messaging-components/node_modules/grumbler-scripts/node_modules/fsevents/node_modules/.ms.DELETE'
npm WARN optional SKIPPING OPTIONAL DEPENDENCY: npm-normalize-package-bin@1.0.1 (node_modules/grumbler-scripts/node_modules/fsevents/node_modules/npm-normalize-package-bin):
npm WARN enoent SKIPPING OPTIONAL DEPENDENCY: ENOENT: no such file or directory, rename '/home/travis/build/paypal/paypal-messaging-components/node_modules/grumbler-scripts/node_modules/fsevents/node_modules/npm-normalize-package-bin' -> '/home/travis/build/paypal/paypal-messaging-components/node_modules/grumbler-scripts/node_modules/fsevents/node_modules/.npm-normalize-package-bin.DELETE'
npm WARN optional SKIPPING OPTIONAL DEPENDENCY: number-is-nan@1.0.1 (node_modules/grumbler-scripts/node_modules/fsevents/node_modules/number-is-nan):
npm WARN enoent SKIPPING OPTIONAL DEPENDENCY: ENOENT: no such file or directory, rename '/home/travis/build/paypal/paypal-messaging-components/node_modules/grumbler-scripts/node_modules/fsevents/node_modules/number-is-nan' -> '/home/travis/build/paypal/paypal-messaging-components/node_modules/grumbler-scripts/node_modules/fsevents/node_modules/.number-is-nan.DELETE'
npm WARN optional SKIPPING OPTIONAL DEPENDENCY: object-assign@4.1.1 (node_modules/grumbler-scripts/node_modules/fsevents/node_modules/object-assign):
npm WARN enoent SKIPPING OPTIONAL DEPENDENCY: ENOENT: no such file or directory, rename '/home/travis/build/paypal/paypal-messaging-components/node_modules/grumbler-scripts/node_modules/fsevents/node_modules/object-assign' -> '/home/travis/build/paypal/paypal-messaging-components/node_modules/grumbler-scripts/node_modules/fsevents/node_modules/.object-assign.DELETE'
npm WARN optional SKIPPING OPTIONAL DEPENDENCY: os-homedir@1.0.2 (node_modules/grumbler-scripts/node_modules/fsevents/node_modules/os-homedir):
npm WARN enoent SKIPPING OPTIONAL DEPENDENCY: ENOENT: no such file or directory, rename '/home/travis/build/paypal/paypal-messaging-components/node_modules/grumbler-scripts/node_modules/fsevents/node_modules/os-homedir' -> '/home/travis/build/paypal/paypal-messaging-components/node_modules/grumbler-scripts/node_modules/fsevents/node_modules/.os-homedir.DELETE'
npm WARN optional SKIPPING OPTIONAL DEPENDENCY: os-tmpdir@1.0.2 (node_modules/grumbler-scripts/node_modules/fsevents/node_modules/os-tmpdir):
npm WARN enoent SKIPPING OPTIONAL DEPENDENCY: ENOENT: no such file or directory, rename '/home/travis/build/paypal/paypal-messaging-components/node_modules/grumbler-scripts/node_modules/fsevents/node_modules/os-tmpdir' -> '/home/travis/build/paypal/paypal-messaging-components/node_modules/grumbler-scripts/node_modules/fsevents/node_modules/.os-tmpdir.DELETE'
npm WARN optional SKIPPING OPTIONAL DEPENDENCY: path-is-absolute@1.0.1 (node_modules/grumbler-scripts/node_modules/fsevents/node_modules/path-is-absolute):
npm WARN enoent SKIPPING OPTIONAL DEPENDENCY: ENOENT: no such file or directory, rename '/home/travis/build/paypal/paypal-messaging-components/node_modules/grumbler-scripts/node_modules/fsevents/node_modules/path-is-absolute' -> '/home/travis/build/paypal/paypal-messaging-components/node_modules/grumbler-scripts/node_modules/fsevents/node_modules/.path-is-absolute.DELETE'
npm WARN optional SKIPPING OPTIONAL DEPENDENCY: process-nextick-args@2.0.1 (node_modules/grumbler-scripts/node_modules/fsevents/node_modules/process-nextick-args):
npm WARN enoent SKIPPING OPTIONAL DEPENDENCY: ENOENT: no such file or directory, rename '/home/travis/build/paypal/paypal-messaging-components/node_modules/grumbler-scripts/node_modules/fsevents/node_modules/process-nextick-args' -> '/home/travis/build/paypal/paypal-messaging-components/node_modules/grumbler-scripts/node_modules/fsevents/node_modules/.process-nextick-args.DELETE'
npm WARN optional SKIPPING OPTIONAL DEPENDENCY: safe-buffer@5.1.2 (node_modules/grumbler-scripts/node_modules/fsevents/node_modules/safe-buffer):
npm WARN enoent SKIPPING OPTIONAL DEPENDENCY: ENOENT: no such file or directory, rename '/home/travis/build/paypal/paypal-messaging-components/node_modules/grumbler-scripts/node_modules/fsevents/node_modules/safe-buffer' -> '/home/travis/build/paypal/paypal-messaging-components/node_modules/grumbler-scripts/node_modules/fsevents/node_modules/.safe-buffer.DELETE'
npm WARN optional SKIPPING OPTIONAL DEPENDENCY: safer-buffer@2.1.2 (node_modules/grumbler-scripts/node_modules/fsevents/node_modules/safer-buffer):
npm WARN enoent SKIPPING OPTIONAL DEPENDENCY: ENOENT: no such file or directory, rename '/home/travis/build/paypal/paypal-messaging-components/node_modules/grumbler-scripts/node_modules/fsevents/node_modules/safer-buffer' -> '/home/travis/build/paypal/paypal-messaging-components/node_modules/grumbler-scripts/node_modules/fsevents/node_modules/.safer-buffer.DELETE'
npm WARN optional SKIPPING OPTIONAL DEPENDENCY: sax@1.2.4 (node_modules/grumbler-scripts/node_modules/fsevents/node_modules/sax):
npm WARN enoent SKIPPING OPTIONAL DEPENDENCY: ENOENT: no such file or directory, rename '/home/travis/build/paypal/paypal-messaging-components/node_modules/grumbler-scripts/node_modules/fsevents/node_modules/sax' -> '/home/travis/build/paypal/paypal-messaging-components/node_modules/grumbler-scripts/node_modules/fsevents/node_modules/.sax.DELETE'
npm WARN optional SKIPPING OPTIONAL DEPENDENCY: semver@5.7.1 (node_modules/grumbler-scripts/node_modules/fsevents/node_modules/semver):
npm WARN enoent SKIPPING OPTIONAL DEPENDENCY: ENOENT: no such file or directory, rename '/home/travis/build/paypal/paypal-messaging-components/node_modules/grumbler-scripts/node_modules/fsevents/node_modules/semver' -> '/home/travis/build/paypal/paypal-messaging-components/node_modules/grumbler-scripts/node_modules/fsevents/node_modules/.semver.DELETE'
npm WARN optional SKIPPING OPTIONAL DEPENDENCY: set-blocking@2.0.0 (node_modules/grumbler-scripts/node_modules/fsevents/node_modules/set-blocking):
npm WARN enoent SKIPPING OPTIONAL DEPENDENCY: ENOENT: no such file or directory, rename '/home/travis/build/paypal/paypal-messaging-components/node_modules/grumbler-scripts/node_modules/fsevents/node_modules/set-blocking' -> '/home/travis/build/paypal/paypal-messaging-components/node_modules/grumbler-scripts/node_modules/fsevents/node_modules/.set-blocking.DELETE'
npm WARN optional SKIPPING OPTIONAL DEPENDENCY: signal-exit@3.0.2 (node_modules/grumbler-scripts/node_modules/fsevents/node_modules/signal-exit):
npm WARN enoent SKIPPING OPTIONAL DEPENDENCY: ENOENT: no such file or directory, rename '/home/travis/build/paypal/paypal-messaging-components/node_modules/grumbler-scripts/node_modules/fsevents/node_modules/signal-exit' -> '/home/travis/build/paypal/paypal-messaging-components/node_modules/grumbler-scripts/node_modules/fsevents/node_modules/.signal-exit.DELETE'
npm WARN optional SKIPPING OPTIONAL DEPENDENCY: strip-json-comments@2.0.1 (node_modules/grumbler-scripts/node_modules/fsevents/node_modules/strip-json-comments):
npm WARN enoent SKIPPING OPTIONAL DEPENDENCY: ENOENT: no such file or directory, rename '/home/travis/build/paypal/paypal-messaging-components/node_modules/grumbler-scripts/node_modules/fsevents/node_modules/strip-json-comments' -> '/home/travis/build/paypal/paypal-messaging-components/node_modules/grumbler-scripts/node_modules/fsevents/node_modules/.strip-json-comments.DELETE'
npm WARN optional SKIPPING OPTIONAL DEPENDENCY: util-deprecate@1.0.2 (node_modules/grumbler-scripts/node_modules/fsevents/node_modules/util-deprecate):
npm WARN enoent SKIPPING OPTIONAL DEPENDENCY: ENOENT: no such file or directory, rename '/home/travis/build/paypal/paypal-messaging-components/node_modules/grumbler-scripts/node_modules/fsevents/node_modules/util-deprecate' -> '/home/travis/build/paypal/paypal-messaging-components/node_modules/grumbler-scripts/node_modules/fsevents/node_modules/.util-deprecate.DELETE'
npm WARN optional SKIPPING OPTIONAL DEPENDENCY: wrappy@1.0.2 (node_modules/grumbler-scripts/node_modules/fsevents/node_modules/wrappy):
npm WARN enoent SKIPPING OPTIONAL DEPENDENCY: ENOENT: no such file or directory, rename '/home/travis/build/paypal/paypal-messaging-components/node_modules/grumbler-scripts/node_modules/fsevents/node_modules/wrappy' -> '/home/travis/build/paypal/paypal-messaging-components/node_modules/grumbler-scripts/node_modules/fsevents/node_modules/.wrappy.DELETE'
npm WARN optional SKIPPING OPTIONAL DEPENDENCY: yallist@3.1.1 (node_modules/grumbler-scripts/node_modules/fsevents/node_modules/yallist):
npm WARN enoent SKIPPING OPTIONAL DEPENDENCY: ENOENT: no such file or directory, rename '/home/travis/build/paypal/paypal-messaging-components/node_modules/grumbler-scripts/node_modules/fsevents/node_modules/yallist' -> '/home/travis/build/paypal/paypal-messaging-components/node_modules/grumbler-scripts/node_modules/fsevents/node_modules/.yallist.DELETE'
npm WARN optional SKIPPING OPTIONAL DEPENDENCY: abbrev@1.1.1 (node_modules/jest-config/node_modules/fsevents/node_modules/abbrev):
npm WARN enoent SKIPPING OPTIONAL DEPENDENCY: ENOENT: no such file or directory, rename '/home/travis/build/paypal/paypal-messaging-components/node_modules/jest-config/node_modules/fsevents/node_modules/abbrev' -> '/home/travis/build/paypal/paypal-messaging-components/node_modules/jest-config/node_modules/fsevents/node_modules/.abbrev.DELETE'
npm WARN optional SKIPPING OPTIONAL DEPENDENCY: ansi-regex@2.1.1 (node_modules/jest-config/node_modules/fsevents/node_modules/ansi-regex):
npm WARN enoent SKIPPING OPTIONAL DEPENDENCY: ENOENT: no such file or directory, rename '/home/travis/build/paypal/paypal-messaging-components/node_modules/jest-config/node_modules/fsevents/node_modules/ansi-regex' -> '/home/travis/build/paypal/paypal-messaging-components/node_modules/jest-config/node_modules/fsevents/node_modules/.ansi-regex.DELETE'
npm WARN optional SKIPPING OPTIONAL DEPENDENCY: aproba@1.2.0 (node_modules/jest-config/node_modules/fsevents/node_modules/aproba):
npm WARN enoent SKIPPING OPTIONAL DEPENDENCY: ENOENT: no such file or directory, rename '/home/travis/build/paypal/paypal-messaging-components/node_modules/jest-config/node_modules/fsevents/node_modules/aproba' -> '/home/travis/build/paypal/paypal-messaging-components/node_modules/jest-config/node_modules/fsevents/node_modules/.aproba.DELETE'
npm WARN optional SKIPPING OPTIONAL DEPENDENCY: balanced-match@1.0.0 (node_modules/jest-config/node_modules/fsevents/node_modules/balanced-match):
npm WARN enoent SKIPPING OPTIONAL DEPENDENCY: ENOENT: no such file or directory, rename '/home/travis/build/paypal/paypal-messaging-components/node_modules/jest-config/node_modules/fsevents/node_modules/balanced-match' -> '/home/travis/build/paypal/paypal-messaging-components/node_modules/jest-config/node_modules/fsevents/node_modules/.balanced-match.DELETE'
npm WARN optional SKIPPING OPTIONAL DEPENDENCY: chownr@1.1.4 (node_modules/jest-config/node_modules/fsevents/node_modules/chownr):
npm WARN enoent SKIPPING OPTIONAL DEPENDENCY: ENOENT: no such file or directory, rename '/home/travis/build/paypal/paypal-messaging-components/node_modules/jest-config/node_modules/fsevents/node_modules/chownr' -> '/home/travis/build/paypal/paypal-messaging-components/node_modules/jest-config/node_modules/fsevents/node_modules/.chownr.DELETE'
npm WARN optional SKIPPING OPTIONAL DEPENDENCY: code-point-at@1.1.0 (node_modules/jest-config/node_modules/fsevents/node_modules/code-point-at):
npm WARN enoent SKIPPING OPTIONAL DEPENDENCY: ENOENT: no such file or directory, rename '/home/travis/build/paypal/paypal-messaging-components/node_modules/jest-config/node_modules/fsevents/node_modules/code-point-at' -> '/home/travis/build/paypal/paypal-messaging-components/node_modules/jest-config/node_modules/fsevents/node_modules/.code-point-at.DELETE'
npm WARN optional SKIPPING OPTIONAL DEPENDENCY: concat-map@0.0.1 (node_modules/jest-config/node_modules/fsevents/node_modules/concat-map):
npm WARN enoent SKIPPING OPTIONAL DEPENDENCY: ENOENT: no such file or directory, rename '/home/travis/build/paypal/paypal-messaging-components/node_modules/jest-config/node_modules/fsevents/node_modules/concat-map' -> '/home/travis/build/paypal/paypal-messaging-components/node_modules/jest-config/node_modules/fsevents/node_modules/.concat-map.DELETE'
npm WARN optional SKIPPING OPTIONAL DEPENDENCY: console-control-strings@1.1.0 (node_modules/jest-config/node_modules/fsevents/node_modules/console-control-strings):
npm WARN enoent SKIPPING OPTIONAL DEPENDENCY: ENOENT: no such file or directory, rename '/home/travis/build/paypal/paypal-messaging-components/node_modules/jest-config/node_modules/fsevents/node_modules/console-control-strings' -> '/home/travis/build/paypal/paypal-messaging-components/node_modules/jest-config/node_modules/fsevents/node_modules/.console-control-strings.DELETE'
npm WARN optional SKIPPING OPTIONAL DEPENDENCY: core-util-is@1.0.2 (node_modules/jest-config/node_modules/fsevents/node_modules/core-util-is):
npm WARN enoent SKIPPING OPTIONAL DEPENDENCY: ENOENT: no such file or directory, rename '/home/travis/build/paypal/paypal-messaging-components/node_modules/jest-config/node_modules/fsevents/node_modules/core-util-is' -> '/home/travis/build/paypal/paypal-messaging-components/node_modules/jest-config/node_modules/fsevents/node_modules/.core-util-is.DELETE'
npm WARN optional SKIPPING OPTIONAL DEPENDENCY: deep-extend@0.6.0 (node_modules/jest-config/node_modules/fsevents/node_modules/deep-extend):
npm WARN enoent SKIPPING OPTIONAL DEPENDENCY: ENOENT: no such file or directory, rename '/home/travis/build/paypal/paypal-messaging-components/node_modules/jest-config/node_modules/fsevents/node_modules/deep-extend' -> '/home/travis/build/paypal/paypal-messaging-components/node_modules/jest-config/node_modules/fsevents/node_modules/.deep-extend.DELETE'
npm WARN optional SKIPPING OPTIONAL DEPENDENCY: delegates@1.0.0 (node_modules/jest-config/node_modules/fsevents/node_modules/delegates):
npm WARN enoent SKIPPING OPTIONAL DEPENDENCY: ENOENT: no such file or directory, rename '/home/travis/build/paypal/paypal-messaging-components/node_modules/jest-config/node_modules/fsevents/node_modules/delegates' -> '/home/travis/build/paypal/paypal-messaging-components/node_modules/jest-config/node_modules/fsevents/node_modules/.delegates.DELETE'
npm WARN optional SKIPPING OPTIONAL DEPENDENCY: detect-libc@1.0.3 (node_modules/jest-config/node_modules/fsevents/node_modules/detect-libc):
npm WARN enoent SKIPPING OPTIONAL DEPENDENCY: ENOENT: no such file or directory, rename '/home/travis/build/paypal/paypal-messaging-components/node_modules/jest-config/node_modules/fsevents/node_modules/detect-libc' -> '/home/travis/build/paypal/paypal-messaging-components/node_modules/jest-config/node_modules/fsevents/node_modules/.detect-libc.DELETE'
npm WARN optional SKIPPING OPTIONAL DEPENDENCY: fs.realpath@1.0.0 (node_modules/jest-config/node_modules/fsevents/node_modules/fs.realpath):
npm WARN enoent SKIPPING OPTIONAL DEPENDENCY: ENOENT: no such file or directory, rename '/home/travis/build/paypal/paypal-messaging-components/node_modules/jest-config/node_modules/fsevents/node_modules/fs.realpath' -> '/home/travis/build/paypal/paypal-messaging-components/node_modules/jest-config/node_modules/fsevents/node_modules/.fs.realpath.DELETE'
npm WARN optional SKIPPING OPTIONAL DEPENDENCY: has-unicode@2.0.1 (node_modules/jest-config/node_modules/fsevents/node_modules/has-unicode):
npm WARN enoent SKIPPING OPTIONAL DEPENDENCY: ENOENT: no such file or directory, rename '/home/travis/build/paypal/paypal-messaging-components/node_modules/jest-config/node_modules/fsevents/node_modules/has-unicode' -> '/home/travis/build/paypal/paypal-messaging-components/node_modules/jest-config/node_modules/fsevents/node_modules/.has-unicode.DELETE'
npm WARN optional SKIPPING OPTIONAL DEPENDENCY: inherits@2.0.4 (node_modules/jest-config/node_modules/fsevents/node_modules/inherits):
npm WARN enoent SKIPPING OPTIONAL DEPENDENCY: ENOENT: no such file or directory, rename '/home/travis/build/paypal/paypal-messaging-components/node_modules/jest-config/node_modules/fsevents/node_modules/inherits' -> '/home/travis/build/paypal/paypal-messaging-components/node_modules/jest-config/node_modules/fsevents/node_modules/.inherits.DELETE'
npm WARN optional SKIPPING OPTIONAL DEPENDENCY: ini@1.3.5 (node_modules/jest-config/node_modules/fsevents/node_modules/ini):
npm WARN enoent SKIPPING OPTIONAL DEPENDENCY: ENOENT: no such file or directory, rename '/home/travis/build/paypal/paypal-messaging-components/node_modules/jest-config/node_modules/fsevents/node_modules/ini' -> '/home/travis/build/paypal/paypal-messaging-components/node_modules/jest-config/node_modules/fsevents/node_modules/.ini.DELETE'
npm WARN optional SKIPPING OPTIONAL DEPENDENCY: isarray@1.0.0 (node_modules/jest-config/node_modules/fsevents/node_modules/isarray):
npm WARN enoent SKIPPING OPTIONAL DEPENDENCY: ENOENT: no such file or directory, rename '/home/travis/build/paypal/paypal-messaging-components/node_modules/jest-config/node_modules/fsevents/node_modules/isarray' -> '/home/travis/build/paypal/paypal-messaging-components/node_modules/jest-config/node_modules/fsevents/node_modules/.isarray.DELETE'
npm WARN optional SKIPPING OPTIONAL DEPENDENCY: minimist@1.2.5 (node_modules/jest-config/node_modules/fsevents/node_modules/minimist):
npm WARN enoent SKIPPING OPTIONAL DEPENDENCY: ENOENT: no such file or directory, rename '/home/travis/build/paypal/paypal-messaging-components/node_modules/jest-config/node_modules/fsevents/node_modules/minimist' -> '/home/travis/build/paypal/paypal-messaging-components/node_modules/jest-config/node_modules/fsevents/node_modules/.minimist.DELETE'
npm WARN optional SKIPPING OPTIONAL DEPENDENCY: ms@2.1.2 (node_modules/jest-config/node_modules/fsevents/node_modules/ms):
npm WARN enoent SKIPPING OPTIONAL DEPENDENCY: ENOENT: no such file or directory, rename '/home/travis/build/paypal/paypal-messaging-components/node_modules/jest-config/node_modules/fsevents/node_modules/ms' -> '/home/travis/build/paypal/paypal-messaging-components/node_modules/jest-config/node_modules/fsevents/node_modules/.ms.DELETE'
npm WARN optional SKIPPING OPTIONAL DEPENDENCY: npm-normalize-package-bin@1.0.1 (node_modules/jest-config/node_modules/fsevents/node_modules/npm-normalize-package-bin):
npm WARN enoent SKIPPING OPTIONAL DEPENDENCY: ENOENT: no such file or directory, rename '/home/travis/build/paypal/paypal-messaging-components/node_modules/jest-config/node_modules/fsevents/node_modules/npm-normalize-package-bin' -> '/home/travis/build/paypal/paypal-messaging-components/node_modules/jest-config/node_modules/fsevents/node_modules/.npm-normalize-package-bin.DELETE'
npm WARN optional SKIPPING OPTIONAL DEPENDENCY: number-is-nan@1.0.1 (node_modules/jest-config/node_modules/fsevents/node_modules/number-is-nan):
npm WARN enoent SKIPPING OPTIONAL DEPENDENCY: ENOENT: no such file or directory, rename '/home/travis/build/paypal/paypal-messaging-components/node_modules/jest-config/node_modules/fsevents/node_modules/number-is-nan' -> '/home/travis/build/paypal/paypal-messaging-components/node_modules/jest-config/node_modules/fsevents/node_modules/.number-is-nan.DELETE'
npm WARN optional SKIPPING OPTIONAL DEPENDENCY: object-assign@4.1.1 (node_modules/jest-config/node_modules/fsevents/node_modules/object-assign):
npm WARN enoent SKIPPING OPTIONAL DEPENDENCY: ENOENT: no such file or directory, rename '/home/travis/build/paypal/paypal-messaging-components/node_modules/jest-config/node_modules/fsevents/node_modules/object-assign' -> '/home/travis/build/paypal/paypal-messaging-components/node_modules/jest-config/node_modules/fsevents/node_modules/.object-assign.DELETE'
npm WARN optional SKIPPING OPTIONAL DEPENDENCY: os-homedir@1.0.2 (node_modules/jest-config/node_modules/fsevents/node_modules/os-homedir):
npm WARN enoent SKIPPING OPTIONAL DEPENDENCY: ENOENT: no such file or directory, rename '/home/travis/build/paypal/paypal-messaging-components/node_modules/jest-config/node_modules/fsevents/node_modules/os-homedir' -> '/home/travis/build/paypal/paypal-messaging-components/node_modules/jest-config/node_modules/fsevents/node_modules/.os-homedir.DELETE'
npm WARN optional SKIPPING OPTIONAL DEPENDENCY: os-tmpdir@1.0.2 (node_modules/jest-config/node_modules/fsevents/node_modules/os-tmpdir):
npm WARN enoent SKIPPING OPTIONAL DEPENDENCY: ENOENT: no such file or directory, rename '/home/travis/build/paypal/paypal-messaging-components/node_modules/jest-config/node_modules/fsevents/node_modules/os-tmpdir' -> '/home/travis/build/paypal/paypal-messaging-components/node_modules/jest-config/node_modules/fsevents/node_modules/.os-tmpdir.DELETE'
npm WARN optional SKIPPING OPTIONAL DEPENDENCY: path-is-absolute@1.0.1 (node_modules/jest-config/node_modules/fsevents/node_modules/path-is-absolute):
npm WARN enoent SKIPPING OPTIONAL DEPENDENCY: ENOENT: no such file or directory, rename '/home/travis/build/paypal/paypal-messaging-components/node_modules/jest-config/node_modules/fsevents/node_modules/path-is-absolute' -> '/home/travis/build/paypal/paypal-messaging-components/node_modules/jest-config/node_modules/fsevents/node_modules/.path-is-absolute.DELETE'
npm WARN optional SKIPPING OPTIONAL DEPENDENCY: process-nextick-args@2.0.1 (node_modules/jest-config/node_modules/fsevents/node_modules/process-nextick-args):
npm WARN enoent SKIPPING OPTIONAL DEPENDENCY: ENOENT: no such file or directory, rename '/home/travis/build/paypal/paypal-messaging-components/node_modules/jest-config/node_modules/fsevents/node_modules/process-nextick-args' -> '/home/travis/build/paypal/paypal-messaging-components/node_modules/jest-config/node_modules/fsevents/node_modules/.process-nextick-args.DELETE'
npm WARN optional SKIPPING OPTIONAL DEPENDENCY: safe-buffer@5.1.2 (node_modules/jest-config/node_modules/fsevents/node_modules/safe-buffer):
npm WARN enoent SKIPPING OPTIONAL DEPENDENCY: ENOENT: no such file or directory, rename '/home/travis/build/paypal/paypal-messaging-components/node_modules/jest-config/node_modules/fsevents/node_modules/safe-buffer' -> '/home/travis/build/paypal/paypal-messaging-components/node_modules/jest-config/node_modules/fsevents/node_modules/.safe-buffer.DELETE'
npm WARN optional SKIPPING OPTIONAL DEPENDENCY: safer-buffer@2.1.2 (node_modules/jest-config/node_modules/fsevents/node_modules/safer-buffer):
npm WARN enoent SKIPPING OPTIONAL DEPENDENCY: ENOENT: no such file or directory, rename '/home/travis/build/paypal/paypal-messaging-components/node_modules/jest-config/node_modules/fsevents/node_modules/safer-buffer' -> '/home/travis/build/paypal/paypal-messaging-components/node_modules/jest-config/node_modules/fsevents/node_modules/.safer-buffer.DELETE'
npm WARN optional SKIPPING OPTIONAL DEPENDENCY: sax@1.2.4 (node_modules/jest-config/node_modules/fsevents/node_modules/sax):
npm WARN enoent SKIPPING OPTIONAL DEPENDENCY: ENOENT: no such file or directory, rename '/home/travis/build/paypal/paypal-messaging-components/node_modules/jest-config/node_modules/fsevents/node_modules/sax' -> '/home/travis/build/paypal/paypal-messaging-components/node_modules/jest-config/node_modules/fsevents/node_modules/.sax.DELETE'
npm WARN optional SKIPPING OPTIONAL DEPENDENCY: semver@5.7.1 (node_modules/jest-config/node_modules/fsevents/node_modules/semver):
nptravis_time:end:23535c21:start=1587059447274858729,finish=1587059523428870707,duration=76154011978,event=install[0Ktravis_fold:end:install.npm[0K
travis_fold:start:before_script.1[0Ktravis_time:start:00d950a6[0K$ npm run dev:snapshot &
travis_time:end:00d950a6:start=1587059523435158421,finish=1587059523440109913,duration=4951492,event=before_script[0Ktravis_fold:end:before_script.1[0Ktravis_fold:start:before_script.2[0Ktravis_time:start:0776955c[0K$ sleep 20

> @paypal/messaging-components@1.8.0 dev:snapshot /home/travis/build/paypal/paypal-messaging-components
> webpack-dev-server --config webpack.config.snapshot.js --env.TARGET=standalone --env.NODE_ENV=local

[34mℹ[39m [90m｢wds｣[39m: Project is running at http://localhost.paypal.com:8080/
[34mℹ[39m [90m｢wds｣[39m: webpack output is served from /
[34mℹ[39m [90m｢wds｣[39m: Content not from webpack is served from ./tests/functional/content
travis_time:end:0776955c:start=1587059523461922159,finish=1587059543486292337,duration=20024370178,event=before_script[0Ktravis_fold:end:before_script.2[0Ktravis_time:start:085ac46a[0K$ npm run lint

> @paypal/messaging-components@1.8.0 lint /home/travis/build/paypal/paypal-messaging-components
> eslint . --ext .js,.jsx

[34mℹ[39m [90m｢wdm｣[39m: Hash: a6edfaeccfbc2faafb010f585c2221bbd33565ea
Version: webpack 4.42.1
Child
    Hash: a6edfaeccfbc2faafb01
    Time: 18459ms
    Built at: 04/16/2020 5:52:23 PM
           Asset      Size     Chunks             Chunk Names
     merchant.js  3.85 MiB   merchant  [emitted]  merchant
    messaging.js  3.79 MiB  messaging  [emitted]  messaging
    Entrypoint messaging = messaging.js
    Entrypoint merchant = merchant.js
    [0] multi (webpack)-dev-server/client?http://localhost.paypal.com:8080 ./src/index.js 40 bytes {messaging} [built]
    [1] multi (webpack)-dev-server/client?http://localhost.paypal.com:8080 ./src/legacy/index.js 40 bytes {merchant} [built]
    [./node_modules/@babel/runtime/helpers/esm/extends.js] 397 bytes {messaging} {merchant} [built]
    [./node_modules/core-js-pure/stable/array/from.js] 70 bytes {messaging} {merchant} [built]
    [./node_modules/core-js-pure/stable/object/entries.js] 74 bytes {messaging} {merchant} [built]
    [./node_modules/core-js-pure/stable/string/includes.js] 75 bytes {messaging} {merchant} [built]
    [./node_modules/core-js-pure/stable/string/starts-with.js] 78 bytes {messaging} {merchant} [built]
    [./node_modules/webpack-dev-server/client/index.js?http://localhost.paypal.com:8080] (webpack)-dev-server/client?http://localhost.paypal.com:8080 4.29 KiB {messaging} {merchant} [built]
    [./node_modules/webpack-dev-server/client/overlay.js] (webpack)-dev-server/client/overlay.js 3.51 KiB {messaging} {merchant} [built]
    [./node_modules/webpack-dev-server/client/socket.js] (webpack)-dev-server/client/socket.js 1.53 KiB {messaging} {merchant} [built]
    [./node_modules/webpack-dev-server/client/utils/createSocketUrl.js] (webpack)-dev-server/client/utils/createSocketUrl.js 2.91 KiB {messaging} {merchant} [built]
    [./node_modules/webpack-dev-server/client/utils/log.js] (webpack)-dev-server/client/utils/log.js 964 bytes {messaging} {merchant} [built]
    [./node_modules/webpack-dev-server/client/utils/reloadApp.js] (webpack)-dev-server/client/utils/reloadApp.js 1.59 KiB {messaging} {merchant} [built]
    [./src/index.js] 161 bytes {messaging} [built]
    [./src/legacy/index.js] 10.5 KiB {merchant} [built]
        + 401 hidden modules
Child
    Hash: 0f585c2221bbd33565ea
    Time: 24470ms
    Built at: 04/16/2020 5:52:29 PM
                                Asset      Size  Chunks             Chunk Names
                smart-credit-modal.js  1.71 MiB    main  [emitted]  main
    smart-credit-modal.js.LICENSE.txt  51 bytes          [emitted]  
    Entrypoint main = smart-credit-modal.js
    [0] multi (webpack)-dev-server/client?http://localhost.paypal.com:8080 ./src/modal/index.js 40 bytes {main} [built]
        ModuleConcatenation bailout: Module is not an ECMAScript module
    [./node_modules/ansi-html/index.js] 4.27 KiB {main} [built]
        ModuleConcatenation bailout: Module is not an ECMAScript module
    [./node_modules/html-entities/lib/index.js] 457 bytes {main} [built]
        ModuleConcatenation bailout: Module is not an ECMAScript module
    [./node_modules/loglevel/lib/loglevel.js] 7.48 KiB {main} [built]
        ModuleConcatenation bailout: Module is not an ECMAScript module
    [./node_modules/url/url.js] 22.3 KiB {main} [built]
        ModuleConcatenation bailout: Module is not an ECMAScript module
    [./node_modules/webpack-dev-server/client/index.js?http://localhost.paypal.com:8080] (webpack)-dev-server/client?http://localhost.paypal.com:8080 4.29 KiB {main} [built]
        ModuleConcatenation bailout: Module is not an ECMAScript module
    [./node_modules/webpack-dev-server/client/overlay.js] (webpack)-dev-server/client/overlay.js 3.51 KiB {main} [built]
        ModuleConcatenation bailout: Module is not an ECMAScript module
    [./node_modules/webpack-dev-server/client/socket.js] (webpack)-dev-server/client/socket.js 1.53 KiB {main} [built]
        ModuleConcatenation bailout: Module is not an ECMAScript module
    [./node_modules/webpack-dev-server/client/utils/createSocketUrl.js] (webpack)-dev-server/client/utils/createSocketUrl.js 2.91 KiB {main} [built]
        ModuleConcatenation bailout: Module is not an ECMAScript module
    [./node_modules/webpack-dev-server/client/utils/log.js] (webpack)-dev-server/client/utils/log.js 964 bytes {main} [built]
        ModuleConcatenation bailout: Module is not an ECMAScript module
    [./node_modules/webpack-dev-server/client/utils/reloadApp.js] (webpack)-dev-server/client/utils/reloadApp.js 1.59 KiB {main} [built]
        ModuleConcatenation bailout: Module is not an ECMAScript module
    [./node_modules/webpack-dev-server/client/utils/sendMessage.js] (webpack)-dev-server/client/utils/sendMessage.js 402 bytes {main} [built]
        ModuleConcatenation bailout: Module is not an ECMAScript module
    [./node_modules/webpack-dev-server/node_modules/strip-ansi/index.js] (webpack)-dev-server/node_modules/strip-ansi/index.js 162 bytes {main} [built]
        ModuleConcatenation bailout: Module is not an ECMAScript module
    [./node_modules/webpack/hot sync ^\.\/log$] (webpack)/hot sync nonrecursive ^\.\/log$ 170 bytes {main} [built]
        ModuleConcatenation bailout: Module is not an ECMAScript module
    [./src/modal/index.js] ./src/modal/index.js + 102 modules 304 KiB {main} [built]
        ModuleConcatenation bailout: Cannot concat with ./node_modules/core-js-pure/stable/array/find.js (<- Module is not an ECMAScript module)
        ModuleConcatenation bailout: Cannot concat with ./node_modules/core-js-pure/stable/array/from.js (<- Module is not an ECMAScript module)
        ModuleConcatenation bailout: Cannot concat with ./node_modules/core-js-pure/stable/array/includes.js (<- Module is not an ECMAScript module)
        ModuleConcatenation bailout: Cannot concat with ./node_modules/core-js-pure/stable/object/assign.js (<- Module is not an ECMAScript module)
        ModuleConcatenation bailout: Cannot concat with ./node_modules/core-js-pure/stable/object/entries.js (<- Module is not an ECMAScript module)
        ModuleConcatenation bailout: Cannot concat with ./node_modules/core-js-pure/stable/string/includes.js (<- Module is not an ECMAScript module)
        ModuleConcatenation bailout: Cannot concat with ./node_modules/core-js-pure/stable/string/starts-with.js (<- Module is not an ECMAScript module)
        ModuleConcatenation bailout: Cannot concat with ./node_modules/zalgo-promise/index.js (<- Module is not an ECMAScript module)
        | ./src/modal/index.js 238 bytes [built]
        |     ModuleConcatenation bailout: Module is referenced from these modules with unsupported syntax: multi (webpack)-dev-server/client?http://localhost.paypal.com:8080 ./src/modal/index.js (referenced with single entry)
        | ./node_modules/preact/dist/preact.module.js 9.27 KiB [built]
        | ./src/modal/Modal.jsx 546 bytes [built]
        | ./src/modal/lib/context.js 511 bytes [built]
        | ./src/modal/lib/transition.jsx 1.05 KiB [built]
        | ./src/modal/parts/Container.jsx 1.38 KiB [built]
        | ./src/modal/styles/index.js 314 bytes [built]
        | ./src/modal/content/Content.jsx 1.01 KiB [built]
        | ./node_modules/preact/hooks/dist/hooks.module.js 2.45 KiB [built]
        | ./src/modal/lib/hooks/helpers.js 753 bytes [built]
        | ./src/modal/lib/hooks/index.js 252 bytes [built]
        | ./src/modal/lib/scroll.jsx 1.52 KiB [built]
        | ./src/modal/parts/Header.jsx 2.44 KiB [built]
        | ./src/modal/parts/Overlay.jsx 1.37 KiB [built]
        | ./src/modal/styles/fonts.css 2.9 KiB [built]
        |     + 88 hidden modules
        + 121 hidden modules
[34mℹ[39m [90m｢wdm｣[39m: Compiled successfully.

/home/travis/build/paypal/paypal-messaging-components/src/messages/models/Banner/index.js
  176:17  warning  Unexpected console statement  no-console
  187:17  warning  Unexpected console statement  no-console

/home/travis/build/paypal/paypal-messaging-components/src/messages/services/logger/index.js
  118:17  warning  Unexpected console statement  no-console
  125:9   warning  Unexpected console statement  no-console

/home/travis/build/paypal/paypal-messaging-components/utils/devServerProxy.js
  119:31  warning  Unexpected console statement  no-console

✖ 5 problems (0 errors, 5 warnings)

travis_time:end:085ac46a:start=1587059543514366455,finish=1587059560213757895,duration=16699391440,event=script[0K[32;1mThe command "npm run lint" exited with 0.[0m
travis_time:start:06880f50[0K$ npm run test

> @paypal/messaging-components@1.8.0 test /home/travis/build/paypal/paypal-messaging-components
> jest

PASS tests/unit/spec/src/messages/models/Container/events.test.js
PASS tests/unit/spec/src/utils/index.test.js
PASS tests/unit/spec/src/messages/models/Container/setSize.test.js
PASS tests/unit/spec/src/messages/models/Container/stats.test.js
PASS tests/unit/spec/src/messages/models/Banner/validateOptions.test.js
PASS tests/unit/spec/src/messages/models/Banner/index.test.js
PASS tests/unit/spec/src/messages/models/Container/insertMarkup.test.js
PASS tests/unit/spec/src/messages/models/Container/index.test.js
PASS tests/unit/spec/src/modal/lib/hooks/helpers.test.js
PASS tests/unit/spec/src/modal/lib/hooks/transitionState.test.js
PASS tests/unit/spec/src/messages/components/Modal/index.test.js
PASS tests/unit/spec/src/modal/lib/transition.test.js
PASS tests/unit/spec/src/modal/lib/hooks/calculator.test.js

Test Suites: 13 passed, 13 total
Tests:       6 todo, 49 passed, 55 total
Snapshots:   0 total
Time:        7.157s
Ran all test suites.
travis_time:end:06880f50:start=1587059560218179717,finish=1587059568393215380,duration=8175035663,event=script[0K[32;1mThe command "npm run test" exited with 0.[0m
travis_time:start:0c29f184[0K$ ./scripts/snapshot-tests/run-tests.sh

> @paypal/messaging-components@1.8.0 test:func /home/travis/build/paypal/paypal-messaging-components
> jest --projects tests/functional

PASS tests/functional/spec/US/text.test.js (170.522s)
PASS tests/functional/spec/DE/text.test.js (51.616s)
PASS tests/functional/spec/US/us_modalTests/us_modalFunc-text.test.js (86.8s)
PASS tests/functional/spec/US/flex.test.js (193.044s)
FAIL tests/functional/spec/US/us_modalTests/us_modalFunc-flex.test.js (40.551s)
  ● US EZP and NI basic modal functionality tests 'DEV00000000NI' › after modal close, modal can reopen and close again - flex 411

    Expected image to match or be a close match to snapshot but was 0.7878418724475021% different from snapshot (2367 differing pixels).
    [1m[31mSee diff for details:[39m[22m [31mtests/functional/snapshots/US/DEV00000000NI/modal/__diff_output__/reopen-and-close-modal-flex-411-diff.png[39m

      26 |     const customSnapshotIdentifier = `${_testNameParts}-${viewport.width}`;
      27 |     const locale = account.includes('IAZ') ? 'DE' : 'US';
    > 28 |     expect(image).toMatchImageSnapshot({
         |                   ^
      29 |         customSnapshotsDir: `./tests/functional/snapshots/${locale}/${account}/modal`,
      30 |         customSnapshotIdentifier
      31 |     });

      at modalSnapshot (spec/utils/modalSnapshot.js:28:19)

 › 1 snapshot failed.
PASS tests/functional/spec/DE/flex.test.js (69.442s)
FAIL tests/functional/spec/DE/de_modalTests/de_modalCalc-flex.test.js (95.55s)
  ● DE Modal Calculator Tests { width: 1920, height: 1080 } › when an amount is passed into DE PP installments message, the correct financing terms are loaded in a table flex 1920

    Expected image to match or be a close match to snapshot but was 97.24763695987654% different from snapshot (2016527 differing pixels).
    [1m[31mSee diff for details:[39m[22m [31mtests/functional/snapshots/DE/DEV0000000IAZ/modal/__diff_output__/ezp-message-content-flex-1920-diff.png[39m

      26 |     const customSnapshotIdentifier = `${_testNameParts}-${viewport.width}`;
      27 |     const locale = account.includes('IAZ') ? 'DE' : 'US';
    > 28 |     expect(image).toMatchImageSnapshot({
         |                   ^
      29 |         customSnapshotsDir: `./tests/functional/snapshots/${locale}/${account}/modal`,
      30 |         customSnapshotIdentifier
      31 |     });

      at modalSnapshot (spec/utils/modalSnapshot.js:28:19)

  ● DE Modal Calculator Tests { width: 411, height: 731 } › when an amount is passed into DE PP installments message, the correct financing terms are loaded in a table flex 411

    Expected image to match or be a close match to snapshot but was 62.48181839362803% different from snapshot (187721 differing pixels).
    [1m[31mSee diff for details:[39m[22m [31mtests/functional/snapshots/DE/DEV0000000IAZ/modal/__diff_output__/ezp-message-content-flex-411-diff.png[39m

      26 |     const customSnapshotIdentifier = `${_testNameParts}-${viewport.width}`;
      27 |     const locale = account.includes('IAZ') ? 'DE' : 'US';
    > 28 |     expect(image).toMatchImageSnapshot({
         |                   ^
      29 |         customSnapshotsDir: `./tests/functional/snapshots/${locale}/${account}/modal`,
      30 |         customSnapshotIdentifier
      31 |     });

      at modalSnapshot (spec/utils/modalSnapshot.js:28:19)

 › 2 snapshots failed.
FAIL tests/functional/spec/DE/de_modalTests/de_modalCalc-text.test.js (96.29s)
  ● DE Modal Calculator Tests { width: 1920, height: 1080 } › when an amount is passed into DE PP installments message, the correct financing terms are loaded in a table text 1920

    Expected image to match or be a close match to snapshot but was 97.24763695987654% different from snapshot (2016527 differing pixels).
    [1m[31mSee diff for details:[39m[22m [31mtests/functional/snapshots/DE/DEV0000000IAZ/modal/__diff_output__/ezp-message-content-text-1920-diff.png[39m

      26 |     const customSnapshotIdentifier = `${_testNameParts}-${viewport.width}`;
      27 |     const locale = account.includes('IAZ') ? 'DE' : 'US';
    > 28 |     expect(image).toMatchImageSnapshot({
         |                   ^
      29 |         customSnapshotsDir: `./tests/functional/snapshots/${locale}/${account}/modal`,
      30 |         customSnapshotIdentifier
      31 |     });

      at modalSnapshot (spec/utils/modalSnapshot.js:28:19)

  ● DE Modal Calculator Tests { width: 411, height: 731 } › when an amount is passed into DE PP installments message, the correct financing terms are loaded in a table text 411

    Expected image to match or be a close match to snapshot but was 91.53743996325402% different from snapshot (275016 differing pixels).
    [1m[31mSee diff for details:[39m[22m [31mtests/functional/snapshots/DE/DEV0000000IAZ/modal/__diff_output__/ezp-message-content-text-411-diff.png[39m

      26 |     const customSnapshotIdentifier = `${_testNameParts}-${viewport.width}`;
      27 |     const locale = account.includes('IAZ') ? 'DE' : 'US';
    > 28 |     expect(image).toMatchImageSnapshot({
         |                   ^
      29 |         customSnapshotsDir: `./tests/functional/snapshots/${locale}/${account}/modal`,
      30 |         customSnapshotIdentifier
      31 |     });

      at modalSnapshot (spec/utils/modalSnapshot.js:28:19)

 › 2 snapshots failed.
FAIL tests/functional/spec/US/us_modalTests/us_modalCalc.test.js (73.738s)
  ● EZP modal calculator tests { width: 1920, height: 1080 } 1 › when an amount is passed into EZP message, the correct financing terms are loaded in a table

    Expected image to match or be a close match to snapshot but was 5.181954089506173% different from snapshot (107453 differing pixels).
    [1m[31mSee diff for details:[39m[22m [31mtests/functional/snapshots/US/DEV0000000PSZ/modal/__diff_output__/ezp-finance-terms-text-1920-diff.png[39m

      26 |     const customSnapshotIdentifier = `${_testNameParts}-${viewport.width}`;
      27 |     const locale = account.includes('IAZ') ? 'DE' : 'US';
    > 28 |     expect(image).toMatchImageSnapshot({
         |                   ^
      29 |         customSnapshotsDir: `./tests/functional/snapshots/${locale}/${account}/modal`,
      30 |         customSnapshotIdentifier
      31 |     });

      at modalSnapshot (spec/utils/modalSnapshot.js:28:19)

  ● EZP modal calculator tests { width: 1920, height: 1080 } 1 › update finance terms when user updates amount passed into calculator

    Expected image to match or be a close match to snapshot but was 49.13831018518518% different from snapshot (1018932 differing pixels).
    [1m[31mSee diff for details:[39m[22m [31mtests/functional/snapshots/US/DEV0000000PSZ/modal/__diff_output__/update-finance-terms-text-1920-diff.png[39m

      26 |     const customSnapshotIdentifier = `${_testNameParts}-${viewport.width}`;
      27 |     const locale = account.includes('IAZ') ? 'DE' : 'US';
    > 28 |     expect(image).toMatchImageSnapshot({
         |                   ^
      29 |         customSnapshotsDir: `./tests/functional/snapshots/${locale}/${account}/modal`,
      30 |         customSnapshotIdentifier
      31 |     });

      at modalSnapshot (spec/utils/modalSnapshot.js:28:19)

  ● EZP modal calculator tests { width: 1920, height: 1080 } 1 › when an ezp message is clicked ezp content is loaded including a calculator for finance terms

    Expected image to match or be a close match to snapshot but was 0.6452546296296297% different from snapshot (13380 differing pixels).
    [1m[31mSee diff for details:[39m[22m [31mtests/functional/snapshots/US/DEV0000000PSZ/modal/__diff_output__/ezp-message-content-text-1920-diff.png[39m

      26 |     const customSnapshotIdentifier = `${_testNameParts}-${viewport.width}`;
      27 |     const locale = account.includes('IAZ') ? 'DE' : 'US';
    > 28 |     expect(image).toMatchImageSnapshot({
         |                   ^
      29 |         customSnapshotsDir: `./tests/functional/snapshots/${locale}/${account}/modal`,
      30 |         customSnapshotIdentifier
      31 |     });

      at modalSnapshot (spec/utils/modalSnapshot.js:28:19)

  ● EZP modal calculator tests { width: 1920, height: 1080 } 10000 › when an amount is passed into EZP message, the correct financing terms are loaded in a table

    Expected image to match or be a close match to snapshot but was 5.181134259259259% different from snapshot (107436 differing pixels).
    [1m[31mSee diff for details:[39m[22m [31mtests/functional/snapshots/US/DEV0000000PSZ/modal/__diff_output__/ezp-finance-terms-text-1920-diff.png[39m

      26 |     const customSnapshotIdentifier = `${_testNameParts}-${viewport.width}`;
      27 |     const locale = account.includes('IAZ') ? 'DE' : 'US';
    > 28 |     expect(image).toMatchImageSnapshot({
         |                   ^
      29 |         customSnapshotsDir: `./tests/functional/snapshots/${locale}/${account}/modal`,
      30 |         customSnapshotIdentifier
      31 |     });

      at modalSnapshot (spec/utils/modalSnapshot.js:28:19)

  ● EZP modal calculator tests { width: 1920, height: 1080 } 10000 › update finance terms when user updates amount passed into calculator

    Expected image to match or be a close match to snapshot but was 49.14911265432099% different from snapshot (1019156 differing pixels).
    [1m[31mSee diff for details:[39m[22m [31mtests/functional/snapshots/US/DEV0000000PSZ/modal/__diff_output__/update-finance-terms-text-1920-diff.png[39m

      26 |     const customSnapshotIdentifier = `${_testNameParts}-${viewport.width}`;
      27 |     const locale = account.includes('IAZ') ? 'DE' : 'US';
    > 28 |     expect(image).toMatchImageSnapshot({
         |                   ^
      29 |         customSnapshotsDir: `./tests/functional/snapshots/${locale}/${account}/modal`,
      30 |         customSnapshotIdentifier
      31 |     });

      at modalSnapshot (spec/utils/modalSnapshot.js:28:19)

  ● EZP modal calculator tests { width: 1920, height: 1080 } NaN › when an amount is passed into EZP message, the correct financing terms are loaded in a table

    Expected image to match or be a close match to snapshot but was 3.3237364969135803% different from snapshot (68921 differing pixels).
    [1m[31mSee diff for details:[39m[22m [31mtests/functional/snapshots/US/DEV0000000PSZ/modal/__diff_output__/ezp-finance-terms-text-1920-diff.png[39m

      26 |     const customSnapshotIdentifier = `${_testNameParts}-${viewport.width}`;
      27 |     const locale = account.includes('IAZ') ? 'DE' : 'US';
    > 28 |     expect(image).toMatchImageSnapshot({
         |                   ^
      29 |         customSnapshotsDir: `./tests/functional/snapshots/${locale}/${account}/modal`,
      30 |         customSnapshotIdentifier
      31 |     });

      at modalSnapshot (spec/utils/modalSnapshot.js:28:19)

  ● EZP modal calculator tests { width: 1920, height: 1080 } NaN › update finance terms when user updates amount passed into calculator

    Expected image to match or be a close match to snapshot but was 49.14911265432099% different from snapshot (1019156 differing pixels).
    [1m[31mSee diff for details:[39m[22m [31mtests/functional/snapshots/US/DEV0000000PSZ/modal/__diff_output__/update-finance-terms-text-1920-diff.png[39m

      26 |     const customSnapshotIdentifier = `${_testNameParts}-${viewport.width}`;
      27 |     const locale = account.includes('IAZ') ? 'DE' : 'US';
    > 28 |     expect(image).toMatchImageSnapshot({
         |                   ^
      29 |         customSnapshotsDir: `./tests/functional/snapshots/${locale}/${account}/modal`,
      30 |         customSnapshotIdentifier
      31 |     });

      at modalSnapshot (spec/utils/modalSnapshot.js:28:19)

  ● EZP modal calculator tests { width: 1920, height: 1080 } 500 › when an amount is passed into EZP message, the correct financing terms are loaded in a table

    Expected image to match or be a close match to snapshot but was 1.9582851080246915% different from snapshot (40607 differing pixels).
    [1m[31mSee diff for details:[39m[22m [31mtests/functional/snapshots/US/DEV0000000PSZ/modal/__diff_output__/ezp-finance-terms-text-1920-diff.png[39m

      26 |     const customSnapshotIdentifier = `${_testNameParts}-${viewport.width}`;
      27 |     const locale = account.includes('IAZ') ? 'DE' : 'US';
    > 28 |     expect(image).toMatchImageSnapshot({
         |                   ^
      29 |         customSnapshotsDir: `./tests/functional/snapshots/${locale}/${account}/modal`,
      30 |         customSnapshotIdentifier
      31 |     });

      at modalSnapshot (spec/utils/modalSnapshot.js:28:19)

  ● EZP modal calculator tests { width: 1920, height: 1080 } 500 › update finance terms when user updates amount passed into calculator

    Expected image to match or be a close match to snapshot but was 49.13831018518518% different from snapshot (1018932 differing pixels).
    [1m[31mSee diff for details:[39m[22m [31mtests/functional/snapshots/US/DEV0000000PSZ/modal/__diff_output__/update-finance-terms-text-1920-diff.png[39m

      26 |     const customSnapshotIdentifier = `${_testNameParts}-${viewport.width}`;
      27 |     const locale = account.includes('IAZ') ? 'DE' : 'US';
    > 28 |     expect(image).toMatchImageSnapshot({
         |                   ^
      29 |         customSnapshotsDir: `./tests/functional/snapshots/${locale}/${account}/modal`,
      30 |         customSnapshotIdentifier
      31 |     });

      at modalSnapshot (spec/utils/modalSnapshot.js:28:19)

  ● EZP modal calculator tests { width: 411, height: 731 } 1 › update finance terms when user updates amount passed into calculator

    Expected image to match or be a close match to snapshot but was 4.0457194590618455% different from snapshot (12155 differing pixels).
    [1m[31mSee diff for details:[39m[22m [31mtests/functional/snapshots/US/DEV0000000PSZ/modal/__diff_output__/update-finance-terms-text-411-diff.png[39m

      26 |     const customSnapshotIdentifier = `${_testNameParts}-${viewport.width}`;
      27 |     const locale = account.includes('IAZ') ? 'DE' : 'US';
    > 28 |     expect(image).toMatchImageSnapshot({
         |                   ^
      29 |         customSnapshotsDir: `./tests/functional/snapshots/${locale}/${account}/modal`,
      30 |         customSnapshotIdentifier
      31 |     });

      at modalSnapshot (spec/utils/modalSnapshot.js:28:19)

  ● EZP modal calculator tests { width: 411, height: 731 } 1 › when an ezp message is clicked ezp content is loaded including a calculator for finance terms

    Expected image to match or be a close match to snapshot but was 0.8061482953391849% different from snapshot (2422 differing pixels).
    [1m[31mSee diff for details:[39m[22m [31mtests/functional/snapshots/US/DEV0000000PSZ/modal/__diff_output__/ezp-message-content-text-411-diff.png[39m

      26 |     const customSnapshotIdentifier = `${_testNameParts}-${viewport.width}`;
      27 |     const locale = account.includes('IAZ') ? 'DE' : 'US';
    > 28 |     expect(image).toMatchImageSnapshot({
         |                   ^
      29 |         customSnapshotsDir: `./tests/functional/snapshots/${locale}/${account}/modal`,
      30 |         customSnapshotIdentifier
      31 |     });

      at modalSnapshot (spec/utils/modalSnapshot.js:28:19)

  ● EZP modal calculator tests { width: 411, height: 731 } 10000 › when an amount is passed into EZP message, the correct financing terms are loaded in a table

    Expected image to match or be a close match to snapshot but was 10.48259059183001% different from snapshot (31494 differing pixels).
    [1m[31mSee diff for details:[39m[22m [31mtests/functional/snapshots/US/DEV0000000PSZ/modal/__diff_output__/ezp-finance-terms-text-411-diff.png[39m

      26 |     const customSnapshotIdentifier = `${_testNameParts}-${viewport.width}`;
      27 |     const locale = account.includes('IAZ') ? 'DE' : 'US';
    > 28 |     expect(image).toMatchImageSnapshot({
         |                   ^
      29 |         customSnapshotsDir: `./tests/functional/snapshots/${locale}/${account}/modal`,
      30 |         customSnapshotIdentifier
      31 |     });

      at modalSnapshot (spec/utils/modalSnapshot.js:28:19)

  ● EZP modal calculator tests { width: 411, height: 731 } 10000 › update finance terms when user updates amount passed into calculator

    Expected image to match or be a close match to snapshot but was 4.0457194590618455% different from snapshot (12155 differing pixels).
    [1m[31mSee diff for details:[39m[22m [31mtests/functional/snapshots/US/DEV0000000PSZ/modal/__diff_output__/update-finance-terms-text-411-diff.png[39m

      26 |     const customSnapshotIdentifier = `${_testNameParts}-${viewport.width}`;
      27 |     const locale = account.includes('IAZ') ? 'DE' : 'US';
    > 28 |     expect(image).toMatchImageSnapshot({
         |                   ^
      29 |         customSnapshotsDir: `./tests/functional/snapshots/${locale}/${account}/modal`,
      30 |         customSnapshotIdentifier
      31 |     });

      at modalSnapshot (spec/utils/modalSnapshot.js:28:19)

  ● EZP modal calculator tests { width: 411, height: 731 } NaN › update finance terms when user updates amount passed into calculator

    Expected image to match or be a close match to snapshot but was 4.0457194590618455% different from snapshot (12155 differing pixels).
    [1m[31mSee diff for details:[39m[22m [31mtests/functional/snapshots/US/DEV0000000PSZ/modal/__diff_output__/update-finance-terms-text-411-diff.png[39m

      26 |     const customSnapshotIdentifier = `${_testNameParts}-${viewport.width}`;
      27 |     const locale = account.includes('IAZ') ? 'DE' : 'US';
    > 28 |     expect(image).toMatchImageSnapshot({
         |                   ^
      29 |         customSnapshotsDir: `./tests/functional/snapshots/${locale}/${account}/modal`,
      30 |         customSnapshotIdentifier
      31 |     });

      at modalSnapshot (spec/utils/modalSnapshot.js:28:19)

  ● EZP modal calculator tests { width: 411, height: 731 } NaN › when an ezp message is clicked ezp content is loaded including a calculator for finance terms

    Expected image to match or be a close match to snapshot but was 0.5069214920733189% different from snapshot (1523 differing pixels).
    [1m[31mSee diff for details:[39m[22m [31mtests/functional/snapshots/US/DEV0000000PSZ/modal/__diff_output__/ezp-message-content-text-411-diff.png[39m

      26 |     const customSnapshotIdentifier = `${_testNameParts}-${viewport.width}`;
      27 |     const locale = account.includes('IAZ') ? 'DE' : 'US';
    > 28 |     expect(image).toMatchImageSnapshot({
         |                   ^
      29 |         customSnapshotsDir: `./tests/functional/snapshots/${locale}/${account}/modal`,
      30 |         customSnapshotIdentifier
      31 |     });

      at modalSnapshot (spec/utils/modalSnapshot.js:28:19)

  ● EZP modal calculator tests { width: 411, height: 731 } 500 › update finance terms when user updates amount passed into calculator

    Expected image to match or be a close match to snapshot but was 4.165543317989222% different from snapshot (12515 differing pixels).
    [1m[31mSee diff for details:[39m[22m [31mtests/functional/snapshots/US/DEV0000000PSZ/modal/__diff_output__/update-finance-terms-text-411-diff.png[39m

      26 |     const customSnapshotIdentifier = `${_testNameParts}-${viewport.width}`;
      27 |     const locale = account.includes('IAZ') ? 'DE' : 'US';
    > 28 |     expect(image).toMatchImageSnapshot({
         |                   ^
      29 |         customSnapshotsDir: `./tests/functional/snapshots/${locale}/${account}/modal`,
      30 |         customSnapshotIdentifier
      31 |     });

      at modalSnapshot (spec/utils/modalSnapshot.js:28:19)

 › 16 snapshots failed.
FAIL tests/functional/spec/DE/de_modalTests/de_modalFunc-flex.test.js (26.847s)
  ● DE Modal Functionality Tests 'DEV0000000IAZ' › close modal on escape key press - flex 411

    Expected image to match or be a close match to snapshot but was 0.4846209405507238% different from snapshot (1456 differing pixels).
    [1m[31mSee diff for details:[39m[22m [31mtests/functional/snapshots/DE/DEV0000000IAZ/modal/__diff_output__/esc-key-modal-close-flex-411-diff.png[39m

      26 |     const customSnapshotIdentifier = `${_testNameParts}-${viewport.width}`;
      27 |     const locale = account.includes('IAZ') ? 'DE' : 'US';
    > 28 |     expect(image).toMatchImageSnapshot({
         |                   ^
      29 |         customSnapshotsDir: `./tests/functional/snapshots/${locale}/${account}/modal`,
      30 |         customSnapshotIdentifier
      31 |     });

      at modalSnapshot (spec/utils/modalSnapshot.js:28:19)

 › 1 snapshot failed.
FAIL tests/functional/spec/DE/de_modalTests/de_modalFunc-text.test.js (26.812s)
  ● DE Modal Functionality Tests 'DEV0000000IAZ' › close modal on escape key press - text 411

    Expected image to match or be a close match to snapshot but was 0.2895743257411605% different from snapshot (870 differing pixels).
    [1m[31mSee diff for details:[39m[22m [31mtests/functional/snapshots/DE/DEV0000000IAZ/modal/__diff_output__/esc-key-modal-close-text-411-diff.png[39m

      26 |     const customSnapshotIdentifier = `${_testNameParts}-${viewport.width}`;
      27 |     const locale = account.includes('IAZ') ? 'DE' : 'US';
    > 28 |     expect(image).toMatchImageSnapshot({
         |                   ^
      29 |         customSnapshotsDir: `./tests/functional/snapshots/${locale}/${account}/modal`,
      30 |         customSnapshotIdentifier
      31 |     });

      at modalSnapshot (spec/utils/modalSnapshot.js:28:19)

 › 1 snapshot failed.
PASS tests/functional/spec/US/legacy.test.js (39.841s)
PASS tests/functional/spec/US/custom.test.js
PASS tests/functional/spec/US/us_modalTests/niModalTest-flex.test.js
FAIL tests/functional/spec/US/us_modalTests/niModalTest-text.test.js
  ● NI modal tests { width: 411, height: 731 } › NI content is loaded when NI message is clicked - 411 text

    Expected image to match or be a close match to snapshot but was 13.520791103744163% different from snapshot (40622 differing pixels).
    [1m[31mSee diff for details:[39m[22m [31mtests/functional/snapshots/US/DEV00000000NI/modal/__diff_output__/ni-content-in-modal-text-411-diff.png[39m

      26 |     const customSnapshotIdentifier = `${_testNameParts}-${viewport.width}`;
      27 |     const locale = account.includes('IAZ') ? 'DE' : 'US';
    > 28 |     expect(image).toMatchImageSnapshot({
         |                   ^
      29 |         customSnapshotsDir: `./tests/functional/snapshots/${locale}/${account}/modal`,
      30 |         customSnapshotIdentifier
      31 |     });

      at modalSnapshot (spec/utils/modalSnapshot.js:28:19)

 › 1 snapshot failed.
Snapshot Summary
 › 24 snapshots failed from 7 test suites. Inspect your code changes or run `npm run test:func -- -u` to update them.

Test Suites: 7 failed, 8 passed, 15 total
Tests:       24 failed, 576 passed, 600 total
Snapshots:   24 failed, 600 passed, 624 total
Time:        980.519s
Ran all test suites.
npm ERR! code ELIFECYCLE
npm ERR! errno 1
npm ERR! @paypal/messaging-components@1.8.0 test:func: `jest --projects tests/functional`
npm ERR! Exit status 1
npm ERR! 
npm ERR! Failed at the @paypal/messaging-components@1.8.0 test:func script.
npm ERR! This is probably not a problem with npm. There is likely additional logging output above.

npm ERR! A complete log of this run can be found in:
npm ERR!     /home/travis/.npm/_logs/2020-04-16T18_09_10_503Z-debug.log
No snapshots found in /home/travis/build/paypal/paypal-messaging-components/tests/functional/__diff_output__/banner


[31m8 failed modal snapshots uploaded and viewable at https://imgur.com/a/N53eyVc


travis_time:end:0c29f184:start=1587059568399304727,finish=1587060551919727796,duration=983520423069,event=script[0K[31;1mThe command "./scripts/snapshot-tests/run-tests.sh" exited with 1.[0m


Done. Your build exited with 1.
